[2026-03-23T19:04:31.677+0000] {processor.py:186} INFO - Started process (PID=74) to work on /home/airflow/.local/lib/python3.12/site-packages/airflow/example_dags/example_branch_python_dop_operator_3.py
[2026-03-23T19:04:31.706+0000] {processor.py:914} INFO - Processing file /home/airflow/.local/lib/python3.12/site-packages/airflow/example_dags/example_branch_python_dop_operator_3.py for tasks to queue
[2026-03-23T19:04:31.775+0000] {logging_mixin.py:190} INFO - [2026-03-23T19:04:31.773+0000] {dagbag.py:588} INFO - Filling up the DagBag from /home/airflow/.local/lib/python3.12/site-packages/airflow/example_dags/example_branch_python_dop_operator_3.py
[2026-03-23T19:04:32.050+0000] {processor.py:925} INFO - DAG(s) 'example_branch_dop_operator_v3' retrieved from /home/airflow/.local/lib/python3.12/site-packages/airflow/example_dags/example_branch_python_dop_operator_3.py
[2026-03-23T19:04:33.595+0000] {logging_mixin.py:190} INFO - [2026-03-23T19:04:33.587+0000] {override.py:1911} INFO - Created Permission View: can edit on DAG:example_branch_dop_operator_v3
[2026-03-23T19:04:33.640+0000] {logging_mixin.py:190} INFO - [2026-03-23T19:04:33.638+0000] {override.py:1911} INFO - Created Permission View: can read on DAG:example_branch_dop_operator_v3
[2026-03-23T19:04:33.665+0000] {logging_mixin.py:190} INFO - [2026-03-23T19:04:33.664+0000] {override.py:1911} INFO - Created Permission View: can delete on DAG:example_branch_dop_operator_v3
[2026-03-23T19:04:33.690+0000] {logging_mixin.py:190} INFO - [2026-03-23T19:04:33.689+0000] {override.py:1911} INFO - Created Permission View: menu access on DAG Run:example_branch_dop_operator_v3
[2026-03-23T19:04:33.714+0000] {logging_mixin.py:190} INFO - [2026-03-23T19:04:33.713+0000] {override.py:1911} INFO - Created Permission View: can read on DAG Run:example_branch_dop_operator_v3
[2026-03-23T19:04:33.729+0000] {logging_mixin.py:190} INFO - [2026-03-23T19:04:33.728+0000] {override.py:1911} INFO - Created Permission View: can create on DAG Run:example_branch_dop_operator_v3
[2026-03-23T19:04:33.808+0000] {logging_mixin.py:190} INFO - [2026-03-23T19:04:33.796+0000] {override.py:1911} INFO - Created Permission View: can delete on DAG Run:example_branch_dop_operator_v3
[2026-03-23T19:04:33.834+0000] {logging_mixin.py:190} INFO - [2026-03-23T19:04:33.832+0000] {dag.py:3239} INFO - Sync 1 DAGs
[2026-03-23T19:04:34.029+0000] {logging_mixin.py:190} INFO - [2026-03-23T19:04:34.019+0000] {dag.py:3262} INFO - Creating ORM DAG for example_branch_dop_operator_v3
[2026-03-23T19:04:34.314+0000] {logging_mixin.py:190} INFO - [2026-03-23T19:04:34.312+0000] {dag.py:4180} INFO - Setting next_dagrun for example_branch_dop_operator_v3 to 2026-03-23 19:03:00+00:00, run_after=2026-03-23 19:04:00+00:00
[2026-03-23T19:04:34.442+0000] {processor.py:208} INFO - Processing /home/airflow/.local/lib/python3.12/site-packages/airflow/example_dags/example_branch_python_dop_operator_3.py took 3.309 seconds
[2026-03-23T19:05:04.664+0000] {processor.py:186} INFO - Started process (PID=138) to work on /home/airflow/.local/lib/python3.12/site-packages/airflow/example_dags/example_branch_python_dop_operator_3.py
[2026-03-23T19:05:04.665+0000] {processor.py:914} INFO - Processing file /home/airflow/.local/lib/python3.12/site-packages/airflow/example_dags/example_branch_python_dop_operator_3.py for tasks to queue
[2026-03-23T19:05:04.667+0000] {logging_mixin.py:190} INFO - [2026-03-23T19:05:04.667+0000] {dagbag.py:588} INFO - Filling up the DagBag from /home/airflow/.local/lib/python3.12/site-packages/airflow/example_dags/example_branch_python_dop_operator_3.py
[2026-03-23T19:05:04.675+0000] {processor.py:925} INFO - DAG(s) 'example_branch_dop_operator_v3' retrieved from /home/airflow/.local/lib/python3.12/site-packages/airflow/example_dags/example_branch_python_dop_operator_3.py
[2026-03-23T19:05:04.689+0000] {logging_mixin.py:190} INFO - [2026-03-23T19:05:04.689+0000] {dag.py:3239} INFO - Sync 1 DAGs
[2026-03-23T19:05:04.705+0000] {logging_mixin.py:190} INFO - [2026-03-23T19:05:04.704+0000] {dag.py:4180} INFO - Setting next_dagrun for example_branch_dop_operator_v3 to 2026-03-23 19:04:00+00:00, run_after=2026-03-23 19:05:00+00:00
[2026-03-23T19:05:04.713+0000] {processor.py:208} INFO - Processing /home/airflow/.local/lib/python3.12/site-packages/airflow/example_dags/example_branch_python_dop_operator_3.py took 0.058 seconds
[2026-03-23T19:05:35.047+0000] {processor.py:186} INFO - Started process (PID=202) to work on /home/airflow/.local/lib/python3.12/site-packages/airflow/example_dags/example_branch_python_dop_operator_3.py
[2026-03-23T19:05:35.050+0000] {processor.py:914} INFO - Processing file /home/airflow/.local/lib/python3.12/site-packages/airflow/example_dags/example_branch_python_dop_operator_3.py for tasks to queue
[2026-03-23T19:05:35.055+0000] {logging_mixin.py:190} INFO - [2026-03-23T19:05:35.055+0000] {dagbag.py:588} INFO - Filling up the DagBag from /home/airflow/.local/lib/python3.12/site-packages/airflow/example_dags/example_branch_python_dop_operator_3.py
[2026-03-23T19:05:35.076+0000] {processor.py:925} INFO - DAG(s) 'example_branch_dop_operator_v3' retrieved from /home/airflow/.local/lib/python3.12/site-packages/airflow/example_dags/example_branch_python_dop_operator_3.py
[2026-03-23T19:05:35.104+0000] {logging_mixin.py:190} INFO - [2026-03-23T19:05:35.104+0000] {dag.py:3239} INFO - Sync 1 DAGs
[2026-03-23T19:05:35.130+0000] {logging_mixin.py:190} INFO - [2026-03-23T19:05:35.130+0000] {dag.py:4180} INFO - Setting next_dagrun for example_branch_dop_operator_v3 to 2026-03-23 19:04:00+00:00, run_after=2026-03-23 19:05:00+00:00
[2026-03-23T19:05:35.143+0000] {processor.py:208} INFO - Processing /home/airflow/.local/lib/python3.12/site-packages/airflow/example_dags/example_branch_python_dop_operator_3.py took 0.108 seconds
[2026-03-23T19:06:05.237+0000] {processor.py:186} INFO - Started process (PID=265) to work on /home/airflow/.local/lib/python3.12/site-packages/airflow/example_dags/example_branch_python_dop_operator_3.py
[2026-03-23T19:06:05.241+0000] {processor.py:914} INFO - Processing file /home/airflow/.local/lib/python3.12/site-packages/airflow/example_dags/example_branch_python_dop_operator_3.py for tasks to queue
[2026-03-23T19:06:05.243+0000] {logging_mixin.py:190} INFO - [2026-03-23T19:06:05.243+0000] {dagbag.py:588} INFO - Filling up the DagBag from /home/airflow/.local/lib/python3.12/site-packages/airflow/example_dags/example_branch_python_dop_operator_3.py
[2026-03-23T19:06:05.266+0000] {processor.py:925} INFO - DAG(s) 'example_branch_dop_operator_v3' retrieved from /home/airflow/.local/lib/python3.12/site-packages/airflow/example_dags/example_branch_python_dop_operator_3.py
[2026-03-23T19:06:05.313+0000] {logging_mixin.py:190} INFO - [2026-03-23T19:06:05.313+0000] {dag.py:3239} INFO - Sync 1 DAGs
[2026-03-23T19:06:05.341+0000] {logging_mixin.py:190} INFO - [2026-03-23T19:06:05.340+0000] {dag.py:4180} INFO - Setting next_dagrun for example_branch_dop_operator_v3 to 2026-03-23 19:05:00+00:00, run_after=2026-03-23 19:06:00+00:00
[2026-03-23T19:06:05.354+0000] {processor.py:208} INFO - Processing /home/airflow/.local/lib/python3.12/site-packages/airflow/example_dags/example_branch_python_dop_operator_3.py took 0.124 seconds
[2026-03-23T19:06:35.609+0000] {processor.py:186} INFO - Started process (PID=328) to work on /home/airflow/.local/lib/python3.12/site-packages/airflow/example_dags/example_branch_python_dop_operator_3.py
[2026-03-23T19:06:35.614+0000] {processor.py:914} INFO - Processing file /home/airflow/.local/lib/python3.12/site-packages/airflow/example_dags/example_branch_python_dop_operator_3.py for tasks to queue
[2026-03-23T19:06:35.619+0000] {logging_mixin.py:190} INFO - [2026-03-23T19:06:35.618+0000] {dagbag.py:588} INFO - Filling up the DagBag from /home/airflow/.local/lib/python3.12/site-packages/airflow/example_dags/example_branch_python_dop_operator_3.py
[2026-03-23T19:06:35.654+0000] {processor.py:925} INFO - DAG(s) 'example_branch_dop_operator_v3' retrieved from /home/airflow/.local/lib/python3.12/site-packages/airflow/example_dags/example_branch_python_dop_operator_3.py
[2026-03-23T19:06:35.707+0000] {logging_mixin.py:190} INFO - [2026-03-23T19:06:35.707+0000] {dag.py:3239} INFO - Sync 1 DAGs
[2026-03-23T19:06:35.731+0000] {logging_mixin.py:190} INFO - [2026-03-23T19:06:35.731+0000] {dag.py:4180} INFO - Setting next_dagrun for example_branch_dop_operator_v3 to 2026-03-23 19:05:00+00:00, run_after=2026-03-23 19:06:00+00:00
[2026-03-23T19:06:35.744+0000] {processor.py:208} INFO - Processing /home/airflow/.local/lib/python3.12/site-packages/airflow/example_dags/example_branch_python_dop_operator_3.py took 0.148 seconds
[2026-03-23T19:07:06.276+0000] {processor.py:186} INFO - Started process (PID=392) to work on /home/airflow/.local/lib/python3.12/site-packages/airflow/example_dags/example_branch_python_dop_operator_3.py
[2026-03-23T19:07:06.282+0000] {processor.py:914} INFO - Processing file /home/airflow/.local/lib/python3.12/site-packages/airflow/example_dags/example_branch_python_dop_operator_3.py for tasks to queue
[2026-03-23T19:07:06.302+0000] {logging_mixin.py:190} INFO - [2026-03-23T19:07:06.301+0000] {dagbag.py:588} INFO - Filling up the DagBag from /home/airflow/.local/lib/python3.12/site-packages/airflow/example_dags/example_branch_python_dop_operator_3.py
[2026-03-23T19:07:06.384+0000] {processor.py:925} INFO - DAG(s) 'example_branch_dop_operator_v3' retrieved from /home/airflow/.local/lib/python3.12/site-packages/airflow/example_dags/example_branch_python_dop_operator_3.py
[2026-03-23T19:07:06.523+0000] {logging_mixin.py:190} INFO - [2026-03-23T19:07:06.522+0000] {dag.py:3239} INFO - Sync 1 DAGs
[2026-03-23T19:07:07.063+0000] {logging_mixin.py:190} INFO - [2026-03-23T19:07:07.053+0000] {dag.py:4180} INFO - Setting next_dagrun for example_branch_dop_operator_v3 to 2026-03-23 19:06:00+00:00, run_after=2026-03-23 19:07:00+00:00
[2026-03-23T19:07:07.138+0000] {processor.py:208} INFO - Processing /home/airflow/.local/lib/python3.12/site-packages/airflow/example_dags/example_branch_python_dop_operator_3.py took 0.893 seconds
[2026-03-23T19:07:37.600+0000] {processor.py:186} INFO - Started process (PID=456) to work on /home/airflow/.local/lib/python3.12/site-packages/airflow/example_dags/example_branch_python_dop_operator_3.py
[2026-03-23T19:07:37.602+0000] {processor.py:914} INFO - Processing file /home/airflow/.local/lib/python3.12/site-packages/airflow/example_dags/example_branch_python_dop_operator_3.py for tasks to queue
[2026-03-23T19:07:37.605+0000] {logging_mixin.py:190} INFO - [2026-03-23T19:07:37.605+0000] {dagbag.py:588} INFO - Filling up the DagBag from /home/airflow/.local/lib/python3.12/site-packages/airflow/example_dags/example_branch_python_dop_operator_3.py
[2026-03-23T19:07:37.631+0000] {processor.py:925} INFO - DAG(s) 'example_branch_dop_operator_v3' retrieved from /home/airflow/.local/lib/python3.12/site-packages/airflow/example_dags/example_branch_python_dop_operator_3.py
[2026-03-23T19:07:37.669+0000] {logging_mixin.py:190} INFO - [2026-03-23T19:07:37.668+0000] {dag.py:3239} INFO - Sync 1 DAGs
[2026-03-23T19:07:37.700+0000] {logging_mixin.py:190} INFO - [2026-03-23T19:07:37.700+0000] {dag.py:4180} INFO - Setting next_dagrun for example_branch_dop_operator_v3 to 2026-03-23 19:06:00+00:00, run_after=2026-03-23 19:07:00+00:00
[2026-03-23T19:07:37.737+0000] {processor.py:208} INFO - Processing /home/airflow/.local/lib/python3.12/site-packages/airflow/example_dags/example_branch_python_dop_operator_3.py took 0.152 seconds
[2026-03-23T19:08:17.789+0000] {processor.py:186} INFO - Started process (PID=513) to work on /home/airflow/.local/lib/python3.12/site-packages/airflow/example_dags/example_branch_python_dop_operator_3.py
[2026-03-23T19:08:17.849+0000] {processor.py:914} INFO - Processing file /home/airflow/.local/lib/python3.12/site-packages/airflow/example_dags/example_branch_python_dop_operator_3.py for tasks to queue
[2026-03-23T19:08:17.930+0000] {logging_mixin.py:190} INFO - [2026-03-23T19:08:17.921+0000] {dagbag.py:588} INFO - Filling up the DagBag from /home/airflow/.local/lib/python3.12/site-packages/airflow/example_dags/example_branch_python_dop_operator_3.py
[2026-03-23T19:08:18.152+0000] {processor.py:925} INFO - DAG(s) 'example_branch_dop_operator_v3' retrieved from /home/airflow/.local/lib/python3.12/site-packages/airflow/example_dags/example_branch_python_dop_operator_3.py
[2026-03-23T19:08:18.244+0000] {logging_mixin.py:190} INFO - [2026-03-23T19:08:18.244+0000] {dag.py:3239} INFO - Sync 1 DAGs
[2026-03-23T19:08:18.698+0000] {logging_mixin.py:190} INFO - [2026-03-23T19:08:18.689+0000] {dag.py:4180} INFO - Setting next_dagrun for example_branch_dop_operator_v3 to 2026-03-23 19:07:00+00:00, run_after=2026-03-23 19:08:00+00:00
[2026-03-23T19:08:18.853+0000] {processor.py:208} INFO - Processing /home/airflow/.local/lib/python3.12/site-packages/airflow/example_dags/example_branch_python_dop_operator_3.py took 1.108 seconds
[2026-03-23T19:08:50.632+0000] {processor.py:186} INFO - Started process (PID=574) to work on /home/airflow/.local/lib/python3.12/site-packages/airflow/example_dags/example_branch_python_dop_operator_3.py
[2026-03-23T19:08:50.658+0000] {processor.py:914} INFO - Processing file /home/airflow/.local/lib/python3.12/site-packages/airflow/example_dags/example_branch_python_dop_operator_3.py for tasks to queue
[2026-03-23T19:08:50.701+0000] {logging_mixin.py:190} INFO - [2026-03-23T19:08:50.689+0000] {dagbag.py:588} INFO - Filling up the DagBag from /home/airflow/.local/lib/python3.12/site-packages/airflow/example_dags/example_branch_python_dop_operator_3.py
[2026-03-23T19:08:50.833+0000] {processor.py:925} INFO - DAG(s) 'example_branch_dop_operator_v3' retrieved from /home/airflow/.local/lib/python3.12/site-packages/airflow/example_dags/example_branch_python_dop_operator_3.py
[2026-03-23T19:08:50.903+0000] {logging_mixin.py:190} INFO - [2026-03-23T19:08:50.903+0000] {dag.py:3239} INFO - Sync 1 DAGs
[2026-03-23T19:08:50.989+0000] {logging_mixin.py:190} INFO - [2026-03-23T19:08:50.989+0000] {dag.py:4180} INFO - Setting next_dagrun for example_branch_dop_operator_v3 to 2026-03-23 19:07:00+00:00, run_after=2026-03-23 19:08:00+00:00
[2026-03-23T19:08:51.064+0000] {processor.py:208} INFO - Processing /home/airflow/.local/lib/python3.12/site-packages/airflow/example_dags/example_branch_python_dop_operator_3.py took 0.483 seconds
[2026-03-23T19:09:21.683+0000] {processor.py:186} INFO - Started process (PID=637) to work on /home/airflow/.local/lib/python3.12/site-packages/airflow/example_dags/example_branch_python_dop_operator_3.py
[2026-03-23T19:09:21.685+0000] {processor.py:914} INFO - Processing file /home/airflow/.local/lib/python3.12/site-packages/airflow/example_dags/example_branch_python_dop_operator_3.py for tasks to queue
[2026-03-23T19:09:21.702+0000] {logging_mixin.py:190} INFO - [2026-03-23T19:09:21.701+0000] {dagbag.py:588} INFO - Filling up the DagBag from /home/airflow/.local/lib/python3.12/site-packages/airflow/example_dags/example_branch_python_dop_operator_3.py
[2026-03-23T19:09:21.727+0000] {processor.py:925} INFO - DAG(s) 'example_branch_dop_operator_v3' retrieved from /home/airflow/.local/lib/python3.12/site-packages/airflow/example_dags/example_branch_python_dop_operator_3.py
[2026-03-23T19:09:21.791+0000] {logging_mixin.py:190} INFO - [2026-03-23T19:09:21.790+0000] {dag.py:3239} INFO - Sync 1 DAGs
[2026-03-23T19:09:21.838+0000] {logging_mixin.py:190} INFO - [2026-03-23T19:09:21.838+0000] {dag.py:4180} INFO - Setting next_dagrun for example_branch_dop_operator_v3 to 2026-03-23 19:08:00+00:00, run_after=2026-03-23 19:09:00+00:00
[2026-03-23T19:09:21.848+0000] {processor.py:208} INFO - Processing /home/airflow/.local/lib/python3.12/site-packages/airflow/example_dags/example_branch_python_dop_operator_3.py took 0.187 seconds
[2026-03-23T19:09:53.628+0000] {processor.py:186} INFO - Started process (PID=700) to work on /home/airflow/.local/lib/python3.12/site-packages/airflow/example_dags/example_branch_python_dop_operator_3.py
[2026-03-23T19:09:53.630+0000] {processor.py:914} INFO - Processing file /home/airflow/.local/lib/python3.12/site-packages/airflow/example_dags/example_branch_python_dop_operator_3.py for tasks to queue
[2026-03-23T19:09:53.635+0000] {logging_mixin.py:190} INFO - [2026-03-23T19:09:53.634+0000] {dagbag.py:588} INFO - Filling up the DagBag from /home/airflow/.local/lib/python3.12/site-packages/airflow/example_dags/example_branch_python_dop_operator_3.py
[2026-03-23T19:09:53.670+0000] {processor.py:925} INFO - DAG(s) 'example_branch_dop_operator_v3' retrieved from /home/airflow/.local/lib/python3.12/site-packages/airflow/example_dags/example_branch_python_dop_operator_3.py
[2026-03-23T19:09:53.728+0000] {logging_mixin.py:190} INFO - [2026-03-23T19:09:53.727+0000] {dag.py:3239} INFO - Sync 1 DAGs
[2026-03-23T19:09:53.761+0000] {logging_mixin.py:190} INFO - [2026-03-23T19:09:53.761+0000] {dag.py:4180} INFO - Setting next_dagrun for example_branch_dop_operator_v3 to 2026-03-23 19:08:00+00:00, run_after=2026-03-23 19:09:00+00:00
[2026-03-23T19:09:55.335+0000] {processor.py:208} INFO - Processing /home/airflow/.local/lib/python3.12/site-packages/airflow/example_dags/example_branch_python_dop_operator_3.py took 1.721 seconds
[2026-03-23T19:10:26.238+0000] {processor.py:186} INFO - Started process (PID=770) to work on /home/airflow/.local/lib/python3.12/site-packages/airflow/example_dags/example_branch_python_dop_operator_3.py
[2026-03-23T19:10:26.243+0000] {processor.py:914} INFO - Processing file /home/airflow/.local/lib/python3.12/site-packages/airflow/example_dags/example_branch_python_dop_operator_3.py for tasks to queue
[2026-03-23T19:10:26.257+0000] {logging_mixin.py:190} INFO - [2026-03-23T19:10:26.256+0000] {dagbag.py:588} INFO - Filling up the DagBag from /home/airflow/.local/lib/python3.12/site-packages/airflow/example_dags/example_branch_python_dop_operator_3.py
[2026-03-23T19:10:26.335+0000] {processor.py:925} INFO - DAG(s) 'example_branch_dop_operator_v3' retrieved from /home/airflow/.local/lib/python3.12/site-packages/airflow/example_dags/example_branch_python_dop_operator_3.py
[2026-03-23T19:10:26.378+0000] {logging_mixin.py:190} INFO - [2026-03-23T19:10:26.378+0000] {dag.py:3239} INFO - Sync 1 DAGs
[2026-03-23T19:10:26.417+0000] {logging_mixin.py:190} INFO - [2026-03-23T19:10:26.416+0000] {dag.py:4180} INFO - Setting next_dagrun for example_branch_dop_operator_v3 to 2026-03-23 19:09:00+00:00, run_after=2026-03-23 19:10:00+00:00
[2026-03-23T19:10:26.441+0000] {processor.py:208} INFO - Processing /home/airflow/.local/lib/python3.12/site-packages/airflow/example_dags/example_branch_python_dop_operator_3.py took 0.233 seconds
