[2026-03-23T19:04:50.469+0000] {processor.py:186} INFO - Started process (PID=116) to work on /home/airflow/.local/lib/python3.12/site-packages/airflow/example_dags/example_dag_decorator.py
[2026-03-23T19:04:50.471+0000] {processor.py:914} INFO - Processing file /home/airflow/.local/lib/python3.12/site-packages/airflow/example_dags/example_dag_decorator.py for tasks to queue
[2026-03-23T19:04:50.478+0000] {logging_mixin.py:190} INFO - [2026-03-23T19:04:50.478+0000] {dagbag.py:588} INFO - Filling up the DagBag from /home/airflow/.local/lib/python3.12/site-packages/airflow/example_dags/example_dag_decorator.py
[2026-03-23T19:04:50.506+0000] {processor.py:925} INFO - DAG(s) 'example_dag_decorator' retrieved from /home/airflow/.local/lib/python3.12/site-packages/airflow/example_dags/example_dag_decorator.py
[2026-03-23T19:04:50.704+0000] {logging_mixin.py:190} INFO - [2026-03-23T19:04:50.703+0000] {override.py:1911} INFO - Created Permission View: can edit on DAG:example_dag_decorator
[2026-03-23T19:04:50.714+0000] {logging_mixin.py:190} INFO - [2026-03-23T19:04:50.713+0000] {override.py:1911} INFO - Created Permission View: can read on DAG:example_dag_decorator
[2026-03-23T19:04:50.724+0000] {logging_mixin.py:190} INFO - [2026-03-23T19:04:50.723+0000] {override.py:1911} INFO - Created Permission View: can delete on DAG:example_dag_decorator
[2026-03-23T19:04:50.733+0000] {logging_mixin.py:190} INFO - [2026-03-23T19:04:50.733+0000] {override.py:1911} INFO - Created Permission View: menu access on DAG Run:example_dag_decorator
[2026-03-23T19:04:50.737+0000] {logging_mixin.py:190} INFO - [2026-03-23T19:04:50.737+0000] {override.py:1911} INFO - Created Permission View: can read on DAG Run:example_dag_decorator
[2026-03-23T19:04:50.742+0000] {logging_mixin.py:190} INFO - [2026-03-23T19:04:50.742+0000] {override.py:1911} INFO - Created Permission View: can create on DAG Run:example_dag_decorator
[2026-03-23T19:04:50.746+0000] {logging_mixin.py:190} INFO - [2026-03-23T19:04:50.745+0000] {override.py:1911} INFO - Created Permission View: can delete on DAG Run:example_dag_decorator
[2026-03-23T19:04:50.746+0000] {logging_mixin.py:190} INFO - [2026-03-23T19:04:50.746+0000] {dag.py:3239} INFO - Sync 1 DAGs
[2026-03-23T19:04:50.758+0000] {logging_mixin.py:190} INFO - [2026-03-23T19:04:50.758+0000] {dag.py:3262} INFO - Creating ORM DAG for example_dag_decorator
[2026-03-23T19:04:50.760+0000] {logging_mixin.py:190} INFO - [2026-03-23T19:04:50.760+0000] {dag.py:4180} INFO - Setting next_dagrun for example_dag_decorator to None, run_after=None
[2026-03-23T19:04:50.775+0000] {processor.py:208} INFO - Processing /home/airflow/.local/lib/python3.12/site-packages/airflow/example_dags/example_dag_decorator.py took 0.327 seconds
[2026-03-23T19:05:20.973+0000] {processor.py:186} INFO - Started process (PID=179) to work on /home/airflow/.local/lib/python3.12/site-packages/airflow/example_dags/example_dag_decorator.py
[2026-03-23T19:05:20.975+0000] {processor.py:914} INFO - Processing file /home/airflow/.local/lib/python3.12/site-packages/airflow/example_dags/example_dag_decorator.py for tasks to queue
[2026-03-23T19:05:20.987+0000] {logging_mixin.py:190} INFO - [2026-03-23T19:05:20.985+0000] {dagbag.py:588} INFO - Filling up the DagBag from /home/airflow/.local/lib/python3.12/site-packages/airflow/example_dags/example_dag_decorator.py
[2026-03-23T19:05:21.038+0000] {processor.py:925} INFO - DAG(s) 'example_dag_decorator' retrieved from /home/airflow/.local/lib/python3.12/site-packages/airflow/example_dags/example_dag_decorator.py
[2026-03-23T19:05:21.256+0000] {logging_mixin.py:190} INFO - [2026-03-23T19:05:21.256+0000] {dag.py:3239} INFO - Sync 1 DAGs
[2026-03-23T19:05:21.272+0000] {logging_mixin.py:190} INFO - [2026-03-23T19:05:21.271+0000] {dag.py:4180} INFO - Setting next_dagrun for example_dag_decorator to None, run_after=None
[2026-03-23T19:05:21.311+0000] {processor.py:208} INFO - Processing /home/airflow/.local/lib/python3.12/site-packages/airflow/example_dags/example_dag_decorator.py took 0.348 seconds
[2026-03-23T19:05:51.703+0000] {processor.py:186} INFO - Started process (PID=243) to work on /home/airflow/.local/lib/python3.12/site-packages/airflow/example_dags/example_dag_decorator.py
[2026-03-23T19:05:51.706+0000] {processor.py:914} INFO - Processing file /home/airflow/.local/lib/python3.12/site-packages/airflow/example_dags/example_dag_decorator.py for tasks to queue
[2026-03-23T19:05:51.711+0000] {logging_mixin.py:190} INFO - [2026-03-23T19:05:51.711+0000] {dagbag.py:588} INFO - Filling up the DagBag from /home/airflow/.local/lib/python3.12/site-packages/airflow/example_dags/example_dag_decorator.py
[2026-03-23T19:05:51.724+0000] {processor.py:925} INFO - DAG(s) 'example_dag_decorator' retrieved from /home/airflow/.local/lib/python3.12/site-packages/airflow/example_dags/example_dag_decorator.py
[2026-03-23T19:05:51.850+0000] {logging_mixin.py:190} INFO - [2026-03-23T19:05:51.850+0000] {dag.py:3239} INFO - Sync 1 DAGs
[2026-03-23T19:05:51.858+0000] {logging_mixin.py:190} INFO - [2026-03-23T19:05:51.858+0000] {dag.py:4180} INFO - Setting next_dagrun for example_dag_decorator to None, run_after=None
[2026-03-23T19:05:51.869+0000] {processor.py:208} INFO - Processing /home/airflow/.local/lib/python3.12/site-packages/airflow/example_dags/example_dag_decorator.py took 0.178 seconds
[2026-03-23T19:06:21.936+0000] {processor.py:186} INFO - Started process (PID=307) to work on /home/airflow/.local/lib/python3.12/site-packages/airflow/example_dags/example_dag_decorator.py
[2026-03-23T19:06:21.938+0000] {processor.py:914} INFO - Processing file /home/airflow/.local/lib/python3.12/site-packages/airflow/example_dags/example_dag_decorator.py for tasks to queue
[2026-03-23T19:06:21.939+0000] {logging_mixin.py:190} INFO - [2026-03-23T19:06:21.939+0000] {dagbag.py:588} INFO - Filling up the DagBag from /home/airflow/.local/lib/python3.12/site-packages/airflow/example_dags/example_dag_decorator.py
[2026-03-23T19:06:21.958+0000] {processor.py:925} INFO - DAG(s) 'example_dag_decorator' retrieved from /home/airflow/.local/lib/python3.12/site-packages/airflow/example_dags/example_dag_decorator.py
[2026-03-23T19:06:22.077+0000] {logging_mixin.py:190} INFO - [2026-03-23T19:06:22.077+0000] {dag.py:3239} INFO - Sync 1 DAGs
[2026-03-23T19:06:22.090+0000] {logging_mixin.py:190} INFO - [2026-03-23T19:06:22.090+0000] {dag.py:4180} INFO - Setting next_dagrun for example_dag_decorator to None, run_after=None
[2026-03-23T19:06:22.110+0000] {processor.py:208} INFO - Processing /home/airflow/.local/lib/python3.12/site-packages/airflow/example_dags/example_dag_decorator.py took 0.178 seconds
[2026-03-23T19:06:52.596+0000] {processor.py:186} INFO - Started process (PID=372) to work on /home/airflow/.local/lib/python3.12/site-packages/airflow/example_dags/example_dag_decorator.py
[2026-03-23T19:06:52.597+0000] {processor.py:914} INFO - Processing file /home/airflow/.local/lib/python3.12/site-packages/airflow/example_dags/example_dag_decorator.py for tasks to queue
[2026-03-23T19:06:52.599+0000] {logging_mixin.py:190} INFO - [2026-03-23T19:06:52.599+0000] {dagbag.py:588} INFO - Filling up the DagBag from /home/airflow/.local/lib/python3.12/site-packages/airflow/example_dags/example_dag_decorator.py
[2026-03-23T19:06:52.618+0000] {processor.py:925} INFO - DAG(s) 'example_dag_decorator' retrieved from /home/airflow/.local/lib/python3.12/site-packages/airflow/example_dags/example_dag_decorator.py
[2026-03-23T19:06:52.732+0000] {logging_mixin.py:190} INFO - [2026-03-23T19:06:52.732+0000] {dag.py:3239} INFO - Sync 1 DAGs
[2026-03-23T19:06:52.743+0000] {logging_mixin.py:190} INFO - [2026-03-23T19:06:52.743+0000] {dag.py:4180} INFO - Setting next_dagrun for example_dag_decorator to None, run_after=None
[2026-03-23T19:06:52.760+0000] {processor.py:208} INFO - Processing /home/airflow/.local/lib/python3.12/site-packages/airflow/example_dags/example_dag_decorator.py took 0.174 seconds
[2026-03-23T19:07:35.786+0000] {processor.py:186} INFO - Started process (PID=448) to work on /home/airflow/.local/lib/python3.12/site-packages/airflow/example_dags/example_dag_decorator.py
[2026-03-23T19:07:35.788+0000] {processor.py:914} INFO - Processing file /home/airflow/.local/lib/python3.12/site-packages/airflow/example_dags/example_dag_decorator.py for tasks to queue
[2026-03-23T19:07:35.792+0000] {logging_mixin.py:190} INFO - [2026-03-23T19:07:35.791+0000] {dagbag.py:588} INFO - Filling up the DagBag from /home/airflow/.local/lib/python3.12/site-packages/airflow/example_dags/example_dag_decorator.py
[2026-03-23T19:07:35.806+0000] {processor.py:925} INFO - DAG(s) 'example_dag_decorator' retrieved from /home/airflow/.local/lib/python3.12/site-packages/airflow/example_dags/example_dag_decorator.py
[2026-03-23T19:07:35.947+0000] {logging_mixin.py:190} INFO - [2026-03-23T19:07:35.947+0000] {dag.py:3239} INFO - Sync 1 DAGs
[2026-03-23T19:07:35.958+0000] {logging_mixin.py:190} INFO - [2026-03-23T19:07:35.958+0000] {dag.py:4180} INFO - Setting next_dagrun for example_dag_decorator to None, run_after=None
[2026-03-23T19:07:35.973+0000] {processor.py:208} INFO - Processing /home/airflow/.local/lib/python3.12/site-packages/airflow/example_dags/example_dag_decorator.py took 0.193 seconds
[2026-03-23T19:08:13.502+0000] {processor.py:186} INFO - Started process (PID=510) to work on /home/airflow/.local/lib/python3.12/site-packages/airflow/example_dags/example_dag_decorator.py
[2026-03-23T19:08:13.507+0000] {processor.py:914} INFO - Processing file /home/airflow/.local/lib/python3.12/site-packages/airflow/example_dags/example_dag_decorator.py for tasks to queue
[2026-03-23T19:08:13.510+0000] {logging_mixin.py:190} INFO - [2026-03-23T19:08:13.510+0000] {dagbag.py:588} INFO - Filling up the DagBag from /home/airflow/.local/lib/python3.12/site-packages/airflow/example_dags/example_dag_decorator.py
[2026-03-23T19:08:13.532+0000] {processor.py:925} INFO - DAG(s) 'example_dag_decorator' retrieved from /home/airflow/.local/lib/python3.12/site-packages/airflow/example_dags/example_dag_decorator.py
[2026-03-23T19:08:14.301+0000] {logging_mixin.py:190} INFO - [2026-03-23T19:08:14.299+0000] {dag.py:3239} INFO - Sync 1 DAGs
[2026-03-23T19:08:14.380+0000] {logging_mixin.py:190} INFO - [2026-03-23T19:08:14.378+0000] {dag.py:4180} INFO - Setting next_dagrun for example_dag_decorator to None, run_after=None
[2026-03-23T19:08:14.490+0000] {processor.py:208} INFO - Processing /home/airflow/.local/lib/python3.12/site-packages/airflow/example_dags/example_dag_decorator.py took 0.998 seconds
[2026-03-23T19:08:48.556+0000] {processor.py:186} INFO - Started process (PID=573) to work on /home/airflow/.local/lib/python3.12/site-packages/airflow/example_dags/example_dag_decorator.py
[2026-03-23T19:08:48.561+0000] {processor.py:914} INFO - Processing file /home/airflow/.local/lib/python3.12/site-packages/airflow/example_dags/example_dag_decorator.py for tasks to queue
[2026-03-23T19:08:48.565+0000] {logging_mixin.py:190} INFO - [2026-03-23T19:08:48.565+0000] {dagbag.py:588} INFO - Filling up the DagBag from /home/airflow/.local/lib/python3.12/site-packages/airflow/example_dags/example_dag_decorator.py
[2026-03-23T19:08:48.618+0000] {processor.py:925} INFO - DAG(s) 'example_dag_decorator' retrieved from /home/airflow/.local/lib/python3.12/site-packages/airflow/example_dags/example_dag_decorator.py
[2026-03-23T19:08:50.056+0000] {logging_mixin.py:190} INFO - [2026-03-23T19:08:50.045+0000] {dag.py:3239} INFO - Sync 1 DAGs
[2026-03-23T19:08:50.253+0000] {logging_mixin.py:190} INFO - [2026-03-23T19:08:50.251+0000] {dag.py:4180} INFO - Setting next_dagrun for example_dag_decorator to None, run_after=None
[2026-03-23T19:08:50.416+0000] {processor.py:208} INFO - Processing /home/airflow/.local/lib/python3.12/site-packages/airflow/example_dags/example_dag_decorator.py took 1.868 seconds
[2026-03-23T19:09:21.018+0000] {processor.py:186} INFO - Started process (PID=636) to work on /home/airflow/.local/lib/python3.12/site-packages/airflow/example_dags/example_dag_decorator.py
[2026-03-23T19:09:21.022+0000] {processor.py:914} INFO - Processing file /home/airflow/.local/lib/python3.12/site-packages/airflow/example_dags/example_dag_decorator.py for tasks to queue
[2026-03-23T19:09:21.029+0000] {logging_mixin.py:190} INFO - [2026-03-23T19:09:21.028+0000] {dagbag.py:588} INFO - Filling up the DagBag from /home/airflow/.local/lib/python3.12/site-packages/airflow/example_dags/example_dag_decorator.py
[2026-03-23T19:09:21.086+0000] {processor.py:925} INFO - DAG(s) 'example_dag_decorator' retrieved from /home/airflow/.local/lib/python3.12/site-packages/airflow/example_dags/example_dag_decorator.py
[2026-03-23T19:09:21.555+0000] {logging_mixin.py:190} INFO - [2026-03-23T19:09:21.554+0000] {dag.py:3239} INFO - Sync 1 DAGs
[2026-03-23T19:09:21.575+0000] {logging_mixin.py:190} INFO - [2026-03-23T19:09:21.575+0000] {dag.py:4180} INFO - Setting next_dagrun for example_dag_decorator to None, run_after=None
[2026-03-23T19:09:21.596+0000] {processor.py:208} INFO - Processing /home/airflow/.local/lib/python3.12/site-packages/airflow/example_dags/example_dag_decorator.py took 0.595 seconds
[2026-03-23T19:09:55.245+0000] {processor.py:186} INFO - Started process (PID=701) to work on /home/airflow/.local/lib/python3.12/site-packages/airflow/example_dags/example_dag_decorator.py
[2026-03-23T19:09:55.268+0000] {processor.py:914} INFO - Processing file /home/airflow/.local/lib/python3.12/site-packages/airflow/example_dags/example_dag_decorator.py for tasks to queue
[2026-03-23T19:09:55.291+0000] {logging_mixin.py:190} INFO - [2026-03-23T19:09:55.287+0000] {dagbag.py:588} INFO - Filling up the DagBag from /home/airflow/.local/lib/python3.12/site-packages/airflow/example_dags/example_dag_decorator.py
[2026-03-23T19:09:55.403+0000] {processor.py:925} INFO - DAG(s) 'example_dag_decorator' retrieved from /home/airflow/.local/lib/python3.12/site-packages/airflow/example_dags/example_dag_decorator.py
[2026-03-23T19:09:55.765+0000] {logging_mixin.py:190} INFO - [2026-03-23T19:09:55.762+0000] {dag.py:3239} INFO - Sync 1 DAGs
[2026-03-23T19:09:55.797+0000] {logging_mixin.py:190} INFO - [2026-03-23T19:09:55.797+0000] {dag.py:4180} INFO - Setting next_dagrun for example_dag_decorator to None, run_after=None
[2026-03-23T19:09:55.829+0000] {processor.py:208} INFO - Processing /home/airflow/.local/lib/python3.12/site-packages/airflow/example_dags/example_dag_decorator.py took 0.637 seconds
[2026-03-23T19:10:26.238+0000] {processor.py:186} INFO - Started process (PID=771) to work on /home/airflow/.local/lib/python3.12/site-packages/airflow/example_dags/example_dag_decorator.py
[2026-03-23T19:10:26.241+0000] {processor.py:914} INFO - Processing file /home/airflow/.local/lib/python3.12/site-packages/airflow/example_dags/example_dag_decorator.py for tasks to queue
[2026-03-23T19:10:26.257+0000] {logging_mixin.py:190} INFO - [2026-03-23T19:10:26.256+0000] {dagbag.py:588} INFO - Filling up the DagBag from /home/airflow/.local/lib/python3.12/site-packages/airflow/example_dags/example_dag_decorator.py
[2026-03-23T19:10:26.311+0000] {processor.py:925} INFO - DAG(s) 'example_dag_decorator' retrieved from /home/airflow/.local/lib/python3.12/site-packages/airflow/example_dags/example_dag_decorator.py
[2026-03-23T19:10:26.605+0000] {logging_mixin.py:190} INFO - [2026-03-23T19:10:26.604+0000] {dag.py:3239} INFO - Sync 1 DAGs
[2026-03-23T19:10:26.616+0000] {logging_mixin.py:190} INFO - [2026-03-23T19:10:26.616+0000] {dag.py:4180} INFO - Setting next_dagrun for example_dag_decorator to None, run_after=None
[2026-03-23T19:10:26.629+0000] {processor.py:208} INFO - Processing /home/airflow/.local/lib/python3.12/site-packages/airflow/example_dags/example_dag_decorator.py took 0.408 seconds
