[2026-03-23T19:04:40.220+0000] {processor.py:186} INFO - Started process (PID=90) to work on /home/airflow/.local/lib/python3.12/site-packages/airflow/example_dags/example_outlet_event_extra.py
[2026-03-23T19:04:40.222+0000] {processor.py:914} INFO - Processing file /home/airflow/.local/lib/python3.12/site-packages/airflow/example_dags/example_outlet_event_extra.py for tasks to queue
[2026-03-23T19:04:40.225+0000] {logging_mixin.py:190} INFO - [2026-03-23T19:04:40.225+0000] {dagbag.py:588} INFO - Filling up the DagBag from /home/airflow/.local/lib/python3.12/site-packages/airflow/example_dags/example_outlet_event_extra.py
[2026-03-23T19:04:43.607+0000] {processor.py:925} INFO - DAG(s) 'dataset_with_extra_from_classic_operator', 'dataset_with_extra_by_context', 'dataset_with_extra_by_yield' retrieved from /home/airflow/.local/lib/python3.12/site-packages/airflow/example_dags/example_outlet_event_extra.py
[2026-03-23T19:04:44.013+0000] {logging_mixin.py:190} INFO - [2026-03-23T19:04:44.005+0000] {override.py:1911} INFO - Created Permission View: can edit on DAG:dataset_with_extra_from_classic_operator
[2026-03-23T19:04:44.039+0000] {logging_mixin.py:190} INFO - [2026-03-23T19:04:44.039+0000] {override.py:1911} INFO - Created Permission View: can read on DAG:dataset_with_extra_from_classic_operator
[2026-03-23T19:04:44.051+0000] {logging_mixin.py:190} INFO - [2026-03-23T19:04:44.049+0000] {override.py:1911} INFO - Created Permission View: can delete on DAG:dataset_with_extra_from_classic_operator
[2026-03-23T19:04:44.062+0000] {logging_mixin.py:190} INFO - [2026-03-23T19:04:44.061+0000] {override.py:1911} INFO - Created Permission View: menu access on DAG Run:dataset_with_extra_from_classic_operator
[2026-03-23T19:04:44.077+0000] {logging_mixin.py:190} INFO - [2026-03-23T19:04:44.076+0000] {override.py:1911} INFO - Created Permission View: can read on DAG Run:dataset_with_extra_from_classic_operator
[2026-03-23T19:04:44.090+0000] {logging_mixin.py:190} INFO - [2026-03-23T19:04:44.089+0000] {override.py:1911} INFO - Created Permission View: can create on DAG Run:dataset_with_extra_from_classic_operator
[2026-03-23T19:04:44.107+0000] {logging_mixin.py:190} INFO - [2026-03-23T19:04:44.105+0000] {override.py:1911} INFO - Created Permission View: can delete on DAG Run:dataset_with_extra_from_classic_operator
[2026-03-23T19:04:44.155+0000] {logging_mixin.py:190} INFO - [2026-03-23T19:04:44.154+0000] {override.py:1911} INFO - Created Permission View: can edit on DAG:dataset_with_extra_by_context
[2026-03-23T19:04:44.165+0000] {logging_mixin.py:190} INFO - [2026-03-23T19:04:44.165+0000] {override.py:1911} INFO - Created Permission View: can read on DAG:dataset_with_extra_by_context
[2026-03-23T19:04:44.176+0000] {logging_mixin.py:190} INFO - [2026-03-23T19:04:44.176+0000] {override.py:1911} INFO - Created Permission View: can delete on DAG:dataset_with_extra_by_context
[2026-03-23T19:04:44.188+0000] {logging_mixin.py:190} INFO - [2026-03-23T19:04:44.187+0000] {override.py:1911} INFO - Created Permission View: menu access on DAG Run:dataset_with_extra_by_context
[2026-03-23T19:04:44.199+0000] {logging_mixin.py:190} INFO - [2026-03-23T19:04:44.199+0000] {override.py:1911} INFO - Created Permission View: can read on DAG Run:dataset_with_extra_by_context
[2026-03-23T19:04:44.216+0000] {logging_mixin.py:190} INFO - [2026-03-23T19:04:44.216+0000] {override.py:1911} INFO - Created Permission View: can create on DAG Run:dataset_with_extra_by_context
[2026-03-23T19:04:44.245+0000] {logging_mixin.py:190} INFO - [2026-03-23T19:04:44.244+0000] {override.py:1911} INFO - Created Permission View: can delete on DAG Run:dataset_with_extra_by_context
[2026-03-23T19:04:44.284+0000] {logging_mixin.py:190} INFO - [2026-03-23T19:04:44.283+0000] {override.py:1911} INFO - Created Permission View: can edit on DAG:dataset_with_extra_by_yield
[2026-03-23T19:04:44.291+0000] {logging_mixin.py:190} INFO - [2026-03-23T19:04:44.290+0000] {override.py:1911} INFO - Created Permission View: can read on DAG:dataset_with_extra_by_yield
[2026-03-23T19:04:44.312+0000] {logging_mixin.py:190} INFO - [2026-03-23T19:04:44.311+0000] {override.py:1911} INFO - Created Permission View: can delete on DAG:dataset_with_extra_by_yield
[2026-03-23T19:04:44.363+0000] {logging_mixin.py:190} INFO - [2026-03-23T19:04:44.346+0000] {override.py:1911} INFO - Created Permission View: menu access on DAG Run:dataset_with_extra_by_yield
[2026-03-23T19:04:44.446+0000] {logging_mixin.py:190} INFO - [2026-03-23T19:04:44.444+0000] {override.py:1911} INFO - Created Permission View: can read on DAG Run:dataset_with_extra_by_yield
[2026-03-23T19:04:44.548+0000] {logging_mixin.py:190} INFO - [2026-03-23T19:04:44.547+0000] {override.py:1911} INFO - Created Permission View: can create on DAG Run:dataset_with_extra_by_yield
[2026-03-23T19:04:44.571+0000] {logging_mixin.py:190} INFO - [2026-03-23T19:04:44.570+0000] {override.py:1911} INFO - Created Permission View: can delete on DAG Run:dataset_with_extra_by_yield
[2026-03-23T19:04:44.580+0000] {logging_mixin.py:190} INFO - [2026-03-23T19:04:44.579+0000] {dag.py:3239} INFO - Sync 3 DAGs
[2026-03-23T19:04:44.749+0000] {logging_mixin.py:190} INFO - [2026-03-23T19:04:44.745+0000] {dag.py:3262} INFO - Creating ORM DAG for dataset_with_extra_by_yield
[2026-03-23T19:04:44.753+0000] {logging_mixin.py:190} INFO - [2026-03-23T19:04:44.753+0000] {dag.py:3262} INFO - Creating ORM DAG for dataset_with_extra_from_classic_operator
[2026-03-23T19:04:44.756+0000] {logging_mixin.py:190} INFO - [2026-03-23T19:04:44.755+0000] {dag.py:3262} INFO - Creating ORM DAG for dataset_with_extra_by_context
[2026-03-23T19:04:44.799+0000] {logging_mixin.py:190} INFO - [2026-03-23T19:04:44.798+0000] {dag.py:4180} INFO - Setting next_dagrun for dataset_with_extra_by_context to 2026-03-22 00:00:00+00:00, run_after=2026-03-23 00:00:00+00:00
[2026-03-23T19:04:44.802+0000] {logging_mixin.py:190} INFO - [2026-03-23T19:04:44.801+0000] {dag.py:4180} INFO - Setting next_dagrun for dataset_with_extra_by_yield to 2026-03-22 00:00:00+00:00, run_after=2026-03-23 00:00:00+00:00
[2026-03-23T19:04:44.805+0000] {logging_mixin.py:190} INFO - [2026-03-23T19:04:44.804+0000] {dag.py:4180} INFO - Setting next_dagrun for dataset_with_extra_from_classic_operator to 2026-03-22 00:00:00+00:00, run_after=2026-03-23 00:00:00+00:00
[2026-03-23T19:04:44.924+0000] {processor.py:208} INFO - Processing /home/airflow/.local/lib/python3.12/site-packages/airflow/example_dags/example_outlet_event_extra.py took 4.715 seconds
[2026-03-23T19:05:15.395+0000] {processor.py:186} INFO - Started process (PID=159) to work on /home/airflow/.local/lib/python3.12/site-packages/airflow/example_dags/example_outlet_event_extra.py
[2026-03-23T19:05:15.404+0000] {processor.py:914} INFO - Processing file /home/airflow/.local/lib/python3.12/site-packages/airflow/example_dags/example_outlet_event_extra.py for tasks to queue
[2026-03-23T19:05:15.415+0000] {logging_mixin.py:190} INFO - [2026-03-23T19:05:15.415+0000] {dagbag.py:588} INFO - Filling up the DagBag from /home/airflow/.local/lib/python3.12/site-packages/airflow/example_dags/example_outlet_event_extra.py
[2026-03-23T19:05:17.143+0000] {processor.py:925} INFO - DAG(s) 'dataset_with_extra_by_yield', 'dataset_with_extra_from_classic_operator', 'dataset_with_extra_by_context' retrieved from /home/airflow/.local/lib/python3.12/site-packages/airflow/example_dags/example_outlet_event_extra.py
[2026-03-23T19:05:17.167+0000] {logging_mixin.py:190} INFO - [2026-03-23T19:05:17.167+0000] {dag.py:3239} INFO - Sync 3 DAGs
[2026-03-23T19:05:17.183+0000] {logging_mixin.py:190} INFO - [2026-03-23T19:05:17.182+0000] {dag.py:4180} INFO - Setting next_dagrun for dataset_with_extra_by_context to 2026-03-22 00:00:00+00:00, run_after=2026-03-23 00:00:00+00:00
[2026-03-23T19:05:17.185+0000] {logging_mixin.py:190} INFO - [2026-03-23T19:05:17.185+0000] {dag.py:4180} INFO - Setting next_dagrun for dataset_with_extra_by_yield to 2026-03-22 00:00:00+00:00, run_after=2026-03-23 00:00:00+00:00
[2026-03-23T19:05:17.186+0000] {logging_mixin.py:190} INFO - [2026-03-23T19:05:17.186+0000] {dag.py:4180} INFO - Setting next_dagrun for dataset_with_extra_from_classic_operator to 2026-03-22 00:00:00+00:00, run_after=2026-03-23 00:00:00+00:00
[2026-03-23T19:05:17.202+0000] {processor.py:208} INFO - Processing /home/airflow/.local/lib/python3.12/site-packages/airflow/example_dags/example_outlet_event_extra.py took 1.818 seconds
[2026-03-23T19:05:47.344+0000] {processor.py:186} INFO - Started process (PID=225) to work on /home/airflow/.local/lib/python3.12/site-packages/airflow/example_dags/example_outlet_event_extra.py
[2026-03-23T19:05:47.347+0000] {processor.py:914} INFO - Processing file /home/airflow/.local/lib/python3.12/site-packages/airflow/example_dags/example_outlet_event_extra.py for tasks to queue
[2026-03-23T19:05:47.348+0000] {logging_mixin.py:190} INFO - [2026-03-23T19:05:47.348+0000] {dagbag.py:588} INFO - Filling up the DagBag from /home/airflow/.local/lib/python3.12/site-packages/airflow/example_dags/example_outlet_event_extra.py
[2026-03-23T19:05:47.825+0000] {processor.py:925} INFO - DAG(s) 'dataset_with_extra_from_classic_operator', 'dataset_with_extra_by_context', 'dataset_with_extra_by_yield' retrieved from /home/airflow/.local/lib/python3.12/site-packages/airflow/example_dags/example_outlet_event_extra.py
[2026-03-23T19:05:47.846+0000] {logging_mixin.py:190} INFO - [2026-03-23T19:05:47.846+0000] {dag.py:3239} INFO - Sync 3 DAGs
[2026-03-23T19:05:47.866+0000] {logging_mixin.py:190} INFO - [2026-03-23T19:05:47.866+0000] {dag.py:4180} INFO - Setting next_dagrun for dataset_with_extra_by_context to 2026-03-22 00:00:00+00:00, run_after=2026-03-23 00:00:00+00:00
[2026-03-23T19:05:47.870+0000] {logging_mixin.py:190} INFO - [2026-03-23T19:05:47.870+0000] {dag.py:4180} INFO - Setting next_dagrun for dataset_with_extra_by_yield to 2026-03-22 00:00:00+00:00, run_after=2026-03-23 00:00:00+00:00
[2026-03-23T19:05:47.871+0000] {logging_mixin.py:190} INFO - [2026-03-23T19:05:47.871+0000] {dag.py:4180} INFO - Setting next_dagrun for dataset_with_extra_from_classic_operator to 2026-03-22 00:00:00+00:00, run_after=2026-03-23 00:00:00+00:00
[2026-03-23T19:05:47.882+0000] {processor.py:208} INFO - Processing /home/airflow/.local/lib/python3.12/site-packages/airflow/example_dags/example_outlet_event_extra.py took 0.548 seconds
[2026-03-23T19:06:18.277+0000] {processor.py:186} INFO - Started process (PID=289) to work on /home/airflow/.local/lib/python3.12/site-packages/airflow/example_dags/example_outlet_event_extra.py
[2026-03-23T19:06:18.290+0000] {processor.py:914} INFO - Processing file /home/airflow/.local/lib/python3.12/site-packages/airflow/example_dags/example_outlet_event_extra.py for tasks to queue
[2026-03-23T19:06:18.294+0000] {logging_mixin.py:190} INFO - [2026-03-23T19:06:18.294+0000] {dagbag.py:588} INFO - Filling up the DagBag from /home/airflow/.local/lib/python3.12/site-packages/airflow/example_dags/example_outlet_event_extra.py
[2026-03-23T19:06:20.879+0000] {processor.py:925} INFO - DAG(s) 'dataset_with_extra_from_classic_operator', 'dataset_with_extra_by_yield', 'dataset_with_extra_by_context' retrieved from /home/airflow/.local/lib/python3.12/site-packages/airflow/example_dags/example_outlet_event_extra.py
[2026-03-23T19:06:20.969+0000] {logging_mixin.py:190} INFO - [2026-03-23T19:06:20.969+0000] {dag.py:3239} INFO - Sync 3 DAGs
[2026-03-23T19:06:21.035+0000] {logging_mixin.py:190} INFO - [2026-03-23T19:06:21.034+0000] {dag.py:4180} INFO - Setting next_dagrun for dataset_with_extra_by_context to 2026-03-22 00:00:00+00:00, run_after=2026-03-23 00:00:00+00:00
[2026-03-23T19:06:21.043+0000] {logging_mixin.py:190} INFO - [2026-03-23T19:06:21.041+0000] {dag.py:4180} INFO - Setting next_dagrun for dataset_with_extra_by_yield to 2026-03-22 00:00:00+00:00, run_after=2026-03-23 00:00:00+00:00
[2026-03-23T19:06:21.044+0000] {logging_mixin.py:190} INFO - [2026-03-23T19:06:21.044+0000] {dag.py:4180} INFO - Setting next_dagrun for dataset_with_extra_from_classic_operator to 2026-03-22 00:00:00+00:00, run_after=2026-03-23 00:00:00+00:00
[2026-03-23T19:06:21.066+0000] {processor.py:208} INFO - Processing /home/airflow/.local/lib/python3.12/site-packages/airflow/example_dags/example_outlet_event_extra.py took 2.952 seconds
[2026-03-23T19:06:51.374+0000] {processor.py:186} INFO - Started process (PID=354) to work on /home/airflow/.local/lib/python3.12/site-packages/airflow/example_dags/example_outlet_event_extra.py
[2026-03-23T19:06:51.376+0000] {processor.py:914} INFO - Processing file /home/airflow/.local/lib/python3.12/site-packages/airflow/example_dags/example_outlet_event_extra.py for tasks to queue
[2026-03-23T19:06:51.379+0000] {logging_mixin.py:190} INFO - [2026-03-23T19:06:51.378+0000] {dagbag.py:588} INFO - Filling up the DagBag from /home/airflow/.local/lib/python3.12/site-packages/airflow/example_dags/example_outlet_event_extra.py
[2026-03-23T19:06:52.010+0000] {processor.py:925} INFO - DAG(s) 'dataset_with_extra_by_yield', 'dataset_with_extra_from_classic_operator', 'dataset_with_extra_by_context' retrieved from /home/airflow/.local/lib/python3.12/site-packages/airflow/example_dags/example_outlet_event_extra.py
[2026-03-23T19:06:52.027+0000] {logging_mixin.py:190} INFO - [2026-03-23T19:06:52.027+0000] {dag.py:3239} INFO - Sync 3 DAGs
[2026-03-23T19:06:52.041+0000] {logging_mixin.py:190} INFO - [2026-03-23T19:06:52.041+0000] {dag.py:4180} INFO - Setting next_dagrun for dataset_with_extra_by_context to 2026-03-22 00:00:00+00:00, run_after=2026-03-23 00:00:00+00:00
[2026-03-23T19:06:52.044+0000] {logging_mixin.py:190} INFO - [2026-03-23T19:06:52.044+0000] {dag.py:4180} INFO - Setting next_dagrun for dataset_with_extra_by_yield to 2026-03-22 00:00:00+00:00, run_after=2026-03-23 00:00:00+00:00
[2026-03-23T19:06:52.045+0000] {logging_mixin.py:190} INFO - [2026-03-23T19:06:52.045+0000] {dag.py:4180} INFO - Setting next_dagrun for dataset_with_extra_from_classic_operator to 2026-03-22 00:00:00+00:00, run_after=2026-03-23 00:00:00+00:00
[2026-03-23T19:06:52.056+0000] {processor.py:208} INFO - Processing /home/airflow/.local/lib/python3.12/site-packages/airflow/example_dags/example_outlet_event_extra.py took 0.698 seconds
[2026-03-23T19:07:25.390+0000] {processor.py:186} INFO - Started process (PID=416) to work on /home/airflow/.local/lib/python3.12/site-packages/airflow/example_dags/example_outlet_event_extra.py
[2026-03-23T19:07:25.396+0000] {processor.py:914} INFO - Processing file /home/airflow/.local/lib/python3.12/site-packages/airflow/example_dags/example_outlet_event_extra.py for tasks to queue
[2026-03-23T19:07:25.421+0000] {logging_mixin.py:190} INFO - [2026-03-23T19:07:25.421+0000] {dagbag.py:588} INFO - Filling up the DagBag from /home/airflow/.local/lib/python3.12/site-packages/airflow/example_dags/example_outlet_event_extra.py
[2026-03-23T19:07:32.615+0000] {processor.py:925} INFO - DAG(s) 'dataset_with_extra_by_yield', 'dataset_with_extra_by_context', 'dataset_with_extra_from_classic_operator' retrieved from /home/airflow/.local/lib/python3.12/site-packages/airflow/example_dags/example_outlet_event_extra.py
[2026-03-23T19:07:32.747+0000] {logging_mixin.py:190} INFO - [2026-03-23T19:07:32.746+0000] {dag.py:3239} INFO - Sync 3 DAGs
[2026-03-23T19:07:32.884+0000] {logging_mixin.py:190} INFO - [2026-03-23T19:07:32.883+0000] {dag.py:4180} INFO - Setting next_dagrun for dataset_with_extra_by_context to 2026-03-22 00:00:00+00:00, run_after=2026-03-23 00:00:00+00:00
[2026-03-23T19:07:32.891+0000] {logging_mixin.py:190} INFO - [2026-03-23T19:07:32.891+0000] {dag.py:4180} INFO - Setting next_dagrun for dataset_with_extra_by_yield to 2026-03-22 00:00:00+00:00, run_after=2026-03-23 00:00:00+00:00
[2026-03-23T19:07:32.893+0000] {logging_mixin.py:190} INFO - [2026-03-23T19:07:32.893+0000] {dag.py:4180} INFO - Setting next_dagrun for dataset_with_extra_from_classic_operator to 2026-03-22 00:00:00+00:00, run_after=2026-03-23 00:00:00+00:00
[2026-03-23T19:07:32.942+0000] {processor.py:208} INFO - Processing /home/airflow/.local/lib/python3.12/site-packages/airflow/example_dags/example_outlet_event_extra.py took 7.608 seconds
[2026-03-23T19:08:03.731+0000] {processor.py:186} INFO - Started process (PID=485) to work on /home/airflow/.local/lib/python3.12/site-packages/airflow/example_dags/example_outlet_event_extra.py
[2026-03-23T19:08:03.734+0000] {processor.py:914} INFO - Processing file /home/airflow/.local/lib/python3.12/site-packages/airflow/example_dags/example_outlet_event_extra.py for tasks to queue
[2026-03-23T19:08:03.741+0000] {logging_mixin.py:190} INFO - [2026-03-23T19:08:03.740+0000] {dagbag.py:588} INFO - Filling up the DagBag from /home/airflow/.local/lib/python3.12/site-packages/airflow/example_dags/example_outlet_event_extra.py
[2026-03-23T19:08:10.977+0000] {processor.py:925} INFO - DAG(s) 'dataset_with_extra_by_context', 'dataset_with_extra_by_yield', 'dataset_with_extra_from_classic_operator' retrieved from /home/airflow/.local/lib/python3.12/site-packages/airflow/example_dags/example_outlet_event_extra.py
[2026-03-23T19:08:11.021+0000] {logging_mixin.py:190} INFO - [2026-03-23T19:08:11.021+0000] {dag.py:3239} INFO - Sync 3 DAGs
[2026-03-23T19:08:11.098+0000] {logging_mixin.py:190} INFO - [2026-03-23T19:08:11.097+0000] {dag.py:4180} INFO - Setting next_dagrun for dataset_with_extra_by_context to 2026-03-22 00:00:00+00:00, run_after=2026-03-23 00:00:00+00:00
[2026-03-23T19:08:11.105+0000] {logging_mixin.py:190} INFO - [2026-03-23T19:08:11.105+0000] {dag.py:4180} INFO - Setting next_dagrun for dataset_with_extra_by_yield to 2026-03-22 00:00:00+00:00, run_after=2026-03-23 00:00:00+00:00
[2026-03-23T19:08:11.107+0000] {logging_mixin.py:190} INFO - [2026-03-23T19:08:11.107+0000] {dag.py:4180} INFO - Setting next_dagrun for dataset_with_extra_from_classic_operator to 2026-03-22 00:00:00+00:00, run_after=2026-03-23 00:00:00+00:00
[2026-03-23T19:08:11.147+0000] {processor.py:208} INFO - Processing /home/airflow/.local/lib/python3.12/site-packages/airflow/example_dags/example_outlet_event_extra.py took 7.441 seconds
[2026-03-23T19:08:46.807+0000] {processor.py:186} INFO - Started process (PID=564) to work on /home/airflow/.local/lib/python3.12/site-packages/airflow/example_dags/example_outlet_event_extra.py
[2026-03-23T19:08:46.811+0000] {processor.py:914} INFO - Processing file /home/airflow/.local/lib/python3.12/site-packages/airflow/example_dags/example_outlet_event_extra.py for tasks to queue
[2026-03-23T19:08:46.839+0000] {logging_mixin.py:190} INFO - [2026-03-23T19:08:46.838+0000] {dagbag.py:588} INFO - Filling up the DagBag from /home/airflow/.local/lib/python3.12/site-packages/airflow/example_dags/example_outlet_event_extra.py
[2026-03-23T19:08:53.331+0000] {processor.py:925} INFO - DAG(s) 'dataset_with_extra_from_classic_operator', 'dataset_with_extra_by_context', 'dataset_with_extra_by_yield' retrieved from /home/airflow/.local/lib/python3.12/site-packages/airflow/example_dags/example_outlet_event_extra.py
[2026-03-23T19:08:53.431+0000] {logging_mixin.py:190} INFO - [2026-03-23T19:08:53.428+0000] {dag.py:3239} INFO - Sync 3 DAGs
[2026-03-23T19:08:53.487+0000] {logging_mixin.py:190} INFO - [2026-03-23T19:08:53.487+0000] {dag.py:4180} INFO - Setting next_dagrun for dataset_with_extra_by_context to 2026-03-22 00:00:00+00:00, run_after=2026-03-23 00:00:00+00:00
[2026-03-23T19:08:53.493+0000] {logging_mixin.py:190} INFO - [2026-03-23T19:08:53.493+0000] {dag.py:4180} INFO - Setting next_dagrun for dataset_with_extra_by_yield to 2026-03-22 00:00:00+00:00, run_after=2026-03-23 00:00:00+00:00
[2026-03-23T19:08:53.500+0000] {logging_mixin.py:190} INFO - [2026-03-23T19:08:53.500+0000] {dag.py:4180} INFO - Setting next_dagrun for dataset_with_extra_from_classic_operator to 2026-03-22 00:00:00+00:00, run_after=2026-03-23 00:00:00+00:00
[2026-03-23T19:08:53.594+0000] {processor.py:208} INFO - Processing /home/airflow/.local/lib/python3.12/site-packages/airflow/example_dags/example_outlet_event_extra.py took 6.802 seconds
[2026-03-23T19:09:23.783+0000] {processor.py:186} INFO - Started process (PID=638) to work on /home/airflow/.local/lib/python3.12/site-packages/airflow/example_dags/example_outlet_event_extra.py
[2026-03-23T19:09:23.788+0000] {processor.py:914} INFO - Processing file /home/airflow/.local/lib/python3.12/site-packages/airflow/example_dags/example_outlet_event_extra.py for tasks to queue
[2026-03-23T19:09:23.813+0000] {logging_mixin.py:190} INFO - [2026-03-23T19:09:23.812+0000] {dagbag.py:588} INFO - Filling up the DagBag from /home/airflow/.local/lib/python3.12/site-packages/airflow/example_dags/example_outlet_event_extra.py
[2026-03-23T19:09:29.423+0000] {processor.py:925} INFO - DAG(s) 'dataset_with_extra_from_classic_operator', 'dataset_with_extra_by_context', 'dataset_with_extra_by_yield' retrieved from /home/airflow/.local/lib/python3.12/site-packages/airflow/example_dags/example_outlet_event_extra.py
[2026-03-23T19:09:29.582+0000] {logging_mixin.py:190} INFO - [2026-03-23T19:09:29.581+0000] {dag.py:3239} INFO - Sync 3 DAGs
[2026-03-23T19:09:29.653+0000] {logging_mixin.py:190} INFO - [2026-03-23T19:09:29.653+0000] {dag.py:4180} INFO - Setting next_dagrun for dataset_with_extra_by_context to 2026-03-22 00:00:00+00:00, run_after=2026-03-23 00:00:00+00:00
[2026-03-23T19:09:29.673+0000] {logging_mixin.py:190} INFO - [2026-03-23T19:09:29.673+0000] {dag.py:4180} INFO - Setting next_dagrun for dataset_with_extra_by_yield to 2026-03-22 00:00:00+00:00, run_after=2026-03-23 00:00:00+00:00
[2026-03-23T19:09:29.676+0000] {logging_mixin.py:190} INFO - [2026-03-23T19:09:29.676+0000] {dag.py:4180} INFO - Setting next_dagrun for dataset_with_extra_from_classic_operator to 2026-03-22 00:00:00+00:00, run_after=2026-03-23 00:00:00+00:00
[2026-03-23T19:09:29.770+0000] {processor.py:208} INFO - Processing /home/airflow/.local/lib/python3.12/site-packages/airflow/example_dags/example_outlet_event_extra.py took 6.005 seconds
[2026-03-23T19:10:00.020+0000] {processor.py:186} INFO - Started process (PID=708) to work on /home/airflow/.local/lib/python3.12/site-packages/airflow/example_dags/example_outlet_event_extra.py
[2026-03-23T19:10:00.022+0000] {processor.py:914} INFO - Processing file /home/airflow/.local/lib/python3.12/site-packages/airflow/example_dags/example_outlet_event_extra.py for tasks to queue
[2026-03-23T19:10:00.030+0000] {logging_mixin.py:190} INFO - [2026-03-23T19:10:00.029+0000] {dagbag.py:588} INFO - Filling up the DagBag from /home/airflow/.local/lib/python3.12/site-packages/airflow/example_dags/example_outlet_event_extra.py
[2026-03-23T19:10:02.340+0000] {processor.py:925} INFO - DAG(s) 'dataset_with_extra_by_context', 'dataset_with_extra_by_yield', 'dataset_with_extra_from_classic_operator' retrieved from /home/airflow/.local/lib/python3.12/site-packages/airflow/example_dags/example_outlet_event_extra.py
[2026-03-23T19:10:02.432+0000] {logging_mixin.py:190} INFO - [2026-03-23T19:10:02.431+0000] {dag.py:3239} INFO - Sync 3 DAGs
[2026-03-23T19:10:02.480+0000] {logging_mixin.py:190} INFO - [2026-03-23T19:10:02.480+0000] {dag.py:4180} INFO - Setting next_dagrun for dataset_with_extra_by_context to 2026-03-22 00:00:00+00:00, run_after=2026-03-23 00:00:00+00:00
[2026-03-23T19:10:02.486+0000] {logging_mixin.py:190} INFO - [2026-03-23T19:10:02.486+0000] {dag.py:4180} INFO - Setting next_dagrun for dataset_with_extra_by_yield to 2026-03-22 00:00:00+00:00, run_after=2026-03-23 00:00:00+00:00
[2026-03-23T19:10:02.502+0000] {logging_mixin.py:190} INFO - [2026-03-23T19:10:02.502+0000] {dag.py:4180} INFO - Setting next_dagrun for dataset_with_extra_from_classic_operator to 2026-03-22 00:00:00+00:00, run_after=2026-03-23 00:00:00+00:00
[2026-03-23T19:10:02.537+0000] {processor.py:208} INFO - Processing /home/airflow/.local/lib/python3.12/site-packages/airflow/example_dags/example_outlet_event_extra.py took 2.541 seconds
[2026-03-23T19:10:33.009+0000] {processor.py:186} INFO - Started process (PID=772) to work on /home/airflow/.local/lib/python3.12/site-packages/airflow/example_dags/example_outlet_event_extra.py
[2026-03-23T19:10:33.016+0000] {processor.py:914} INFO - Processing file /home/airflow/.local/lib/python3.12/site-packages/airflow/example_dags/example_outlet_event_extra.py for tasks to queue
[2026-03-23T19:10:33.028+0000] {logging_mixin.py:190} INFO - [2026-03-23T19:10:33.027+0000] {dagbag.py:588} INFO - Filling up the DagBag from /home/airflow/.local/lib/python3.12/site-packages/airflow/example_dags/example_outlet_event_extra.py
