[2026-03-23T19:04:18.885+0000] {processor.py:186} INFO - Started process (PID=58) to work on /home/airflow/.local/lib/python3.12/site-packages/airflow/example_dags/example_xcomargs.py
[2026-03-23T19:04:18.887+0000] {processor.py:914} INFO - Processing file /home/airflow/.local/lib/python3.12/site-packages/airflow/example_dags/example_xcomargs.py for tasks to queue
[2026-03-23T19:04:18.893+0000] {logging_mixin.py:190} INFO - [2026-03-23T19:04:18.892+0000] {dagbag.py:588} INFO - Filling up the DagBag from /home/airflow/.local/lib/python3.12/site-packages/airflow/example_dags/example_xcomargs.py
[2026-03-23T19:04:18.918+0000] {processor.py:925} INFO - DAG(s) 'example_xcom_args_with_operators', 'example_xcom_args' retrieved from /home/airflow/.local/lib/python3.12/site-packages/airflow/example_dags/example_xcomargs.py
[2026-03-23T19:04:19.109+0000] {logging_mixin.py:190} INFO - [2026-03-23T19:04:19.105+0000] {override.py:1911} INFO - Created Permission View: can edit on DAG:example_xcom_args_with_operators
[2026-03-23T19:04:19.118+0000] {logging_mixin.py:190} INFO - [2026-03-23T19:04:19.117+0000] {override.py:1911} INFO - Created Permission View: can read on DAG:example_xcom_args_with_operators
[2026-03-23T19:04:19.124+0000] {logging_mixin.py:190} INFO - [2026-03-23T19:04:19.124+0000] {override.py:1911} INFO - Created Permission View: can delete on DAG:example_xcom_args_with_operators
[2026-03-23T19:04:19.127+0000] {logging_mixin.py:190} INFO - [2026-03-23T19:04:19.126+0000] {override.py:1911} INFO - Created Permission View: menu access on DAG Run:example_xcom_args_with_operators
[2026-03-23T19:04:19.129+0000] {logging_mixin.py:190} INFO - [2026-03-23T19:04:19.129+0000] {override.py:1911} INFO - Created Permission View: can read on DAG Run:example_xcom_args_with_operators
[2026-03-23T19:04:19.132+0000] {logging_mixin.py:190} INFO - [2026-03-23T19:04:19.132+0000] {override.py:1911} INFO - Created Permission View: can create on DAG Run:example_xcom_args_with_operators
[2026-03-23T19:04:19.136+0000] {logging_mixin.py:190} INFO - [2026-03-23T19:04:19.136+0000] {override.py:1911} INFO - Created Permission View: can delete on DAG Run:example_xcom_args_with_operators
[2026-03-23T19:04:19.155+0000] {logging_mixin.py:190} INFO - [2026-03-23T19:04:19.154+0000] {override.py:1911} INFO - Created Permission View: can edit on DAG:example_xcom_args
[2026-03-23T19:04:19.167+0000] {logging_mixin.py:190} INFO - [2026-03-23T19:04:19.167+0000] {override.py:1911} INFO - Created Permission View: can read on DAG:example_xcom_args
[2026-03-23T19:04:19.178+0000] {logging_mixin.py:190} INFO - [2026-03-23T19:04:19.178+0000] {override.py:1911} INFO - Created Permission View: can delete on DAG:example_xcom_args
[2026-03-23T19:04:19.191+0000] {logging_mixin.py:190} INFO - [2026-03-23T19:04:19.190+0000] {override.py:1911} INFO - Created Permission View: menu access on DAG Run:example_xcom_args
[2026-03-23T19:04:19.196+0000] {logging_mixin.py:190} INFO - [2026-03-23T19:04:19.196+0000] {override.py:1911} INFO - Created Permission View: can read on DAG Run:example_xcom_args
[2026-03-23T19:04:19.212+0000] {logging_mixin.py:190} INFO - [2026-03-23T19:04:19.211+0000] {override.py:1911} INFO - Created Permission View: can create on DAG Run:example_xcom_args
[2026-03-23T19:04:19.217+0000] {logging_mixin.py:190} INFO - [2026-03-23T19:04:19.216+0000] {override.py:1911} INFO - Created Permission View: can delete on DAG Run:example_xcom_args
[2026-03-23T19:04:19.217+0000] {logging_mixin.py:190} INFO - [2026-03-23T19:04:19.217+0000] {dag.py:3239} INFO - Sync 2 DAGs
[2026-03-23T19:04:19.250+0000] {logging_mixin.py:190} INFO - [2026-03-23T19:04:19.247+0000] {dag.py:3262} INFO - Creating ORM DAG for example_xcom_args
[2026-03-23T19:04:19.255+0000] {logging_mixin.py:190} INFO - [2026-03-23T19:04:19.254+0000] {dag.py:3262} INFO - Creating ORM DAG for example_xcom_args_with_operators
[2026-03-23T19:04:19.255+0000] {logging_mixin.py:190} INFO - [2026-03-23T19:04:19.255+0000] {dag.py:4180} INFO - Setting next_dagrun for example_xcom_args to None, run_after=None
[2026-03-23T19:04:19.256+0000] {logging_mixin.py:190} INFO - [2026-03-23T19:04:19.256+0000] {dag.py:4180} INFO - Setting next_dagrun for example_xcom_args_with_operators to None, run_after=None
[2026-03-23T19:04:19.292+0000] {processor.py:208} INFO - Processing /home/airflow/.local/lib/python3.12/site-packages/airflow/example_dags/example_xcomargs.py took 0.417 seconds
[2026-03-23T19:04:51.890+0000] {processor.py:186} INFO - Started process (PID=127) to work on /home/airflow/.local/lib/python3.12/site-packages/airflow/example_dags/example_xcomargs.py
[2026-03-23T19:04:51.892+0000] {processor.py:914} INFO - Processing file /home/airflow/.local/lib/python3.12/site-packages/airflow/example_dags/example_xcomargs.py for tasks to queue
[2026-03-23T19:04:51.894+0000] {logging_mixin.py:190} INFO - [2026-03-23T19:04:51.894+0000] {dagbag.py:588} INFO - Filling up the DagBag from /home/airflow/.local/lib/python3.12/site-packages/airflow/example_dags/example_xcomargs.py
[2026-03-23T19:04:51.908+0000] {processor.py:925} INFO - DAG(s) 'example_xcom_args_with_operators', 'example_xcom_args' retrieved from /home/airflow/.local/lib/python3.12/site-packages/airflow/example_dags/example_xcomargs.py
[2026-03-23T19:04:51.931+0000] {logging_mixin.py:190} INFO - [2026-03-23T19:04:51.931+0000] {dag.py:3239} INFO - Sync 2 DAGs
[2026-03-23T19:04:51.945+0000] {logging_mixin.py:190} INFO - [2026-03-23T19:04:51.945+0000] {dag.py:4180} INFO - Setting next_dagrun for example_xcom_args to None, run_after=None
[2026-03-23T19:04:51.948+0000] {logging_mixin.py:190} INFO - [2026-03-23T19:04:51.948+0000] {dag.py:4180} INFO - Setting next_dagrun for example_xcom_args_with_operators to None, run_after=None
[2026-03-23T19:04:51.956+0000] {processor.py:208} INFO - Processing /home/airflow/.local/lib/python3.12/site-packages/airflow/example_dags/example_xcomargs.py took 0.074 seconds
[2026-03-23T19:05:22.909+0000] {processor.py:186} INFO - Started process (PID=187) to work on /home/airflow/.local/lib/python3.12/site-packages/airflow/example_dags/example_xcomargs.py
[2026-03-23T19:05:22.916+0000] {processor.py:914} INFO - Processing file /home/airflow/.local/lib/python3.12/site-packages/airflow/example_dags/example_xcomargs.py for tasks to queue
[2026-03-23T19:05:22.929+0000] {logging_mixin.py:190} INFO - [2026-03-23T19:05:22.929+0000] {dagbag.py:588} INFO - Filling up the DagBag from /home/airflow/.local/lib/python3.12/site-packages/airflow/example_dags/example_xcomargs.py
[2026-03-23T19:05:22.942+0000] {processor.py:925} INFO - DAG(s) 'example_xcom_args', 'example_xcom_args_with_operators' retrieved from /home/airflow/.local/lib/python3.12/site-packages/airflow/example_dags/example_xcomargs.py
[2026-03-23T19:05:22.971+0000] {logging_mixin.py:190} INFO - [2026-03-23T19:05:22.971+0000] {dag.py:3239} INFO - Sync 2 DAGs
[2026-03-23T19:05:22.986+0000] {logging_mixin.py:190} INFO - [2026-03-23T19:05:22.986+0000] {dag.py:4180} INFO - Setting next_dagrun for example_xcom_args to None, run_after=None
[2026-03-23T19:05:22.991+0000] {logging_mixin.py:190} INFO - [2026-03-23T19:05:22.991+0000] {dag.py:4180} INFO - Setting next_dagrun for example_xcom_args_with_operators to None, run_after=None
[2026-03-23T19:05:23.009+0000] {processor.py:208} INFO - Processing /home/airflow/.local/lib/python3.12/site-packages/airflow/example_dags/example_xcomargs.py took 0.109 seconds
[2026-03-23T19:05:53.112+0000] {processor.py:186} INFO - Started process (PID=251) to work on /home/airflow/.local/lib/python3.12/site-packages/airflow/example_dags/example_xcomargs.py
[2026-03-23T19:05:53.114+0000] {processor.py:914} INFO - Processing file /home/airflow/.local/lib/python3.12/site-packages/airflow/example_dags/example_xcomargs.py for tasks to queue
[2026-03-23T19:05:53.118+0000] {logging_mixin.py:190} INFO - [2026-03-23T19:05:53.118+0000] {dagbag.py:588} INFO - Filling up the DagBag from /home/airflow/.local/lib/python3.12/site-packages/airflow/example_dags/example_xcomargs.py
[2026-03-23T19:05:53.130+0000] {processor.py:925} INFO - DAG(s) 'example_xcom_args', 'example_xcom_args_with_operators' retrieved from /home/airflow/.local/lib/python3.12/site-packages/airflow/example_dags/example_xcomargs.py
[2026-03-23T19:05:53.153+0000] {logging_mixin.py:190} INFO - [2026-03-23T19:05:53.153+0000] {dag.py:3239} INFO - Sync 2 DAGs
[2026-03-23T19:05:53.165+0000] {logging_mixin.py:190} INFO - [2026-03-23T19:05:53.165+0000] {dag.py:4180} INFO - Setting next_dagrun for example_xcom_args to None, run_after=None
[2026-03-23T19:05:53.167+0000] {logging_mixin.py:190} INFO - [2026-03-23T19:05:53.167+0000] {dag.py:4180} INFO - Setting next_dagrun for example_xcom_args_with_operators to None, run_after=None
[2026-03-23T19:05:53.176+0000] {processor.py:208} INFO - Processing /home/airflow/.local/lib/python3.12/site-packages/airflow/example_dags/example_xcomargs.py took 0.072 seconds
[2026-03-23T19:06:23.551+0000] {processor.py:186} INFO - Started process (PID=314) to work on /home/airflow/.local/lib/python3.12/site-packages/airflow/example_dags/example_xcomargs.py
[2026-03-23T19:06:23.553+0000] {processor.py:914} INFO - Processing file /home/airflow/.local/lib/python3.12/site-packages/airflow/example_dags/example_xcomargs.py for tasks to queue
[2026-03-23T19:06:23.554+0000] {logging_mixin.py:190} INFO - [2026-03-23T19:06:23.554+0000] {dagbag.py:588} INFO - Filling up the DagBag from /home/airflow/.local/lib/python3.12/site-packages/airflow/example_dags/example_xcomargs.py
[2026-03-23T19:06:23.562+0000] {processor.py:925} INFO - DAG(s) 'example_xcom_args', 'example_xcom_args_with_operators' retrieved from /home/airflow/.local/lib/python3.12/site-packages/airflow/example_dags/example_xcomargs.py
[2026-03-23T19:06:23.575+0000] {logging_mixin.py:190} INFO - [2026-03-23T19:06:23.574+0000] {dag.py:3239} INFO - Sync 2 DAGs
[2026-03-23T19:06:23.588+0000] {logging_mixin.py:190} INFO - [2026-03-23T19:06:23.587+0000] {dag.py:4180} INFO - Setting next_dagrun for example_xcom_args to None, run_after=None
[2026-03-23T19:06:23.591+0000] {logging_mixin.py:190} INFO - [2026-03-23T19:06:23.591+0000] {dag.py:4180} INFO - Setting next_dagrun for example_xcom_args_with_operators to None, run_after=None
[2026-03-23T19:06:23.605+0000] {processor.py:208} INFO - Processing /home/airflow/.local/lib/python3.12/site-packages/airflow/example_dags/example_xcomargs.py took 0.058 seconds
[2026-03-23T19:06:54.018+0000] {processor.py:186} INFO - Started process (PID=376) to work on /home/airflow/.local/lib/python3.12/site-packages/airflow/example_dags/example_xcomargs.py
[2026-03-23T19:06:54.019+0000] {processor.py:914} INFO - Processing file /home/airflow/.local/lib/python3.12/site-packages/airflow/example_dags/example_xcomargs.py for tasks to queue
[2026-03-23T19:06:54.021+0000] {logging_mixin.py:190} INFO - [2026-03-23T19:06:54.021+0000] {dagbag.py:588} INFO - Filling up the DagBag from /home/airflow/.local/lib/python3.12/site-packages/airflow/example_dags/example_xcomargs.py
[2026-03-23T19:06:54.032+0000] {processor.py:925} INFO - DAG(s) 'example_xcom_args', 'example_xcom_args_with_operators' retrieved from /home/airflow/.local/lib/python3.12/site-packages/airflow/example_dags/example_xcomargs.py
[2026-03-23T19:06:54.044+0000] {logging_mixin.py:190} INFO - [2026-03-23T19:06:54.044+0000] {dag.py:3239} INFO - Sync 2 DAGs
[2026-03-23T19:06:54.051+0000] {logging_mixin.py:190} INFO - [2026-03-23T19:06:54.051+0000] {dag.py:4180} INFO - Setting next_dagrun for example_xcom_args to None, run_after=None
[2026-03-23T19:06:54.053+0000] {logging_mixin.py:190} INFO - [2026-03-23T19:06:54.053+0000] {dag.py:4180} INFO - Setting next_dagrun for example_xcom_args_with_operators to None, run_after=None
[2026-03-23T19:06:54.063+0000] {processor.py:208} INFO - Processing /home/airflow/.local/lib/python3.12/site-packages/airflow/example_dags/example_xcomargs.py took 0.050 seconds
[2026-03-23T19:07:35.262+0000] {processor.py:186} INFO - Started process (PID=438) to work on /home/airflow/.local/lib/python3.12/site-packages/airflow/example_dags/example_xcomargs.py
[2026-03-23T19:07:35.264+0000] {processor.py:914} INFO - Processing file /home/airflow/.local/lib/python3.12/site-packages/airflow/example_dags/example_xcomargs.py for tasks to queue
[2026-03-23T19:07:35.266+0000] {logging_mixin.py:190} INFO - [2026-03-23T19:07:35.266+0000] {dagbag.py:588} INFO - Filling up the DagBag from /home/airflow/.local/lib/python3.12/site-packages/airflow/example_dags/example_xcomargs.py
[2026-03-23T19:07:35.278+0000] {processor.py:925} INFO - DAG(s) 'example_xcom_args_with_operators', 'example_xcom_args' retrieved from /home/airflow/.local/lib/python3.12/site-packages/airflow/example_dags/example_xcomargs.py
[2026-03-23T19:07:35.302+0000] {logging_mixin.py:190} INFO - [2026-03-23T19:07:35.302+0000] {dag.py:3239} INFO - Sync 2 DAGs
[2026-03-23T19:07:35.311+0000] {logging_mixin.py:190} INFO - [2026-03-23T19:07:35.311+0000] {dag.py:4180} INFO - Setting next_dagrun for example_xcom_args to None, run_after=None
[2026-03-23T19:07:35.315+0000] {logging_mixin.py:190} INFO - [2026-03-23T19:07:35.315+0000] {dag.py:4180} INFO - Setting next_dagrun for example_xcom_args_with_operators to None, run_after=None
[2026-03-23T19:07:35.336+0000] {processor.py:208} INFO - Processing /home/airflow/.local/lib/python3.12/site-packages/airflow/example_dags/example_xcomargs.py took 0.077 seconds
[2026-03-23T19:08:08.391+0000] {processor.py:186} INFO - Started process (PID=492) to work on /home/airflow/.local/lib/python3.12/site-packages/airflow/example_dags/example_xcomargs.py
[2026-03-23T19:08:08.419+0000] {processor.py:914} INFO - Processing file /home/airflow/.local/lib/python3.12/site-packages/airflow/example_dags/example_xcomargs.py for tasks to queue
[2026-03-23T19:08:08.422+0000] {logging_mixin.py:190} INFO - [2026-03-23T19:08:08.421+0000] {dagbag.py:588} INFO - Filling up the DagBag from /home/airflow/.local/lib/python3.12/site-packages/airflow/example_dags/example_xcomargs.py
[2026-03-23T19:08:08.438+0000] {processor.py:925} INFO - DAG(s) 'example_xcom_args', 'example_xcom_args_with_operators' retrieved from /home/airflow/.local/lib/python3.12/site-packages/airflow/example_dags/example_xcomargs.py
[2026-03-23T19:08:08.478+0000] {logging_mixin.py:190} INFO - [2026-03-23T19:08:08.478+0000] {dag.py:3239} INFO - Sync 2 DAGs
[2026-03-23T19:08:08.556+0000] {logging_mixin.py:190} INFO - [2026-03-23T19:08:08.556+0000] {dag.py:4180} INFO - Setting next_dagrun for example_xcom_args to None, run_after=None
[2026-03-23T19:08:08.561+0000] {logging_mixin.py:190} INFO - [2026-03-23T19:08:08.561+0000] {dag.py:4180} INFO - Setting next_dagrun for example_xcom_args_with_operators to None, run_after=None
[2026-03-23T19:08:08.606+0000] {processor.py:208} INFO - Processing /home/airflow/.local/lib/python3.12/site-packages/airflow/example_dags/example_xcomargs.py took 0.246 seconds
[2026-03-23T19:08:41.969+0000] {processor.py:186} INFO - Started process (PID=551) to work on /home/airflow/.local/lib/python3.12/site-packages/airflow/example_dags/example_xcomargs.py
[2026-03-23T19:08:41.983+0000] {processor.py:914} INFO - Processing file /home/airflow/.local/lib/python3.12/site-packages/airflow/example_dags/example_xcomargs.py for tasks to queue
[2026-03-23T19:08:42.002+0000] {logging_mixin.py:190} INFO - [2026-03-23T19:08:42.002+0000] {dagbag.py:588} INFO - Filling up the DagBag from /home/airflow/.local/lib/python3.12/site-packages/airflow/example_dags/example_xcomargs.py
[2026-03-23T19:08:42.194+0000] {processor.py:925} INFO - DAG(s) 'example_xcom_args_with_operators', 'example_xcom_args' retrieved from /home/airflow/.local/lib/python3.12/site-packages/airflow/example_dags/example_xcomargs.py
[2026-03-23T19:08:42.476+0000] {logging_mixin.py:190} INFO - [2026-03-23T19:08:42.468+0000] {dag.py:3239} INFO - Sync 2 DAGs
[2026-03-23T19:08:42.695+0000] {logging_mixin.py:190} INFO - [2026-03-23T19:08:42.695+0000] {dag.py:4180} INFO - Setting next_dagrun for example_xcom_args to None, run_after=None
[2026-03-23T19:08:42.719+0000] {logging_mixin.py:190} INFO - [2026-03-23T19:08:42.718+0000] {dag.py:4180} INFO - Setting next_dagrun for example_xcom_args_with_operators to None, run_after=None
[2026-03-23T19:08:43.000+0000] {processor.py:208} INFO - Processing /home/airflow/.local/lib/python3.12/site-packages/airflow/example_dags/example_xcomargs.py took 1.076 seconds
[2026-03-23T19:09:15.113+0000] {processor.py:186} INFO - Started process (PID=615) to work on /home/airflow/.local/lib/python3.12/site-packages/airflow/example_dags/example_xcomargs.py
[2026-03-23T19:09:15.116+0000] {processor.py:914} INFO - Processing file /home/airflow/.local/lib/python3.12/site-packages/airflow/example_dags/example_xcomargs.py for tasks to queue
[2026-03-23T19:09:15.118+0000] {logging_mixin.py:190} INFO - [2026-03-23T19:09:15.118+0000] {dagbag.py:588} INFO - Filling up the DagBag from /home/airflow/.local/lib/python3.12/site-packages/airflow/example_dags/example_xcomargs.py
[2026-03-23T19:09:15.130+0000] {processor.py:925} INFO - DAG(s) 'example_xcom_args_with_operators', 'example_xcom_args' retrieved from /home/airflow/.local/lib/python3.12/site-packages/airflow/example_dags/example_xcomargs.py
[2026-03-23T19:09:15.160+0000] {logging_mixin.py:190} INFO - [2026-03-23T19:09:15.159+0000] {dag.py:3239} INFO - Sync 2 DAGs
[2026-03-23T19:09:15.178+0000] {logging_mixin.py:190} INFO - [2026-03-23T19:09:15.178+0000] {dag.py:4180} INFO - Setting next_dagrun for example_xcom_args to None, run_after=None
[2026-03-23T19:09:15.184+0000] {logging_mixin.py:190} INFO - [2026-03-23T19:09:15.184+0000] {dag.py:4180} INFO - Setting next_dagrun for example_xcom_args_with_operators to None, run_after=None
[2026-03-23T19:09:15.198+0000] {processor.py:208} INFO - Processing /home/airflow/.local/lib/python3.12/site-packages/airflow/example_dags/example_xcomargs.py took 0.096 seconds
[2026-03-23T19:09:45.277+0000] {processor.py:186} INFO - Started process (PID=679) to work on /home/airflow/.local/lib/python3.12/site-packages/airflow/example_dags/example_xcomargs.py
[2026-03-23T19:09:45.278+0000] {processor.py:914} INFO - Processing file /home/airflow/.local/lib/python3.12/site-packages/airflow/example_dags/example_xcomargs.py for tasks to queue
[2026-03-23T19:09:45.280+0000] {logging_mixin.py:190} INFO - [2026-03-23T19:09:45.280+0000] {dagbag.py:588} INFO - Filling up the DagBag from /home/airflow/.local/lib/python3.12/site-packages/airflow/example_dags/example_xcomargs.py
[2026-03-23T19:09:45.288+0000] {processor.py:925} INFO - DAG(s) 'example_xcom_args_with_operators', 'example_xcom_args' retrieved from /home/airflow/.local/lib/python3.12/site-packages/airflow/example_dags/example_xcomargs.py
[2026-03-23T19:09:45.320+0000] {logging_mixin.py:190} INFO - [2026-03-23T19:09:45.320+0000] {dag.py:3239} INFO - Sync 2 DAGs
[2026-03-23T19:09:45.335+0000] {logging_mixin.py:190} INFO - [2026-03-23T19:09:45.334+0000] {dag.py:4180} INFO - Setting next_dagrun for example_xcom_args to None, run_after=None
[2026-03-23T19:09:45.341+0000] {logging_mixin.py:190} INFO - [2026-03-23T19:09:45.341+0000] {dag.py:4180} INFO - Setting next_dagrun for example_xcom_args_with_operators to None, run_after=None
[2026-03-23T19:09:45.359+0000] {processor.py:208} INFO - Processing /home/airflow/.local/lib/python3.12/site-packages/airflow/example_dags/example_xcomargs.py took 0.089 seconds
[2026-03-23T19:10:16.609+0000] {processor.py:186} INFO - Started process (PID=736) to work on /home/airflow/.local/lib/python3.12/site-packages/airflow/example_dags/example_xcomargs.py
[2026-03-23T19:10:16.612+0000] {processor.py:914} INFO - Processing file /home/airflow/.local/lib/python3.12/site-packages/airflow/example_dags/example_xcomargs.py for tasks to queue
[2026-03-23T19:10:16.620+0000] {logging_mixin.py:190} INFO - [2026-03-23T19:10:16.619+0000] {dagbag.py:588} INFO - Filling up the DagBag from /home/airflow/.local/lib/python3.12/site-packages/airflow/example_dags/example_xcomargs.py
[2026-03-23T19:10:16.654+0000] {processor.py:925} INFO - DAG(s) 'example_xcom_args', 'example_xcom_args_with_operators' retrieved from /home/airflow/.local/lib/python3.12/site-packages/airflow/example_dags/example_xcomargs.py
[2026-03-23T19:10:16.719+0000] {logging_mixin.py:190} INFO - [2026-03-23T19:10:16.719+0000] {dag.py:3239} INFO - Sync 2 DAGs
[2026-03-23T19:10:16.766+0000] {logging_mixin.py:190} INFO - [2026-03-23T19:10:16.765+0000] {dag.py:4180} INFO - Setting next_dagrun for example_xcom_args to None, run_after=None
[2026-03-23T19:10:16.771+0000] {logging_mixin.py:190} INFO - [2026-03-23T19:10:16.771+0000] {dag.py:4180} INFO - Setting next_dagrun for example_xcom_args_with_operators to None, run_after=None
[2026-03-23T19:10:16.796+0000] {processor.py:208} INFO - Processing /home/airflow/.local/lib/python3.12/site-packages/airflow/example_dags/example_xcomargs.py took 0.221 seconds
