[2026-03-23T19:04:49.743+0000] {processor.py:186} INFO - Started process (PID=109) to work on /home/airflow/.local/lib/python3.12/site-packages/airflow/example_dags/example_dynamic_task_mapping.py
[2026-03-23T19:04:49.744+0000] {processor.py:914} INFO - Processing file /home/airflow/.local/lib/python3.12/site-packages/airflow/example_dags/example_dynamic_task_mapping.py for tasks to queue
[2026-03-23T19:04:49.748+0000] {logging_mixin.py:190} INFO - [2026-03-23T19:04:49.747+0000] {dagbag.py:588} INFO - Filling up the DagBag from /home/airflow/.local/lib/python3.12/site-packages/airflow/example_dags/example_dynamic_task_mapping.py
[2026-03-23T19:04:49.778+0000] {processor.py:925} INFO - DAG(s) 'example_dynamic_task_mapping' retrieved from /home/airflow/.local/lib/python3.12/site-packages/airflow/example_dags/example_dynamic_task_mapping.py
[2026-03-23T19:04:50.011+0000] {logging_mixin.py:190} INFO - [2026-03-23T19:04:50.009+0000] {override.py:1911} INFO - Created Permission View: can edit on DAG:example_dynamic_task_mapping
[2026-03-23T19:04:50.032+0000] {logging_mixin.py:190} INFO - [2026-03-23T19:04:50.032+0000] {override.py:1911} INFO - Created Permission View: can read on DAG:example_dynamic_task_mapping
[2026-03-23T19:04:50.043+0000] {logging_mixin.py:190} INFO - [2026-03-23T19:04:50.043+0000] {override.py:1911} INFO - Created Permission View: can delete on DAG:example_dynamic_task_mapping
[2026-03-23T19:04:50.072+0000] {logging_mixin.py:190} INFO - [2026-03-23T19:04:50.071+0000] {override.py:1911} INFO - Created Permission View: menu access on DAG Run:example_dynamic_task_mapping
[2026-03-23T19:04:50.103+0000] {logging_mixin.py:190} INFO - [2026-03-23T19:04:50.101+0000] {override.py:1911} INFO - Created Permission View: can read on DAG Run:example_dynamic_task_mapping
[2026-03-23T19:04:50.136+0000] {logging_mixin.py:190} INFO - [2026-03-23T19:04:50.134+0000] {override.py:1911} INFO - Created Permission View: can create on DAG Run:example_dynamic_task_mapping
[2026-03-23T19:04:50.163+0000] {logging_mixin.py:190} INFO - [2026-03-23T19:04:50.162+0000] {override.py:1911} INFO - Created Permission View: can delete on DAG Run:example_dynamic_task_mapping
[2026-03-23T19:04:50.168+0000] {logging_mixin.py:190} INFO - [2026-03-23T19:04:50.167+0000] {dag.py:3239} INFO - Sync 1 DAGs
[2026-03-23T19:04:50.259+0000] {logging_mixin.py:190} INFO - [2026-03-23T19:04:50.258+0000] {dag.py:3262} INFO - Creating ORM DAG for example_dynamic_task_mapping
[2026-03-23T19:04:50.261+0000] {logging_mixin.py:190} INFO - [2026-03-23T19:04:50.261+0000] {dag.py:4180} INFO - Setting next_dagrun for example_dynamic_task_mapping to None, run_after=None
[2026-03-23T19:04:50.314+0000] {processor.py:208} INFO - Processing /home/airflow/.local/lib/python3.12/site-packages/airflow/example_dags/example_dynamic_task_mapping.py took 0.593 seconds
[2026-03-23T19:05:20.971+0000] {processor.py:186} INFO - Started process (PID=178) to work on /home/airflow/.local/lib/python3.12/site-packages/airflow/example_dags/example_dynamic_task_mapping.py
[2026-03-23T19:05:20.975+0000] {processor.py:914} INFO - Processing file /home/airflow/.local/lib/python3.12/site-packages/airflow/example_dags/example_dynamic_task_mapping.py for tasks to queue
[2026-03-23T19:05:20.987+0000] {logging_mixin.py:190} INFO - [2026-03-23T19:05:20.986+0000] {dagbag.py:588} INFO - Filling up the DagBag from /home/airflow/.local/lib/python3.12/site-packages/airflow/example_dags/example_dynamic_task_mapping.py
[2026-03-23T19:05:21.020+0000] {processor.py:925} INFO - DAG(s) 'example_dynamic_task_mapping' retrieved from /home/airflow/.local/lib/python3.12/site-packages/airflow/example_dags/example_dynamic_task_mapping.py
[2026-03-23T19:05:21.080+0000] {logging_mixin.py:190} INFO - [2026-03-23T19:05:21.080+0000] {dag.py:3239} INFO - Sync 1 DAGs
[2026-03-23T19:05:21.104+0000] {logging_mixin.py:190} INFO - [2026-03-23T19:05:21.104+0000] {dag.py:4180} INFO - Setting next_dagrun for example_dynamic_task_mapping to None, run_after=None
[2026-03-23T19:05:21.130+0000] {processor.py:208} INFO - Processing /home/airflow/.local/lib/python3.12/site-packages/airflow/example_dags/example_dynamic_task_mapping.py took 0.179 seconds
[2026-03-23T19:05:51.694+0000] {processor.py:186} INFO - Started process (PID=242) to work on /home/airflow/.local/lib/python3.12/site-packages/airflow/example_dags/example_dynamic_task_mapping.py
[2026-03-23T19:05:51.698+0000] {processor.py:914} INFO - Processing file /home/airflow/.local/lib/python3.12/site-packages/airflow/example_dags/example_dynamic_task_mapping.py for tasks to queue
[2026-03-23T19:05:51.705+0000] {logging_mixin.py:190} INFO - [2026-03-23T19:05:51.705+0000] {dagbag.py:588} INFO - Filling up the DagBag from /home/airflow/.local/lib/python3.12/site-packages/airflow/example_dags/example_dynamic_task_mapping.py
[2026-03-23T19:05:51.720+0000] {processor.py:925} INFO - DAG(s) 'example_dynamic_task_mapping' retrieved from /home/airflow/.local/lib/python3.12/site-packages/airflow/example_dags/example_dynamic_task_mapping.py
[2026-03-23T19:05:51.750+0000] {logging_mixin.py:190} INFO - [2026-03-23T19:05:51.750+0000] {dag.py:3239} INFO - Sync 1 DAGs
[2026-03-23T19:05:51.768+0000] {logging_mixin.py:190} INFO - [2026-03-23T19:05:51.768+0000] {dag.py:4180} INFO - Setting next_dagrun for example_dynamic_task_mapping to None, run_after=None
[2026-03-23T19:05:51.783+0000] {processor.py:208} INFO - Processing /home/airflow/.local/lib/python3.12/site-packages/airflow/example_dags/example_dynamic_task_mapping.py took 0.097 seconds
[2026-03-23T19:06:21.895+0000] {processor.py:186} INFO - Started process (PID=306) to work on /home/airflow/.local/lib/python3.12/site-packages/airflow/example_dags/example_dynamic_task_mapping.py
[2026-03-23T19:06:21.896+0000] {processor.py:914} INFO - Processing file /home/airflow/.local/lib/python3.12/site-packages/airflow/example_dags/example_dynamic_task_mapping.py for tasks to queue
[2026-03-23T19:06:21.899+0000] {logging_mixin.py:190} INFO - [2026-03-23T19:06:21.898+0000] {dagbag.py:588} INFO - Filling up the DagBag from /home/airflow/.local/lib/python3.12/site-packages/airflow/example_dags/example_dynamic_task_mapping.py
[2026-03-23T19:06:21.910+0000] {processor.py:925} INFO - DAG(s) 'example_dynamic_task_mapping' retrieved from /home/airflow/.local/lib/python3.12/site-packages/airflow/example_dags/example_dynamic_task_mapping.py
[2026-03-23T19:06:21.932+0000] {logging_mixin.py:190} INFO - [2026-03-23T19:06:21.932+0000] {dag.py:3239} INFO - Sync 1 DAGs
[2026-03-23T19:06:21.940+0000] {logging_mixin.py:190} INFO - [2026-03-23T19:06:21.940+0000] {dag.py:4180} INFO - Setting next_dagrun for example_dynamic_task_mapping to None, run_after=None
[2026-03-23T19:06:21.962+0000] {processor.py:208} INFO - Processing /home/airflow/.local/lib/python3.12/site-packages/airflow/example_dags/example_dynamic_task_mapping.py took 0.070 seconds
[2026-03-23T19:06:52.359+0000] {processor.py:186} INFO - Started process (PID=370) to work on /home/airflow/.local/lib/python3.12/site-packages/airflow/example_dags/example_dynamic_task_mapping.py
[2026-03-23T19:06:52.361+0000] {processor.py:914} INFO - Processing file /home/airflow/.local/lib/python3.12/site-packages/airflow/example_dags/example_dynamic_task_mapping.py for tasks to queue
[2026-03-23T19:06:52.363+0000] {logging_mixin.py:190} INFO - [2026-03-23T19:06:52.363+0000] {dagbag.py:588} INFO - Filling up the DagBag from /home/airflow/.local/lib/python3.12/site-packages/airflow/example_dags/example_dynamic_task_mapping.py
[2026-03-23T19:06:52.369+0000] {processor.py:925} INFO - DAG(s) 'example_dynamic_task_mapping' retrieved from /home/airflow/.local/lib/python3.12/site-packages/airflow/example_dags/example_dynamic_task_mapping.py
[2026-03-23T19:06:52.391+0000] {logging_mixin.py:190} INFO - [2026-03-23T19:06:52.391+0000] {dag.py:3239} INFO - Sync 1 DAGs
[2026-03-23T19:06:52.403+0000] {logging_mixin.py:190} INFO - [2026-03-23T19:06:52.403+0000] {dag.py:4180} INFO - Setting next_dagrun for example_dynamic_task_mapping to None, run_after=None
[2026-03-23T19:06:52.428+0000] {processor.py:208} INFO - Processing /home/airflow/.local/lib/python3.12/site-packages/airflow/example_dags/example_dynamic_task_mapping.py took 0.074 seconds
[2026-03-23T19:07:35.061+0000] {processor.py:186} INFO - Started process (PID=434) to work on /home/airflow/.local/lib/python3.12/site-packages/airflow/example_dags/example_dynamic_task_mapping.py
[2026-03-23T19:07:35.063+0000] {processor.py:914} INFO - Processing file /home/airflow/.local/lib/python3.12/site-packages/airflow/example_dags/example_dynamic_task_mapping.py for tasks to queue
[2026-03-23T19:07:35.065+0000] {logging_mixin.py:190} INFO - [2026-03-23T19:07:35.065+0000] {dagbag.py:588} INFO - Filling up the DagBag from /home/airflow/.local/lib/python3.12/site-packages/airflow/example_dags/example_dynamic_task_mapping.py
[2026-03-23T19:07:35.073+0000] {processor.py:925} INFO - DAG(s) 'example_dynamic_task_mapping' retrieved from /home/airflow/.local/lib/python3.12/site-packages/airflow/example_dags/example_dynamic_task_mapping.py
[2026-03-23T19:07:35.094+0000] {logging_mixin.py:190} INFO - [2026-03-23T19:07:35.091+0000] {dag.py:3239} INFO - Sync 1 DAGs
[2026-03-23T19:07:35.104+0000] {logging_mixin.py:190} INFO - [2026-03-23T19:07:35.103+0000] {dag.py:4180} INFO - Setting next_dagrun for example_dynamic_task_mapping to None, run_after=None
[2026-03-23T19:07:35.119+0000] {processor.py:208} INFO - Processing /home/airflow/.local/lib/python3.12/site-packages/airflow/example_dags/example_dynamic_task_mapping.py took 0.061 seconds
[2026-03-23T19:08:13.211+0000] {processor.py:186} INFO - Started process (PID=509) to work on /home/airflow/.local/lib/python3.12/site-packages/airflow/example_dags/example_dynamic_task_mapping.py
[2026-03-23T19:08:13.222+0000] {processor.py:914} INFO - Processing file /home/airflow/.local/lib/python3.12/site-packages/airflow/example_dags/example_dynamic_task_mapping.py for tasks to queue
[2026-03-23T19:08:13.237+0000] {logging_mixin.py:190} INFO - [2026-03-23T19:08:13.234+0000] {dagbag.py:588} INFO - Filling up the DagBag from /home/airflow/.local/lib/python3.12/site-packages/airflow/example_dags/example_dynamic_task_mapping.py
[2026-03-23T19:08:13.270+0000] {processor.py:925} INFO - DAG(s) 'example_dynamic_task_mapping' retrieved from /home/airflow/.local/lib/python3.12/site-packages/airflow/example_dags/example_dynamic_task_mapping.py
[2026-03-23T19:08:13.344+0000] {logging_mixin.py:190} INFO - [2026-03-23T19:08:13.343+0000] {dag.py:3239} INFO - Sync 1 DAGs
[2026-03-23T19:08:13.384+0000] {logging_mixin.py:190} INFO - [2026-03-23T19:08:13.383+0000] {dag.py:4180} INFO - Setting next_dagrun for example_dynamic_task_mapping to None, run_after=None
[2026-03-23T19:08:13.412+0000] {processor.py:208} INFO - Processing /home/airflow/.local/lib/python3.12/site-packages/airflow/example_dags/example_dynamic_task_mapping.py took 0.343 seconds
[2026-03-23T19:08:48.326+0000] {processor.py:186} INFO - Started process (PID=572) to work on /home/airflow/.local/lib/python3.12/site-packages/airflow/example_dags/example_dynamic_task_mapping.py
[2026-03-23T19:08:48.328+0000] {processor.py:914} INFO - Processing file /home/airflow/.local/lib/python3.12/site-packages/airflow/example_dags/example_dynamic_task_mapping.py for tasks to queue
[2026-03-23T19:08:48.338+0000] {logging_mixin.py:190} INFO - [2026-03-23T19:08:48.338+0000] {dagbag.py:588} INFO - Filling up the DagBag from /home/airflow/.local/lib/python3.12/site-packages/airflow/example_dags/example_dynamic_task_mapping.py
[2026-03-23T19:08:48.358+0000] {processor.py:925} INFO - DAG(s) 'example_dynamic_task_mapping' retrieved from /home/airflow/.local/lib/python3.12/site-packages/airflow/example_dags/example_dynamic_task_mapping.py
[2026-03-23T19:08:48.410+0000] {logging_mixin.py:190} INFO - [2026-03-23T19:08:48.410+0000] {dag.py:3239} INFO - Sync 1 DAGs
[2026-03-23T19:08:48.430+0000] {logging_mixin.py:190} INFO - [2026-03-23T19:08:48.430+0000] {dag.py:4180} INFO - Setting next_dagrun for example_dynamic_task_mapping to None, run_after=None
[2026-03-23T19:08:48.451+0000] {processor.py:208} INFO - Processing /home/airflow/.local/lib/python3.12/site-packages/airflow/example_dags/example_dynamic_task_mapping.py took 0.142 seconds
[2026-03-23T19:09:18.706+0000] {processor.py:186} INFO - Started process (PID=635) to work on /home/airflow/.local/lib/python3.12/site-packages/airflow/example_dags/example_dynamic_task_mapping.py
[2026-03-23T19:09:18.715+0000] {processor.py:914} INFO - Processing file /home/airflow/.local/lib/python3.12/site-packages/airflow/example_dags/example_dynamic_task_mapping.py for tasks to queue
[2026-03-23T19:09:18.717+0000] {logging_mixin.py:190} INFO - [2026-03-23T19:09:18.717+0000] {dagbag.py:588} INFO - Filling up the DagBag from /home/airflow/.local/lib/python3.12/site-packages/airflow/example_dags/example_dynamic_task_mapping.py
[2026-03-23T19:09:18.737+0000] {processor.py:925} INFO - DAG(s) 'example_dynamic_task_mapping' retrieved from /home/airflow/.local/lib/python3.12/site-packages/airflow/example_dags/example_dynamic_task_mapping.py
[2026-03-23T19:09:18.805+0000] {logging_mixin.py:190} INFO - [2026-03-23T19:09:18.805+0000] {dag.py:3239} INFO - Sync 1 DAGs
[2026-03-23T19:09:18.842+0000] {logging_mixin.py:190} INFO - [2026-03-23T19:09:18.842+0000] {dag.py:4180} INFO - Setting next_dagrun for example_dynamic_task_mapping to None, run_after=None
[2026-03-23T19:09:18.868+0000] {processor.py:208} INFO - Processing /home/airflow/.local/lib/python3.12/site-packages/airflow/example_dags/example_dynamic_task_mapping.py took 0.182 seconds
[2026-03-23T19:09:53.161+0000] {processor.py:186} INFO - Started process (PID=699) to work on /home/airflow/.local/lib/python3.12/site-packages/airflow/example_dags/example_dynamic_task_mapping.py
[2026-03-23T19:09:53.164+0000] {processor.py:914} INFO - Processing file /home/airflow/.local/lib/python3.12/site-packages/airflow/example_dags/example_dynamic_task_mapping.py for tasks to queue
[2026-03-23T19:09:53.168+0000] {logging_mixin.py:190} INFO - [2026-03-23T19:09:53.168+0000] {dagbag.py:588} INFO - Filling up the DagBag from /home/airflow/.local/lib/python3.12/site-packages/airflow/example_dags/example_dynamic_task_mapping.py
[2026-03-23T19:09:53.177+0000] {processor.py:925} INFO - DAG(s) 'example_dynamic_task_mapping' retrieved from /home/airflow/.local/lib/python3.12/site-packages/airflow/example_dags/example_dynamic_task_mapping.py
[2026-03-23T19:09:53.257+0000] {logging_mixin.py:190} INFO - [2026-03-23T19:09:53.257+0000] {dag.py:3239} INFO - Sync 1 DAGs
[2026-03-23T19:09:53.342+0000] {logging_mixin.py:190} INFO - [2026-03-23T19:09:53.340+0000] {dag.py:4180} INFO - Setting next_dagrun for example_dynamic_task_mapping to None, run_after=None
[2026-03-23T19:09:53.507+0000] {processor.py:208} INFO - Processing /home/airflow/.local/lib/python3.12/site-packages/airflow/example_dags/example_dynamic_task_mapping.py took 0.359 seconds
[2026-03-23T19:10:25.034+0000] {processor.py:186} INFO - Started process (PID=763) to work on /home/airflow/.local/lib/python3.12/site-packages/airflow/example_dags/example_dynamic_task_mapping.py
[2026-03-23T19:10:25.035+0000] {processor.py:914} INFO - Processing file /home/airflow/.local/lib/python3.12/site-packages/airflow/example_dags/example_dynamic_task_mapping.py for tasks to queue
[2026-03-23T19:10:25.061+0000] {logging_mixin.py:190} INFO - [2026-03-23T19:10:25.060+0000] {dagbag.py:588} INFO - Filling up the DagBag from /home/airflow/.local/lib/python3.12/site-packages/airflow/example_dags/example_dynamic_task_mapping.py
[2026-03-23T19:10:25.068+0000] {processor.py:925} INFO - DAG(s) 'example_dynamic_task_mapping' retrieved from /home/airflow/.local/lib/python3.12/site-packages/airflow/example_dags/example_dynamic_task_mapping.py
[2026-03-23T19:10:25.085+0000] {logging_mixin.py:190} INFO - [2026-03-23T19:10:25.084+0000] {dag.py:3239} INFO - Sync 1 DAGs
[2026-03-23T19:10:25.097+0000] {logging_mixin.py:190} INFO - [2026-03-23T19:10:25.097+0000] {dag.py:4180} INFO - Setting next_dagrun for example_dynamic_task_mapping to None, run_after=None
[2026-03-23T19:10:25.115+0000] {processor.py:208} INFO - Processing /home/airflow/.local/lib/python3.12/site-packages/airflow/example_dags/example_dynamic_task_mapping.py took 0.087 seconds
