[2026-03-23T19:04:47.979+0000] {processor.py:186} INFO - Started process (PID=104) to work on /home/airflow/.local/lib/python3.12/site-packages/airflow/example_dags/example_branch_labels.py
[2026-03-23T19:04:47.982+0000] {processor.py:914} INFO - Processing file /home/airflow/.local/lib/python3.12/site-packages/airflow/example_dags/example_branch_labels.py for tasks to queue
[2026-03-23T19:04:47.987+0000] {logging_mixin.py:190} INFO - [2026-03-23T19:04:47.986+0000] {dagbag.py:588} INFO - Filling up the DagBag from /home/airflow/.local/lib/python3.12/site-packages/airflow/example_dags/example_branch_labels.py
[2026-03-23T19:04:48.010+0000] {processor.py:925} INFO - DAG(s) 'example_branch_labels' retrieved from /home/airflow/.local/lib/python3.12/site-packages/airflow/example_dags/example_branch_labels.py
[2026-03-23T19:04:48.230+0000] {logging_mixin.py:190} INFO - [2026-03-23T19:04:48.229+0000] {override.py:1911} INFO - Created Permission View: can edit on DAG:example_branch_labels
[2026-03-23T19:04:48.242+0000] {logging_mixin.py:190} INFO - [2026-03-23T19:04:48.242+0000] {override.py:1911} INFO - Created Permission View: can read on DAG:example_branch_labels
[2026-03-23T19:04:48.253+0000] {logging_mixin.py:190} INFO - [2026-03-23T19:04:48.253+0000] {override.py:1911} INFO - Created Permission View: can delete on DAG:example_branch_labels
[2026-03-23T19:04:48.260+0000] {logging_mixin.py:190} INFO - [2026-03-23T19:04:48.260+0000] {override.py:1911} INFO - Created Permission View: menu access on DAG Run:example_branch_labels
[2026-03-23T19:04:48.267+0000] {logging_mixin.py:190} INFO - [2026-03-23T19:04:48.266+0000] {override.py:1911} INFO - Created Permission View: can read on DAG Run:example_branch_labels
[2026-03-23T19:04:48.271+0000] {logging_mixin.py:190} INFO - [2026-03-23T19:04:48.271+0000] {override.py:1911} INFO - Created Permission View: can create on DAG Run:example_branch_labels
[2026-03-23T19:04:48.277+0000] {logging_mixin.py:190} INFO - [2026-03-23T19:04:48.276+0000] {override.py:1911} INFO - Created Permission View: can delete on DAG Run:example_branch_labels
[2026-03-23T19:04:48.277+0000] {logging_mixin.py:190} INFO - [2026-03-23T19:04:48.277+0000] {dag.py:3239} INFO - Sync 1 DAGs
[2026-03-23T19:04:48.289+0000] {logging_mixin.py:190} INFO - [2026-03-23T19:04:48.289+0000] {dag.py:3262} INFO - Creating ORM DAG for example_branch_labels
[2026-03-23T19:04:48.301+0000] {logging_mixin.py:190} INFO - [2026-03-23T19:04:48.301+0000] {dag.py:4180} INFO - Setting next_dagrun for example_branch_labels to 2026-03-22 00:00:00+00:00, run_after=2026-03-23 00:00:00+00:00
[2026-03-23T19:04:48.316+0000] {processor.py:208} INFO - Processing /home/airflow/.local/lib/python3.12/site-packages/airflow/example_dags/example_branch_labels.py took 0.384 seconds
[2026-03-23T19:05:18.447+0000] {processor.py:186} INFO - Started process (PID=168) to work on /home/airflow/.local/lib/python3.12/site-packages/airflow/example_dags/example_branch_labels.py
[2026-03-23T19:05:18.450+0000] {processor.py:914} INFO - Processing file /home/airflow/.local/lib/python3.12/site-packages/airflow/example_dags/example_branch_labels.py for tasks to queue
[2026-03-23T19:05:18.454+0000] {logging_mixin.py:190} INFO - [2026-03-23T19:05:18.454+0000] {dagbag.py:588} INFO - Filling up the DagBag from /home/airflow/.local/lib/python3.12/site-packages/airflow/example_dags/example_branch_labels.py
[2026-03-23T19:05:18.465+0000] {processor.py:925} INFO - DAG(s) 'example_branch_labels' retrieved from /home/airflow/.local/lib/python3.12/site-packages/airflow/example_dags/example_branch_labels.py
[2026-03-23T19:05:18.492+0000] {logging_mixin.py:190} INFO - [2026-03-23T19:05:18.492+0000] {dag.py:3239} INFO - Sync 1 DAGs
[2026-03-23T19:05:18.514+0000] {logging_mixin.py:190} INFO - [2026-03-23T19:05:18.513+0000] {dag.py:4180} INFO - Setting next_dagrun for example_branch_labels to 2026-03-22 00:00:00+00:00, run_after=2026-03-23 00:00:00+00:00
[2026-03-23T19:05:18.545+0000] {processor.py:208} INFO - Processing /home/airflow/.local/lib/python3.12/site-packages/airflow/example_dags/example_branch_labels.py took 0.111 seconds
[2026-03-23T19:05:49.416+0000] {processor.py:186} INFO - Started process (PID=232) to work on /home/airflow/.local/lib/python3.12/site-packages/airflow/example_dags/example_branch_labels.py
[2026-03-23T19:05:49.417+0000] {processor.py:914} INFO - Processing file /home/airflow/.local/lib/python3.12/site-packages/airflow/example_dags/example_branch_labels.py for tasks to queue
[2026-03-23T19:05:49.419+0000] {logging_mixin.py:190} INFO - [2026-03-23T19:05:49.418+0000] {dagbag.py:588} INFO - Filling up the DagBag from /home/airflow/.local/lib/python3.12/site-packages/airflow/example_dags/example_branch_labels.py
[2026-03-23T19:05:49.426+0000] {processor.py:925} INFO - DAG(s) 'example_branch_labels' retrieved from /home/airflow/.local/lib/python3.12/site-packages/airflow/example_dags/example_branch_labels.py
[2026-03-23T19:05:49.450+0000] {logging_mixin.py:190} INFO - [2026-03-23T19:05:49.450+0000] {dag.py:3239} INFO - Sync 1 DAGs
[2026-03-23T19:05:49.481+0000] {logging_mixin.py:190} INFO - [2026-03-23T19:05:49.481+0000] {dag.py:4180} INFO - Setting next_dagrun for example_branch_labels to 2026-03-22 00:00:00+00:00, run_after=2026-03-23 00:00:00+00:00
[2026-03-23T19:05:49.496+0000] {processor.py:208} INFO - Processing /home/airflow/.local/lib/python3.12/site-packages/airflow/example_dags/example_branch_labels.py took 0.085 seconds
[2026-03-23T19:06:21.715+0000] {processor.py:186} INFO - Started process (PID=302) to work on /home/airflow/.local/lib/python3.12/site-packages/airflow/example_dags/example_branch_labels.py
[2026-03-23T19:06:21.718+0000] {processor.py:914} INFO - Processing file /home/airflow/.local/lib/python3.12/site-packages/airflow/example_dags/example_branch_labels.py for tasks to queue
[2026-03-23T19:06:21.721+0000] {logging_mixin.py:190} INFO - [2026-03-23T19:06:21.720+0000] {dagbag.py:588} INFO - Filling up the DagBag from /home/airflow/.local/lib/python3.12/site-packages/airflow/example_dags/example_branch_labels.py
[2026-03-23T19:06:21.729+0000] {processor.py:925} INFO - DAG(s) 'example_branch_labels' retrieved from /home/airflow/.local/lib/python3.12/site-packages/airflow/example_dags/example_branch_labels.py
[2026-03-23T19:06:21.754+0000] {logging_mixin.py:190} INFO - [2026-03-23T19:06:21.754+0000] {dag.py:3239} INFO - Sync 1 DAGs
[2026-03-23T19:06:21.774+0000] {logging_mixin.py:190} INFO - [2026-03-23T19:06:21.774+0000] {dag.py:4180} INFO - Setting next_dagrun for example_branch_labels to 2026-03-22 00:00:00+00:00, run_after=2026-03-23 00:00:00+00:00
[2026-03-23T19:06:21.793+0000] {processor.py:208} INFO - Processing /home/airflow/.local/lib/python3.12/site-packages/airflow/example_dags/example_branch_labels.py took 0.085 seconds
[2026-03-23T19:06:52.076+0000] {processor.py:186} INFO - Started process (PID=366) to work on /home/airflow/.local/lib/python3.12/site-packages/airflow/example_dags/example_branch_labels.py
[2026-03-23T19:06:52.077+0000] {processor.py:914} INFO - Processing file /home/airflow/.local/lib/python3.12/site-packages/airflow/example_dags/example_branch_labels.py for tasks to queue
[2026-03-23T19:06:52.079+0000] {logging_mixin.py:190} INFO - [2026-03-23T19:06:52.079+0000] {dagbag.py:588} INFO - Filling up the DagBag from /home/airflow/.local/lib/python3.12/site-packages/airflow/example_dags/example_branch_labels.py
[2026-03-23T19:06:52.086+0000] {processor.py:925} INFO - DAG(s) 'example_branch_labels' retrieved from /home/airflow/.local/lib/python3.12/site-packages/airflow/example_dags/example_branch_labels.py
[2026-03-23T19:06:52.099+0000] {logging_mixin.py:190} INFO - [2026-03-23T19:06:52.099+0000] {dag.py:3239} INFO - Sync 1 DAGs
[2026-03-23T19:06:52.113+0000] {logging_mixin.py:190} INFO - [2026-03-23T19:06:52.113+0000] {dag.py:4180} INFO - Setting next_dagrun for example_branch_labels to 2026-03-22 00:00:00+00:00, run_after=2026-03-23 00:00:00+00:00
[2026-03-23T19:06:52.124+0000] {processor.py:208} INFO - Processing /home/airflow/.local/lib/python3.12/site-packages/airflow/example_dags/example_branch_labels.py took 0.052 seconds
[2026-03-23T19:07:34.918+0000] {processor.py:186} INFO - Started process (PID=430) to work on /home/airflow/.local/lib/python3.12/site-packages/airflow/example_dags/example_branch_labels.py
[2026-03-23T19:07:34.923+0000] {processor.py:914} INFO - Processing file /home/airflow/.local/lib/python3.12/site-packages/airflow/example_dags/example_branch_labels.py for tasks to queue
[2026-03-23T19:07:34.926+0000] {logging_mixin.py:190} INFO - [2026-03-23T19:07:34.926+0000] {dagbag.py:588} INFO - Filling up the DagBag from /home/airflow/.local/lib/python3.12/site-packages/airflow/example_dags/example_branch_labels.py
[2026-03-23T19:07:34.934+0000] {processor.py:925} INFO - DAG(s) 'example_branch_labels' retrieved from /home/airflow/.local/lib/python3.12/site-packages/airflow/example_dags/example_branch_labels.py
[2026-03-23T19:07:34.950+0000] {logging_mixin.py:190} INFO - [2026-03-23T19:07:34.950+0000] {dag.py:3239} INFO - Sync 1 DAGs
[2026-03-23T19:07:34.965+0000] {logging_mixin.py:190} INFO - [2026-03-23T19:07:34.964+0000] {dag.py:4180} INFO - Setting next_dagrun for example_branch_labels to 2026-03-22 00:00:00+00:00, run_after=2026-03-23 00:00:00+00:00
[2026-03-23T19:07:34.974+0000] {processor.py:208} INFO - Processing /home/airflow/.local/lib/python3.12/site-packages/airflow/example_dags/example_branch_labels.py took 0.061 seconds
[2026-03-23T19:08:12.415+0000] {processor.py:186} INFO - Started process (PID=505) to work on /home/airflow/.local/lib/python3.12/site-packages/airflow/example_dags/example_branch_labels.py
[2026-03-23T19:08:12.420+0000] {processor.py:914} INFO - Processing file /home/airflow/.local/lib/python3.12/site-packages/airflow/example_dags/example_branch_labels.py for tasks to queue
[2026-03-23T19:08:12.429+0000] {logging_mixin.py:190} INFO - [2026-03-23T19:08:12.429+0000] {dagbag.py:588} INFO - Filling up the DagBag from /home/airflow/.local/lib/python3.12/site-packages/airflow/example_dags/example_branch_labels.py
[2026-03-23T19:08:12.468+0000] {processor.py:925} INFO - DAG(s) 'example_branch_labels' retrieved from /home/airflow/.local/lib/python3.12/site-packages/airflow/example_dags/example_branch_labels.py
[2026-03-23T19:08:12.500+0000] {logging_mixin.py:190} INFO - [2026-03-23T19:08:12.500+0000] {dag.py:3239} INFO - Sync 1 DAGs
[2026-03-23T19:08:12.520+0000] {logging_mixin.py:190} INFO - [2026-03-23T19:08:12.520+0000] {dag.py:4180} INFO - Setting next_dagrun for example_branch_labels to 2026-03-22 00:00:00+00:00, run_after=2026-03-23 00:00:00+00:00
[2026-03-23T19:08:12.531+0000] {processor.py:208} INFO - Processing /home/airflow/.local/lib/python3.12/site-packages/airflow/example_dags/example_branch_labels.py took 0.129 seconds
[2026-03-23T19:08:47.463+0000] {processor.py:186} INFO - Started process (PID=568) to work on /home/airflow/.local/lib/python3.12/site-packages/airflow/example_dags/example_branch_labels.py
[2026-03-23T19:08:47.464+0000] {processor.py:914} INFO - Processing file /home/airflow/.local/lib/python3.12/site-packages/airflow/example_dags/example_branch_labels.py for tasks to queue
[2026-03-23T19:08:47.467+0000] {logging_mixin.py:190} INFO - [2026-03-23T19:08:47.467+0000] {dagbag.py:588} INFO - Filling up the DagBag from /home/airflow/.local/lib/python3.12/site-packages/airflow/example_dags/example_branch_labels.py
[2026-03-23T19:08:47.482+0000] {processor.py:925} INFO - DAG(s) 'example_branch_labels' retrieved from /home/airflow/.local/lib/python3.12/site-packages/airflow/example_dags/example_branch_labels.py
[2026-03-23T19:08:47.511+0000] {logging_mixin.py:190} INFO - [2026-03-23T19:08:47.511+0000] {dag.py:3239} INFO - Sync 1 DAGs
[2026-03-23T19:08:47.538+0000] {logging_mixin.py:190} INFO - [2026-03-23T19:08:47.538+0000] {dag.py:4180} INFO - Setting next_dagrun for example_branch_labels to 2026-03-22 00:00:00+00:00, run_after=2026-03-23 00:00:00+00:00
[2026-03-23T19:08:47.559+0000] {processor.py:208} INFO - Processing /home/airflow/.local/lib/python3.12/site-packages/airflow/example_dags/example_branch_labels.py took 0.108 seconds
[2026-03-23T19:09:18.314+0000] {processor.py:186} INFO - Started process (PID=631) to work on /home/airflow/.local/lib/python3.12/site-packages/airflow/example_dags/example_branch_labels.py
[2026-03-23T19:09:18.318+0000] {processor.py:914} INFO - Processing file /home/airflow/.local/lib/python3.12/site-packages/airflow/example_dags/example_branch_labels.py for tasks to queue
[2026-03-23T19:09:18.320+0000] {logging_mixin.py:190} INFO - [2026-03-23T19:09:18.319+0000] {dagbag.py:588} INFO - Filling up the DagBag from /home/airflow/.local/lib/python3.12/site-packages/airflow/example_dags/example_branch_labels.py
[2026-03-23T19:09:18.327+0000] {processor.py:925} INFO - DAG(s) 'example_branch_labels' retrieved from /home/airflow/.local/lib/python3.12/site-packages/airflow/example_dags/example_branch_labels.py
[2026-03-23T19:09:18.362+0000] {logging_mixin.py:190} INFO - [2026-03-23T19:09:18.362+0000] {dag.py:3239} INFO - Sync 1 DAGs
[2026-03-23T19:09:18.431+0000] {logging_mixin.py:190} INFO - [2026-03-23T19:09:18.431+0000] {dag.py:4180} INFO - Setting next_dagrun for example_branch_labels to 2026-03-22 00:00:00+00:00, run_after=2026-03-23 00:00:00+00:00
[2026-03-23T19:09:18.454+0000] {processor.py:208} INFO - Processing /home/airflow/.local/lib/python3.12/site-packages/airflow/example_dags/example_branch_labels.py took 0.145 seconds
[2026-03-23T19:09:51.086+0000] {processor.py:186} INFO - Started process (PID=695) to work on /home/airflow/.local/lib/python3.12/site-packages/airflow/example_dags/example_branch_labels.py
[2026-03-23T19:09:52.636+0000] {processor.py:914} INFO - Processing file /home/airflow/.local/lib/python3.12/site-packages/airflow/example_dags/example_branch_labels.py for tasks to queue
[2026-03-23T19:09:52.718+0000] {logging_mixin.py:190} INFO - [2026-03-23T19:09:52.715+0000] {dagbag.py:588} INFO - Filling up the DagBag from /home/airflow/.local/lib/python3.12/site-packages/airflow/example_dags/example_branch_labels.py
[2026-03-23T19:09:52.832+0000] {processor.py:925} INFO - DAG(s) 'example_branch_labels' retrieved from /home/airflow/.local/lib/python3.12/site-packages/airflow/example_dags/example_branch_labels.py
[2026-03-23T19:09:52.893+0000] {logging_mixin.py:190} INFO - [2026-03-23T19:09:52.893+0000] {dag.py:3239} INFO - Sync 1 DAGs
[2026-03-23T19:09:52.937+0000] {logging_mixin.py:190} INFO - [2026-03-23T19:09:52.937+0000] {dag.py:4180} INFO - Setting next_dagrun for example_branch_labels to 2026-03-22 00:00:00+00:00, run_after=2026-03-23 00:00:00+00:00
[2026-03-23T19:09:52.971+0000] {processor.py:208} INFO - Processing /home/airflow/.local/lib/python3.12/site-packages/airflow/example_dags/example_branch_labels.py took 1.903 seconds
[2026-03-23T19:10:24.310+0000] {processor.py:186} INFO - Started process (PID=759) to work on /home/airflow/.local/lib/python3.12/site-packages/airflow/example_dags/example_branch_labels.py
[2026-03-23T19:10:24.330+0000] {processor.py:914} INFO - Processing file /home/airflow/.local/lib/python3.12/site-packages/airflow/example_dags/example_branch_labels.py for tasks to queue
[2026-03-23T19:10:24.344+0000] {logging_mixin.py:190} INFO - [2026-03-23T19:10:24.343+0000] {dagbag.py:588} INFO - Filling up the DagBag from /home/airflow/.local/lib/python3.12/site-packages/airflow/example_dags/example_branch_labels.py
[2026-03-23T19:10:24.406+0000] {processor.py:925} INFO - DAG(s) 'example_branch_labels' retrieved from /home/airflow/.local/lib/python3.12/site-packages/airflow/example_dags/example_branch_labels.py
[2026-03-23T19:10:24.488+0000] {logging_mixin.py:190} INFO - [2026-03-23T19:10:24.487+0000] {dag.py:3239} INFO - Sync 1 DAGs
[2026-03-23T19:10:24.523+0000] {logging_mixin.py:190} INFO - [2026-03-23T19:10:24.523+0000] {dag.py:4180} INFO - Setting next_dagrun for example_branch_labels to 2026-03-22 00:00:00+00:00, run_after=2026-03-23 00:00:00+00:00
[2026-03-23T19:10:24.558+0000] {processor.py:208} INFO - Processing /home/airflow/.local/lib/python3.12/site-packages/airflow/example_dags/example_branch_labels.py took 0.432 seconds
