[2026-03-23T19:04:35.690+0000] {processor.py:186} INFO - Started process (PID=78) to work on /home/airflow/.local/lib/python3.12/site-packages/airflow/example_dags/example_xcom.py
[2026-03-23T19:04:35.691+0000] {processor.py:914} INFO - Processing file /home/airflow/.local/lib/python3.12/site-packages/airflow/example_dags/example_xcom.py for tasks to queue
[2026-03-23T19:04:35.695+0000] {logging_mixin.py:190} INFO - [2026-03-23T19:04:35.694+0000] {dagbag.py:588} INFO - Filling up the DagBag from /home/airflow/.local/lib/python3.12/site-packages/airflow/example_dags/example_xcom.py
[2026-03-23T19:04:35.746+0000] {processor.py:925} INFO - DAG(s) 'example_xcom' retrieved from /home/airflow/.local/lib/python3.12/site-packages/airflow/example_dags/example_xcom.py
[2026-03-23T19:04:36.337+0000] {logging_mixin.py:190} INFO - [2026-03-23T19:04:36.331+0000] {override.py:1911} INFO - Created Permission View: can edit on DAG:example_xcom
[2026-03-23T19:04:36.375+0000] {logging_mixin.py:190} INFO - [2026-03-23T19:04:36.374+0000] {override.py:1911} INFO - Created Permission View: can read on DAG:example_xcom
[2026-03-23T19:04:36.386+0000] {logging_mixin.py:190} INFO - [2026-03-23T19:04:36.385+0000] {override.py:1911} INFO - Created Permission View: can delete on DAG:example_xcom
[2026-03-23T19:04:36.396+0000] {logging_mixin.py:190} INFO - [2026-03-23T19:04:36.396+0000] {override.py:1911} INFO - Created Permission View: menu access on DAG Run:example_xcom
[2026-03-23T19:04:36.421+0000] {logging_mixin.py:190} INFO - [2026-03-23T19:04:36.420+0000] {override.py:1911} INFO - Created Permission View: can read on DAG Run:example_xcom
[2026-03-23T19:04:36.442+0000] {logging_mixin.py:190} INFO - [2026-03-23T19:04:36.441+0000] {override.py:1911} INFO - Created Permission View: can create on DAG Run:example_xcom
[2026-03-23T19:04:36.458+0000] {logging_mixin.py:190} INFO - [2026-03-23T19:04:36.458+0000] {override.py:1911} INFO - Created Permission View: can delete on DAG Run:example_xcom
[2026-03-23T19:04:36.459+0000] {logging_mixin.py:190} INFO - [2026-03-23T19:04:36.459+0000] {dag.py:3239} INFO - Sync 1 DAGs
[2026-03-23T19:04:36.484+0000] {logging_mixin.py:190} INFO - [2026-03-23T19:04:36.484+0000] {dag.py:3262} INFO - Creating ORM DAG for example_xcom
[2026-03-23T19:04:36.510+0000] {logging_mixin.py:190} INFO - [2026-03-23T19:04:36.509+0000] {dag.py:4180} INFO - Setting next_dagrun for example_xcom to 2021-01-01 00:00:00+00:00, run_after=2021-01-01 00:00:00+00:00
[2026-03-23T19:04:36.543+0000] {processor.py:208} INFO - Processing /home/airflow/.local/lib/python3.12/site-packages/airflow/example_dags/example_xcom.py took 0.874 seconds
[2026-03-23T19:05:06.884+0000] {processor.py:186} INFO - Started process (PID=142) to work on /home/airflow/.local/lib/python3.12/site-packages/airflow/example_dags/example_xcom.py
[2026-03-23T19:05:06.886+0000] {processor.py:914} INFO - Processing file /home/airflow/.local/lib/python3.12/site-packages/airflow/example_dags/example_xcom.py for tasks to queue
[2026-03-23T19:05:06.890+0000] {logging_mixin.py:190} INFO - [2026-03-23T19:05:06.890+0000] {dagbag.py:588} INFO - Filling up the DagBag from /home/airflow/.local/lib/python3.12/site-packages/airflow/example_dags/example_xcom.py
[2026-03-23T19:05:06.909+0000] {processor.py:925} INFO - DAG(s) 'example_xcom' retrieved from /home/airflow/.local/lib/python3.12/site-packages/airflow/example_dags/example_xcom.py
[2026-03-23T19:05:06.945+0000] {logging_mixin.py:190} INFO - [2026-03-23T19:05:06.944+0000] {dag.py:3239} INFO - Sync 1 DAGs
[2026-03-23T19:05:06.967+0000] {logging_mixin.py:190} INFO - [2026-03-23T19:05:06.967+0000] {dag.py:4180} INFO - Setting next_dagrun for example_xcom to 2021-01-01 00:00:00+00:00, run_after=2021-01-01 00:00:00+00:00
[2026-03-23T19:05:06.986+0000] {processor.py:208} INFO - Processing /home/airflow/.local/lib/python3.12/site-packages/airflow/example_dags/example_xcom.py took 0.114 seconds
[2026-03-23T19:05:37.268+0000] {processor.py:186} INFO - Started process (PID=206) to work on /home/airflow/.local/lib/python3.12/site-packages/airflow/example_dags/example_xcom.py
[2026-03-23T19:05:37.271+0000] {processor.py:914} INFO - Processing file /home/airflow/.local/lib/python3.12/site-packages/airflow/example_dags/example_xcom.py for tasks to queue
[2026-03-23T19:05:37.273+0000] {logging_mixin.py:190} INFO - [2026-03-23T19:05:37.273+0000] {dagbag.py:588} INFO - Filling up the DagBag from /home/airflow/.local/lib/python3.12/site-packages/airflow/example_dags/example_xcom.py
[2026-03-23T19:05:37.284+0000] {processor.py:925} INFO - DAG(s) 'example_xcom' retrieved from /home/airflow/.local/lib/python3.12/site-packages/airflow/example_dags/example_xcom.py
[2026-03-23T19:05:37.306+0000] {logging_mixin.py:190} INFO - [2026-03-23T19:05:37.305+0000] {dag.py:3239} INFO - Sync 1 DAGs
[2026-03-23T19:05:37.325+0000] {logging_mixin.py:190} INFO - [2026-03-23T19:05:37.325+0000] {dag.py:4180} INFO - Setting next_dagrun for example_xcom to 2021-01-01 00:00:00+00:00, run_after=2021-01-01 00:00:00+00:00
[2026-03-23T19:05:37.342+0000] {processor.py:208} INFO - Processing /home/airflow/.local/lib/python3.12/site-packages/airflow/example_dags/example_xcom.py took 0.082 seconds
[2026-03-23T19:06:07.912+0000] {processor.py:186} INFO - Started process (PID=270) to work on /home/airflow/.local/lib/python3.12/site-packages/airflow/example_dags/example_xcom.py
[2026-03-23T19:06:07.915+0000] {processor.py:914} INFO - Processing file /home/airflow/.local/lib/python3.12/site-packages/airflow/example_dags/example_xcom.py for tasks to queue
[2026-03-23T19:06:07.918+0000] {logging_mixin.py:190} INFO - [2026-03-23T19:06:07.918+0000] {dagbag.py:588} INFO - Filling up the DagBag from /home/airflow/.local/lib/python3.12/site-packages/airflow/example_dags/example_xcom.py
[2026-03-23T19:06:07.932+0000] {processor.py:925} INFO - DAG(s) 'example_xcom' retrieved from /home/airflow/.local/lib/python3.12/site-packages/airflow/example_dags/example_xcom.py
[2026-03-23T19:06:07.963+0000] {logging_mixin.py:190} INFO - [2026-03-23T19:06:07.963+0000] {dag.py:3239} INFO - Sync 1 DAGs
[2026-03-23T19:06:07.980+0000] {logging_mixin.py:190} INFO - [2026-03-23T19:06:07.979+0000] {dag.py:4180} INFO - Setting next_dagrun for example_xcom to 2021-01-01 00:00:00+00:00, run_after=2021-01-01 00:00:00+00:00
[2026-03-23T19:06:07.990+0000] {processor.py:208} INFO - Processing /home/airflow/.local/lib/python3.12/site-packages/airflow/example_dags/example_xcom.py took 0.092 seconds
[2026-03-23T19:06:38.986+0000] {processor.py:186} INFO - Started process (PID=334) to work on /home/airflow/.local/lib/python3.12/site-packages/airflow/example_dags/example_xcom.py
[2026-03-23T19:06:38.988+0000] {processor.py:914} INFO - Processing file /home/airflow/.local/lib/python3.12/site-packages/airflow/example_dags/example_xcom.py for tasks to queue
[2026-03-23T19:06:38.990+0000] {logging_mixin.py:190} INFO - [2026-03-23T19:06:38.989+0000] {dagbag.py:588} INFO - Filling up the DagBag from /home/airflow/.local/lib/python3.12/site-packages/airflow/example_dags/example_xcom.py
[2026-03-23T19:06:38.996+0000] {processor.py:925} INFO - DAG(s) 'example_xcom' retrieved from /home/airflow/.local/lib/python3.12/site-packages/airflow/example_dags/example_xcom.py
[2026-03-23T19:06:39.008+0000] {logging_mixin.py:190} INFO - [2026-03-23T19:06:39.007+0000] {dag.py:3239} INFO - Sync 1 DAGs
[2026-03-23T19:06:39.024+0000] {logging_mixin.py:190} INFO - [2026-03-23T19:06:39.023+0000] {dag.py:4180} INFO - Setting next_dagrun for example_xcom to 2021-01-01 00:00:00+00:00, run_after=2021-01-01 00:00:00+00:00
[2026-03-23T19:06:39.034+0000] {processor.py:208} INFO - Processing /home/airflow/.local/lib/python3.12/site-packages/airflow/example_dags/example_xcom.py took 0.056 seconds
[2026-03-23T19:07:22.144+0000] {processor.py:186} INFO - Started process (PID=404) to work on /home/airflow/.local/lib/python3.12/site-packages/airflow/example_dags/example_xcom.py
[2026-03-23T19:07:22.156+0000] {processor.py:914} INFO - Processing file /home/airflow/.local/lib/python3.12/site-packages/airflow/example_dags/example_xcom.py for tasks to queue
[2026-03-23T19:07:22.162+0000] {logging_mixin.py:190} INFO - [2026-03-23T19:07:22.161+0000] {dagbag.py:588} INFO - Filling up the DagBag from /home/airflow/.local/lib/python3.12/site-packages/airflow/example_dags/example_xcom.py
[2026-03-23T19:07:22.189+0000] {processor.py:925} INFO - DAG(s) 'example_xcom' retrieved from /home/airflow/.local/lib/python3.12/site-packages/airflow/example_dags/example_xcom.py
[2026-03-23T19:07:22.267+0000] {logging_mixin.py:190} INFO - [2026-03-23T19:07:22.266+0000] {dag.py:3239} INFO - Sync 1 DAGs
[2026-03-23T19:07:22.312+0000] {logging_mixin.py:190} INFO - [2026-03-23T19:07:22.312+0000] {dag.py:4180} INFO - Setting next_dagrun for example_xcom to 2021-01-01 00:00:00+00:00, run_after=2021-01-01 00:00:00+00:00
[2026-03-23T19:07:22.333+0000] {processor.py:208} INFO - Processing /home/airflow/.local/lib/python3.12/site-packages/airflow/example_dags/example_xcom.py took 0.234 seconds
[2026-03-23T19:07:56.855+0000] {processor.py:186} INFO - Started process (PID=468) to work on /home/airflow/.local/lib/python3.12/site-packages/airflow/example_dags/example_xcom.py
[2026-03-23T19:07:56.860+0000] {processor.py:914} INFO - Processing file /home/airflow/.local/lib/python3.12/site-packages/airflow/example_dags/example_xcom.py for tasks to queue
[2026-03-23T19:07:56.863+0000] {logging_mixin.py:190} INFO - [2026-03-23T19:07:56.863+0000] {dagbag.py:588} INFO - Filling up the DagBag from /home/airflow/.local/lib/python3.12/site-packages/airflow/example_dags/example_xcom.py
[2026-03-23T19:07:56.896+0000] {processor.py:925} INFO - DAG(s) 'example_xcom' retrieved from /home/airflow/.local/lib/python3.12/site-packages/airflow/example_dags/example_xcom.py
[2026-03-23T19:07:56.960+0000] {logging_mixin.py:190} INFO - [2026-03-23T19:07:56.960+0000] {dag.py:3239} INFO - Sync 1 DAGs
[2026-03-23T19:07:57.006+0000] {logging_mixin.py:190} INFO - [2026-03-23T19:07:57.006+0000] {dag.py:4180} INFO - Setting next_dagrun for example_xcom to 2021-01-01 00:00:00+00:00, run_after=2021-01-01 00:00:00+00:00
[2026-03-23T19:07:57.080+0000] {processor.py:208} INFO - Processing /home/airflow/.local/lib/python3.12/site-packages/airflow/example_dags/example_xcom.py took 0.275 seconds
[2026-03-23T19:08:35.256+0000] {processor.py:186} INFO - Started process (PID=532) to work on /home/airflow/.local/lib/python3.12/site-packages/airflow/example_dags/example_xcom.py
[2026-03-23T19:08:35.265+0000] {processor.py:914} INFO - Processing file /home/airflow/.local/lib/python3.12/site-packages/airflow/example_dags/example_xcom.py for tasks to queue
[2026-03-23T19:08:35.283+0000] {logging_mixin.py:190} INFO - [2026-03-23T19:08:35.282+0000] {dagbag.py:588} INFO - Filling up the DagBag from /home/airflow/.local/lib/python3.12/site-packages/airflow/example_dags/example_xcom.py
[2026-03-23T19:08:35.339+0000] {processor.py:925} INFO - DAG(s) 'example_xcom' retrieved from /home/airflow/.local/lib/python3.12/site-packages/airflow/example_dags/example_xcom.py
[2026-03-23T19:08:35.538+0000] {logging_mixin.py:190} INFO - [2026-03-23T19:08:35.537+0000] {dag.py:3239} INFO - Sync 1 DAGs
[2026-03-23T19:08:35.629+0000] {logging_mixin.py:190} INFO - [2026-03-23T19:08:35.629+0000] {dag.py:4180} INFO - Setting next_dagrun for example_xcom to 2021-01-01 00:00:00+00:00, run_after=2021-01-01 00:00:00+00:00
[2026-03-23T19:08:35.689+0000] {processor.py:208} INFO - Processing /home/airflow/.local/lib/python3.12/site-packages/airflow/example_dags/example_xcom.py took 0.471 seconds
[2026-03-23T19:09:08.005+0000] {processor.py:186} INFO - Started process (PID=595) to work on /home/airflow/.local/lib/python3.12/site-packages/airflow/example_dags/example_xcom.py
[2026-03-23T19:09:08.025+0000] {processor.py:914} INFO - Processing file /home/airflow/.local/lib/python3.12/site-packages/airflow/example_dags/example_xcom.py for tasks to queue
[2026-03-23T19:09:08.060+0000] {logging_mixin.py:190} INFO - [2026-03-23T19:09:08.047+0000] {dagbag.py:588} INFO - Filling up the DagBag from /home/airflow/.local/lib/python3.12/site-packages/airflow/example_dags/example_xcom.py
[2026-03-23T19:09:08.207+0000] {processor.py:925} INFO - DAG(s) 'example_xcom' retrieved from /home/airflow/.local/lib/python3.12/site-packages/airflow/example_dags/example_xcom.py
[2026-03-23T19:09:08.484+0000] {logging_mixin.py:190} INFO - [2026-03-23T19:09:08.480+0000] {dag.py:3239} INFO - Sync 1 DAGs
[2026-03-23T19:09:08.738+0000] {logging_mixin.py:190} INFO - [2026-03-23T19:09:08.735+0000] {dag.py:4180} INFO - Setting next_dagrun for example_xcom to 2021-01-01 00:00:00+00:00, run_after=2021-01-01 00:00:00+00:00
[2026-03-23T19:09:08.977+0000] {processor.py:208} INFO - Processing /home/airflow/.local/lib/python3.12/site-packages/airflow/example_dags/example_xcom.py took 1.092 seconds
[2026-03-23T19:09:39.746+0000] {processor.py:186} INFO - Started process (PID=658) to work on /home/airflow/.local/lib/python3.12/site-packages/airflow/example_dags/example_xcom.py
[2026-03-23T19:09:39.751+0000] {processor.py:914} INFO - Processing file /home/airflow/.local/lib/python3.12/site-packages/airflow/example_dags/example_xcom.py for tasks to queue
[2026-03-23T19:09:39.758+0000] {logging_mixin.py:190} INFO - [2026-03-23T19:09:39.757+0000] {dagbag.py:588} INFO - Filling up the DagBag from /home/airflow/.local/lib/python3.12/site-packages/airflow/example_dags/example_xcom.py
[2026-03-23T19:09:39.787+0000] {processor.py:925} INFO - DAG(s) 'example_xcom' retrieved from /home/airflow/.local/lib/python3.12/site-packages/airflow/example_dags/example_xcom.py
[2026-03-23T19:09:39.834+0000] {logging_mixin.py:190} INFO - [2026-03-23T19:09:39.834+0000] {dag.py:3239} INFO - Sync 1 DAGs
[2026-03-23T19:09:39.865+0000] {logging_mixin.py:190} INFO - [2026-03-23T19:09:39.865+0000] {dag.py:4180} INFO - Setting next_dagrun for example_xcom to 2021-01-01 00:00:00+00:00, run_after=2021-01-01 00:00:00+00:00
[2026-03-23T19:09:39.889+0000] {processor.py:208} INFO - Processing /home/airflow/.local/lib/python3.12/site-packages/airflow/example_dags/example_xcom.py took 0.159 seconds
[2026-03-23T19:10:10.322+0000] {processor.py:186} INFO - Started process (PID=722) to work on /home/airflow/.local/lib/python3.12/site-packages/airflow/example_dags/example_xcom.py
[2026-03-23T19:10:10.334+0000] {processor.py:914} INFO - Processing file /home/airflow/.local/lib/python3.12/site-packages/airflow/example_dags/example_xcom.py for tasks to queue
[2026-03-23T19:10:10.344+0000] {logging_mixin.py:190} INFO - [2026-03-23T19:10:10.342+0000] {dagbag.py:588} INFO - Filling up the DagBag from /home/airflow/.local/lib/python3.12/site-packages/airflow/example_dags/example_xcom.py
[2026-03-23T19:10:10.397+0000] {processor.py:925} INFO - DAG(s) 'example_xcom' retrieved from /home/airflow/.local/lib/python3.12/site-packages/airflow/example_dags/example_xcom.py
[2026-03-23T19:10:10.517+0000] {logging_mixin.py:190} INFO - [2026-03-23T19:10:10.516+0000] {dag.py:3239} INFO - Sync 1 DAGs
[2026-03-23T19:10:10.856+0000] {logging_mixin.py:190} INFO - [2026-03-23T19:10:10.853+0000] {dag.py:4180} INFO - Setting next_dagrun for example_xcom to 2021-01-01 00:00:00+00:00, run_after=2021-01-01 00:00:00+00:00
[2026-03-23T19:10:10.944+0000] {processor.py:208} INFO - Processing /home/airflow/.local/lib/python3.12/site-packages/airflow/example_dags/example_xcom.py took 0.649 seconds
