[2026-03-23T19:04:51.168+0000] {processor.py:186} INFO - Started process (PID=119) to work on /home/airflow/.local/lib/python3.12/site-packages/airflow/example_dags/example_branch_operator.py
[2026-03-23T19:04:51.170+0000] {processor.py:914} INFO - Processing file /home/airflow/.local/lib/python3.12/site-packages/airflow/example_dags/example_branch_operator.py for tasks to queue
[2026-03-23T19:04:51.174+0000] {logging_mixin.py:190} INFO - [2026-03-23T19:04:51.174+0000] {dagbag.py:588} INFO - Filling up the DagBag from /home/airflow/.local/lib/python3.12/site-packages/airflow/example_dags/example_branch_operator.py
[2026-03-23T19:04:51.189+0000] {processor.py:925} INFO - DAG(s) 'example_branch_operator' retrieved from /home/airflow/.local/lib/python3.12/site-packages/airflow/example_dags/example_branch_operator.py
[2026-03-23T19:04:51.321+0000] {logging_mixin.py:190} INFO - [2026-03-23T19:04:51.320+0000] {override.py:1911} INFO - Created Permission View: can edit on DAG:example_branch_operator
[2026-03-23T19:04:51.341+0000] {logging_mixin.py:190} INFO - [2026-03-23T19:04:51.340+0000] {override.py:1911} INFO - Created Permission View: can read on DAG:example_branch_operator
[2026-03-23T19:04:51.355+0000] {logging_mixin.py:190} INFO - [2026-03-23T19:04:51.355+0000] {override.py:1911} INFO - Created Permission View: can delete on DAG:example_branch_operator
[2026-03-23T19:04:51.369+0000] {logging_mixin.py:190} INFO - [2026-03-23T19:04:51.368+0000] {override.py:1911} INFO - Created Permission View: menu access on DAG Run:example_branch_operator
[2026-03-23T19:04:51.379+0000] {logging_mixin.py:190} INFO - [2026-03-23T19:04:51.378+0000] {override.py:1911} INFO - Created Permission View: can read on DAG Run:example_branch_operator
[2026-03-23T19:04:51.387+0000] {logging_mixin.py:190} INFO - [2026-03-23T19:04:51.387+0000] {override.py:1911} INFO - Created Permission View: can create on DAG Run:example_branch_operator
[2026-03-23T19:04:51.401+0000] {logging_mixin.py:190} INFO - [2026-03-23T19:04:51.401+0000] {override.py:1911} INFO - Created Permission View: can delete on DAG Run:example_branch_operator
[2026-03-23T19:04:51.410+0000] {logging_mixin.py:190} INFO - [2026-03-23T19:04:51.407+0000] {dag.py:3239} INFO - Sync 1 DAGs
[2026-03-23T19:04:51.433+0000] {logging_mixin.py:190} INFO - [2026-03-23T19:04:51.432+0000] {dag.py:3262} INFO - Creating ORM DAG for example_branch_operator
[2026-03-23T19:04:51.449+0000] {logging_mixin.py:190} INFO - [2026-03-23T19:04:51.448+0000] {dag.py:4180} INFO - Setting next_dagrun for example_branch_operator to 2026-03-22 00:00:00+00:00, run_after=2026-03-23 00:00:00+00:00
[2026-03-23T19:04:51.488+0000] {processor.py:208} INFO - Processing /home/airflow/.local/lib/python3.12/site-packages/airflow/example_dags/example_branch_operator.py took 0.332 seconds
[2026-03-23T19:05:21.613+0000] {processor.py:186} INFO - Started process (PID=183) to work on /home/airflow/.local/lib/python3.12/site-packages/airflow/example_dags/example_branch_operator.py
[2026-03-23T19:05:21.618+0000] {processor.py:914} INFO - Processing file /home/airflow/.local/lib/python3.12/site-packages/airflow/example_dags/example_branch_operator.py for tasks to queue
[2026-03-23T19:05:21.633+0000] {logging_mixin.py:190} INFO - [2026-03-23T19:05:21.631+0000] {dagbag.py:588} INFO - Filling up the DagBag from /home/airflow/.local/lib/python3.12/site-packages/airflow/example_dags/example_branch_operator.py
[2026-03-23T19:05:21.716+0000] {processor.py:925} INFO - DAG(s) 'example_branch_operator' retrieved from /home/airflow/.local/lib/python3.12/site-packages/airflow/example_dags/example_branch_operator.py
[2026-03-23T19:05:21.835+0000] {logging_mixin.py:190} INFO - [2026-03-23T19:05:21.835+0000] {dag.py:3239} INFO - Sync 1 DAGs
[2026-03-23T19:05:21.920+0000] {logging_mixin.py:190} INFO - [2026-03-23T19:05:21.919+0000] {dag.py:4180} INFO - Setting next_dagrun for example_branch_operator to 2026-03-22 00:00:00+00:00, run_after=2026-03-23 00:00:00+00:00
[2026-03-23T19:05:21.991+0000] {processor.py:208} INFO - Processing /home/airflow/.local/lib/python3.12/site-packages/airflow/example_dags/example_branch_operator.py took 0.402 seconds
[2026-03-23T19:05:52.912+0000] {processor.py:186} INFO - Started process (PID=247) to work on /home/airflow/.local/lib/python3.12/site-packages/airflow/example_dags/example_branch_operator.py
[2026-03-23T19:05:52.914+0000] {processor.py:914} INFO - Processing file /home/airflow/.local/lib/python3.12/site-packages/airflow/example_dags/example_branch_operator.py for tasks to queue
[2026-03-23T19:05:52.919+0000] {logging_mixin.py:190} INFO - [2026-03-23T19:05:52.919+0000] {dagbag.py:588} INFO - Filling up the DagBag from /home/airflow/.local/lib/python3.12/site-packages/airflow/example_dags/example_branch_operator.py
[2026-03-23T19:05:52.935+0000] {processor.py:925} INFO - DAG(s) 'example_branch_operator' retrieved from /home/airflow/.local/lib/python3.12/site-packages/airflow/example_dags/example_branch_operator.py
[2026-03-23T19:05:52.965+0000] {logging_mixin.py:190} INFO - [2026-03-23T19:05:52.965+0000] {dag.py:3239} INFO - Sync 1 DAGs
[2026-03-23T19:05:52.981+0000] {logging_mixin.py:190} INFO - [2026-03-23T19:05:52.981+0000] {dag.py:4180} INFO - Setting next_dagrun for example_branch_operator to 2026-03-22 00:00:00+00:00, run_after=2026-03-23 00:00:00+00:00
[2026-03-23T19:05:52.991+0000] {processor.py:208} INFO - Processing /home/airflow/.local/lib/python3.12/site-packages/airflow/example_dags/example_branch_operator.py took 0.085 seconds
[2026-03-23T19:06:23.395+0000] {processor.py:186} INFO - Started process (PID=312) to work on /home/airflow/.local/lib/python3.12/site-packages/airflow/example_dags/example_branch_operator.py
[2026-03-23T19:06:23.396+0000] {processor.py:914} INFO - Processing file /home/airflow/.local/lib/python3.12/site-packages/airflow/example_dags/example_branch_operator.py for tasks to queue
[2026-03-23T19:06:23.398+0000] {logging_mixin.py:190} INFO - [2026-03-23T19:06:23.397+0000] {dagbag.py:588} INFO - Filling up the DagBag from /home/airflow/.local/lib/python3.12/site-packages/airflow/example_dags/example_branch_operator.py
[2026-03-23T19:06:23.421+0000] {processor.py:925} INFO - DAG(s) 'example_branch_operator' retrieved from /home/airflow/.local/lib/python3.12/site-packages/airflow/example_dags/example_branch_operator.py
[2026-03-23T19:06:23.444+0000] {logging_mixin.py:190} INFO - [2026-03-23T19:06:23.444+0000] {dag.py:3239} INFO - Sync 1 DAGs
[2026-03-23T19:06:23.470+0000] {logging_mixin.py:190} INFO - [2026-03-23T19:06:23.470+0000] {dag.py:4180} INFO - Setting next_dagrun for example_branch_operator to 2026-03-22 00:00:00+00:00, run_after=2026-03-23 00:00:00+00:00
[2026-03-23T19:06:23.487+0000] {processor.py:208} INFO - Processing /home/airflow/.local/lib/python3.12/site-packages/airflow/example_dags/example_branch_operator.py took 0.104 seconds
[2026-03-23T19:06:54.098+0000] {processor.py:186} INFO - Started process (PID=378) to work on /home/airflow/.local/lib/python3.12/site-packages/airflow/example_dags/example_branch_operator.py
[2026-03-23T19:06:54.100+0000] {processor.py:914} INFO - Processing file /home/airflow/.local/lib/python3.12/site-packages/airflow/example_dags/example_branch_operator.py for tasks to queue
[2026-03-23T19:06:54.104+0000] {logging_mixin.py:190} INFO - [2026-03-23T19:06:54.103+0000] {dagbag.py:588} INFO - Filling up the DagBag from /home/airflow/.local/lib/python3.12/site-packages/airflow/example_dags/example_branch_operator.py
[2026-03-23T19:06:54.131+0000] {processor.py:925} INFO - DAG(s) 'example_branch_operator' retrieved from /home/airflow/.local/lib/python3.12/site-packages/airflow/example_dags/example_branch_operator.py
[2026-03-23T19:06:54.158+0000] {logging_mixin.py:190} INFO - [2026-03-23T19:06:54.158+0000] {dag.py:3239} INFO - Sync 1 DAGs
[2026-03-23T19:06:54.180+0000] {logging_mixin.py:190} INFO - [2026-03-23T19:06:54.179+0000] {dag.py:4180} INFO - Setting next_dagrun for example_branch_operator to 2026-03-22 00:00:00+00:00, run_after=2026-03-23 00:00:00+00:00
[2026-03-23T19:06:54.192+0000] {processor.py:208} INFO - Processing /home/airflow/.local/lib/python3.12/site-packages/airflow/example_dags/example_branch_operator.py took 0.105 seconds
[2026-03-23T19:07:36.092+0000] {processor.py:186} INFO - Started process (PID=450) to work on /home/airflow/.local/lib/python3.12/site-packages/airflow/example_dags/example_branch_operator.py
[2026-03-23T19:07:36.093+0000] {processor.py:914} INFO - Processing file /home/airflow/.local/lib/python3.12/site-packages/airflow/example_dags/example_branch_operator.py for tasks to queue
[2026-03-23T19:07:36.095+0000] {logging_mixin.py:190} INFO - [2026-03-23T19:07:36.095+0000] {dagbag.py:588} INFO - Filling up the DagBag from /home/airflow/.local/lib/python3.12/site-packages/airflow/example_dags/example_branch_operator.py
[2026-03-23T19:07:36.110+0000] {processor.py:925} INFO - DAG(s) 'example_branch_operator' retrieved from /home/airflow/.local/lib/python3.12/site-packages/airflow/example_dags/example_branch_operator.py
[2026-03-23T19:07:36.134+0000] {logging_mixin.py:190} INFO - [2026-03-23T19:07:36.133+0000] {dag.py:3239} INFO - Sync 1 DAGs
[2026-03-23T19:07:36.154+0000] {logging_mixin.py:190} INFO - [2026-03-23T19:07:36.154+0000] {dag.py:4180} INFO - Setting next_dagrun for example_branch_operator to 2026-03-22 00:00:00+00:00, run_after=2026-03-23 00:00:00+00:00
[2026-03-23T19:07:36.167+0000] {processor.py:208} INFO - Processing /home/airflow/.local/lib/python3.12/site-packages/airflow/example_dags/example_branch_operator.py took 0.080 seconds
[2026-03-23T19:08:19.114+0000] {processor.py:186} INFO - Started process (PID=515) to work on /home/airflow/.local/lib/python3.12/site-packages/airflow/example_dags/example_branch_operator.py
[2026-03-23T19:08:19.121+0000] {processor.py:914} INFO - Processing file /home/airflow/.local/lib/python3.12/site-packages/airflow/example_dags/example_branch_operator.py for tasks to queue
[2026-03-23T19:08:19.129+0000] {logging_mixin.py:190} INFO - [2026-03-23T19:08:19.128+0000] {dagbag.py:588} INFO - Filling up the DagBag from /home/airflow/.local/lib/python3.12/site-packages/airflow/example_dags/example_branch_operator.py
[2026-03-23T19:08:19.231+0000] {processor.py:925} INFO - DAG(s) 'example_branch_operator' retrieved from /home/airflow/.local/lib/python3.12/site-packages/airflow/example_dags/example_branch_operator.py
[2026-03-23T19:08:19.424+0000] {logging_mixin.py:190} INFO - [2026-03-23T19:08:19.422+0000] {dag.py:3239} INFO - Sync 1 DAGs
[2026-03-23T19:08:19.654+0000] {logging_mixin.py:190} INFO - [2026-03-23T19:08:19.653+0000] {dag.py:4180} INFO - Setting next_dagrun for example_branch_operator to 2026-03-22 00:00:00+00:00, run_after=2026-03-23 00:00:00+00:00
[2026-03-23T19:08:19.808+0000] {processor.py:208} INFO - Processing /home/airflow/.local/lib/python3.12/site-packages/airflow/example_dags/example_branch_operator.py took 0.757 seconds
[2026-03-23T19:08:54.060+0000] {processor.py:186} INFO - Started process (PID=578) to work on /home/airflow/.local/lib/python3.12/site-packages/airflow/example_dags/example_branch_operator.py
[2026-03-23T19:08:54.064+0000] {processor.py:914} INFO - Processing file /home/airflow/.local/lib/python3.12/site-packages/airflow/example_dags/example_branch_operator.py for tasks to queue
[2026-03-23T19:08:54.066+0000] {logging_mixin.py:190} INFO - [2026-03-23T19:08:54.066+0000] {dagbag.py:588} INFO - Filling up the DagBag from /home/airflow/.local/lib/python3.12/site-packages/airflow/example_dags/example_branch_operator.py
[2026-03-23T19:08:54.105+0000] {processor.py:925} INFO - DAG(s) 'example_branch_operator' retrieved from /home/airflow/.local/lib/python3.12/site-packages/airflow/example_dags/example_branch_operator.py
[2026-03-23T19:08:54.147+0000] {logging_mixin.py:190} INFO - [2026-03-23T19:08:54.146+0000] {dag.py:3239} INFO - Sync 1 DAGs
[2026-03-23T19:08:54.183+0000] {logging_mixin.py:190} INFO - [2026-03-23T19:08:54.183+0000] {dag.py:4180} INFO - Setting next_dagrun for example_branch_operator to 2026-03-22 00:00:00+00:00, run_after=2026-03-23 00:00:00+00:00
[2026-03-23T19:08:54.232+0000] {processor.py:208} INFO - Processing /home/airflow/.local/lib/python3.12/site-packages/airflow/example_dags/example_branch_operator.py took 0.187 seconds
[2026-03-23T19:09:30.189+0000] {processor.py:186} INFO - Started process (PID=648) to work on /home/airflow/.local/lib/python3.12/site-packages/airflow/example_dags/example_branch_operator.py
[2026-03-23T19:09:30.191+0000] {processor.py:914} INFO - Processing file /home/airflow/.local/lib/python3.12/site-packages/airflow/example_dags/example_branch_operator.py for tasks to queue
[2026-03-23T19:09:30.198+0000] {logging_mixin.py:190} INFO - [2026-03-23T19:09:30.197+0000] {dagbag.py:588} INFO - Filling up the DagBag from /home/airflow/.local/lib/python3.12/site-packages/airflow/example_dags/example_branch_operator.py
[2026-03-23T19:09:30.244+0000] {processor.py:925} INFO - DAG(s) 'example_branch_operator' retrieved from /home/airflow/.local/lib/python3.12/site-packages/airflow/example_dags/example_branch_operator.py
[2026-03-23T19:09:30.269+0000] {logging_mixin.py:190} INFO - [2026-03-23T19:09:30.269+0000] {dag.py:3239} INFO - Sync 1 DAGs
[2026-03-23T19:09:30.292+0000] {logging_mixin.py:190} INFO - [2026-03-23T19:09:30.291+0000] {dag.py:4180} INFO - Setting next_dagrun for example_branch_operator to 2026-03-22 00:00:00+00:00, run_after=2026-03-23 00:00:00+00:00
[2026-03-23T19:09:30.305+0000] {processor.py:208} INFO - Processing /home/airflow/.local/lib/python3.12/site-packages/airflow/example_dags/example_branch_operator.py took 0.129 seconds
[2026-03-23T19:10:02.887+0000] {processor.py:186} INFO - Started process (PID=712) to work on /home/airflow/.local/lib/python3.12/site-packages/airflow/example_dags/example_branch_operator.py
[2026-03-23T19:10:02.889+0000] {processor.py:914} INFO - Processing file /home/airflow/.local/lib/python3.12/site-packages/airflow/example_dags/example_branch_operator.py for tasks to queue
[2026-03-23T19:10:02.893+0000] {logging_mixin.py:190} INFO - [2026-03-23T19:10:02.893+0000] {dagbag.py:588} INFO - Filling up the DagBag from /home/airflow/.local/lib/python3.12/site-packages/airflow/example_dags/example_branch_operator.py
[2026-03-23T19:10:02.926+0000] {processor.py:925} INFO - DAG(s) 'example_branch_operator' retrieved from /home/airflow/.local/lib/python3.12/site-packages/airflow/example_dags/example_branch_operator.py
[2026-03-23T19:10:02.965+0000] {logging_mixin.py:190} INFO - [2026-03-23T19:10:02.965+0000] {dag.py:3239} INFO - Sync 1 DAGs
[2026-03-23T19:10:03.001+0000] {logging_mixin.py:190} INFO - [2026-03-23T19:10:03.000+0000] {dag.py:4180} INFO - Setting next_dagrun for example_branch_operator to 2026-03-22 00:00:00+00:00, run_after=2026-03-23 00:00:00+00:00
[2026-03-23T19:10:03.028+0000] {processor.py:208} INFO - Processing /home/airflow/.local/lib/python3.12/site-packages/airflow/example_dags/example_branch_operator.py took 0.185 seconds
