[2026-03-23T19:04:39.215+0000] {processor.py:186} INFO - Started process (PID=87) to work on /home/airflow/.local/lib/python3.12/site-packages/airflow/example_dags/example_task_group_decorator.py
[2026-03-23T19:04:39.216+0000] {processor.py:914} INFO - Processing file /home/airflow/.local/lib/python3.12/site-packages/airflow/example_dags/example_task_group_decorator.py for tasks to queue
[2026-03-23T19:04:39.221+0000] {logging_mixin.py:190} INFO - [2026-03-23T19:04:39.220+0000] {dagbag.py:588} INFO - Filling up the DagBag from /home/airflow/.local/lib/python3.12/site-packages/airflow/example_dags/example_task_group_decorator.py
[2026-03-23T19:04:39.258+0000] {processor.py:925} INFO - DAG(s) 'example_task_group_decorator' retrieved from /home/airflow/.local/lib/python3.12/site-packages/airflow/example_dags/example_task_group_decorator.py
[2026-03-23T19:04:39.640+0000] {logging_mixin.py:190} INFO - [2026-03-23T19:04:39.638+0000] {override.py:1911} INFO - Created Permission View: can edit on DAG:example_task_group_decorator
[2026-03-23T19:04:39.653+0000] {logging_mixin.py:190} INFO - [2026-03-23T19:04:39.653+0000] {override.py:1911} INFO - Created Permission View: can read on DAG:example_task_group_decorator
[2026-03-23T19:04:39.663+0000] {logging_mixin.py:190} INFO - [2026-03-23T19:04:39.663+0000] {override.py:1911} INFO - Created Permission View: can delete on DAG:example_task_group_decorator
[2026-03-23T19:04:39.674+0000] {logging_mixin.py:190} INFO - [2026-03-23T19:04:39.673+0000] {override.py:1911} INFO - Created Permission View: menu access on DAG Run:example_task_group_decorator
[2026-03-23T19:04:39.679+0000] {logging_mixin.py:190} INFO - [2026-03-23T19:04:39.679+0000] {override.py:1911} INFO - Created Permission View: can read on DAG Run:example_task_group_decorator
[2026-03-23T19:04:39.685+0000] {logging_mixin.py:190} INFO - [2026-03-23T19:04:39.684+0000] {override.py:1911} INFO - Created Permission View: can create on DAG Run:example_task_group_decorator
[2026-03-23T19:04:39.689+0000] {logging_mixin.py:190} INFO - [2026-03-23T19:04:39.688+0000] {override.py:1911} INFO - Created Permission View: can delete on DAG Run:example_task_group_decorator
[2026-03-23T19:04:39.689+0000] {logging_mixin.py:190} INFO - [2026-03-23T19:04:39.689+0000] {dag.py:3239} INFO - Sync 1 DAGs
[2026-03-23T19:04:39.703+0000] {logging_mixin.py:190} INFO - [2026-03-23T19:04:39.703+0000] {dag.py:3262} INFO - Creating ORM DAG for example_task_group_decorator
[2026-03-23T19:04:39.706+0000] {logging_mixin.py:190} INFO - [2026-03-23T19:04:39.706+0000] {dag.py:4180} INFO - Setting next_dagrun for example_task_group_decorator to None, run_after=None
[2026-03-23T19:04:39.738+0000] {processor.py:208} INFO - Processing /home/airflow/.local/lib/python3.12/site-packages/airflow/example_dags/example_task_group_decorator.py took 0.535 seconds
[2026-03-23T19:05:09.952+0000] {processor.py:186} INFO - Started process (PID=151) to work on /home/airflow/.local/lib/python3.12/site-packages/airflow/example_dags/example_task_group_decorator.py
[2026-03-23T19:05:09.955+0000] {processor.py:914} INFO - Processing file /home/airflow/.local/lib/python3.12/site-packages/airflow/example_dags/example_task_group_decorator.py for tasks to queue
[2026-03-23T19:05:09.970+0000] {logging_mixin.py:190} INFO - [2026-03-23T19:05:09.969+0000] {dagbag.py:588} INFO - Filling up the DagBag from /home/airflow/.local/lib/python3.12/site-packages/airflow/example_dags/example_task_group_decorator.py
[2026-03-23T19:05:09.979+0000] {processor.py:925} INFO - DAG(s) 'example_task_group_decorator' retrieved from /home/airflow/.local/lib/python3.12/site-packages/airflow/example_dags/example_task_group_decorator.py
[2026-03-23T19:05:10.038+0000] {logging_mixin.py:190} INFO - [2026-03-23T19:05:10.038+0000] {dag.py:3239} INFO - Sync 1 DAGs
[2026-03-23T19:05:10.064+0000] {logging_mixin.py:190} INFO - [2026-03-23T19:05:10.063+0000] {dag.py:4180} INFO - Setting next_dagrun for example_task_group_decorator to None, run_after=None
[2026-03-23T19:05:10.091+0000] {processor.py:208} INFO - Processing /home/airflow/.local/lib/python3.12/site-packages/airflow/example_dags/example_task_group_decorator.py took 0.148 seconds
[2026-03-23T19:05:43.619+0000] {processor.py:186} INFO - Started process (PID=215) to work on /home/airflow/.local/lib/python3.12/site-packages/airflow/example_dags/example_task_group_decorator.py
[2026-03-23T19:05:43.620+0000] {processor.py:914} INFO - Processing file /home/airflow/.local/lib/python3.12/site-packages/airflow/example_dags/example_task_group_decorator.py for tasks to queue
[2026-03-23T19:05:43.623+0000] {logging_mixin.py:190} INFO - [2026-03-23T19:05:43.622+0000] {dagbag.py:588} INFO - Filling up the DagBag from /home/airflow/.local/lib/python3.12/site-packages/airflow/example_dags/example_task_group_decorator.py
[2026-03-23T19:05:43.635+0000] {processor.py:925} INFO - DAG(s) 'example_task_group_decorator' retrieved from /home/airflow/.local/lib/python3.12/site-packages/airflow/example_dags/example_task_group_decorator.py
[2026-03-23T19:05:43.660+0000] {logging_mixin.py:190} INFO - [2026-03-23T19:05:43.659+0000] {dag.py:3239} INFO - Sync 1 DAGs
[2026-03-23T19:05:43.674+0000] {logging_mixin.py:190} INFO - [2026-03-23T19:05:43.673+0000] {dag.py:4180} INFO - Setting next_dagrun for example_task_group_decorator to None, run_after=None
[2026-03-23T19:05:43.687+0000] {processor.py:208} INFO - Processing /home/airflow/.local/lib/python3.12/site-packages/airflow/example_dags/example_task_group_decorator.py took 0.074 seconds
[2026-03-23T19:06:13.929+0000] {processor.py:186} INFO - Started process (PID=279) to work on /home/airflow/.local/lib/python3.12/site-packages/airflow/example_dags/example_task_group_decorator.py
[2026-03-23T19:06:13.930+0000] {processor.py:914} INFO - Processing file /home/airflow/.local/lib/python3.12/site-packages/airflow/example_dags/example_task_group_decorator.py for tasks to queue
[2026-03-23T19:06:13.932+0000] {logging_mixin.py:190} INFO - [2026-03-23T19:06:13.932+0000] {dagbag.py:588} INFO - Filling up the DagBag from /home/airflow/.local/lib/python3.12/site-packages/airflow/example_dags/example_task_group_decorator.py
[2026-03-23T19:06:13.953+0000] {processor.py:925} INFO - DAG(s) 'example_task_group_decorator' retrieved from /home/airflow/.local/lib/python3.12/site-packages/airflow/example_dags/example_task_group_decorator.py
[2026-03-23T19:06:13.996+0000] {logging_mixin.py:190} INFO - [2026-03-23T19:06:13.996+0000] {dag.py:3239} INFO - Sync 1 DAGs
[2026-03-23T19:06:14.005+0000] {logging_mixin.py:190} INFO - [2026-03-23T19:06:14.005+0000] {dag.py:4180} INFO - Setting next_dagrun for example_task_group_decorator to None, run_after=None
[2026-03-23T19:06:14.018+0000] {processor.py:208} INFO - Processing /home/airflow/.local/lib/python3.12/site-packages/airflow/example_dags/example_task_group_decorator.py took 0.096 seconds
[2026-03-23T19:06:44.663+0000] {processor.py:186} INFO - Started process (PID=343) to work on /home/airflow/.local/lib/python3.12/site-packages/airflow/example_dags/example_task_group_decorator.py
[2026-03-23T19:06:44.664+0000] {processor.py:914} INFO - Processing file /home/airflow/.local/lib/python3.12/site-packages/airflow/example_dags/example_task_group_decorator.py for tasks to queue
[2026-03-23T19:06:44.665+0000] {logging_mixin.py:190} INFO - [2026-03-23T19:06:44.665+0000] {dagbag.py:588} INFO - Filling up the DagBag from /home/airflow/.local/lib/python3.12/site-packages/airflow/example_dags/example_task_group_decorator.py
[2026-03-23T19:06:44.676+0000] {processor.py:925} INFO - DAG(s) 'example_task_group_decorator' retrieved from /home/airflow/.local/lib/python3.12/site-packages/airflow/example_dags/example_task_group_decorator.py
[2026-03-23T19:06:44.693+0000] {logging_mixin.py:190} INFO - [2026-03-23T19:06:44.693+0000] {dag.py:3239} INFO - Sync 1 DAGs
[2026-03-23T19:06:44.702+0000] {logging_mixin.py:190} INFO - [2026-03-23T19:06:44.702+0000] {dag.py:4180} INFO - Setting next_dagrun for example_task_group_decorator to None, run_after=None
[2026-03-23T19:06:44.721+0000] {processor.py:208} INFO - Processing /home/airflow/.local/lib/python3.12/site-packages/airflow/example_dags/example_task_group_decorator.py took 0.062 seconds
[2026-03-23T19:07:23.806+0000] {processor.py:186} INFO - Started process (PID=413) to work on /home/airflow/.local/lib/python3.12/site-packages/airflow/example_dags/example_task_group_decorator.py
[2026-03-23T19:07:23.808+0000] {processor.py:914} INFO - Processing file /home/airflow/.local/lib/python3.12/site-packages/airflow/example_dags/example_task_group_decorator.py for tasks to queue
[2026-03-23T19:07:23.826+0000] {logging_mixin.py:190} INFO - [2026-03-23T19:07:23.825+0000] {dagbag.py:588} INFO - Filling up the DagBag from /home/airflow/.local/lib/python3.12/site-packages/airflow/example_dags/example_task_group_decorator.py
[2026-03-23T19:07:23.904+0000] {processor.py:925} INFO - DAG(s) 'example_task_group_decorator' retrieved from /home/airflow/.local/lib/python3.12/site-packages/airflow/example_dags/example_task_group_decorator.py
[2026-03-23T19:07:23.983+0000] {logging_mixin.py:190} INFO - [2026-03-23T19:07:23.982+0000] {dag.py:3239} INFO - Sync 1 DAGs
[2026-03-23T19:07:24.045+0000] {logging_mixin.py:190} INFO - [2026-03-23T19:07:24.043+0000] {dag.py:4180} INFO - Setting next_dagrun for example_task_group_decorator to None, run_after=None
[2026-03-23T19:07:24.140+0000] {processor.py:208} INFO - Processing /home/airflow/.local/lib/python3.12/site-packages/airflow/example_dags/example_task_group_decorator.py took 0.370 seconds
[2026-03-23T19:08:01.227+0000] {processor.py:186} INFO - Started process (PID=477) to work on /home/airflow/.local/lib/python3.12/site-packages/airflow/example_dags/example_task_group_decorator.py
[2026-03-23T19:08:01.248+0000] {processor.py:914} INFO - Processing file /home/airflow/.local/lib/python3.12/site-packages/airflow/example_dags/example_task_group_decorator.py for tasks to queue
[2026-03-23T19:08:01.330+0000] {logging_mixin.py:190} INFO - [2026-03-23T19:08:01.329+0000] {dagbag.py:588} INFO - Filling up the DagBag from /home/airflow/.local/lib/python3.12/site-packages/airflow/example_dags/example_task_group_decorator.py
[2026-03-23T19:08:01.440+0000] {processor.py:925} INFO - DAG(s) 'example_task_group_decorator' retrieved from /home/airflow/.local/lib/python3.12/site-packages/airflow/example_dags/example_task_group_decorator.py
[2026-03-23T19:08:01.569+0000] {logging_mixin.py:190} INFO - [2026-03-23T19:08:01.569+0000] {dag.py:3239} INFO - Sync 1 DAGs
[2026-03-23T19:08:01.613+0000] {logging_mixin.py:190} INFO - [2026-03-23T19:08:01.612+0000] {dag.py:4180} INFO - Setting next_dagrun for example_task_group_decorator to None, run_after=None
[2026-03-23T19:08:01.679+0000] {processor.py:208} INFO - Processing /home/airflow/.local/lib/python3.12/site-packages/airflow/example_dags/example_task_group_decorator.py took 0.523 seconds
[2026-03-23T19:08:39.405+0000] {processor.py:186} INFO - Started process (PID=541) to work on /home/airflow/.local/lib/python3.12/site-packages/airflow/example_dags/example_task_group_decorator.py
[2026-03-23T19:08:39.409+0000] {processor.py:914} INFO - Processing file /home/airflow/.local/lib/python3.12/site-packages/airflow/example_dags/example_task_group_decorator.py for tasks to queue
[2026-03-23T19:08:39.464+0000] {logging_mixin.py:190} INFO - [2026-03-23T19:08:39.460+0000] {dagbag.py:588} INFO - Filling up the DagBag from /home/airflow/.local/lib/python3.12/site-packages/airflow/example_dags/example_task_group_decorator.py
[2026-03-23T19:08:39.644+0000] {processor.py:925} INFO - DAG(s) 'example_task_group_decorator' retrieved from /home/airflow/.local/lib/python3.12/site-packages/airflow/example_dags/example_task_group_decorator.py
[2026-03-23T19:08:39.791+0000] {logging_mixin.py:190} INFO - [2026-03-23T19:08:39.786+0000] {dag.py:3239} INFO - Sync 1 DAGs
[2026-03-23T19:08:39.864+0000] {logging_mixin.py:190} INFO - [2026-03-23T19:08:39.863+0000] {dag.py:4180} INFO - Setting next_dagrun for example_task_group_decorator to None, run_after=None
[2026-03-23T19:08:39.920+0000] {processor.py:208} INFO - Processing /home/airflow/.local/lib/python3.12/site-packages/airflow/example_dags/example_task_group_decorator.py took 0.562 seconds
[2026-03-23T19:09:14.240+0000] {processor.py:186} INFO - Started process (PID=607) to work on /home/airflow/.local/lib/python3.12/site-packages/airflow/example_dags/example_task_group_decorator.py
[2026-03-23T19:09:14.241+0000] {processor.py:914} INFO - Processing file /home/airflow/.local/lib/python3.12/site-packages/airflow/example_dags/example_task_group_decorator.py for tasks to queue
[2026-03-23T19:09:14.244+0000] {logging_mixin.py:190} INFO - [2026-03-23T19:09:14.243+0000] {dagbag.py:588} INFO - Filling up the DagBag from /home/airflow/.local/lib/python3.12/site-packages/airflow/example_dags/example_task_group_decorator.py
[2026-03-23T19:09:14.259+0000] {processor.py:925} INFO - DAG(s) 'example_task_group_decorator' retrieved from /home/airflow/.local/lib/python3.12/site-packages/airflow/example_dags/example_task_group_decorator.py
[2026-03-23T19:09:14.281+0000] {logging_mixin.py:190} INFO - [2026-03-23T19:09:14.281+0000] {dag.py:3239} INFO - Sync 1 DAGs
[2026-03-23T19:09:14.299+0000] {logging_mixin.py:190} INFO - [2026-03-23T19:09:14.299+0000] {dag.py:4180} INFO - Setting next_dagrun for example_task_group_decorator to None, run_after=None
[2026-03-23T19:09:14.310+0000] {processor.py:208} INFO - Processing /home/airflow/.local/lib/python3.12/site-packages/airflow/example_dags/example_task_group_decorator.py took 0.074 seconds
[2026-03-23T19:09:44.654+0000] {processor.py:186} INFO - Started process (PID=671) to work on /home/airflow/.local/lib/python3.12/site-packages/airflow/example_dags/example_task_group_decorator.py
[2026-03-23T19:09:44.656+0000] {processor.py:914} INFO - Processing file /home/airflow/.local/lib/python3.12/site-packages/airflow/example_dags/example_task_group_decorator.py for tasks to queue
[2026-03-23T19:09:44.659+0000] {logging_mixin.py:190} INFO - [2026-03-23T19:09:44.658+0000] {dagbag.py:588} INFO - Filling up the DagBag from /home/airflow/.local/lib/python3.12/site-packages/airflow/example_dags/example_task_group_decorator.py
[2026-03-23T19:09:44.668+0000] {processor.py:925} INFO - DAG(s) 'example_task_group_decorator' retrieved from /home/airflow/.local/lib/python3.12/site-packages/airflow/example_dags/example_task_group_decorator.py
[2026-03-23T19:09:44.709+0000] {logging_mixin.py:190} INFO - [2026-03-23T19:09:44.709+0000] {dag.py:3239} INFO - Sync 1 DAGs
[2026-03-23T19:09:44.731+0000] {logging_mixin.py:190} INFO - [2026-03-23T19:09:44.731+0000] {dag.py:4180} INFO - Setting next_dagrun for example_task_group_decorator to None, run_after=None
[2026-03-23T19:09:44.749+0000] {processor.py:208} INFO - Processing /home/airflow/.local/lib/python3.12/site-packages/airflow/example_dags/example_task_group_decorator.py took 0.102 seconds
[2026-03-23T19:10:16.354+0000] {processor.py:186} INFO - Started process (PID=735) to work on /home/airflow/.local/lib/python3.12/site-packages/airflow/example_dags/example_task_group_decorator.py
[2026-03-23T19:10:16.359+0000] {processor.py:914} INFO - Processing file /home/airflow/.local/lib/python3.12/site-packages/airflow/example_dags/example_task_group_decorator.py for tasks to queue
[2026-03-23T19:10:16.367+0000] {logging_mixin.py:190} INFO - [2026-03-23T19:10:16.366+0000] {dagbag.py:588} INFO - Filling up the DagBag from /home/airflow/.local/lib/python3.12/site-packages/airflow/example_dags/example_task_group_decorator.py
[2026-03-23T19:10:16.400+0000] {processor.py:925} INFO - DAG(s) 'example_task_group_decorator' retrieved from /home/airflow/.local/lib/python3.12/site-packages/airflow/example_dags/example_task_group_decorator.py
[2026-03-23T19:10:16.456+0000] {logging_mixin.py:190} INFO - [2026-03-23T19:10:16.456+0000] {dag.py:3239} INFO - Sync 1 DAGs
[2026-03-23T19:10:16.484+0000] {logging_mixin.py:190} INFO - [2026-03-23T19:10:16.484+0000] {dag.py:4180} INFO - Setting next_dagrun for example_task_group_decorator to None, run_after=None
[2026-03-23T19:10:16.518+0000] {processor.py:208} INFO - Processing /home/airflow/.local/lib/python3.12/site-packages/airflow/example_dags/example_task_group_decorator.py took 0.178 seconds
