[2026-03-23T19:04:35.144+0000] {processor.py:186} INFO - Started process (PID=77) to work on /home/airflow/.local/lib/python3.12/site-packages/airflow/example_dags/example_workday_timetable.py
[2026-03-23T19:04:35.152+0000] {processor.py:914} INFO - Processing file /home/airflow/.local/lib/python3.12/site-packages/airflow/example_dags/example_workday_timetable.py for tasks to queue
[2026-03-23T19:04:35.165+0000] {logging_mixin.py:190} INFO - [2026-03-23T19:04:35.164+0000] {dagbag.py:588} INFO - Filling up the DagBag from /home/airflow/.local/lib/python3.12/site-packages/airflow/example_dags/example_workday_timetable.py
[2026-03-23T19:04:35.185+0000] {processor.py:925} INFO - DAG(s) 'example_workday_timetable' retrieved from /home/airflow/.local/lib/python3.12/site-packages/airflow/example_dags/example_workday_timetable.py
[2026-03-23T19:04:35.440+0000] {logging_mixin.py:190} INFO - [2026-03-23T19:04:35.435+0000] {override.py:1911} INFO - Created Permission View: can edit on DAG:example_workday_timetable
[2026-03-23T19:04:35.477+0000] {logging_mixin.py:190} INFO - [2026-03-23T19:04:35.476+0000] {override.py:1911} INFO - Created Permission View: can read on DAG:example_workday_timetable
[2026-03-23T19:04:35.486+0000] {logging_mixin.py:190} INFO - [2026-03-23T19:04:35.486+0000] {override.py:1911} INFO - Created Permission View: can delete on DAG:example_workday_timetable
[2026-03-23T19:04:35.492+0000] {logging_mixin.py:190} INFO - [2026-03-23T19:04:35.492+0000] {override.py:1911} INFO - Created Permission View: menu access on DAG Run:example_workday_timetable
[2026-03-23T19:04:35.501+0000] {logging_mixin.py:190} INFO - [2026-03-23T19:04:35.500+0000] {override.py:1911} INFO - Created Permission View: can read on DAG Run:example_workday_timetable
[2026-03-23T19:04:35.505+0000] {logging_mixin.py:190} INFO - [2026-03-23T19:04:35.504+0000] {override.py:1911} INFO - Created Permission View: can create on DAG Run:example_workday_timetable
[2026-03-23T19:04:35.509+0000] {logging_mixin.py:190} INFO - [2026-03-23T19:04:35.509+0000] {override.py:1911} INFO - Created Permission View: can delete on DAG Run:example_workday_timetable
[2026-03-23T19:04:35.509+0000] {logging_mixin.py:190} INFO - [2026-03-23T19:04:35.509+0000] {dag.py:3239} INFO - Sync 1 DAGs
[2026-03-23T19:04:35.526+0000] {logging_mixin.py:190} INFO - [2026-03-23T19:04:35.526+0000] {dag.py:3262} INFO - Creating ORM DAG for example_workday_timetable
[2026-03-23T19:04:36.108+0000] {logging_mixin.py:190} INFO - [2026-03-23T19:04:36.095+0000] {dag.py:4180} INFO - Setting next_dagrun for example_workday_timetable to 2021-01-04 00:00:00+00:00, run_after=2021-01-05 00:00:00+00:00
[2026-03-23T19:04:36.240+0000] {processor.py:208} INFO - Processing /home/airflow/.local/lib/python3.12/site-packages/airflow/example_dags/example_workday_timetable.py took 1.122 seconds
[2026-03-23T19:05:06.874+0000] {processor.py:186} INFO - Started process (PID=141) to work on /home/airflow/.local/lib/python3.12/site-packages/airflow/example_dags/example_workday_timetable.py
[2026-03-23T19:05:06.875+0000] {processor.py:914} INFO - Processing file /home/airflow/.local/lib/python3.12/site-packages/airflow/example_dags/example_workday_timetable.py for tasks to queue
[2026-03-23T19:05:06.883+0000] {logging_mixin.py:190} INFO - [2026-03-23T19:05:06.882+0000] {dagbag.py:588} INFO - Filling up the DagBag from /home/airflow/.local/lib/python3.12/site-packages/airflow/example_dags/example_workday_timetable.py
[2026-03-23T19:05:06.902+0000] {processor.py:925} INFO - DAG(s) 'example_workday_timetable' retrieved from /home/airflow/.local/lib/python3.12/site-packages/airflow/example_dags/example_workday_timetable.py
[2026-03-23T19:05:06.944+0000] {logging_mixin.py:190} INFO - [2026-03-23T19:05:06.944+0000] {dag.py:3239} INFO - Sync 1 DAGs
[2026-03-23T19:05:07.083+0000] {logging_mixin.py:190} INFO - [2026-03-23T19:05:07.082+0000] {dag.py:4180} INFO - Setting next_dagrun for example_workday_timetable to 2021-01-04 00:00:00+00:00, run_after=2021-01-05 00:00:00+00:00
[2026-03-23T19:05:07.097+0000] {processor.py:208} INFO - Processing /home/airflow/.local/lib/python3.12/site-packages/airflow/example_dags/example_workday_timetable.py took 0.231 seconds
[2026-03-23T19:05:37.252+0000] {processor.py:186} INFO - Started process (PID=205) to work on /home/airflow/.local/lib/python3.12/site-packages/airflow/example_dags/example_workday_timetable.py
[2026-03-23T19:05:37.253+0000] {processor.py:914} INFO - Processing file /home/airflow/.local/lib/python3.12/site-packages/airflow/example_dags/example_workday_timetable.py for tasks to queue
[2026-03-23T19:05:37.256+0000] {logging_mixin.py:190} INFO - [2026-03-23T19:05:37.255+0000] {dagbag.py:588} INFO - Filling up the DagBag from /home/airflow/.local/lib/python3.12/site-packages/airflow/example_dags/example_workday_timetable.py
[2026-03-23T19:05:37.263+0000] {processor.py:925} INFO - DAG(s) 'example_workday_timetable' retrieved from /home/airflow/.local/lib/python3.12/site-packages/airflow/example_dags/example_workday_timetable.py
[2026-03-23T19:05:37.291+0000] {logging_mixin.py:190} INFO - [2026-03-23T19:05:37.291+0000] {dag.py:3239} INFO - Sync 1 DAGs
[2026-03-23T19:05:37.392+0000] {logging_mixin.py:190} INFO - [2026-03-23T19:05:37.392+0000] {dag.py:4180} INFO - Setting next_dagrun for example_workday_timetable to 2021-01-04 00:00:00+00:00, run_after=2021-01-05 00:00:00+00:00
[2026-03-23T19:05:37.408+0000] {processor.py:208} INFO - Processing /home/airflow/.local/lib/python3.12/site-packages/airflow/example_dags/example_workday_timetable.py took 0.163 seconds
[2026-03-23T19:06:07.891+0000] {processor.py:186} INFO - Started process (PID=269) to work on /home/airflow/.local/lib/python3.12/site-packages/airflow/example_dags/example_workday_timetable.py
[2026-03-23T19:06:07.895+0000] {processor.py:914} INFO - Processing file /home/airflow/.local/lib/python3.12/site-packages/airflow/example_dags/example_workday_timetable.py for tasks to queue
[2026-03-23T19:06:07.903+0000] {logging_mixin.py:190} INFO - [2026-03-23T19:06:07.902+0000] {dagbag.py:588} INFO - Filling up the DagBag from /home/airflow/.local/lib/python3.12/site-packages/airflow/example_dags/example_workday_timetable.py
[2026-03-23T19:06:07.913+0000] {processor.py:925} INFO - DAG(s) 'example_workday_timetable' retrieved from /home/airflow/.local/lib/python3.12/site-packages/airflow/example_dags/example_workday_timetable.py
[2026-03-23T19:06:07.939+0000] {logging_mixin.py:190} INFO - [2026-03-23T19:06:07.939+0000] {dag.py:3239} INFO - Sync 1 DAGs
[2026-03-23T19:06:08.004+0000] {logging_mixin.py:190} INFO - [2026-03-23T19:06:08.004+0000] {dag.py:4180} INFO - Setting next_dagrun for example_workday_timetable to 2021-01-04 00:00:00+00:00, run_after=2021-01-05 00:00:00+00:00
[2026-03-23T19:06:08.023+0000] {processor.py:208} INFO - Processing /home/airflow/.local/lib/python3.12/site-packages/airflow/example_dags/example_workday_timetable.py took 0.140 seconds
[2026-03-23T19:06:38.952+0000] {processor.py:186} INFO - Started process (PID=333) to work on /home/airflow/.local/lib/python3.12/site-packages/airflow/example_dags/example_workday_timetable.py
[2026-03-23T19:06:38.953+0000] {processor.py:914} INFO - Processing file /home/airflow/.local/lib/python3.12/site-packages/airflow/example_dags/example_workday_timetable.py for tasks to queue
[2026-03-23T19:06:38.957+0000] {logging_mixin.py:190} INFO - [2026-03-23T19:06:38.957+0000] {dagbag.py:588} INFO - Filling up the DagBag from /home/airflow/.local/lib/python3.12/site-packages/airflow/example_dags/example_workday_timetable.py
[2026-03-23T19:06:38.962+0000] {processor.py:925} INFO - DAG(s) 'example_workday_timetable' retrieved from /home/airflow/.local/lib/python3.12/site-packages/airflow/example_dags/example_workday_timetable.py
[2026-03-23T19:06:38.981+0000] {logging_mixin.py:190} INFO - [2026-03-23T19:06:38.980+0000] {dag.py:3239} INFO - Sync 1 DAGs
[2026-03-23T19:06:39.078+0000] {logging_mixin.py:190} INFO - [2026-03-23T19:06:39.078+0000] {dag.py:4180} INFO - Setting next_dagrun for example_workday_timetable to 2021-01-04 00:00:00+00:00, run_after=2021-01-05 00:00:00+00:00
[2026-03-23T19:06:39.096+0000] {processor.py:208} INFO - Processing /home/airflow/.local/lib/python3.12/site-packages/airflow/example_dags/example_workday_timetable.py took 0.159 seconds
[2026-03-23T19:07:21.408+0000] {processor.py:186} INFO - Started process (PID=397) to work on /home/airflow/.local/lib/python3.12/site-packages/airflow/example_dags/example_workday_timetable.py
[2026-03-23T19:07:21.410+0000] {processor.py:914} INFO - Processing file /home/airflow/.local/lib/python3.12/site-packages/airflow/example_dags/example_workday_timetable.py for tasks to queue
[2026-03-23T19:07:21.412+0000] {logging_mixin.py:190} INFO - [2026-03-23T19:07:21.412+0000] {dagbag.py:588} INFO - Filling up the DagBag from /home/airflow/.local/lib/python3.12/site-packages/airflow/example_dags/example_workday_timetable.py
[2026-03-23T19:07:21.416+0000] {processor.py:925} INFO - DAG(s) 'example_workday_timetable' retrieved from /home/airflow/.local/lib/python3.12/site-packages/airflow/example_dags/example_workday_timetable.py
[2026-03-23T19:07:21.449+0000] {logging_mixin.py:190} INFO - [2026-03-23T19:07:21.449+0000] {dag.py:3239} INFO - Sync 1 DAGs
[2026-03-23T19:07:21.853+0000] {logging_mixin.py:190} INFO - [2026-03-23T19:07:21.846+0000] {dag.py:4180} INFO - Setting next_dagrun for example_workday_timetable to 2021-01-04 00:00:00+00:00, run_after=2021-01-05 00:00:00+00:00
[2026-03-23T19:07:21.957+0000] {processor.py:208} INFO - Processing /home/airflow/.local/lib/python3.12/site-packages/airflow/example_dags/example_workday_timetable.py took 0.560 seconds
[2026-03-23T19:07:56.729+0000] {processor.py:186} INFO - Started process (PID=467) to work on /home/airflow/.local/lib/python3.12/site-packages/airflow/example_dags/example_workday_timetable.py
[2026-03-23T19:07:56.753+0000] {processor.py:914} INFO - Processing file /home/airflow/.local/lib/python3.12/site-packages/airflow/example_dags/example_workday_timetable.py for tasks to queue
[2026-03-23T19:07:56.758+0000] {logging_mixin.py:190} INFO - [2026-03-23T19:07:56.758+0000] {dagbag.py:588} INFO - Filling up the DagBag from /home/airflow/.local/lib/python3.12/site-packages/airflow/example_dags/example_workday_timetable.py
[2026-03-23T19:07:56.762+0000] {processor.py:925} INFO - DAG(s) 'example_workday_timetable' retrieved from /home/airflow/.local/lib/python3.12/site-packages/airflow/example_dags/example_workday_timetable.py
[2026-03-23T19:07:56.806+0000] {logging_mixin.py:190} INFO - [2026-03-23T19:07:56.806+0000] {dag.py:3239} INFO - Sync 1 DAGs
[2026-03-23T19:07:57.197+0000] {logging_mixin.py:190} INFO - [2026-03-23T19:07:57.196+0000] {dag.py:4180} INFO - Setting next_dagrun for example_workday_timetable to 2021-01-04 00:00:00+00:00, run_after=2021-01-05 00:00:00+00:00
[2026-03-23T19:07:57.261+0000] {processor.py:208} INFO - Processing /home/airflow/.local/lib/python3.12/site-packages/airflow/example_dags/example_workday_timetable.py took 0.544 seconds
[2026-03-23T19:08:35.204+0000] {processor.py:186} INFO - Started process (PID=531) to work on /home/airflow/.local/lib/python3.12/site-packages/airflow/example_dags/example_workday_timetable.py
[2026-03-23T19:08:35.213+0000] {processor.py:914} INFO - Processing file /home/airflow/.local/lib/python3.12/site-packages/airflow/example_dags/example_workday_timetable.py for tasks to queue
[2026-03-23T19:08:35.218+0000] {logging_mixin.py:190} INFO - [2026-03-23T19:08:35.217+0000] {dagbag.py:588} INFO - Filling up the DagBag from /home/airflow/.local/lib/python3.12/site-packages/airflow/example_dags/example_workday_timetable.py
[2026-03-23T19:08:35.283+0000] {processor.py:925} INFO - DAG(s) 'example_workday_timetable' retrieved from /home/airflow/.local/lib/python3.12/site-packages/airflow/example_dags/example_workday_timetable.py
[2026-03-23T19:08:35.516+0000] {logging_mixin.py:190} INFO - [2026-03-23T19:08:35.514+0000] {dag.py:3239} INFO - Sync 1 DAGs
[2026-03-23T19:08:36.050+0000] {logging_mixin.py:190} INFO - [2026-03-23T19:08:36.049+0000] {dag.py:4180} INFO - Setting next_dagrun for example_workday_timetable to 2021-01-04 00:00:00+00:00, run_after=2021-01-05 00:00:00+00:00
[2026-03-23T19:08:36.218+0000] {processor.py:208} INFO - Processing /home/airflow/.local/lib/python3.12/site-packages/airflow/example_dags/example_workday_timetable.py took 1.039 seconds
[2026-03-23T19:09:09.140+0000] {processor.py:186} INFO - Started process (PID=596) to work on /home/airflow/.local/lib/python3.12/site-packages/airflow/example_dags/example_workday_timetable.py
[2026-03-23T19:09:09.145+0000] {processor.py:914} INFO - Processing file /home/airflow/.local/lib/python3.12/site-packages/airflow/example_dags/example_workday_timetable.py for tasks to queue
[2026-03-23T19:09:09.164+0000] {logging_mixin.py:190} INFO - [2026-03-23T19:09:09.161+0000] {dagbag.py:588} INFO - Filling up the DagBag from /home/airflow/.local/lib/python3.12/site-packages/airflow/example_dags/example_workday_timetable.py
[2026-03-23T19:09:09.272+0000] {processor.py:925} INFO - DAG(s) 'example_workday_timetable' retrieved from /home/airflow/.local/lib/python3.12/site-packages/airflow/example_dags/example_workday_timetable.py
[2026-03-23T19:09:09.577+0000] {logging_mixin.py:190} INFO - [2026-03-23T19:09:09.575+0000] {dag.py:3239} INFO - Sync 1 DAGs
[2026-03-23T19:09:10.485+0000] {logging_mixin.py:190} INFO - [2026-03-23T19:09:10.479+0000] {dag.py:4180} INFO - Setting next_dagrun for example_workday_timetable to 2021-01-04 00:00:00+00:00, run_after=2021-01-05 00:00:00+00:00
[2026-03-23T19:09:10.667+0000] {processor.py:208} INFO - Processing /home/airflow/.local/lib/python3.12/site-packages/airflow/example_dags/example_workday_timetable.py took 1.534 seconds
[2026-03-23T19:09:43.023+0000] {processor.py:186} INFO - Started process (PID=660) to work on /home/airflow/.local/lib/python3.12/site-packages/airflow/example_dags/example_workday_timetable.py
[2026-03-23T19:09:43.032+0000] {processor.py:914} INFO - Processing file /home/airflow/.local/lib/python3.12/site-packages/airflow/example_dags/example_workday_timetable.py for tasks to queue
[2026-03-23T19:09:43.045+0000] {logging_mixin.py:190} INFO - [2026-03-23T19:09:43.044+0000] {dagbag.py:588} INFO - Filling up the DagBag from /home/airflow/.local/lib/python3.12/site-packages/airflow/example_dags/example_workday_timetable.py
[2026-03-23T19:09:43.075+0000] {processor.py:925} INFO - DAG(s) 'example_workday_timetable' retrieved from /home/airflow/.local/lib/python3.12/site-packages/airflow/example_dags/example_workday_timetable.py
[2026-03-23T19:09:43.150+0000] {logging_mixin.py:190} INFO - [2026-03-23T19:09:43.150+0000] {dag.py:3239} INFO - Sync 1 DAGs
[2026-03-23T19:09:43.291+0000] {logging_mixin.py:190} INFO - [2026-03-23T19:09:43.290+0000] {dag.py:4180} INFO - Setting next_dagrun for example_workday_timetable to 2021-01-04 00:00:00+00:00, run_after=2021-01-05 00:00:00+00:00
[2026-03-23T19:09:43.320+0000] {processor.py:208} INFO - Processing /home/airflow/.local/lib/python3.12/site-packages/airflow/example_dags/example_workday_timetable.py took 0.318 seconds
[2026-03-23T19:10:13.567+0000] {processor.py:186} INFO - Started process (PID=723) to work on /home/airflow/.local/lib/python3.12/site-packages/airflow/example_dags/example_workday_timetable.py
[2026-03-23T19:10:13.581+0000] {processor.py:914} INFO - Processing file /home/airflow/.local/lib/python3.12/site-packages/airflow/example_dags/example_workday_timetable.py for tasks to queue
[2026-03-23T19:10:13.625+0000] {logging_mixin.py:190} INFO - [2026-03-23T19:10:13.624+0000] {dagbag.py:588} INFO - Filling up the DagBag from /home/airflow/.local/lib/python3.12/site-packages/airflow/example_dags/example_workday_timetable.py
[2026-03-23T19:10:13.662+0000] {processor.py:925} INFO - DAG(s) 'example_workday_timetable' retrieved from /home/airflow/.local/lib/python3.12/site-packages/airflow/example_dags/example_workday_timetable.py
[2026-03-23T19:10:13.779+0000] {logging_mixin.py:190} INFO - [2026-03-23T19:10:13.779+0000] {dag.py:3239} INFO - Sync 1 DAGs
[2026-03-23T19:10:14.083+0000] {logging_mixin.py:190} INFO - [2026-03-23T19:10:14.083+0000] {dag.py:4180} INFO - Setting next_dagrun for example_workday_timetable to 2021-01-04 00:00:00+00:00, run_after=2021-01-05 00:00:00+00:00
[2026-03-23T19:10:14.136+0000] {processor.py:208} INFO - Processing /home/airflow/.local/lib/python3.12/site-packages/airflow/example_dags/example_workday_timetable.py took 0.617 seconds
