[2026-03-23T19:04:48.191+0000] {processor.py:186} INFO - Started process (PID=105) to work on /home/airflow/.local/lib/python3.12/site-packages/airflow/example_dags/example_dataset_alias.py
[2026-03-23T19:04:48.193+0000] {processor.py:914} INFO - Processing file /home/airflow/.local/lib/python3.12/site-packages/airflow/example_dags/example_dataset_alias.py for tasks to queue
[2026-03-23T19:04:48.200+0000] {logging_mixin.py:190} INFO - [2026-03-23T19:04:48.200+0000] {dagbag.py:588} INFO - Filling up the DagBag from /home/airflow/.local/lib/python3.12/site-packages/airflow/example_dags/example_dataset_alias.py
[2026-03-23T19:04:50.630+0000] {processor.py:925} INFO - DAG(s) 'dataset_alias_example_alias_consumer', 'dataset_s3_bucket_producer', 'dataset_s3_bucket_consumer', 'dataset_alias_example_alias_producer' retrieved from /home/airflow/.local/lib/python3.12/site-packages/airflow/example_dags/example_dataset_alias.py
[2026-03-23T19:04:50.765+0000] {logging_mixin.py:190} INFO - [2026-03-23T19:04:50.764+0000] {override.py:1911} INFO - Created Permission View: can edit on DAG:dataset_alias_example_alias_consumer
[2026-03-23T19:04:50.774+0000] {logging_mixin.py:190} INFO - [2026-03-23T19:04:50.774+0000] {override.py:1911} INFO - Created Permission View: can read on DAG:dataset_alias_example_alias_consumer
[2026-03-23T19:04:50.780+0000] {logging_mixin.py:190} INFO - [2026-03-23T19:04:50.779+0000] {override.py:1911} INFO - Created Permission View: can delete on DAG:dataset_alias_example_alias_consumer
[2026-03-23T19:04:50.783+0000] {logging_mixin.py:190} INFO - [2026-03-23T19:04:50.783+0000] {override.py:1911} INFO - Created Permission View: menu access on DAG Run:dataset_alias_example_alias_consumer
[2026-03-23T19:04:50.787+0000] {logging_mixin.py:190} INFO - [2026-03-23T19:04:50.787+0000] {override.py:1911} INFO - Created Permission View: can read on DAG Run:dataset_alias_example_alias_consumer
[2026-03-23T19:04:50.790+0000] {logging_mixin.py:190} INFO - [2026-03-23T19:04:50.789+0000] {override.py:1911} INFO - Created Permission View: can create on DAG Run:dataset_alias_example_alias_consumer
[2026-03-23T19:04:50.795+0000] {logging_mixin.py:190} INFO - [2026-03-23T19:04:50.795+0000] {override.py:1911} INFO - Created Permission View: can delete on DAG Run:dataset_alias_example_alias_consumer
[2026-03-23T19:04:50.801+0000] {logging_mixin.py:190} INFO - [2026-03-23T19:04:50.800+0000] {override.py:1911} INFO - Created Permission View: can edit on DAG:dataset_s3_bucket_producer
[2026-03-23T19:04:50.803+0000] {logging_mixin.py:190} INFO - [2026-03-23T19:04:50.803+0000] {override.py:1911} INFO - Created Permission View: can read on DAG:dataset_s3_bucket_producer
[2026-03-23T19:04:50.807+0000] {logging_mixin.py:190} INFO - [2026-03-23T19:04:50.807+0000] {override.py:1911} INFO - Created Permission View: can delete on DAG:dataset_s3_bucket_producer
[2026-03-23T19:04:50.810+0000] {logging_mixin.py:190} INFO - [2026-03-23T19:04:50.810+0000] {override.py:1911} INFO - Created Permission View: menu access on DAG Run:dataset_s3_bucket_producer
[2026-03-23T19:04:50.812+0000] {logging_mixin.py:190} INFO - [2026-03-23T19:04:50.812+0000] {override.py:1911} INFO - Created Permission View: can read on DAG Run:dataset_s3_bucket_producer
[2026-03-23T19:04:50.815+0000] {logging_mixin.py:190} INFO - [2026-03-23T19:04:50.814+0000] {override.py:1911} INFO - Created Permission View: can create on DAG Run:dataset_s3_bucket_producer
[2026-03-23T19:04:50.817+0000] {logging_mixin.py:190} INFO - [2026-03-23T19:04:50.817+0000] {override.py:1911} INFO - Created Permission View: can delete on DAG Run:dataset_s3_bucket_producer
[2026-03-23T19:04:50.834+0000] {logging_mixin.py:190} INFO - [2026-03-23T19:04:50.834+0000] {override.py:1911} INFO - Created Permission View: can edit on DAG:dataset_s3_bucket_consumer
[2026-03-23T19:04:50.839+0000] {logging_mixin.py:190} INFO - [2026-03-23T19:04:50.839+0000] {override.py:1911} INFO - Created Permission View: can read on DAG:dataset_s3_bucket_consumer
[2026-03-23T19:04:50.855+0000] {logging_mixin.py:190} INFO - [2026-03-23T19:04:50.854+0000] {override.py:1911} INFO - Created Permission View: can delete on DAG:dataset_s3_bucket_consumer
[2026-03-23T19:04:50.859+0000] {logging_mixin.py:190} INFO - [2026-03-23T19:04:50.858+0000] {override.py:1911} INFO - Created Permission View: menu access on DAG Run:dataset_s3_bucket_consumer
[2026-03-23T19:04:50.863+0000] {logging_mixin.py:190} INFO - [2026-03-23T19:04:50.862+0000] {override.py:1911} INFO - Created Permission View: can read on DAG Run:dataset_s3_bucket_consumer
[2026-03-23T19:04:50.868+0000] {logging_mixin.py:190} INFO - [2026-03-23T19:04:50.868+0000] {override.py:1911} INFO - Created Permission View: can create on DAG Run:dataset_s3_bucket_consumer
[2026-03-23T19:04:50.880+0000] {logging_mixin.py:190} INFO - [2026-03-23T19:04:50.879+0000] {override.py:1911} INFO - Created Permission View: can delete on DAG Run:dataset_s3_bucket_consumer
[2026-03-23T19:04:50.905+0000] {logging_mixin.py:190} INFO - [2026-03-23T19:04:50.904+0000] {override.py:1911} INFO - Created Permission View: can edit on DAG:dataset_alias_example_alias_producer
[2026-03-23T19:04:50.914+0000] {logging_mixin.py:190} INFO - [2026-03-23T19:04:50.914+0000] {override.py:1911} INFO - Created Permission View: can read on DAG:dataset_alias_example_alias_producer
[2026-03-23T19:04:50.920+0000] {logging_mixin.py:190} INFO - [2026-03-23T19:04:50.920+0000] {override.py:1911} INFO - Created Permission View: can delete on DAG:dataset_alias_example_alias_producer
[2026-03-23T19:04:50.929+0000] {logging_mixin.py:190} INFO - [2026-03-23T19:04:50.928+0000] {override.py:1911} INFO - Created Permission View: menu access on DAG Run:dataset_alias_example_alias_producer
[2026-03-23T19:04:50.936+0000] {logging_mixin.py:190} INFO - [2026-03-23T19:04:50.936+0000] {override.py:1911} INFO - Created Permission View: can read on DAG Run:dataset_alias_example_alias_producer
[2026-03-23T19:04:50.944+0000] {logging_mixin.py:190} INFO - [2026-03-23T19:04:50.944+0000] {override.py:1911} INFO - Created Permission View: can create on DAG Run:dataset_alias_example_alias_producer
[2026-03-23T19:04:50.959+0000] {logging_mixin.py:190} INFO - [2026-03-23T19:04:50.959+0000] {override.py:1911} INFO - Created Permission View: can delete on DAG Run:dataset_alias_example_alias_producer
[2026-03-23T19:04:50.961+0000] {logging_mixin.py:190} INFO - [2026-03-23T19:04:50.960+0000] {dag.py:3239} INFO - Sync 4 DAGs
[2026-03-23T19:04:50.976+0000] {logging_mixin.py:190} INFO - [2026-03-23T19:04:50.976+0000] {dag.py:3262} INFO - Creating ORM DAG for dataset_alias_example_alias_producer
[2026-03-23T19:04:50.979+0000] {logging_mixin.py:190} INFO - [2026-03-23T19:04:50.979+0000] {dag.py:3262} INFO - Creating ORM DAG for dataset_alias_example_alias_consumer
[2026-03-23T19:04:50.981+0000] {logging_mixin.py:190} INFO - [2026-03-23T19:04:50.981+0000] {dag.py:3262} INFO - Creating ORM DAG for dataset_s3_bucket_consumer
[2026-03-23T19:04:50.983+0000] {logging_mixin.py:190} INFO - [2026-03-23T19:04:50.982+0000] {dag.py:3262} INFO - Creating ORM DAG for dataset_s3_bucket_producer
[2026-03-23T19:04:50.991+0000] {logging_mixin.py:190} INFO - [2026-03-23T19:04:50.991+0000] {dag.py:4180} INFO - Setting next_dagrun for dataset_alias_example_alias_consumer to None, run_after=None
[2026-03-23T19:04:50.991+0000] {logging_mixin.py:190} INFO - [2026-03-23T19:04:50.991+0000] {dag.py:4180} INFO - Setting next_dagrun for dataset_alias_example_alias_producer to None, run_after=None
[2026-03-23T19:04:50.992+0000] {logging_mixin.py:190} INFO - [2026-03-23T19:04:50.992+0000] {dag.py:4180} INFO - Setting next_dagrun for dataset_s3_bucket_consumer to None, run_after=None
[2026-03-23T19:04:50.992+0000] {logging_mixin.py:190} INFO - [2026-03-23T19:04:50.992+0000] {dag.py:4180} INFO - Setting next_dagrun for dataset_s3_bucket_producer to None, run_after=None
[2026-03-23T19:04:51.018+0000] {processor.py:208} INFO - Processing /home/airflow/.local/lib/python3.12/site-packages/airflow/example_dags/example_dataset_alias.py took 2.843 seconds
[2026-03-23T19:05:21.164+0000] {processor.py:186} INFO - Started process (PID=180) to work on /home/airflow/.local/lib/python3.12/site-packages/airflow/example_dags/example_dataset_alias.py
[2026-03-23T19:05:21.164+0000] {processor.py:914} INFO - Processing file /home/airflow/.local/lib/python3.12/site-packages/airflow/example_dags/example_dataset_alias.py for tasks to queue
[2026-03-23T19:05:21.166+0000] {logging_mixin.py:190} INFO - [2026-03-23T19:05:21.166+0000] {dagbag.py:588} INFO - Filling up the DagBag from /home/airflow/.local/lib/python3.12/site-packages/airflow/example_dags/example_dataset_alias.py
[2026-03-23T19:05:22.841+0000] {processor.py:925} INFO - DAG(s) 'dataset_alias_example_alias_producer', 'dataset_s3_bucket_consumer', 'dataset_alias_example_alias_consumer', 'dataset_s3_bucket_producer' retrieved from /home/airflow/.local/lib/python3.12/site-packages/airflow/example_dags/example_dataset_alias.py
[2026-03-23T19:05:22.885+0000] {logging_mixin.py:190} INFO - [2026-03-23T19:05:22.882+0000] {dag.py:3239} INFO - Sync 4 DAGs
[2026-03-23T19:05:22.918+0000] {logging_mixin.py:190} INFO - [2026-03-23T19:05:22.917+0000] {dag.py:4180} INFO - Setting next_dagrun for dataset_alias_example_alias_consumer to None, run_after=None
[2026-03-23T19:05:22.921+0000] {logging_mixin.py:190} INFO - [2026-03-23T19:05:22.921+0000] {dag.py:4180} INFO - Setting next_dagrun for dataset_alias_example_alias_producer to None, run_after=None
[2026-03-23T19:05:22.921+0000] {logging_mixin.py:190} INFO - [2026-03-23T19:05:22.921+0000] {dag.py:4180} INFO - Setting next_dagrun for dataset_s3_bucket_consumer to None, run_after=None
[2026-03-23T19:05:22.922+0000] {logging_mixin.py:190} INFO - [2026-03-23T19:05:22.922+0000] {dag.py:4180} INFO - Setting next_dagrun for dataset_s3_bucket_producer to None, run_after=None
[2026-03-23T19:05:22.939+0000] {processor.py:208} INFO - Processing /home/airflow/.local/lib/python3.12/site-packages/airflow/example_dags/example_dataset_alias.py took 1.781 seconds
[2026-03-23T19:05:53.045+0000] {processor.py:186} INFO - Started process (PID=250) to work on /home/airflow/.local/lib/python3.12/site-packages/airflow/example_dags/example_dataset_alias.py
[2026-03-23T19:05:53.067+0000] {processor.py:914} INFO - Processing file /home/airflow/.local/lib/python3.12/site-packages/airflow/example_dags/example_dataset_alias.py for tasks to queue
[2026-03-23T19:05:53.070+0000] {logging_mixin.py:190} INFO - [2026-03-23T19:05:53.070+0000] {dagbag.py:588} INFO - Filling up the DagBag from /home/airflow/.local/lib/python3.12/site-packages/airflow/example_dags/example_dataset_alias.py
[2026-03-23T19:05:53.808+0000] {processor.py:925} INFO - DAG(s) 'dataset_s3_bucket_consumer', 'dataset_alias_example_alias_consumer', 'dataset_alias_example_alias_producer', 'dataset_s3_bucket_producer' retrieved from /home/airflow/.local/lib/python3.12/site-packages/airflow/example_dags/example_dataset_alias.py
[2026-03-23T19:05:53.852+0000] {logging_mixin.py:190} INFO - [2026-03-23T19:05:53.851+0000] {dag.py:3239} INFO - Sync 4 DAGs
[2026-03-23T19:05:53.878+0000] {logging_mixin.py:190} INFO - [2026-03-23T19:05:53.878+0000] {dag.py:4180} INFO - Setting next_dagrun for dataset_alias_example_alias_consumer to None, run_after=None
[2026-03-23T19:05:53.880+0000] {logging_mixin.py:190} INFO - [2026-03-23T19:05:53.880+0000] {dag.py:4180} INFO - Setting next_dagrun for dataset_alias_example_alias_producer to None, run_after=None
[2026-03-23T19:05:53.884+0000] {logging_mixin.py:190} INFO - [2026-03-23T19:05:53.883+0000] {dag.py:4180} INFO - Setting next_dagrun for dataset_s3_bucket_consumer to None, run_after=None
[2026-03-23T19:05:53.887+0000] {logging_mixin.py:190} INFO - [2026-03-23T19:05:53.886+0000] {dag.py:4180} INFO - Setting next_dagrun for dataset_s3_bucket_producer to None, run_after=None
[2026-03-23T19:05:53.910+0000] {processor.py:208} INFO - Processing /home/airflow/.local/lib/python3.12/site-packages/airflow/example_dags/example_dataset_alias.py took 0.869 seconds
[2026-03-23T19:06:24.103+0000] {processor.py:186} INFO - Started process (PID=322) to work on /home/airflow/.local/lib/python3.12/site-packages/airflow/example_dags/example_dataset_alias.py
[2026-03-23T19:06:24.106+0000] {processor.py:914} INFO - Processing file /home/airflow/.local/lib/python3.12/site-packages/airflow/example_dags/example_dataset_alias.py for tasks to queue
[2026-03-23T19:06:24.111+0000] {logging_mixin.py:190} INFO - [2026-03-23T19:06:24.111+0000] {dagbag.py:588} INFO - Filling up the DagBag from /home/airflow/.local/lib/python3.12/site-packages/airflow/example_dags/example_dataset_alias.py
[2026-03-23T19:06:24.961+0000] {processor.py:925} INFO - DAG(s) 'dataset_s3_bucket_consumer', 'dataset_s3_bucket_producer', 'dataset_alias_example_alias_consumer', 'dataset_alias_example_alias_producer' retrieved from /home/airflow/.local/lib/python3.12/site-packages/airflow/example_dags/example_dataset_alias.py
[2026-03-23T19:06:24.981+0000] {logging_mixin.py:190} INFO - [2026-03-23T19:06:24.980+0000] {dag.py:3239} INFO - Sync 4 DAGs
[2026-03-23T19:06:25.011+0000] {logging_mixin.py:190} INFO - [2026-03-23T19:06:25.011+0000] {dag.py:4180} INFO - Setting next_dagrun for dataset_alias_example_alias_consumer to None, run_after=None
[2026-03-23T19:06:25.013+0000] {logging_mixin.py:190} INFO - [2026-03-23T19:06:25.013+0000] {dag.py:4180} INFO - Setting next_dagrun for dataset_alias_example_alias_producer to None, run_after=None
[2026-03-23T19:06:25.013+0000] {logging_mixin.py:190} INFO - [2026-03-23T19:06:25.013+0000] {dag.py:4180} INFO - Setting next_dagrun for dataset_s3_bucket_consumer to None, run_after=None
[2026-03-23T19:06:25.014+0000] {logging_mixin.py:190} INFO - [2026-03-23T19:06:25.014+0000] {dag.py:4180} INFO - Setting next_dagrun for dataset_s3_bucket_producer to None, run_after=None
[2026-03-23T19:06:25.038+0000] {processor.py:208} INFO - Processing /home/airflow/.local/lib/python3.12/site-packages/airflow/example_dags/example_dataset_alias.py took 0.944 seconds
[2026-03-23T19:06:55.816+0000] {processor.py:186} INFO - Started process (PID=391) to work on /home/airflow/.local/lib/python3.12/site-packages/airflow/example_dags/example_dataset_alias.py
[2026-03-23T19:06:55.818+0000] {processor.py:914} INFO - Processing file /home/airflow/.local/lib/python3.12/site-packages/airflow/example_dags/example_dataset_alias.py for tasks to queue
[2026-03-23T19:06:55.826+0000] {logging_mixin.py:190} INFO - [2026-03-23T19:06:55.825+0000] {dagbag.py:588} INFO - Filling up the DagBag from /home/airflow/.local/lib/python3.12/site-packages/airflow/example_dags/example_dataset_alias.py
[2026-03-23T19:06:57.591+0000] {processor.py:925} INFO - DAG(s) 'dataset_s3_bucket_consumer', 'dataset_alias_example_alias_consumer', 'dataset_s3_bucket_producer', 'dataset_alias_example_alias_producer' retrieved from /home/airflow/.local/lib/python3.12/site-packages/airflow/example_dags/example_dataset_alias.py
[2026-03-23T19:06:57.616+0000] {logging_mixin.py:190} INFO - [2026-03-23T19:06:57.614+0000] {dag.py:3239} INFO - Sync 4 DAGs
[2026-03-23T19:06:57.643+0000] {logging_mixin.py:190} INFO - [2026-03-23T19:06:57.643+0000] {dag.py:4180} INFO - Setting next_dagrun for dataset_alias_example_alias_consumer to None, run_after=None
[2026-03-23T19:06:57.645+0000] {logging_mixin.py:190} INFO - [2026-03-23T19:06:57.645+0000] {dag.py:4180} INFO - Setting next_dagrun for dataset_alias_example_alias_producer to None, run_after=None
[2026-03-23T19:06:57.646+0000] {logging_mixin.py:190} INFO - [2026-03-23T19:06:57.645+0000] {dag.py:4180} INFO - Setting next_dagrun for dataset_s3_bucket_consumer to None, run_after=None
[2026-03-23T19:06:57.646+0000] {logging_mixin.py:190} INFO - [2026-03-23T19:06:57.646+0000] {dag.py:4180} INFO - Setting next_dagrun for dataset_s3_bucket_producer to None, run_after=None
[2026-03-23T19:06:57.666+0000] {processor.py:208} INFO - Processing /home/airflow/.local/lib/python3.12/site-packages/airflow/example_dags/example_dataset_alias.py took 1.863 seconds
[2026-03-23T19:07:35.770+0000] {processor.py:186} INFO - Started process (PID=447) to work on /home/airflow/.local/lib/python3.12/site-packages/airflow/example_dags/example_dataset_alias.py
[2026-03-23T19:07:35.771+0000] {processor.py:914} INFO - Processing file /home/airflow/.local/lib/python3.12/site-packages/airflow/example_dags/example_dataset_alias.py for tasks to queue
[2026-03-23T19:07:35.772+0000] {logging_mixin.py:190} INFO - [2026-03-23T19:07:35.772+0000] {dagbag.py:588} INFO - Filling up the DagBag from /home/airflow/.local/lib/python3.12/site-packages/airflow/example_dags/example_dataset_alias.py
[2026-03-23T19:07:36.820+0000] {processor.py:925} INFO - DAG(s) 'dataset_s3_bucket_producer', 'dataset_alias_example_alias_producer', 'dataset_s3_bucket_consumer', 'dataset_alias_example_alias_consumer' retrieved from /home/airflow/.local/lib/python3.12/site-packages/airflow/example_dags/example_dataset_alias.py
[2026-03-23T19:07:36.837+0000] {logging_mixin.py:190} INFO - [2026-03-23T19:07:36.836+0000] {dag.py:3239} INFO - Sync 4 DAGs
[2026-03-23T19:07:36.860+0000] {logging_mixin.py:190} INFO - [2026-03-23T19:07:36.860+0000] {dag.py:4180} INFO - Setting next_dagrun for dataset_alias_example_alias_consumer to None, run_after=None
[2026-03-23T19:07:36.862+0000] {logging_mixin.py:190} INFO - [2026-03-23T19:07:36.862+0000] {dag.py:4180} INFO - Setting next_dagrun for dataset_alias_example_alias_producer to None, run_after=None
[2026-03-23T19:07:36.863+0000] {logging_mixin.py:190} INFO - [2026-03-23T19:07:36.863+0000] {dag.py:4180} INFO - Setting next_dagrun for dataset_s3_bucket_consumer to None, run_after=None
[2026-03-23T19:07:36.863+0000] {logging_mixin.py:190} INFO - [2026-03-23T19:07:36.863+0000] {dag.py:4180} INFO - Setting next_dagrun for dataset_s3_bucket_producer to None, run_after=None
[2026-03-23T19:07:36.880+0000] {processor.py:208} INFO - Processing /home/airflow/.local/lib/python3.12/site-packages/airflow/example_dags/example_dataset_alias.py took 1.113 seconds
[2026-03-23T19:08:18.812+0000] {processor.py:186} INFO - Started process (PID=514) to work on /home/airflow/.local/lib/python3.12/site-packages/airflow/example_dags/example_dataset_alias.py
[2026-03-23T19:08:18.844+0000] {processor.py:914} INFO - Processing file /home/airflow/.local/lib/python3.12/site-packages/airflow/example_dags/example_dataset_alias.py for tasks to queue
[2026-03-23T19:08:18.885+0000] {logging_mixin.py:190} INFO - [2026-03-23T19:08:18.883+0000] {dagbag.py:588} INFO - Filling up the DagBag from /home/airflow/.local/lib/python3.12/site-packages/airflow/example_dags/example_dataset_alias.py
[2026-03-23T19:08:25.005+0000] {processor.py:925} INFO - DAG(s) 'dataset_s3_bucket_producer', 'dataset_alias_example_alias_consumer', 'dataset_alias_example_alias_producer', 'dataset_s3_bucket_consumer' retrieved from /home/airflow/.local/lib/python3.12/site-packages/airflow/example_dags/example_dataset_alias.py
[2026-03-23T19:08:25.093+0000] {logging_mixin.py:190} INFO - [2026-03-23T19:08:25.081+0000] {dag.py:3239} INFO - Sync 4 DAGs
[2026-03-23T19:08:25.185+0000] {logging_mixin.py:190} INFO - [2026-03-23T19:08:25.185+0000] {dag.py:4180} INFO - Setting next_dagrun for dataset_alias_example_alias_consumer to None, run_after=None
[2026-03-23T19:08:25.191+0000] {logging_mixin.py:190} INFO - [2026-03-23T19:08:25.190+0000] {dag.py:4180} INFO - Setting next_dagrun for dataset_alias_example_alias_producer to None, run_after=None
[2026-03-23T19:08:25.192+0000] {logging_mixin.py:190} INFO - [2026-03-23T19:08:25.191+0000] {dag.py:4180} INFO - Setting next_dagrun for dataset_s3_bucket_consumer to None, run_after=None
[2026-03-23T19:08:25.192+0000] {logging_mixin.py:190} INFO - [2026-03-23T19:08:25.192+0000] {dag.py:4180} INFO - Setting next_dagrun for dataset_s3_bucket_producer to None, run_after=None
[2026-03-23T19:08:25.234+0000] {processor.py:208} INFO - Processing /home/airflow/.local/lib/python3.12/site-packages/airflow/example_dags/example_dataset_alias.py took 6.804 seconds
[2026-03-23T19:08:55.503+0000] {processor.py:186} INFO - Started process (PID=590) to work on /home/airflow/.local/lib/python3.12/site-packages/airflow/example_dags/example_dataset_alias.py
[2026-03-23T19:08:55.505+0000] {processor.py:914} INFO - Processing file /home/airflow/.local/lib/python3.12/site-packages/airflow/example_dags/example_dataset_alias.py for tasks to queue
[2026-03-23T19:08:55.516+0000] {logging_mixin.py:190} INFO - [2026-03-23T19:08:55.515+0000] {dagbag.py:588} INFO - Filling up the DagBag from /home/airflow/.local/lib/python3.12/site-packages/airflow/example_dags/example_dataset_alias.py
[2026-03-23T19:08:56.294+0000] {processor.py:925} INFO - DAG(s) 'dataset_s3_bucket_producer', 'dataset_s3_bucket_consumer', 'dataset_alias_example_alias_producer', 'dataset_alias_example_alias_consumer' retrieved from /home/airflow/.local/lib/python3.12/site-packages/airflow/example_dags/example_dataset_alias.py
[2026-03-23T19:08:56.310+0000] {logging_mixin.py:190} INFO - [2026-03-23T19:08:56.310+0000] {dag.py:3239} INFO - Sync 4 DAGs
[2026-03-23T19:08:56.325+0000] {logging_mixin.py:190} INFO - [2026-03-23T19:08:56.325+0000] {dag.py:4180} INFO - Setting next_dagrun for dataset_alias_example_alias_consumer to None, run_after=None
[2026-03-23T19:08:56.326+0000] {logging_mixin.py:190} INFO - [2026-03-23T19:08:56.326+0000] {dag.py:4180} INFO - Setting next_dagrun for dataset_alias_example_alias_producer to None, run_after=None
[2026-03-23T19:08:56.327+0000] {logging_mixin.py:190} INFO - [2026-03-23T19:08:56.327+0000] {dag.py:4180} INFO - Setting next_dagrun for dataset_s3_bucket_consumer to None, run_after=None
[2026-03-23T19:08:56.328+0000] {logging_mixin.py:190} INFO - [2026-03-23T19:08:56.328+0000] {dag.py:4180} INFO - Setting next_dagrun for dataset_s3_bucket_producer to None, run_after=None
[2026-03-23T19:08:56.342+0000] {processor.py:208} INFO - Processing /home/airflow/.local/lib/python3.12/site-packages/airflow/example_dags/example_dataset_alias.py took 0.858 seconds
[2026-03-23T19:09:30.408+0000] {processor.py:186} INFO - Started process (PID=654) to work on /home/airflow/.local/lib/python3.12/site-packages/airflow/example_dags/example_dataset_alias.py
[2026-03-23T19:09:30.410+0000] {processor.py:914} INFO - Processing file /home/airflow/.local/lib/python3.12/site-packages/airflow/example_dags/example_dataset_alias.py for tasks to queue
[2026-03-23T19:09:30.411+0000] {logging_mixin.py:190} INFO - [2026-03-23T19:09:30.411+0000] {dagbag.py:588} INFO - Filling up the DagBag from /home/airflow/.local/lib/python3.12/site-packages/airflow/example_dags/example_dataset_alias.py
[2026-03-23T19:09:31.306+0000] {processor.py:925} INFO - DAG(s) 'dataset_alias_example_alias_consumer', 'dataset_s3_bucket_consumer', 'dataset_alias_example_alias_producer', 'dataset_s3_bucket_producer' retrieved from /home/airflow/.local/lib/python3.12/site-packages/airflow/example_dags/example_dataset_alias.py
[2026-03-23T19:09:31.321+0000] {logging_mixin.py:190} INFO - [2026-03-23T19:09:31.320+0000] {dag.py:3239} INFO - Sync 4 DAGs
[2026-03-23T19:09:31.339+0000] {logging_mixin.py:190} INFO - [2026-03-23T19:09:31.339+0000] {dag.py:4180} INFO - Setting next_dagrun for dataset_alias_example_alias_consumer to None, run_after=None
[2026-03-23T19:09:31.341+0000] {logging_mixin.py:190} INFO - [2026-03-23T19:09:31.341+0000] {dag.py:4180} INFO - Setting next_dagrun for dataset_alias_example_alias_producer to None, run_after=None
[2026-03-23T19:09:31.342+0000] {logging_mixin.py:190} INFO - [2026-03-23T19:09:31.342+0000] {dag.py:4180} INFO - Setting next_dagrun for dataset_s3_bucket_consumer to None, run_after=None
[2026-03-23T19:09:31.343+0000] {logging_mixin.py:190} INFO - [2026-03-23T19:09:31.343+0000] {dag.py:4180} INFO - Setting next_dagrun for dataset_s3_bucket_producer to None, run_after=None
[2026-03-23T19:09:31.356+0000] {processor.py:208} INFO - Processing /home/airflow/.local/lib/python3.12/site-packages/airflow/example_dags/example_dataset_alias.py took 0.952 seconds
[2026-03-23T19:10:03.260+0000] {processor.py:186} INFO - Started process (PID=718) to work on /home/airflow/.local/lib/python3.12/site-packages/airflow/example_dags/example_dataset_alias.py
[2026-03-23T19:10:03.275+0000] {processor.py:914} INFO - Processing file /home/airflow/.local/lib/python3.12/site-packages/airflow/example_dags/example_dataset_alias.py for tasks to queue
[2026-03-23T19:10:03.281+0000] {logging_mixin.py:190} INFO - [2026-03-23T19:10:03.281+0000] {dagbag.py:588} INFO - Filling up the DagBag from /home/airflow/.local/lib/python3.12/site-packages/airflow/example_dags/example_dataset_alias.py
[2026-03-23T19:10:04.366+0000] {processor.py:925} INFO - DAG(s) 'dataset_s3_bucket_consumer', 'dataset_alias_example_alias_consumer', 'dataset_alias_example_alias_producer', 'dataset_s3_bucket_producer' retrieved from /home/airflow/.local/lib/python3.12/site-packages/airflow/example_dags/example_dataset_alias.py
[2026-03-23T19:10:04.394+0000] {logging_mixin.py:190} INFO - [2026-03-23T19:10:04.391+0000] {dag.py:3239} INFO - Sync 4 DAGs
[2026-03-23T19:10:04.439+0000] {logging_mixin.py:190} INFO - [2026-03-23T19:10:04.439+0000] {dag.py:4180} INFO - Setting next_dagrun for dataset_alias_example_alias_consumer to None, run_after=None
[2026-03-23T19:10:04.447+0000] {logging_mixin.py:190} INFO - [2026-03-23T19:10:04.447+0000] {dag.py:4180} INFO - Setting next_dagrun for dataset_alias_example_alias_producer to None, run_after=None
[2026-03-23T19:10:04.448+0000] {logging_mixin.py:190} INFO - [2026-03-23T19:10:04.448+0000] {dag.py:4180} INFO - Setting next_dagrun for dataset_s3_bucket_consumer to None, run_after=None
[2026-03-23T19:10:04.449+0000] {logging_mixin.py:190} INFO - [2026-03-23T19:10:04.449+0000] {dag.py:4180} INFO - Setting next_dagrun for dataset_s3_bucket_producer to None, run_after=None
[2026-03-23T19:10:04.475+0000] {processor.py:208} INFO - Processing /home/airflow/.local/lib/python3.12/site-packages/airflow/example_dags/example_dataset_alias.py took 1.223 seconds
