[2026-03-23T19:04:22.865+0000] {processor.py:186} INFO - Started process (PID=73) to work on /home/airflow/.local/lib/python3.12/site-packages/airflow/example_dags/example_datasets.py
[2026-03-23T19:04:22.869+0000] {processor.py:914} INFO - Processing file /home/airflow/.local/lib/python3.12/site-packages/airflow/example_dags/example_datasets.py for tasks to queue
[2026-03-23T19:04:22.874+0000] {logging_mixin.py:190} INFO - [2026-03-23T19:04:22.873+0000] {dagbag.py:588} INFO - Filling up the DagBag from /home/airflow/.local/lib/python3.12/site-packages/airflow/example_dags/example_datasets.py
[2026-03-23T19:04:29.048+0000] {processor.py:925} INFO - DAG(s) 'dataset_consumes_1_never_scheduled', 'dataset_consumes_unknown_never_scheduled', 'dataset_produces_2', 'dataset_produces_1', 'dataset_consumes_1', 'consume_1_or_2_with_dataset_expressions', 'consume_1_or_both_2_and_3_with_dataset_expressions', 'conditional_dataset_and_time_based_timetable', 'dataset_consumes_1_and_2', 'consume_1_and_2_with_dataset_expressions' retrieved from /home/airflow/.local/lib/python3.12/site-packages/airflow/example_dags/example_datasets.py
[2026-03-23T19:04:29.856+0000] {logging_mixin.py:190} INFO - [2026-03-23T19:04:29.848+0000] {override.py:1911} INFO - Created Permission View: can edit on DAG:dataset_consumes_1_never_scheduled
[2026-03-23T19:04:29.885+0000] {logging_mixin.py:190} INFO - [2026-03-23T19:04:29.885+0000] {override.py:1911} INFO - Created Permission View: can read on DAG:dataset_consumes_1_never_scheduled
[2026-03-23T19:04:29.908+0000] {logging_mixin.py:190} INFO - [2026-03-23T19:04:29.908+0000] {override.py:1911} INFO - Created Permission View: can delete on DAG:dataset_consumes_1_never_scheduled
[2026-03-23T19:04:29.916+0000] {logging_mixin.py:190} INFO - [2026-03-23T19:04:29.915+0000] {override.py:1911} INFO - Created Permission View: menu access on DAG Run:dataset_consumes_1_never_scheduled
[2026-03-23T19:04:29.941+0000] {logging_mixin.py:190} INFO - [2026-03-23T19:04:29.941+0000] {override.py:1911} INFO - Created Permission View: can read on DAG Run:dataset_consumes_1_never_scheduled
[2026-03-23T19:04:29.956+0000] {logging_mixin.py:190} INFO - [2026-03-23T19:04:29.956+0000] {override.py:1911} INFO - Created Permission View: can create on DAG Run:dataset_consumes_1_never_scheduled
[2026-03-23T19:04:29.965+0000] {logging_mixin.py:190} INFO - [2026-03-23T19:04:29.965+0000] {override.py:1911} INFO - Created Permission View: can delete on DAG Run:dataset_consumes_1_never_scheduled
[2026-03-23T19:04:30.003+0000] {logging_mixin.py:190} INFO - [2026-03-23T19:04:30.003+0000] {override.py:1911} INFO - Created Permission View: can edit on DAG:dataset_consumes_unknown_never_scheduled
[2026-03-23T19:04:30.010+0000] {logging_mixin.py:190} INFO - [2026-03-23T19:04:30.010+0000] {override.py:1911} INFO - Created Permission View: can read on DAG:dataset_consumes_unknown_never_scheduled
[2026-03-23T19:04:30.021+0000] {logging_mixin.py:190} INFO - [2026-03-23T19:04:30.020+0000] {override.py:1911} INFO - Created Permission View: can delete on DAG:dataset_consumes_unknown_never_scheduled
[2026-03-23T19:04:30.033+0000] {logging_mixin.py:190} INFO - [2026-03-23T19:04:30.033+0000] {override.py:1911} INFO - Created Permission View: menu access on DAG Run:dataset_consumes_unknown_never_scheduled
[2026-03-23T19:04:30.078+0000] {logging_mixin.py:190} INFO - [2026-03-23T19:04:30.077+0000] {override.py:1911} INFO - Created Permission View: can read on DAG Run:dataset_consumes_unknown_never_scheduled
[2026-03-23T19:04:30.106+0000] {logging_mixin.py:190} INFO - [2026-03-23T19:04:30.105+0000] {override.py:1911} INFO - Created Permission View: can create on DAG Run:dataset_consumes_unknown_never_scheduled
[2026-03-23T19:04:30.115+0000] {logging_mixin.py:190} INFO - [2026-03-23T19:04:30.114+0000] {override.py:1911} INFO - Created Permission View: can delete on DAG Run:dataset_consumes_unknown_never_scheduled
[2026-03-23T19:04:30.138+0000] {logging_mixin.py:190} INFO - [2026-03-23T19:04:30.138+0000] {override.py:1911} INFO - Created Permission View: can edit on DAG:dataset_produces_2
[2026-03-23T19:04:30.143+0000] {logging_mixin.py:190} INFO - [2026-03-23T19:04:30.142+0000] {override.py:1911} INFO - Created Permission View: can read on DAG:dataset_produces_2
[2026-03-23T19:04:30.154+0000] {logging_mixin.py:190} INFO - [2026-03-23T19:04:30.154+0000] {override.py:1911} INFO - Created Permission View: can delete on DAG:dataset_produces_2
[2026-03-23T19:04:30.164+0000] {logging_mixin.py:190} INFO - [2026-03-23T19:04:30.163+0000] {override.py:1911} INFO - Created Permission View: menu access on DAG Run:dataset_produces_2
[2026-03-23T19:04:30.169+0000] {logging_mixin.py:190} INFO - [2026-03-23T19:04:30.169+0000] {override.py:1911} INFO - Created Permission View: can read on DAG Run:dataset_produces_2
[2026-03-23T19:04:30.172+0000] {logging_mixin.py:190} INFO - [2026-03-23T19:04:30.172+0000] {override.py:1911} INFO - Created Permission View: can create on DAG Run:dataset_produces_2
[2026-03-23T19:04:30.179+0000] {logging_mixin.py:190} INFO - [2026-03-23T19:04:30.179+0000] {override.py:1911} INFO - Created Permission View: can delete on DAG Run:dataset_produces_2
[2026-03-23T19:04:30.204+0000] {logging_mixin.py:190} INFO - [2026-03-23T19:04:30.203+0000] {override.py:1911} INFO - Created Permission View: can edit on DAG:dataset_produces_1
[2026-03-23T19:04:30.220+0000] {logging_mixin.py:190} INFO - [2026-03-23T19:04:30.220+0000] {override.py:1911} INFO - Created Permission View: can read on DAG:dataset_produces_1
[2026-03-23T19:04:30.228+0000] {logging_mixin.py:190} INFO - [2026-03-23T19:04:30.228+0000] {override.py:1911} INFO - Created Permission View: can delete on DAG:dataset_produces_1
[2026-03-23T19:04:30.232+0000] {logging_mixin.py:190} INFO - [2026-03-23T19:04:30.232+0000] {override.py:1911} INFO - Created Permission View: menu access on DAG Run:dataset_produces_1
[2026-03-23T19:04:30.235+0000] {logging_mixin.py:190} INFO - [2026-03-23T19:04:30.235+0000] {override.py:1911} INFO - Created Permission View: can read on DAG Run:dataset_produces_1
[2026-03-23T19:04:30.242+0000] {logging_mixin.py:190} INFO - [2026-03-23T19:04:30.241+0000] {override.py:1911} INFO - Created Permission View: can create on DAG Run:dataset_produces_1
[2026-03-23T19:04:30.280+0000] {logging_mixin.py:190} INFO - [2026-03-23T19:04:30.276+0000] {override.py:1911} INFO - Created Permission View: can delete on DAG Run:dataset_produces_1
[2026-03-23T19:04:30.319+0000] {logging_mixin.py:190} INFO - [2026-03-23T19:04:30.318+0000] {override.py:1911} INFO - Created Permission View: can edit on DAG:dataset_consumes_1
[2026-03-23T19:04:30.343+0000] {logging_mixin.py:190} INFO - [2026-03-23T19:04:30.342+0000] {override.py:1911} INFO - Created Permission View: can read on DAG:dataset_consumes_1
[2026-03-23T19:04:30.375+0000] {logging_mixin.py:190} INFO - [2026-03-23T19:04:30.374+0000] {override.py:1911} INFO - Created Permission View: can delete on DAG:dataset_consumes_1
[2026-03-23T19:04:30.413+0000] {logging_mixin.py:190} INFO - [2026-03-23T19:04:30.411+0000] {override.py:1911} INFO - Created Permission View: menu access on DAG Run:dataset_consumes_1
[2026-03-23T19:04:30.443+0000] {logging_mixin.py:190} INFO - [2026-03-23T19:04:30.442+0000] {override.py:1911} INFO - Created Permission View: can read on DAG Run:dataset_consumes_1
[2026-03-23T19:04:30.489+0000] {logging_mixin.py:190} INFO - [2026-03-23T19:04:30.484+0000] {override.py:1911} INFO - Created Permission View: can create on DAG Run:dataset_consumes_1
[2026-03-23T19:04:30.527+0000] {logging_mixin.py:190} INFO - [2026-03-23T19:04:30.527+0000] {override.py:1911} INFO - Created Permission View: can delete on DAG Run:dataset_consumes_1
[2026-03-23T19:04:30.682+0000] {logging_mixin.py:190} INFO - [2026-03-23T19:04:30.673+0000] {override.py:1911} INFO - Created Permission View: can edit on DAG:consume_1_or_2_with_dataset_expressions
[2026-03-23T19:04:30.723+0000] {logging_mixin.py:190} INFO - [2026-03-23T19:04:30.721+0000] {override.py:1911} INFO - Created Permission View: can read on DAG:consume_1_or_2_with_dataset_expressions
[2026-03-23T19:04:30.771+0000] {logging_mixin.py:190} INFO - [2026-03-23T19:04:30.770+0000] {override.py:1911} INFO - Created Permission View: can delete on DAG:consume_1_or_2_with_dataset_expressions
[2026-03-23T19:04:30.824+0000] {logging_mixin.py:190} INFO - [2026-03-23T19:04:30.821+0000] {override.py:1911} INFO - Created Permission View: menu access on DAG Run:consume_1_or_2_with_dataset_expressions
[2026-03-23T19:04:30.867+0000] {logging_mixin.py:190} INFO - [2026-03-23T19:04:30.866+0000] {override.py:1911} INFO - Created Permission View: can read on DAG Run:consume_1_or_2_with_dataset_expressions
[2026-03-23T19:04:30.885+0000] {logging_mixin.py:190} INFO - [2026-03-23T19:04:30.883+0000] {override.py:1911} INFO - Created Permission View: can create on DAG Run:consume_1_or_2_with_dataset_expressions
[2026-03-23T19:04:30.911+0000] {logging_mixin.py:190} INFO - [2026-03-23T19:04:30.909+0000] {override.py:1911} INFO - Created Permission View: can delete on DAG Run:consume_1_or_2_with_dataset_expressions
[2026-03-23T19:04:30.953+0000] {logging_mixin.py:190} INFO - [2026-03-23T19:04:30.950+0000] {override.py:1911} INFO - Created Permission View: can edit on DAG:consume_1_or_both_2_and_3_with_dataset_expressions
[2026-03-23T19:04:30.967+0000] {logging_mixin.py:190} INFO - [2026-03-23T19:04:30.966+0000] {override.py:1911} INFO - Created Permission View: can read on DAG:consume_1_or_both_2_and_3_with_dataset_expressions
[2026-03-23T19:04:30.988+0000] {logging_mixin.py:190} INFO - [2026-03-23T19:04:30.987+0000] {override.py:1911} INFO - Created Permission View: can delete on DAG:consume_1_or_both_2_and_3_with_dataset_expressions
[2026-03-23T19:04:30.998+0000] {logging_mixin.py:190} INFO - [2026-03-23T19:04:30.998+0000] {override.py:1911} INFO - Created Permission View: menu access on DAG Run:consume_1_or_both_2_and_3_with_dataset_expressions
[2026-03-23T19:04:31.029+0000] {logging_mixin.py:190} INFO - [2026-03-23T19:04:31.028+0000] {override.py:1911} INFO - Created Permission View: can read on DAG Run:consume_1_or_both_2_and_3_with_dataset_expressions
[2026-03-23T19:04:31.074+0000] {logging_mixin.py:190} INFO - [2026-03-23T19:04:31.073+0000] {override.py:1911} INFO - Created Permission View: can create on DAG Run:consume_1_or_both_2_and_3_with_dataset_expressions
[2026-03-23T19:04:31.118+0000] {logging_mixin.py:190} INFO - [2026-03-23T19:04:31.116+0000] {override.py:1911} INFO - Created Permission View: can delete on DAG Run:consume_1_or_both_2_and_3_with_dataset_expressions
[2026-03-23T19:04:31.393+0000] {logging_mixin.py:190} INFO - [2026-03-23T19:04:31.385+0000] {override.py:1911} INFO - Created Permission View: can edit on DAG:conditional_dataset_and_time_based_timetable
[2026-03-23T19:04:31.444+0000] {logging_mixin.py:190} INFO - [2026-03-23T19:04:31.441+0000] {override.py:1911} INFO - Created Permission View: can read on DAG:conditional_dataset_and_time_based_timetable
[2026-03-23T19:04:31.524+0000] {logging_mixin.py:190} INFO - [2026-03-23T19:04:31.520+0000] {override.py:1911} INFO - Created Permission View: can delete on DAG:conditional_dataset_and_time_based_timetable
[2026-03-23T19:04:31.578+0000] {logging_mixin.py:190} INFO - [2026-03-23T19:04:31.574+0000] {override.py:1911} INFO - Created Permission View: menu access on DAG Run:conditional_dataset_and_time_based_timetable
[2026-03-23T19:04:31.616+0000] {logging_mixin.py:190} INFO - [2026-03-23T19:04:31.616+0000] {override.py:1911} INFO - Created Permission View: can read on DAG Run:conditional_dataset_and_time_based_timetable
[2026-03-23T19:04:31.642+0000] {logging_mixin.py:190} INFO - [2026-03-23T19:04:31.639+0000] {override.py:1911} INFO - Created Permission View: can create on DAG Run:conditional_dataset_and_time_based_timetable
[2026-03-23T19:04:31.693+0000] {logging_mixin.py:190} INFO - [2026-03-23T19:04:31.691+0000] {override.py:1911} INFO - Created Permission View: can delete on DAG Run:conditional_dataset_and_time_based_timetable
[2026-03-23T19:04:31.772+0000] {logging_mixin.py:190} INFO - [2026-03-23T19:04:31.771+0000] {override.py:1911} INFO - Created Permission View: can edit on DAG:dataset_consumes_1_and_2
[2026-03-23T19:04:31.818+0000] {logging_mixin.py:190} INFO - [2026-03-23T19:04:31.815+0000] {override.py:1911} INFO - Created Permission View: can read on DAG:dataset_consumes_1_and_2
[2026-03-23T19:04:31.852+0000] {logging_mixin.py:190} INFO - [2026-03-23T19:04:31.850+0000] {override.py:1911} INFO - Created Permission View: can delete on DAG:dataset_consumes_1_and_2
[2026-03-23T19:04:31.865+0000] {logging_mixin.py:190} INFO - [2026-03-23T19:04:31.865+0000] {override.py:1911} INFO - Created Permission View: menu access on DAG Run:dataset_consumes_1_and_2
[2026-03-23T19:04:31.882+0000] {logging_mixin.py:190} INFO - [2026-03-23T19:04:31.882+0000] {override.py:1911} INFO - Created Permission View: can read on DAG Run:dataset_consumes_1_and_2
[2026-03-23T19:04:31.891+0000] {logging_mixin.py:190} INFO - [2026-03-23T19:04:31.891+0000] {override.py:1911} INFO - Created Permission View: can create on DAG Run:dataset_consumes_1_and_2
[2026-03-23T19:04:31.899+0000] {logging_mixin.py:190} INFO - [2026-03-23T19:04:31.898+0000] {override.py:1911} INFO - Created Permission View: can delete on DAG Run:dataset_consumes_1_and_2
[2026-03-23T19:04:31.913+0000] {logging_mixin.py:190} INFO - [2026-03-23T19:04:31.912+0000] {override.py:1911} INFO - Created Permission View: can edit on DAG:consume_1_and_2_with_dataset_expressions
[2026-03-23T19:04:31.922+0000] {logging_mixin.py:190} INFO - [2026-03-23T19:04:31.921+0000] {override.py:1911} INFO - Created Permission View: can read on DAG:consume_1_and_2_with_dataset_expressions
[2026-03-23T19:04:31.947+0000] {logging_mixin.py:190} INFO - [2026-03-23T19:04:31.945+0000] {override.py:1911} INFO - Created Permission View: can delete on DAG:consume_1_and_2_with_dataset_expressions
[2026-03-23T19:04:31.972+0000] {logging_mixin.py:190} INFO - [2026-03-23T19:04:31.971+0000] {override.py:1911} INFO - Created Permission View: menu access on DAG Run:consume_1_and_2_with_dataset_expressions
[2026-03-23T19:04:32.004+0000] {logging_mixin.py:190} INFO - [2026-03-23T19:04:32.003+0000] {override.py:1911} INFO - Created Permission View: can read on DAG Run:consume_1_and_2_with_dataset_expressions
[2026-03-23T19:04:32.027+0000] {logging_mixin.py:190} INFO - [2026-03-23T19:04:32.027+0000] {override.py:1911} INFO - Created Permission View: can create on DAG Run:consume_1_and_2_with_dataset_expressions
[2026-03-23T19:04:32.043+0000] {logging_mixin.py:190} INFO - [2026-03-23T19:04:32.042+0000] {override.py:1911} INFO - Created Permission View: can delete on DAG Run:consume_1_and_2_with_dataset_expressions
[2026-03-23T19:04:32.046+0000] {logging_mixin.py:190} INFO - [2026-03-23T19:04:32.045+0000] {dag.py:3239} INFO - Sync 10 DAGs
[2026-03-23T19:04:32.187+0000] {logging_mixin.py:190} INFO - [2026-03-23T19:04:32.185+0000] {dag.py:3262} INFO - Creating ORM DAG for consume_1_or_2_with_dataset_expressions
[2026-03-23T19:04:32.189+0000] {logging_mixin.py:190} INFO - [2026-03-23T19:04:32.189+0000] {dag.py:3262} INFO - Creating ORM DAG for dataset_produces_2
[2026-03-23T19:04:32.191+0000] {logging_mixin.py:190} INFO - [2026-03-23T19:04:32.190+0000] {dag.py:3262} INFO - Creating ORM DAG for consume_1_or_both_2_and_3_with_dataset_expressions
[2026-03-23T19:04:32.194+0000] {logging_mixin.py:190} INFO - [2026-03-23T19:04:32.193+0000] {dag.py:3262} INFO - Creating ORM DAG for dataset_produces_1
[2026-03-23T19:04:32.195+0000] {logging_mixin.py:190} INFO - [2026-03-23T19:04:32.195+0000] {dag.py:3262} INFO - Creating ORM DAG for dataset_consumes_1_never_scheduled
[2026-03-23T19:04:32.196+0000] {logging_mixin.py:190} INFO - [2026-03-23T19:04:32.196+0000] {dag.py:3262} INFO - Creating ORM DAG for consume_1_and_2_with_dataset_expressions
[2026-03-23T19:04:32.196+0000] {logging_mixin.py:190} INFO - [2026-03-23T19:04:32.196+0000] {dag.py:3262} INFO - Creating ORM DAG for dataset_consumes_unknown_never_scheduled
[2026-03-23T19:04:32.197+0000] {logging_mixin.py:190} INFO - [2026-03-23T19:04:32.197+0000] {dag.py:3262} INFO - Creating ORM DAG for dataset_consumes_1_and_2
[2026-03-23T19:04:32.197+0000] {logging_mixin.py:190} INFO - [2026-03-23T19:04:32.197+0000] {dag.py:3262} INFO - Creating ORM DAG for dataset_consumes_1
[2026-03-23T19:04:32.198+0000] {logging_mixin.py:190} INFO - [2026-03-23T19:04:32.198+0000] {dag.py:3262} INFO - Creating ORM DAG for conditional_dataset_and_time_based_timetable
[2026-03-23T19:04:32.284+0000] {logging_mixin.py:190} INFO - [2026-03-23T19:04:32.284+0000] {dag.py:4180} INFO - Setting next_dagrun for conditional_dataset_and_time_based_timetable to 2026-03-18 01:00:00+00:00, run_after=2026-03-18 01:00:00+00:00
[2026-03-23T19:04:32.286+0000] {logging_mixin.py:190} INFO - [2026-03-23T19:04:32.286+0000] {dag.py:4180} INFO - Setting next_dagrun for consume_1_and_2_with_dataset_expressions to None, run_after=None
[2026-03-23T19:04:32.288+0000] {logging_mixin.py:190} INFO - [2026-03-23T19:04:32.287+0000] {dag.py:4180} INFO - Setting next_dagrun for consume_1_or_2_with_dataset_expressions to None, run_after=None
[2026-03-23T19:04:32.292+0000] {logging_mixin.py:190} INFO - [2026-03-23T19:04:32.290+0000] {dag.py:4180} INFO - Setting next_dagrun for consume_1_or_both_2_and_3_with_dataset_expressions to None, run_after=None
[2026-03-23T19:04:32.294+0000] {logging_mixin.py:190} INFO - [2026-03-23T19:04:32.293+0000] {dag.py:4180} INFO - Setting next_dagrun for dataset_consumes_1 to None, run_after=None
[2026-03-23T19:04:32.298+0000] {logging_mixin.py:190} INFO - [2026-03-23T19:04:32.296+0000] {dag.py:4180} INFO - Setting next_dagrun for dataset_consumes_1_and_2 to None, run_after=None
[2026-03-23T19:04:32.304+0000] {logging_mixin.py:190} INFO - [2026-03-23T19:04:32.303+0000] {dag.py:4180} INFO - Setting next_dagrun for dataset_consumes_1_never_scheduled to None, run_after=None
[2026-03-23T19:04:32.306+0000] {logging_mixin.py:190} INFO - [2026-03-23T19:04:32.305+0000] {dag.py:4180} INFO - Setting next_dagrun for dataset_consumes_unknown_never_scheduled to None, run_after=None
[2026-03-23T19:04:32.313+0000] {logging_mixin.py:190} INFO - [2026-03-23T19:04:32.312+0000] {dag.py:4180} INFO - Setting next_dagrun for dataset_produces_1 to 2026-03-22 00:00:00+00:00, run_after=2026-03-23 00:00:00+00:00
[2026-03-23T19:04:32.319+0000] {logging_mixin.py:190} INFO - [2026-03-23T19:04:32.317+0000] {dag.py:4180} INFO - Setting next_dagrun for dataset_produces_2 to None, run_after=None
[2026-03-23T19:04:32.527+0000] {processor.py:208} INFO - Processing /home/airflow/.local/lib/python3.12/site-packages/airflow/example_dags/example_datasets.py took 9.671 seconds
[2026-03-23T19:05:03.599+0000] {processor.py:186} INFO - Started process (PID=137) to work on /home/airflow/.local/lib/python3.12/site-packages/airflow/example_dags/example_datasets.py
[2026-03-23T19:05:03.600+0000] {processor.py:914} INFO - Processing file /home/airflow/.local/lib/python3.12/site-packages/airflow/example_dags/example_datasets.py for tasks to queue
[2026-03-23T19:05:03.606+0000] {logging_mixin.py:190} INFO - [2026-03-23T19:05:03.605+0000] {dagbag.py:588} INFO - Filling up the DagBag from /home/airflow/.local/lib/python3.12/site-packages/airflow/example_dags/example_datasets.py
[2026-03-23T19:05:04.528+0000] {processor.py:925} INFO - DAG(s) 'consume_1_or_both_2_and_3_with_dataset_expressions', 'consume_1_and_2_with_dataset_expressions', 'dataset_consumes_1_and_2', 'dataset_consumes_unknown_never_scheduled', 'conditional_dataset_and_time_based_timetable', 'dataset_consumes_1', 'dataset_consumes_1_never_scheduled', 'consume_1_or_2_with_dataset_expressions', 'dataset_produces_2', 'dataset_produces_1' retrieved from /home/airflow/.local/lib/python3.12/site-packages/airflow/example_dags/example_datasets.py
[2026-03-23T19:05:04.570+0000] {logging_mixin.py:190} INFO - [2026-03-23T19:05:04.569+0000] {dag.py:3239} INFO - Sync 10 DAGs
[2026-03-23T19:05:04.584+0000] {logging_mixin.py:190} INFO - [2026-03-23T19:05:04.584+0000] {dag.py:4180} INFO - Setting next_dagrun for conditional_dataset_and_time_based_timetable to 2026-03-18 01:00:00+00:00, run_after=2026-03-18 01:00:00+00:00
[2026-03-23T19:05:04.586+0000] {logging_mixin.py:190} INFO - [2026-03-23T19:05:04.586+0000] {dag.py:4180} INFO - Setting next_dagrun for consume_1_and_2_with_dataset_expressions to None, run_after=None
[2026-03-23T19:05:04.597+0000] {logging_mixin.py:190} INFO - [2026-03-23T19:05:04.597+0000] {dag.py:4180} INFO - Setting next_dagrun for consume_1_or_2_with_dataset_expressions to None, run_after=None
[2026-03-23T19:05:04.598+0000] {logging_mixin.py:190} INFO - [2026-03-23T19:05:04.598+0000] {dag.py:4180} INFO - Setting next_dagrun for consume_1_or_both_2_and_3_with_dataset_expressions to None, run_after=None
[2026-03-23T19:05:04.598+0000] {logging_mixin.py:190} INFO - [2026-03-23T19:05:04.598+0000] {dag.py:4180} INFO - Setting next_dagrun for dataset_consumes_1 to None, run_after=None
[2026-03-23T19:05:04.599+0000] {logging_mixin.py:190} INFO - [2026-03-23T19:05:04.599+0000] {dag.py:4180} INFO - Setting next_dagrun for dataset_consumes_1_and_2 to None, run_after=None
[2026-03-23T19:05:04.600+0000] {logging_mixin.py:190} INFO - [2026-03-23T19:05:04.600+0000] {dag.py:4180} INFO - Setting next_dagrun for dataset_consumes_1_never_scheduled to None, run_after=None
[2026-03-23T19:05:04.600+0000] {logging_mixin.py:190} INFO - [2026-03-23T19:05:04.600+0000] {dag.py:4180} INFO - Setting next_dagrun for dataset_consumes_unknown_never_scheduled to None, run_after=None
[2026-03-23T19:05:04.602+0000] {logging_mixin.py:190} INFO - [2026-03-23T19:05:04.602+0000] {dag.py:4180} INFO - Setting next_dagrun for dataset_produces_1 to 2026-03-22 00:00:00+00:00, run_after=2026-03-23 00:00:00+00:00
[2026-03-23T19:05:04.602+0000] {logging_mixin.py:190} INFO - [2026-03-23T19:05:04.602+0000] {dag.py:4180} INFO - Setting next_dagrun for dataset_produces_2 to None, run_after=None
[2026-03-23T19:05:04.620+0000] {processor.py:208} INFO - Processing /home/airflow/.local/lib/python3.12/site-packages/airflow/example_dags/example_datasets.py took 1.033 seconds
[2026-03-23T19:05:35.034+0000] {processor.py:186} INFO - Started process (PID=201) to work on /home/airflow/.local/lib/python3.12/site-packages/airflow/example_dags/example_datasets.py
[2026-03-23T19:05:35.036+0000] {processor.py:914} INFO - Processing file /home/airflow/.local/lib/python3.12/site-packages/airflow/example_dags/example_datasets.py for tasks to queue
[2026-03-23T19:05:35.041+0000] {logging_mixin.py:190} INFO - [2026-03-23T19:05:35.040+0000] {dagbag.py:588} INFO - Filling up the DagBag from /home/airflow/.local/lib/python3.12/site-packages/airflow/example_dags/example_datasets.py
[2026-03-23T19:05:35.579+0000] {processor.py:925} INFO - DAG(s) 'dataset_consumes_1', 'dataset_produces_2', 'consume_1_or_2_with_dataset_expressions', 'consume_1_and_2_with_dataset_expressions', 'dataset_consumes_unknown_never_scheduled', 'consume_1_or_both_2_and_3_with_dataset_expressions', 'dataset_produces_1', 'conditional_dataset_and_time_based_timetable', 'dataset_consumes_1_never_scheduled', 'dataset_consumes_1_and_2' retrieved from /home/airflow/.local/lib/python3.12/site-packages/airflow/example_dags/example_datasets.py
[2026-03-23T19:05:35.605+0000] {logging_mixin.py:190} INFO - [2026-03-23T19:05:35.605+0000] {dag.py:3239} INFO - Sync 10 DAGs
[2026-03-23T19:05:35.617+0000] {logging_mixin.py:190} INFO - [2026-03-23T19:05:35.617+0000] {dag.py:4180} INFO - Setting next_dagrun for conditional_dataset_and_time_based_timetable to 2026-03-18 01:00:00+00:00, run_after=2026-03-18 01:00:00+00:00
[2026-03-23T19:05:35.619+0000] {logging_mixin.py:190} INFO - [2026-03-23T19:05:35.619+0000] {dag.py:4180} INFO - Setting next_dagrun for consume_1_and_2_with_dataset_expressions to None, run_after=None
[2026-03-23T19:05:35.620+0000] {logging_mixin.py:190} INFO - [2026-03-23T19:05:35.620+0000] {dag.py:4180} INFO - Setting next_dagrun for consume_1_or_2_with_dataset_expressions to None, run_after=None
[2026-03-23T19:05:35.620+0000] {logging_mixin.py:190} INFO - [2026-03-23T19:05:35.620+0000] {dag.py:4180} INFO - Setting next_dagrun for consume_1_or_both_2_and_3_with_dataset_expressions to None, run_after=None
[2026-03-23T19:05:35.621+0000] {logging_mixin.py:190} INFO - [2026-03-23T19:05:35.621+0000] {dag.py:4180} INFO - Setting next_dagrun for dataset_consumes_1 to None, run_after=None
[2026-03-23T19:05:35.621+0000] {logging_mixin.py:190} INFO - [2026-03-23T19:05:35.621+0000] {dag.py:4180} INFO - Setting next_dagrun for dataset_consumes_1_and_2 to None, run_after=None
[2026-03-23T19:05:35.622+0000] {logging_mixin.py:190} INFO - [2026-03-23T19:05:35.622+0000] {dag.py:4180} INFO - Setting next_dagrun for dataset_consumes_1_never_scheduled to None, run_after=None
[2026-03-23T19:05:35.622+0000] {logging_mixin.py:190} INFO - [2026-03-23T19:05:35.622+0000] {dag.py:4180} INFO - Setting next_dagrun for dataset_consumes_unknown_never_scheduled to None, run_after=None
[2026-03-23T19:05:35.623+0000] {logging_mixin.py:190} INFO - [2026-03-23T19:05:35.623+0000] {dag.py:4180} INFO - Setting next_dagrun for dataset_produces_1 to 2026-03-22 00:00:00+00:00, run_after=2026-03-23 00:00:00+00:00
[2026-03-23T19:05:35.623+0000] {logging_mixin.py:190} INFO - [2026-03-23T19:05:35.623+0000] {dag.py:4180} INFO - Setting next_dagrun for dataset_produces_2 to None, run_after=None
[2026-03-23T19:05:35.636+0000] {processor.py:208} INFO - Processing /home/airflow/.local/lib/python3.12/site-packages/airflow/example_dags/example_datasets.py took 0.611 seconds
[2026-03-23T19:06:05.805+0000] {processor.py:186} INFO - Started process (PID=266) to work on /home/airflow/.local/lib/python3.12/site-packages/airflow/example_dags/example_datasets.py
[2026-03-23T19:06:05.806+0000] {processor.py:914} INFO - Processing file /home/airflow/.local/lib/python3.12/site-packages/airflow/example_dags/example_datasets.py for tasks to queue
[2026-03-23T19:06:05.807+0000] {logging_mixin.py:190} INFO - [2026-03-23T19:06:05.807+0000] {dagbag.py:588} INFO - Filling up the DagBag from /home/airflow/.local/lib/python3.12/site-packages/airflow/example_dags/example_datasets.py
[2026-03-23T19:06:06.192+0000] {processor.py:925} INFO - DAG(s) 'dataset_consumes_unknown_never_scheduled', 'dataset_produces_1', 'dataset_consumes_1_and_2', 'dataset_consumes_1_never_scheduled', 'conditional_dataset_and_time_based_timetable', 'dataset_produces_2', 'dataset_consumes_1', 'consume_1_or_2_with_dataset_expressions', 'consume_1_or_both_2_and_3_with_dataset_expressions', 'consume_1_and_2_with_dataset_expressions' retrieved from /home/airflow/.local/lib/python3.12/site-packages/airflow/example_dags/example_datasets.py
[2026-03-23T19:06:06.216+0000] {logging_mixin.py:190} INFO - [2026-03-23T19:06:06.216+0000] {dag.py:3239} INFO - Sync 10 DAGs
[2026-03-23T19:06:06.231+0000] {logging_mixin.py:190} INFO - [2026-03-23T19:06:06.231+0000] {dag.py:4180} INFO - Setting next_dagrun for conditional_dataset_and_time_based_timetable to 2026-03-18 01:00:00+00:00, run_after=2026-03-18 01:00:00+00:00
[2026-03-23T19:06:06.233+0000] {logging_mixin.py:190} INFO - [2026-03-23T19:06:06.233+0000] {dag.py:4180} INFO - Setting next_dagrun for consume_1_and_2_with_dataset_expressions to None, run_after=None
[2026-03-23T19:06:06.239+0000] {logging_mixin.py:190} INFO - [2026-03-23T19:06:06.239+0000] {dag.py:4180} INFO - Setting next_dagrun for consume_1_or_2_with_dataset_expressions to None, run_after=None
[2026-03-23T19:06:06.240+0000] {logging_mixin.py:190} INFO - [2026-03-23T19:06:06.240+0000] {dag.py:4180} INFO - Setting next_dagrun for consume_1_or_both_2_and_3_with_dataset_expressions to None, run_after=None
[2026-03-23T19:06:06.240+0000] {logging_mixin.py:190} INFO - [2026-03-23T19:06:06.240+0000] {dag.py:4180} INFO - Setting next_dagrun for dataset_consumes_1 to None, run_after=None
[2026-03-23T19:06:06.241+0000] {logging_mixin.py:190} INFO - [2026-03-23T19:06:06.241+0000] {dag.py:4180} INFO - Setting next_dagrun for dataset_consumes_1_and_2 to None, run_after=None
[2026-03-23T19:06:06.241+0000] {logging_mixin.py:190} INFO - [2026-03-23T19:06:06.241+0000] {dag.py:4180} INFO - Setting next_dagrun for dataset_consumes_1_never_scheduled to None, run_after=None
[2026-03-23T19:06:06.245+0000] {logging_mixin.py:190} INFO - [2026-03-23T19:06:06.245+0000] {dag.py:4180} INFO - Setting next_dagrun for dataset_consumes_unknown_never_scheduled to None, run_after=None
[2026-03-23T19:06:06.246+0000] {logging_mixin.py:190} INFO - [2026-03-23T19:06:06.246+0000] {dag.py:4180} INFO - Setting next_dagrun for dataset_produces_1 to 2026-03-22 00:00:00+00:00, run_after=2026-03-23 00:00:00+00:00
[2026-03-23T19:06:06.247+0000] {logging_mixin.py:190} INFO - [2026-03-23T19:06:06.246+0000] {dag.py:4180} INFO - Setting next_dagrun for dataset_produces_2 to None, run_after=None
[2026-03-23T19:06:06.260+0000] {processor.py:208} INFO - Processing /home/airflow/.local/lib/python3.12/site-packages/airflow/example_dags/example_datasets.py took 0.458 seconds
[2026-03-23T19:06:36.677+0000] {processor.py:186} INFO - Started process (PID=330) to work on /home/airflow/.local/lib/python3.12/site-packages/airflow/example_dags/example_datasets.py
[2026-03-23T19:06:37.353+0000] {processor.py:914} INFO - Processing file /home/airflow/.local/lib/python3.12/site-packages/airflow/example_dags/example_datasets.py for tasks to queue
[2026-03-23T19:06:37.372+0000] {logging_mixin.py:190} INFO - [2026-03-23T19:06:37.371+0000] {dagbag.py:588} INFO - Filling up the DagBag from /home/airflow/.local/lib/python3.12/site-packages/airflow/example_dags/example_datasets.py
[2026-03-23T19:06:38.641+0000] {processor.py:925} INFO - DAG(s) 'consume_1_or_2_with_dataset_expressions', 'dataset_produces_2', 'consume_1_or_both_2_and_3_with_dataset_expressions', 'dataset_consumes_1_never_scheduled', 'dataset_consumes_1', 'dataset_consumes_unknown_never_scheduled', 'dataset_consumes_1_and_2', 'conditional_dataset_and_time_based_timetable', 'dataset_produces_1', 'consume_1_and_2_with_dataset_expressions' retrieved from /home/airflow/.local/lib/python3.12/site-packages/airflow/example_dags/example_datasets.py
[2026-03-23T19:06:38.736+0000] {logging_mixin.py:190} INFO - [2026-03-23T19:06:38.735+0000] {dag.py:3239} INFO - Sync 10 DAGs
[2026-03-23T19:06:38.802+0000] {logging_mixin.py:190} INFO - [2026-03-23T19:06:38.802+0000] {dag.py:4180} INFO - Setting next_dagrun for conditional_dataset_and_time_based_timetable to 2026-03-18 01:00:00+00:00, run_after=2026-03-18 01:00:00+00:00
[2026-03-23T19:06:38.805+0000] {logging_mixin.py:190} INFO - [2026-03-23T19:06:38.805+0000] {dag.py:4180} INFO - Setting next_dagrun for consume_1_and_2_with_dataset_expressions to None, run_after=None
[2026-03-23T19:06:38.806+0000] {logging_mixin.py:190} INFO - [2026-03-23T19:06:38.806+0000] {dag.py:4180} INFO - Setting next_dagrun for consume_1_or_2_with_dataset_expressions to None, run_after=None
[2026-03-23T19:06:38.806+0000] {logging_mixin.py:190} INFO - [2026-03-23T19:06:38.806+0000] {dag.py:4180} INFO - Setting next_dagrun for consume_1_or_both_2_and_3_with_dataset_expressions to None, run_after=None
[2026-03-23T19:06:38.807+0000] {logging_mixin.py:190} INFO - [2026-03-23T19:06:38.807+0000] {dag.py:4180} INFO - Setting next_dagrun for dataset_consumes_1 to None, run_after=None
[2026-03-23T19:06:38.807+0000] {logging_mixin.py:190} INFO - [2026-03-23T19:06:38.807+0000] {dag.py:4180} INFO - Setting next_dagrun for dataset_consumes_1_and_2 to None, run_after=None
[2026-03-23T19:06:38.808+0000] {logging_mixin.py:190} INFO - [2026-03-23T19:06:38.808+0000] {dag.py:4180} INFO - Setting next_dagrun for dataset_consumes_1_never_scheduled to None, run_after=None
[2026-03-23T19:06:38.809+0000] {logging_mixin.py:190} INFO - [2026-03-23T19:06:38.809+0000] {dag.py:4180} INFO - Setting next_dagrun for dataset_consumes_unknown_never_scheduled to None, run_after=None
[2026-03-23T19:06:38.810+0000] {logging_mixin.py:190} INFO - [2026-03-23T19:06:38.810+0000] {dag.py:4180} INFO - Setting next_dagrun for dataset_produces_1 to 2026-03-22 00:00:00+00:00, run_after=2026-03-23 00:00:00+00:00
[2026-03-23T19:06:38.811+0000] {logging_mixin.py:190} INFO - [2026-03-23T19:06:38.811+0000] {dag.py:4180} INFO - Setting next_dagrun for dataset_produces_2 to None, run_after=None
[2026-03-23T19:06:38.839+0000] {processor.py:208} INFO - Processing /home/airflow/.local/lib/python3.12/site-packages/airflow/example_dags/example_datasets.py took 2.171 seconds
[2026-03-23T19:07:09.357+0000] {processor.py:186} INFO - Started process (PID=394) to work on /home/airflow/.local/lib/python3.12/site-packages/airflow/example_dags/example_datasets.py
[2026-03-23T19:07:09.360+0000] {processor.py:914} INFO - Processing file /home/airflow/.local/lib/python3.12/site-packages/airflow/example_dags/example_datasets.py for tasks to queue
[2026-03-23T19:07:09.363+0000] {logging_mixin.py:190} INFO - [2026-03-23T19:07:09.363+0000] {dagbag.py:588} INFO - Filling up the DagBag from /home/airflow/.local/lib/python3.12/site-packages/airflow/example_dags/example_datasets.py
[2026-03-23T19:07:17.972+0000] {processor.py:925} INFO - DAG(s) 'dataset_consumes_unknown_never_scheduled', 'dataset_produces_2', 'dataset_consumes_1', 'conditional_dataset_and_time_based_timetable', 'dataset_produces_1', 'consume_1_and_2_with_dataset_expressions', 'dataset_consumes_1_and_2', 'consume_1_or_both_2_and_3_with_dataset_expressions', 'consume_1_or_2_with_dataset_expressions', 'dataset_consumes_1_never_scheduled' retrieved from /home/airflow/.local/lib/python3.12/site-packages/airflow/example_dags/example_datasets.py
[2026-03-23T19:07:18.430+0000] {logging_mixin.py:190} INFO - [2026-03-23T19:07:18.427+0000] {dag.py:3239} INFO - Sync 10 DAGs
[2026-03-23T19:07:18.509+0000] {logging_mixin.py:190} INFO - [2026-03-23T19:07:18.509+0000] {dag.py:4180} INFO - Setting next_dagrun for conditional_dataset_and_time_based_timetable to 2026-03-18 01:00:00+00:00, run_after=2026-03-18 01:00:00+00:00
[2026-03-23T19:07:18.525+0000] {logging_mixin.py:190} INFO - [2026-03-23T19:07:18.525+0000] {dag.py:4180} INFO - Setting next_dagrun for consume_1_and_2_with_dataset_expressions to None, run_after=None
[2026-03-23T19:07:18.532+0000] {logging_mixin.py:190} INFO - [2026-03-23T19:07:18.532+0000] {dag.py:4180} INFO - Setting next_dagrun for consume_1_or_2_with_dataset_expressions to None, run_after=None
[2026-03-23T19:07:18.535+0000] {logging_mixin.py:190} INFO - [2026-03-23T19:07:18.535+0000] {dag.py:4180} INFO - Setting next_dagrun for consume_1_or_both_2_and_3_with_dataset_expressions to None, run_after=None
[2026-03-23T19:07:18.538+0000] {logging_mixin.py:190} INFO - [2026-03-23T19:07:18.537+0000] {dag.py:4180} INFO - Setting next_dagrun for dataset_consumes_1 to None, run_after=None
[2026-03-23T19:07:18.544+0000] {logging_mixin.py:190} INFO - [2026-03-23T19:07:18.543+0000] {dag.py:4180} INFO - Setting next_dagrun for dataset_consumes_1_and_2 to None, run_after=None
[2026-03-23T19:07:18.550+0000] {logging_mixin.py:190} INFO - [2026-03-23T19:07:18.550+0000] {dag.py:4180} INFO - Setting next_dagrun for dataset_consumes_1_never_scheduled to None, run_after=None
[2026-03-23T19:07:18.554+0000] {logging_mixin.py:190} INFO - [2026-03-23T19:07:18.553+0000] {dag.py:4180} INFO - Setting next_dagrun for dataset_consumes_unknown_never_scheduled to None, run_after=None
[2026-03-23T19:07:18.566+0000] {logging_mixin.py:190} INFO - [2026-03-23T19:07:18.566+0000] {dag.py:4180} INFO - Setting next_dagrun for dataset_produces_1 to 2026-03-22 00:00:00+00:00, run_after=2026-03-23 00:00:00+00:00
[2026-03-23T19:07:18.571+0000] {logging_mixin.py:190} INFO - [2026-03-23T19:07:18.570+0000] {dag.py:4180} INFO - Setting next_dagrun for dataset_produces_2 to None, run_after=None
[2026-03-23T19:07:18.753+0000] {processor.py:208} INFO - Processing /home/airflow/.local/lib/python3.12/site-packages/airflow/example_dags/example_datasets.py took 9.408 seconds
[2026-03-23T19:07:49.338+0000] {processor.py:186} INFO - Started process (PID=458) to work on /home/airflow/.local/lib/python3.12/site-packages/airflow/example_dags/example_datasets.py
[2026-03-23T19:07:49.359+0000] {processor.py:914} INFO - Processing file /home/airflow/.local/lib/python3.12/site-packages/airflow/example_dags/example_datasets.py for tasks to queue
[2026-03-23T19:07:49.373+0000] {logging_mixin.py:190} INFO - [2026-03-23T19:07:49.372+0000] {dagbag.py:588} INFO - Filling up the DagBag from /home/airflow/.local/lib/python3.12/site-packages/airflow/example_dags/example_datasets.py
[2026-03-23T19:07:55.282+0000] {processor.py:925} INFO - DAG(s) 'conditional_dataset_and_time_based_timetable', 'consume_1_and_2_with_dataset_expressions', 'consume_1_or_2_with_dataset_expressions', 'dataset_consumes_1_and_2', 'consume_1_or_both_2_and_3_with_dataset_expressions', 'dataset_consumes_1', 'dataset_produces_2', 'dataset_consumes_1_never_scheduled', 'dataset_produces_1', 'dataset_consumes_unknown_never_scheduled' retrieved from /home/airflow/.local/lib/python3.12/site-packages/airflow/example_dags/example_datasets.py
[2026-03-23T19:07:55.536+0000] {logging_mixin.py:190} INFO - [2026-03-23T19:07:55.535+0000] {dag.py:3239} INFO - Sync 10 DAGs
[2026-03-23T19:07:55.774+0000] {logging_mixin.py:190} INFO - [2026-03-23T19:07:55.772+0000] {dag.py:4180} INFO - Setting next_dagrun for conditional_dataset_and_time_based_timetable to 2026-03-18 01:00:00+00:00, run_after=2026-03-18 01:00:00+00:00
[2026-03-23T19:07:55.805+0000] {logging_mixin.py:190} INFO - [2026-03-23T19:07:55.805+0000] {dag.py:4180} INFO - Setting next_dagrun for consume_1_and_2_with_dataset_expressions to None, run_after=None
[2026-03-23T19:07:55.810+0000] {logging_mixin.py:190} INFO - [2026-03-23T19:07:55.809+0000] {dag.py:4180} INFO - Setting next_dagrun for consume_1_or_2_with_dataset_expressions to None, run_after=None
[2026-03-23T19:07:55.814+0000] {logging_mixin.py:190} INFO - [2026-03-23T19:07:55.814+0000] {dag.py:4180} INFO - Setting next_dagrun for consume_1_or_both_2_and_3_with_dataset_expressions to None, run_after=None
[2026-03-23T19:07:55.829+0000] {logging_mixin.py:190} INFO - [2026-03-23T19:07:55.829+0000] {dag.py:4180} INFO - Setting next_dagrun for dataset_consumes_1 to None, run_after=None
[2026-03-23T19:07:55.830+0000] {logging_mixin.py:190} INFO - [2026-03-23T19:07:55.830+0000] {dag.py:4180} INFO - Setting next_dagrun for dataset_consumes_1_and_2 to None, run_after=None
[2026-03-23T19:07:55.831+0000] {logging_mixin.py:190} INFO - [2026-03-23T19:07:55.831+0000] {dag.py:4180} INFO - Setting next_dagrun for dataset_consumes_1_never_scheduled to None, run_after=None
[2026-03-23T19:07:55.833+0000] {logging_mixin.py:190} INFO - [2026-03-23T19:07:55.833+0000] {dag.py:4180} INFO - Setting next_dagrun for dataset_consumes_unknown_never_scheduled to None, run_after=None
[2026-03-23T19:07:55.839+0000] {logging_mixin.py:190} INFO - [2026-03-23T19:07:55.839+0000] {dag.py:4180} INFO - Setting next_dagrun for dataset_produces_1 to 2026-03-22 00:00:00+00:00, run_after=2026-03-23 00:00:00+00:00
[2026-03-23T19:07:55.843+0000] {logging_mixin.py:190} INFO - [2026-03-23T19:07:55.843+0000] {dag.py:4180} INFO - Setting next_dagrun for dataset_produces_2 to None, run_after=None
[2026-03-23T19:07:55.985+0000] {processor.py:208} INFO - Processing /home/airflow/.local/lib/python3.12/site-packages/airflow/example_dags/example_datasets.py took 6.778 seconds
[2026-03-23T19:08:26.534+0000] {processor.py:186} INFO - Started process (PID=528) to work on /home/airflow/.local/lib/python3.12/site-packages/airflow/example_dags/example_datasets.py
[2026-03-23T19:08:26.543+0000] {processor.py:914} INFO - Processing file /home/airflow/.local/lib/python3.12/site-packages/airflow/example_dags/example_datasets.py for tasks to queue
[2026-03-23T19:08:26.558+0000] {logging_mixin.py:190} INFO - [2026-03-23T19:08:26.558+0000] {dagbag.py:588} INFO - Filling up the DagBag from /home/airflow/.local/lib/python3.12/site-packages/airflow/example_dags/example_datasets.py
[2026-03-23T19:08:32.288+0000] {processor.py:925} INFO - DAG(s) 'dataset_consumes_1', 'conditional_dataset_and_time_based_timetable', 'consume_1_or_both_2_and_3_with_dataset_expressions', 'dataset_produces_2', 'dataset_consumes_unknown_never_scheduled', 'dataset_produces_1', 'dataset_consumes_1_and_2', 'consume_1_or_2_with_dataset_expressions', 'dataset_consumes_1_never_scheduled', 'consume_1_and_2_with_dataset_expressions' retrieved from /home/airflow/.local/lib/python3.12/site-packages/airflow/example_dags/example_datasets.py
[2026-03-23T19:08:32.555+0000] {logging_mixin.py:190} INFO - [2026-03-23T19:08:32.546+0000] {dag.py:3239} INFO - Sync 10 DAGs
[2026-03-23T19:08:32.709+0000] {logging_mixin.py:190} INFO - [2026-03-23T19:08:32.709+0000] {dag.py:4180} INFO - Setting next_dagrun for conditional_dataset_and_time_based_timetable to 2026-03-18 01:00:00+00:00, run_after=2026-03-18 01:00:00+00:00
[2026-03-23T19:08:32.796+0000] {logging_mixin.py:190} INFO - [2026-03-23T19:08:32.792+0000] {dag.py:4180} INFO - Setting next_dagrun for consume_1_and_2_with_dataset_expressions to None, run_after=None
[2026-03-23T19:08:32.801+0000] {logging_mixin.py:190} INFO - [2026-03-23T19:08:32.800+0000] {dag.py:4180} INFO - Setting next_dagrun for consume_1_or_2_with_dataset_expressions to None, run_after=None
[2026-03-23T19:08:32.811+0000] {logging_mixin.py:190} INFO - [2026-03-23T19:08:32.811+0000] {dag.py:4180} INFO - Setting next_dagrun for consume_1_or_both_2_and_3_with_dataset_expressions to None, run_after=None
[2026-03-23T19:08:32.831+0000] {logging_mixin.py:190} INFO - [2026-03-23T19:08:32.830+0000] {dag.py:4180} INFO - Setting next_dagrun for dataset_consumes_1 to None, run_after=None
[2026-03-23T19:08:32.839+0000] {logging_mixin.py:190} INFO - [2026-03-23T19:08:32.838+0000] {dag.py:4180} INFO - Setting next_dagrun for dataset_consumes_1_and_2 to None, run_after=None
[2026-03-23T19:08:32.843+0000] {logging_mixin.py:190} INFO - [2026-03-23T19:08:32.842+0000] {dag.py:4180} INFO - Setting next_dagrun for dataset_consumes_1_never_scheduled to None, run_after=None
[2026-03-23T19:08:32.851+0000] {logging_mixin.py:190} INFO - [2026-03-23T19:08:32.850+0000] {dag.py:4180} INFO - Setting next_dagrun for dataset_consumes_unknown_never_scheduled to None, run_after=None
[2026-03-23T19:08:32.872+0000] {logging_mixin.py:190} INFO - [2026-03-23T19:08:32.872+0000] {dag.py:4180} INFO - Setting next_dagrun for dataset_produces_1 to 2026-03-22 00:00:00+00:00, run_after=2026-03-23 00:00:00+00:00
[2026-03-23T19:08:32.921+0000] {logging_mixin.py:190} INFO - [2026-03-23T19:08:32.900+0000] {dag.py:4180} INFO - Setting next_dagrun for dataset_produces_2 to None, run_after=None
[2026-03-23T19:08:33.438+0000] {processor.py:208} INFO - Processing /home/airflow/.local/lib/python3.12/site-packages/airflow/example_dags/example_datasets.py took 6.918 seconds
[2026-03-23T19:09:04.855+0000] {processor.py:186} INFO - Started process (PID=592) to work on /home/airflow/.local/lib/python3.12/site-packages/airflow/example_dags/example_datasets.py
[2026-03-23T19:09:04.858+0000] {processor.py:914} INFO - Processing file /home/airflow/.local/lib/python3.12/site-packages/airflow/example_dags/example_datasets.py for tasks to queue
[2026-03-23T19:09:04.866+0000] {logging_mixin.py:190} INFO - [2026-03-23T19:09:04.865+0000] {dagbag.py:588} INFO - Filling up the DagBag from /home/airflow/.local/lib/python3.12/site-packages/airflow/example_dags/example_datasets.py
[2026-03-23T19:09:09.795+0000] {processor.py:925} INFO - DAG(s) 'dataset_produces_2', 'consume_1_or_both_2_and_3_with_dataset_expressions', 'dataset_consumes_1_and_2', 'conditional_dataset_and_time_based_timetable', 'dataset_consumes_1', 'consume_1_and_2_with_dataset_expressions', 'dataset_consumes_unknown_never_scheduled', 'dataset_produces_1', 'dataset_consumes_1_never_scheduled', 'consume_1_or_2_with_dataset_expressions' retrieved from /home/airflow/.local/lib/python3.12/site-packages/airflow/example_dags/example_datasets.py
[2026-03-23T19:09:10.154+0000] {logging_mixin.py:190} INFO - [2026-03-23T19:09:10.153+0000] {dag.py:3239} INFO - Sync 10 DAGs
[2026-03-23T19:09:10.322+0000] {logging_mixin.py:190} INFO - [2026-03-23T19:09:10.320+0000] {dag.py:4180} INFO - Setting next_dagrun for conditional_dataset_and_time_based_timetable to 2026-03-18 01:00:00+00:00, run_after=2026-03-18 01:00:00+00:00
[2026-03-23T19:09:10.366+0000] {logging_mixin.py:190} INFO - [2026-03-23T19:09:10.365+0000] {dag.py:4180} INFO - Setting next_dagrun for consume_1_and_2_with_dataset_expressions to None, run_after=None
[2026-03-23T19:09:10.414+0000] {logging_mixin.py:190} INFO - [2026-03-23T19:09:10.413+0000] {dag.py:4180} INFO - Setting next_dagrun for consume_1_or_2_with_dataset_expressions to None, run_after=None
[2026-03-23T19:09:10.445+0000] {logging_mixin.py:190} INFO - [2026-03-23T19:09:10.444+0000] {dag.py:4180} INFO - Setting next_dagrun for consume_1_or_both_2_and_3_with_dataset_expressions to None, run_after=None
[2026-03-23T19:09:10.457+0000] {logging_mixin.py:190} INFO - [2026-03-23T19:09:10.456+0000] {dag.py:4180} INFO - Setting next_dagrun for dataset_consumes_1 to None, run_after=None
[2026-03-23T19:09:10.468+0000] {logging_mixin.py:190} INFO - [2026-03-23T19:09:10.467+0000] {dag.py:4180} INFO - Setting next_dagrun for dataset_consumes_1_and_2 to None, run_after=None
[2026-03-23T19:09:10.474+0000] {logging_mixin.py:190} INFO - [2026-03-23T19:09:10.473+0000] {dag.py:4180} INFO - Setting next_dagrun for dataset_consumes_1_never_scheduled to None, run_after=None
[2026-03-23T19:09:10.478+0000] {logging_mixin.py:190} INFO - [2026-03-23T19:09:10.478+0000] {dag.py:4180} INFO - Setting next_dagrun for dataset_consumes_unknown_never_scheduled to None, run_after=None
[2026-03-23T19:09:10.487+0000] {logging_mixin.py:190} INFO - [2026-03-23T19:09:10.487+0000] {dag.py:4180} INFO - Setting next_dagrun for dataset_produces_1 to 2026-03-22 00:00:00+00:00, run_after=2026-03-23 00:00:00+00:00
[2026-03-23T19:09:10.506+0000] {logging_mixin.py:190} INFO - [2026-03-23T19:09:10.506+0000] {dag.py:4180} INFO - Setting next_dagrun for dataset_produces_2 to None, run_after=None
[2026-03-23T19:09:12.578+0000] {processor.py:208} INFO - Processing /home/airflow/.local/lib/python3.12/site-packages/airflow/example_dags/example_datasets.py took 7.710 seconds
[2026-03-23T19:09:43.011+0000] {processor.py:186} INFO - Started process (PID=659) to work on /home/airflow/.local/lib/python3.12/site-packages/airflow/example_dags/example_datasets.py
[2026-03-23T19:09:43.014+0000] {processor.py:914} INFO - Processing file /home/airflow/.local/lib/python3.12/site-packages/airflow/example_dags/example_datasets.py for tasks to queue
[2026-03-23T19:09:43.035+0000] {logging_mixin.py:190} INFO - [2026-03-23T19:09:43.034+0000] {dagbag.py:588} INFO - Filling up the DagBag from /home/airflow/.local/lib/python3.12/site-packages/airflow/example_dags/example_datasets.py
[2026-03-23T19:09:44.507+0000] {processor.py:925} INFO - DAG(s) 'dataset_consumes_unknown_never_scheduled', 'dataset_consumes_1', 'dataset_produces_1', 'conditional_dataset_and_time_based_timetable', 'consume_1_and_2_with_dataset_expressions', 'dataset_produces_2', 'dataset_consumes_1_never_scheduled', 'dataset_consumes_1_and_2', 'consume_1_or_both_2_and_3_with_dataset_expressions', 'consume_1_or_2_with_dataset_expressions' retrieved from /home/airflow/.local/lib/python3.12/site-packages/airflow/example_dags/example_datasets.py
[2026-03-23T19:09:44.545+0000] {logging_mixin.py:190} INFO - [2026-03-23T19:09:44.545+0000] {dag.py:3239} INFO - Sync 10 DAGs
[2026-03-23T19:09:44.563+0000] {logging_mixin.py:190} INFO - [2026-03-23T19:09:44.563+0000] {dag.py:4180} INFO - Setting next_dagrun for conditional_dataset_and_time_based_timetable to 2026-03-18 01:00:00+00:00, run_after=2026-03-18 01:00:00+00:00
[2026-03-23T19:09:44.566+0000] {logging_mixin.py:190} INFO - [2026-03-23T19:09:44.566+0000] {dag.py:4180} INFO - Setting next_dagrun for consume_1_and_2_with_dataset_expressions to None, run_after=None
[2026-03-23T19:09:44.568+0000] {logging_mixin.py:190} INFO - [2026-03-23T19:09:44.568+0000] {dag.py:4180} INFO - Setting next_dagrun for consume_1_or_2_with_dataset_expressions to None, run_after=None
[2026-03-23T19:09:44.573+0000] {logging_mixin.py:190} INFO - [2026-03-23T19:09:44.572+0000] {dag.py:4180} INFO - Setting next_dagrun for consume_1_or_both_2_and_3_with_dataset_expressions to None, run_after=None
[2026-03-23T19:09:44.575+0000] {logging_mixin.py:190} INFO - [2026-03-23T19:09:44.575+0000] {dag.py:4180} INFO - Setting next_dagrun for dataset_consumes_1 to None, run_after=None
[2026-03-23T19:09:44.576+0000] {logging_mixin.py:190} INFO - [2026-03-23T19:09:44.576+0000] {dag.py:4180} INFO - Setting next_dagrun for dataset_consumes_1_and_2 to None, run_after=None
[2026-03-23T19:09:44.576+0000] {logging_mixin.py:190} INFO - [2026-03-23T19:09:44.576+0000] {dag.py:4180} INFO - Setting next_dagrun for dataset_consumes_1_never_scheduled to None, run_after=None
[2026-03-23T19:09:44.577+0000] {logging_mixin.py:190} INFO - [2026-03-23T19:09:44.577+0000] {dag.py:4180} INFO - Setting next_dagrun for dataset_consumes_unknown_never_scheduled to None, run_after=None
[2026-03-23T19:09:44.578+0000] {logging_mixin.py:190} INFO - [2026-03-23T19:09:44.578+0000] {dag.py:4180} INFO - Setting next_dagrun for dataset_produces_1 to 2026-03-22 00:00:00+00:00, run_after=2026-03-23 00:00:00+00:00
[2026-03-23T19:09:44.579+0000] {logging_mixin.py:190} INFO - [2026-03-23T19:09:44.578+0000] {dag.py:4180} INFO - Setting next_dagrun for dataset_produces_2 to None, run_after=None
[2026-03-23T19:09:44.595+0000] {processor.py:208} INFO - Processing /home/airflow/.local/lib/python3.12/site-packages/airflow/example_dags/example_datasets.py took 1.615 seconds
[2026-03-23T19:10:14.825+0000] {processor.py:186} INFO - Started process (PID=729) to work on /home/airflow/.local/lib/python3.12/site-packages/airflow/example_dags/example_datasets.py
[2026-03-23T19:10:14.828+0000] {processor.py:914} INFO - Processing file /home/airflow/.local/lib/python3.12/site-packages/airflow/example_dags/example_datasets.py for tasks to queue
[2026-03-23T19:10:14.832+0000] {logging_mixin.py:190} INFO - [2026-03-23T19:10:14.832+0000] {dagbag.py:588} INFO - Filling up the DagBag from /home/airflow/.local/lib/python3.12/site-packages/airflow/example_dags/example_datasets.py
[2026-03-23T19:10:16.938+0000] {processor.py:925} INFO - DAG(s) 'consume_1_or_2_with_dataset_expressions', 'dataset_consumes_unknown_never_scheduled', 'dataset_produces_2', 'dataset_produces_1', 'consume_1_and_2_with_dataset_expressions', 'conditional_dataset_and_time_based_timetable', 'dataset_consumes_1_never_scheduled', 'dataset_consumes_1_and_2', 'dataset_consumes_1', 'consume_1_or_both_2_and_3_with_dataset_expressions' retrieved from /home/airflow/.local/lib/python3.12/site-packages/airflow/example_dags/example_datasets.py
[2026-03-23T19:10:16.984+0000] {logging_mixin.py:190} INFO - [2026-03-23T19:10:16.984+0000] {dag.py:3239} INFO - Sync 10 DAGs
[2026-03-23T19:10:17.020+0000] {logging_mixin.py:190} INFO - [2026-03-23T19:10:17.018+0000] {dag.py:4180} INFO - Setting next_dagrun for conditional_dataset_and_time_based_timetable to 2026-03-18 01:00:00+00:00, run_after=2026-03-18 01:00:00+00:00
[2026-03-23T19:10:17.041+0000] {logging_mixin.py:190} INFO - [2026-03-23T19:10:17.041+0000] {dag.py:4180} INFO - Setting next_dagrun for consume_1_and_2_with_dataset_expressions to None, run_after=None
[2026-03-23T19:10:17.047+0000] {logging_mixin.py:190} INFO - [2026-03-23T19:10:17.047+0000] {dag.py:4180} INFO - Setting next_dagrun for consume_1_or_2_with_dataset_expressions to None, run_after=None
[2026-03-23T19:10:17.064+0000] {logging_mixin.py:190} INFO - [2026-03-23T19:10:17.063+0000] {dag.py:4180} INFO - Setting next_dagrun for consume_1_or_both_2_and_3_with_dataset_expressions to None, run_after=None
[2026-03-23T19:10:17.072+0000] {logging_mixin.py:190} INFO - [2026-03-23T19:10:17.072+0000] {dag.py:4180} INFO - Setting next_dagrun for dataset_consumes_1 to None, run_after=None
[2026-03-23T19:10:17.075+0000] {logging_mixin.py:190} INFO - [2026-03-23T19:10:17.074+0000] {dag.py:4180} INFO - Setting next_dagrun for dataset_consumes_1_and_2 to None, run_after=None
[2026-03-23T19:10:17.078+0000] {logging_mixin.py:190} INFO - [2026-03-23T19:10:17.077+0000] {dag.py:4180} INFO - Setting next_dagrun for dataset_consumes_1_never_scheduled to None, run_after=None
[2026-03-23T19:10:17.082+0000] {logging_mixin.py:190} INFO - [2026-03-23T19:10:17.081+0000] {dag.py:4180} INFO - Setting next_dagrun for dataset_consumes_unknown_never_scheduled to None, run_after=None
[2026-03-23T19:10:17.085+0000] {logging_mixin.py:190} INFO - [2026-03-23T19:10:17.085+0000] {dag.py:4180} INFO - Setting next_dagrun for dataset_produces_1 to 2026-03-22 00:00:00+00:00, run_after=2026-03-23 00:00:00+00:00
[2026-03-23T19:10:17.086+0000] {logging_mixin.py:190} INFO - [2026-03-23T19:10:17.086+0000] {dag.py:4180} INFO - Setting next_dagrun for dataset_produces_2 to None, run_after=None
[2026-03-23T19:10:17.125+0000] {processor.py:208} INFO - Processing /home/airflow/.local/lib/python3.12/site-packages/airflow/example_dags/example_datasets.py took 2.310 seconds
