[2026-03-23T19:04:20.656+0000] {processor.py:186} INFO - Started process (PID=68) to work on /home/airflow/.local/lib/python3.12/site-packages/airflow/example_dags/example_trigger_target_dag.py
[2026-03-23T19:04:20.659+0000] {processor.py:914} INFO - Processing file /home/airflow/.local/lib/python3.12/site-packages/airflow/example_dags/example_trigger_target_dag.py for tasks to queue
[2026-03-23T19:04:20.663+0000] {logging_mixin.py:190} INFO - [2026-03-23T19:04:20.662+0000] {dagbag.py:588} INFO - Filling up the DagBag from /home/airflow/.local/lib/python3.12/site-packages/airflow/example_dags/example_trigger_target_dag.py
[2026-03-23T19:04:20.693+0000] {processor.py:925} INFO - DAG(s) 'example_trigger_target_dag' retrieved from /home/airflow/.local/lib/python3.12/site-packages/airflow/example_dags/example_trigger_target_dag.py
[2026-03-23T19:04:21.400+0000] {logging_mixin.py:190} INFO - [2026-03-23T19:04:21.398+0000] {override.py:1911} INFO - Created Permission View: can edit on DAG:example_trigger_target_dag
[2026-03-23T19:04:21.421+0000] {logging_mixin.py:190} INFO - [2026-03-23T19:04:21.421+0000] {override.py:1911} INFO - Created Permission View: can read on DAG:example_trigger_target_dag
[2026-03-23T19:04:21.426+0000] {logging_mixin.py:190} INFO - [2026-03-23T19:04:21.426+0000] {override.py:1911} INFO - Created Permission View: can delete on DAG:example_trigger_target_dag
[2026-03-23T19:04:21.433+0000] {logging_mixin.py:190} INFO - [2026-03-23T19:04:21.433+0000] {override.py:1911} INFO - Created Permission View: menu access on DAG Run:example_trigger_target_dag
[2026-03-23T19:04:21.440+0000] {logging_mixin.py:190} INFO - [2026-03-23T19:04:21.440+0000] {override.py:1911} INFO - Created Permission View: can read on DAG Run:example_trigger_target_dag
[2026-03-23T19:04:21.448+0000] {logging_mixin.py:190} INFO - [2026-03-23T19:04:21.448+0000] {override.py:1911} INFO - Created Permission View: can create on DAG Run:example_trigger_target_dag
[2026-03-23T19:04:21.455+0000] {logging_mixin.py:190} INFO - [2026-03-23T19:04:21.454+0000] {override.py:1911} INFO - Created Permission View: can delete on DAG Run:example_trigger_target_dag
[2026-03-23T19:04:21.456+0000] {logging_mixin.py:190} INFO - [2026-03-23T19:04:21.455+0000] {dag.py:3239} INFO - Sync 1 DAGs
[2026-03-23T19:04:21.495+0000] {logging_mixin.py:190} INFO - [2026-03-23T19:04:21.495+0000] {dag.py:3262} INFO - Creating ORM DAG for example_trigger_target_dag
[2026-03-23T19:04:21.500+0000] {logging_mixin.py:190} INFO - [2026-03-23T19:04:21.499+0000] {dag.py:4180} INFO - Setting next_dagrun for example_trigger_target_dag to None, run_after=None
[2026-03-23T19:04:21.543+0000] {processor.py:208} INFO - Processing /home/airflow/.local/lib/python3.12/site-packages/airflow/example_dags/example_trigger_target_dag.py took 0.894 seconds
[2026-03-23T19:04:52.259+0000] {processor.py:186} INFO - Started process (PID=132) to work on /home/airflow/.local/lib/python3.12/site-packages/airflow/example_dags/example_trigger_target_dag.py
[2026-03-23T19:04:52.261+0000] {processor.py:914} INFO - Processing file /home/airflow/.local/lib/python3.12/site-packages/airflow/example_dags/example_trigger_target_dag.py for tasks to queue
[2026-03-23T19:04:52.264+0000] {logging_mixin.py:190} INFO - [2026-03-23T19:04:52.263+0000] {dagbag.py:588} INFO - Filling up the DagBag from /home/airflow/.local/lib/python3.12/site-packages/airflow/example_dags/example_trigger_target_dag.py
[2026-03-23T19:04:52.280+0000] {processor.py:925} INFO - DAG(s) 'example_trigger_target_dag' retrieved from /home/airflow/.local/lib/python3.12/site-packages/airflow/example_dags/example_trigger_target_dag.py
[2026-03-23T19:04:52.308+0000] {logging_mixin.py:190} INFO - [2026-03-23T19:04:52.308+0000] {dag.py:3239} INFO - Sync 1 DAGs
[2026-03-23T19:04:52.329+0000] {logging_mixin.py:190} INFO - [2026-03-23T19:04:52.328+0000] {dag.py:4180} INFO - Setting next_dagrun for example_trigger_target_dag to None, run_after=None
[2026-03-23T19:04:52.347+0000] {processor.py:208} INFO - Processing /home/airflow/.local/lib/python3.12/site-packages/airflow/example_dags/example_trigger_target_dag.py took 0.095 seconds
[2026-03-23T19:05:23.164+0000] {processor.py:186} INFO - Started process (PID=192) to work on /home/airflow/.local/lib/python3.12/site-packages/airflow/example_dags/example_trigger_target_dag.py
[2026-03-23T19:05:23.164+0000] {processor.py:914} INFO - Processing file /home/airflow/.local/lib/python3.12/site-packages/airflow/example_dags/example_trigger_target_dag.py for tasks to queue
[2026-03-23T19:05:23.168+0000] {logging_mixin.py:190} INFO - [2026-03-23T19:05:23.168+0000] {dagbag.py:588} INFO - Filling up the DagBag from /home/airflow/.local/lib/python3.12/site-packages/airflow/example_dags/example_trigger_target_dag.py
[2026-03-23T19:05:23.176+0000] {processor.py:925} INFO - DAG(s) 'example_trigger_target_dag' retrieved from /home/airflow/.local/lib/python3.12/site-packages/airflow/example_dags/example_trigger_target_dag.py
[2026-03-23T19:05:23.194+0000] {logging_mixin.py:190} INFO - [2026-03-23T19:05:23.194+0000] {dag.py:3239} INFO - Sync 1 DAGs
[2026-03-23T19:05:23.206+0000] {logging_mixin.py:190} INFO - [2026-03-23T19:05:23.206+0000] {dag.py:4180} INFO - Setting next_dagrun for example_trigger_target_dag to None, run_after=None
[2026-03-23T19:05:23.227+0000] {processor.py:208} INFO - Processing /home/airflow/.local/lib/python3.12/site-packages/airflow/example_dags/example_trigger_target_dag.py took 0.068 seconds
[2026-03-23T19:05:53.466+0000] {processor.py:186} INFO - Started process (PID=255) to work on /home/airflow/.local/lib/python3.12/site-packages/airflow/example_dags/example_trigger_target_dag.py
[2026-03-23T19:05:53.468+0000] {processor.py:914} INFO - Processing file /home/airflow/.local/lib/python3.12/site-packages/airflow/example_dags/example_trigger_target_dag.py for tasks to queue
[2026-03-23T19:05:53.473+0000] {logging_mixin.py:190} INFO - [2026-03-23T19:05:53.472+0000] {dagbag.py:588} INFO - Filling up the DagBag from /home/airflow/.local/lib/python3.12/site-packages/airflow/example_dags/example_trigger_target_dag.py
[2026-03-23T19:05:53.491+0000] {processor.py:925} INFO - DAG(s) 'example_trigger_target_dag' retrieved from /home/airflow/.local/lib/python3.12/site-packages/airflow/example_dags/example_trigger_target_dag.py
[2026-03-23T19:05:53.519+0000] {logging_mixin.py:190} INFO - [2026-03-23T19:05:53.519+0000] {dag.py:3239} INFO - Sync 1 DAGs
[2026-03-23T19:05:53.531+0000] {logging_mixin.py:190} INFO - [2026-03-23T19:05:53.530+0000] {dag.py:4180} INFO - Setting next_dagrun for example_trigger_target_dag to None, run_after=None
[2026-03-23T19:05:53.548+0000] {processor.py:208} INFO - Processing /home/airflow/.local/lib/python3.12/site-packages/airflow/example_dags/example_trigger_target_dag.py took 0.093 seconds
[2026-03-23T19:06:23.823+0000] {processor.py:186} INFO - Started process (PID=319) to work on /home/airflow/.local/lib/python3.12/site-packages/airflow/example_dags/example_trigger_target_dag.py
[2026-03-23T19:06:23.825+0000] {processor.py:914} INFO - Processing file /home/airflow/.local/lib/python3.12/site-packages/airflow/example_dags/example_trigger_target_dag.py for tasks to queue
[2026-03-23T19:06:23.830+0000] {logging_mixin.py:190} INFO - [2026-03-23T19:06:23.829+0000] {dagbag.py:588} INFO - Filling up the DagBag from /home/airflow/.local/lib/python3.12/site-packages/airflow/example_dags/example_trigger_target_dag.py
[2026-03-23T19:06:23.840+0000] {processor.py:925} INFO - DAG(s) 'example_trigger_target_dag' retrieved from /home/airflow/.local/lib/python3.12/site-packages/airflow/example_dags/example_trigger_target_dag.py
[2026-03-23T19:06:23.869+0000] {logging_mixin.py:190} INFO - [2026-03-23T19:06:23.869+0000] {dag.py:3239} INFO - Sync 1 DAGs
[2026-03-23T19:06:23.883+0000] {logging_mixin.py:190} INFO - [2026-03-23T19:06:23.883+0000] {dag.py:4180} INFO - Setting next_dagrun for example_trigger_target_dag to None, run_after=None
[2026-03-23T19:06:23.951+0000] {processor.py:208} INFO - Processing /home/airflow/.local/lib/python3.12/site-packages/airflow/example_dags/example_trigger_target_dag.py took 0.134 seconds
[2026-03-23T19:06:54.379+0000] {processor.py:186} INFO - Started process (PID=383) to work on /home/airflow/.local/lib/python3.12/site-packages/airflow/example_dags/example_trigger_target_dag.py
[2026-03-23T19:06:54.381+0000] {processor.py:914} INFO - Processing file /home/airflow/.local/lib/python3.12/site-packages/airflow/example_dags/example_trigger_target_dag.py for tasks to queue
[2026-03-23T19:06:54.386+0000] {logging_mixin.py:190} INFO - [2026-03-23T19:06:54.385+0000] {dagbag.py:588} INFO - Filling up the DagBag from /home/airflow/.local/lib/python3.12/site-packages/airflow/example_dags/example_trigger_target_dag.py
[2026-03-23T19:06:54.400+0000] {processor.py:925} INFO - DAG(s) 'example_trigger_target_dag' retrieved from /home/airflow/.local/lib/python3.12/site-packages/airflow/example_dags/example_trigger_target_dag.py
[2026-03-23T19:06:54.434+0000] {logging_mixin.py:190} INFO - [2026-03-23T19:06:54.434+0000] {dag.py:3239} INFO - Sync 1 DAGs
[2026-03-23T19:06:54.453+0000] {logging_mixin.py:190} INFO - [2026-03-23T19:06:54.453+0000] {dag.py:4180} INFO - Setting next_dagrun for example_trigger_target_dag to None, run_after=None
[2026-03-23T19:06:54.476+0000] {processor.py:208} INFO - Processing /home/airflow/.local/lib/python3.12/site-packages/airflow/example_dags/example_trigger_target_dag.py took 0.104 seconds
[2026-03-23T19:07:35.581+0000] {processor.py:186} INFO - Started process (PID=443) to work on /home/airflow/.local/lib/python3.12/site-packages/airflow/example_dags/example_trigger_target_dag.py
[2026-03-23T19:07:35.582+0000] {processor.py:914} INFO - Processing file /home/airflow/.local/lib/python3.12/site-packages/airflow/example_dags/example_trigger_target_dag.py for tasks to queue
[2026-03-23T19:07:35.584+0000] {logging_mixin.py:190} INFO - [2026-03-23T19:07:35.584+0000] {dagbag.py:588} INFO - Filling up the DagBag from /home/airflow/.local/lib/python3.12/site-packages/airflow/example_dags/example_trigger_target_dag.py
[2026-03-23T19:07:35.592+0000] {processor.py:925} INFO - DAG(s) 'example_trigger_target_dag' retrieved from /home/airflow/.local/lib/python3.12/site-packages/airflow/example_dags/example_trigger_target_dag.py
[2026-03-23T19:07:35.610+0000] {logging_mixin.py:190} INFO - [2026-03-23T19:07:35.610+0000] {dag.py:3239} INFO - Sync 1 DAGs
[2026-03-23T19:07:35.629+0000] {logging_mixin.py:190} INFO - [2026-03-23T19:07:35.629+0000] {dag.py:4180} INFO - Setting next_dagrun for example_trigger_target_dag to None, run_after=None
[2026-03-23T19:07:35.654+0000] {processor.py:208} INFO - Processing /home/airflow/.local/lib/python3.12/site-packages/airflow/example_dags/example_trigger_target_dag.py took 0.077 seconds
[2026-03-23T19:08:10.207+0000] {processor.py:186} INFO - Started process (PID=497) to work on /home/airflow/.local/lib/python3.12/site-packages/airflow/example_dags/example_trigger_target_dag.py
[2026-03-23T19:08:10.212+0000] {processor.py:914} INFO - Processing file /home/airflow/.local/lib/python3.12/site-packages/airflow/example_dags/example_trigger_target_dag.py for tasks to queue
[2026-03-23T19:08:10.223+0000] {logging_mixin.py:190} INFO - [2026-03-23T19:08:10.222+0000] {dagbag.py:588} INFO - Filling up the DagBag from /home/airflow/.local/lib/python3.12/site-packages/airflow/example_dags/example_trigger_target_dag.py
[2026-03-23T19:08:10.280+0000] {processor.py:925} INFO - DAG(s) 'example_trigger_target_dag' retrieved from /home/airflow/.local/lib/python3.12/site-packages/airflow/example_dags/example_trigger_target_dag.py
[2026-03-23T19:08:10.407+0000] {logging_mixin.py:190} INFO - [2026-03-23T19:08:10.405+0000] {dag.py:3239} INFO - Sync 1 DAGs
[2026-03-23T19:08:10.461+0000] {logging_mixin.py:190} INFO - [2026-03-23T19:08:10.458+0000] {dag.py:4180} INFO - Setting next_dagrun for example_trigger_target_dag to None, run_after=None
[2026-03-23T19:08:10.574+0000] {processor.py:208} INFO - Processing /home/airflow/.local/lib/python3.12/site-packages/airflow/example_dags/example_trigger_target_dag.py took 0.383 seconds
[2026-03-23T19:08:45.063+0000] {processor.py:186} INFO - Started process (PID=556) to work on /home/airflow/.local/lib/python3.12/site-packages/airflow/example_dags/example_trigger_target_dag.py
[2026-03-23T19:08:45.070+0000] {processor.py:914} INFO - Processing file /home/airflow/.local/lib/python3.12/site-packages/airflow/example_dags/example_trigger_target_dag.py for tasks to queue
[2026-03-23T19:08:45.092+0000] {logging_mixin.py:190} INFO - [2026-03-23T19:08:45.091+0000] {dagbag.py:588} INFO - Filling up the DagBag from /home/airflow/.local/lib/python3.12/site-packages/airflow/example_dags/example_trigger_target_dag.py
[2026-03-23T19:08:45.260+0000] {processor.py:925} INFO - DAG(s) 'example_trigger_target_dag' retrieved from /home/airflow/.local/lib/python3.12/site-packages/airflow/example_dags/example_trigger_target_dag.py
[2026-03-23T19:08:45.353+0000] {logging_mixin.py:190} INFO - [2026-03-23T19:08:45.353+0000] {dag.py:3239} INFO - Sync 1 DAGs
[2026-03-23T19:08:45.443+0000] {logging_mixin.py:190} INFO - [2026-03-23T19:08:45.442+0000] {dag.py:4180} INFO - Setting next_dagrun for example_trigger_target_dag to None, run_after=None
[2026-03-23T19:08:45.521+0000] {processor.py:208} INFO - Processing /home/airflow/.local/lib/python3.12/site-packages/airflow/example_dags/example_trigger_target_dag.py took 0.477 seconds
[2026-03-23T19:09:15.611+0000] {processor.py:186} INFO - Started process (PID=620) to work on /home/airflow/.local/lib/python3.12/site-packages/airflow/example_dags/example_trigger_target_dag.py
[2026-03-23T19:09:15.612+0000] {processor.py:914} INFO - Processing file /home/airflow/.local/lib/python3.12/site-packages/airflow/example_dags/example_trigger_target_dag.py for tasks to queue
[2026-03-23T19:09:15.614+0000] {logging_mixin.py:190} INFO - [2026-03-23T19:09:15.613+0000] {dagbag.py:588} INFO - Filling up the DagBag from /home/airflow/.local/lib/python3.12/site-packages/airflow/example_dags/example_trigger_target_dag.py
[2026-03-23T19:09:15.627+0000] {processor.py:925} INFO - DAG(s) 'example_trigger_target_dag' retrieved from /home/airflow/.local/lib/python3.12/site-packages/airflow/example_dags/example_trigger_target_dag.py
[2026-03-23T19:09:15.645+0000] {logging_mixin.py:190} INFO - [2026-03-23T19:09:15.644+0000] {dag.py:3239} INFO - Sync 1 DAGs
[2026-03-23T19:09:15.659+0000] {logging_mixin.py:190} INFO - [2026-03-23T19:09:15.659+0000] {dag.py:4180} INFO - Setting next_dagrun for example_trigger_target_dag to None, run_after=None
[2026-03-23T19:09:15.668+0000] {processor.py:208} INFO - Processing /home/airflow/.local/lib/python3.12/site-packages/airflow/example_dags/example_trigger_target_dag.py took 0.063 seconds
[2026-03-23T19:09:46.704+0000] {processor.py:186} INFO - Started process (PID=684) to work on /home/airflow/.local/lib/python3.12/site-packages/airflow/example_dags/example_trigger_target_dag.py
[2026-03-23T19:09:46.707+0000] {processor.py:914} INFO - Processing file /home/airflow/.local/lib/python3.12/site-packages/airflow/example_dags/example_trigger_target_dag.py for tasks to queue
[2026-03-23T19:09:46.709+0000] {logging_mixin.py:190} INFO - [2026-03-23T19:09:46.708+0000] {dagbag.py:588} INFO - Filling up the DagBag from /home/airflow/.local/lib/python3.12/site-packages/airflow/example_dags/example_trigger_target_dag.py
[2026-03-23T19:09:46.716+0000] {processor.py:925} INFO - DAG(s) 'example_trigger_target_dag' retrieved from /home/airflow/.local/lib/python3.12/site-packages/airflow/example_dags/example_trigger_target_dag.py
[2026-03-23T19:09:46.734+0000] {logging_mixin.py:190} INFO - [2026-03-23T19:09:46.733+0000] {dag.py:3239} INFO - Sync 1 DAGs
[2026-03-23T19:09:46.745+0000] {logging_mixin.py:190} INFO - [2026-03-23T19:09:46.745+0000] {dag.py:4180} INFO - Setting next_dagrun for example_trigger_target_dag to None, run_after=None
[2026-03-23T19:09:46.759+0000] {processor.py:208} INFO - Processing /home/airflow/.local/lib/python3.12/site-packages/airflow/example_dags/example_trigger_target_dag.py took 0.059 seconds
[2026-03-23T19:10:17.931+0000] {processor.py:186} INFO - Started process (PID=748) to work on /home/airflow/.local/lib/python3.12/site-packages/airflow/example_dags/example_trigger_target_dag.py
[2026-03-23T19:10:17.942+0000] {processor.py:914} INFO - Processing file /home/airflow/.local/lib/python3.12/site-packages/airflow/example_dags/example_trigger_target_dag.py for tasks to queue
[2026-03-23T19:10:17.948+0000] {logging_mixin.py:190} INFO - [2026-03-23T19:10:17.948+0000] {dagbag.py:588} INFO - Filling up the DagBag from /home/airflow/.local/lib/python3.12/site-packages/airflow/example_dags/example_trigger_target_dag.py
[2026-03-23T19:10:17.961+0000] {processor.py:925} INFO - DAG(s) 'example_trigger_target_dag' retrieved from /home/airflow/.local/lib/python3.12/site-packages/airflow/example_dags/example_trigger_target_dag.py
[2026-03-23T19:10:17.980+0000] {logging_mixin.py:190} INFO - [2026-03-23T19:10:17.979+0000] {dag.py:3239} INFO - Sync 1 DAGs
[2026-03-23T19:10:17.992+0000] {logging_mixin.py:190} INFO - [2026-03-23T19:10:17.992+0000] {dag.py:4180} INFO - Setting next_dagrun for example_trigger_target_dag to None, run_after=None
[2026-03-23T19:10:18.002+0000] {processor.py:208} INFO - Processing /home/airflow/.local/lib/python3.12/site-packages/airflow/example_dags/example_trigger_target_dag.py took 0.082 seconds
