[2026-03-23T19:04:45.149+0000] {processor.py:186} INFO - Started process (PID=97) to work on /home/airflow/.local/lib/python3.12/site-packages/airflow/example_dags/example_params_trigger_ui.py
[2026-03-23T19:04:45.152+0000] {processor.py:914} INFO - Processing file /home/airflow/.local/lib/python3.12/site-packages/airflow/example_dags/example_params_trigger_ui.py for tasks to queue
[2026-03-23T19:04:45.160+0000] {logging_mixin.py:190} INFO - [2026-03-23T19:04:45.158+0000] {dagbag.py:588} INFO - Filling up the DagBag from /home/airflow/.local/lib/python3.12/site-packages/airflow/example_dags/example_params_trigger_ui.py
[2026-03-23T19:04:45.219+0000] {processor.py:925} INFO - DAG(s) 'example_params_trigger_ui' retrieved from /home/airflow/.local/lib/python3.12/site-packages/airflow/example_dags/example_params_trigger_ui.py
[2026-03-23T19:04:45.608+0000] {logging_mixin.py:190} INFO - [2026-03-23T19:04:45.604+0000] {override.py:1911} INFO - Created Permission View: can edit on DAG:example_params_trigger_ui
[2026-03-23T19:04:45.621+0000] {logging_mixin.py:190} INFO - [2026-03-23T19:04:45.621+0000] {override.py:1911} INFO - Created Permission View: can read on DAG:example_params_trigger_ui
[2026-03-23T19:04:45.629+0000] {logging_mixin.py:190} INFO - [2026-03-23T19:04:45.629+0000] {override.py:1911} INFO - Created Permission View: can delete on DAG:example_params_trigger_ui
[2026-03-23T19:04:45.636+0000] {logging_mixin.py:190} INFO - [2026-03-23T19:04:45.636+0000] {override.py:1911} INFO - Created Permission View: menu access on DAG Run:example_params_trigger_ui
[2026-03-23T19:04:45.640+0000] {logging_mixin.py:190} INFO - [2026-03-23T19:04:45.639+0000] {override.py:1911} INFO - Created Permission View: can read on DAG Run:example_params_trigger_ui
[2026-03-23T19:04:45.649+0000] {logging_mixin.py:190} INFO - [2026-03-23T19:04:45.648+0000] {override.py:1911} INFO - Created Permission View: can create on DAG Run:example_params_trigger_ui
[2026-03-23T19:04:45.654+0000] {logging_mixin.py:190} INFO - [2026-03-23T19:04:45.654+0000] {override.py:1911} INFO - Created Permission View: can delete on DAG Run:example_params_trigger_ui
[2026-03-23T19:04:45.655+0000] {logging_mixin.py:190} INFO - [2026-03-23T19:04:45.655+0000] {dag.py:3239} INFO - Sync 1 DAGs
[2026-03-23T19:04:45.682+0000] {logging_mixin.py:190} INFO - [2026-03-23T19:04:45.681+0000] {dag.py:3262} INFO - Creating ORM DAG for example_params_trigger_ui
[2026-03-23T19:04:45.683+0000] {logging_mixin.py:190} INFO - [2026-03-23T19:04:45.683+0000] {dag.py:4180} INFO - Setting next_dagrun for example_params_trigger_ui to None, run_after=None
[2026-03-23T19:04:45.735+0000] {processor.py:208} INFO - Processing /home/airflow/.local/lib/python3.12/site-packages/airflow/example_dags/example_params_trigger_ui.py took 0.619 seconds
[2026-03-23T19:05:16.492+0000] {processor.py:186} INFO - Started process (PID=160) to work on /home/airflow/.local/lib/python3.12/site-packages/airflow/example_dags/example_params_trigger_ui.py
[2026-03-23T19:05:16.510+0000] {processor.py:914} INFO - Processing file /home/airflow/.local/lib/python3.12/site-packages/airflow/example_dags/example_params_trigger_ui.py for tasks to queue
[2026-03-23T19:05:16.520+0000] {logging_mixin.py:190} INFO - [2026-03-23T19:05:16.518+0000] {dagbag.py:588} INFO - Filling up the DagBag from /home/airflow/.local/lib/python3.12/site-packages/airflow/example_dags/example_params_trigger_ui.py
[2026-03-23T19:05:16.555+0000] {processor.py:925} INFO - DAG(s) 'example_params_trigger_ui' retrieved from /home/airflow/.local/lib/python3.12/site-packages/airflow/example_dags/example_params_trigger_ui.py
[2026-03-23T19:05:16.601+0000] {logging_mixin.py:190} INFO - [2026-03-23T19:05:16.601+0000] {dag.py:3239} INFO - Sync 1 DAGs
[2026-03-23T19:05:16.657+0000] {logging_mixin.py:190} INFO - [2026-03-23T19:05:16.656+0000] {dag.py:4180} INFO - Setting next_dagrun for example_params_trigger_ui to None, run_after=None
[2026-03-23T19:05:16.693+0000] {processor.py:208} INFO - Processing /home/airflow/.local/lib/python3.12/site-packages/airflow/example_dags/example_params_trigger_ui.py took 0.223 seconds
[2026-03-23T19:05:47.176+0000] {processor.py:186} INFO - Started process (PID=223) to work on /home/airflow/.local/lib/python3.12/site-packages/airflow/example_dags/example_params_trigger_ui.py
[2026-03-23T19:05:47.182+0000] {processor.py:914} INFO - Processing file /home/airflow/.local/lib/python3.12/site-packages/airflow/example_dags/example_params_trigger_ui.py for tasks to queue
[2026-03-23T19:05:47.191+0000] {logging_mixin.py:190} INFO - [2026-03-23T19:05:47.190+0000] {dagbag.py:588} INFO - Filling up the DagBag from /home/airflow/.local/lib/python3.12/site-packages/airflow/example_dags/example_params_trigger_ui.py
[2026-03-23T19:05:47.225+0000] {processor.py:925} INFO - DAG(s) 'example_params_trigger_ui' retrieved from /home/airflow/.local/lib/python3.12/site-packages/airflow/example_dags/example_params_trigger_ui.py
[2026-03-23T19:05:47.279+0000] {logging_mixin.py:190} INFO - [2026-03-23T19:05:47.279+0000] {dag.py:3239} INFO - Sync 1 DAGs
[2026-03-23T19:05:47.292+0000] {logging_mixin.py:190} INFO - [2026-03-23T19:05:47.292+0000] {dag.py:4180} INFO - Setting next_dagrun for example_params_trigger_ui to None, run_after=None
[2026-03-23T19:05:47.314+0000] {processor.py:208} INFO - Processing /home/airflow/.local/lib/python3.12/site-packages/airflow/example_dags/example_params_trigger_ui.py took 0.157 seconds
[2026-03-23T19:06:17.523+0000] {processor.py:186} INFO - Started process (PID=287) to work on /home/airflow/.local/lib/python3.12/site-packages/airflow/example_dags/example_params_trigger_ui.py
[2026-03-23T19:06:17.539+0000] {processor.py:914} INFO - Processing file /home/airflow/.local/lib/python3.12/site-packages/airflow/example_dags/example_params_trigger_ui.py for tasks to queue
[2026-03-23T19:06:17.542+0000] {logging_mixin.py:190} INFO - [2026-03-23T19:06:17.542+0000] {dagbag.py:588} INFO - Filling up the DagBag from /home/airflow/.local/lib/python3.12/site-packages/airflow/example_dags/example_params_trigger_ui.py
[2026-03-23T19:06:17.596+0000] {processor.py:925} INFO - DAG(s) 'example_params_trigger_ui' retrieved from /home/airflow/.local/lib/python3.12/site-packages/airflow/example_dags/example_params_trigger_ui.py
[2026-03-23T19:06:17.767+0000] {logging_mixin.py:190} INFO - [2026-03-23T19:06:17.764+0000] {dag.py:3239} INFO - Sync 1 DAGs
[2026-03-23T19:06:17.982+0000] {logging_mixin.py:190} INFO - [2026-03-23T19:06:17.982+0000] {dag.py:4180} INFO - Setting next_dagrun for example_params_trigger_ui to None, run_after=None
[2026-03-23T19:06:18.146+0000] {processor.py:208} INFO - Processing /home/airflow/.local/lib/python3.12/site-packages/airflow/example_dags/example_params_trigger_ui.py took 0.658 seconds
[2026-03-23T19:06:48.238+0000] {processor.py:186} INFO - Started process (PID=352) to work on /home/airflow/.local/lib/python3.12/site-packages/airflow/example_dags/example_params_trigger_ui.py
[2026-03-23T19:06:48.239+0000] {processor.py:914} INFO - Processing file /home/airflow/.local/lib/python3.12/site-packages/airflow/example_dags/example_params_trigger_ui.py for tasks to queue
[2026-03-23T19:06:48.241+0000] {logging_mixin.py:190} INFO - [2026-03-23T19:06:48.241+0000] {dagbag.py:588} INFO - Filling up the DagBag from /home/airflow/.local/lib/python3.12/site-packages/airflow/example_dags/example_params_trigger_ui.py
[2026-03-23T19:06:48.250+0000] {processor.py:925} INFO - DAG(s) 'example_params_trigger_ui' retrieved from /home/airflow/.local/lib/python3.12/site-packages/airflow/example_dags/example_params_trigger_ui.py
[2026-03-23T19:06:48.281+0000] {logging_mixin.py:190} INFO - [2026-03-23T19:06:48.281+0000] {dag.py:3239} INFO - Sync 1 DAGs
[2026-03-23T19:06:48.291+0000] {logging_mixin.py:190} INFO - [2026-03-23T19:06:48.291+0000] {dag.py:4180} INFO - Setting next_dagrun for example_params_trigger_ui to None, run_after=None
[2026-03-23T19:06:48.300+0000] {processor.py:208} INFO - Processing /home/airflow/.local/lib/python3.12/site-packages/airflow/example_dags/example_params_trigger_ui.py took 0.066 seconds
[2026-03-23T19:07:33.038+0000] {processor.py:186} INFO - Started process (PID=423) to work on /home/airflow/.local/lib/python3.12/site-packages/airflow/example_dags/example_params_trigger_ui.py
[2026-03-23T19:07:33.041+0000] {processor.py:914} INFO - Processing file /home/airflow/.local/lib/python3.12/site-packages/airflow/example_dags/example_params_trigger_ui.py for tasks to queue
[2026-03-23T19:07:33.044+0000] {logging_mixin.py:190} INFO - [2026-03-23T19:07:33.044+0000] {dagbag.py:588} INFO - Filling up the DagBag from /home/airflow/.local/lib/python3.12/site-packages/airflow/example_dags/example_params_trigger_ui.py
[2026-03-23T19:07:33.064+0000] {processor.py:925} INFO - DAG(s) 'example_params_trigger_ui' retrieved from /home/airflow/.local/lib/python3.12/site-packages/airflow/example_dags/example_params_trigger_ui.py
[2026-03-23T19:07:33.109+0000] {logging_mixin.py:190} INFO - [2026-03-23T19:07:33.109+0000] {dag.py:3239} INFO - Sync 1 DAGs
[2026-03-23T19:07:33.120+0000] {logging_mixin.py:190} INFO - [2026-03-23T19:07:33.120+0000] {dag.py:4180} INFO - Setting next_dagrun for example_params_trigger_ui to None, run_after=None
[2026-03-23T19:07:33.141+0000] {processor.py:208} INFO - Processing /home/airflow/.local/lib/python3.12/site-packages/airflow/example_dags/example_params_trigger_ui.py took 0.112 seconds
[2026-03-23T19:08:03.735+0000] {processor.py:186} INFO - Started process (PID=486) to work on /home/airflow/.local/lib/python3.12/site-packages/airflow/example_dags/example_params_trigger_ui.py
[2026-03-23T19:08:03.737+0000] {processor.py:914} INFO - Processing file /home/airflow/.local/lib/python3.12/site-packages/airflow/example_dags/example_params_trigger_ui.py for tasks to queue
[2026-03-23T19:08:03.742+0000] {logging_mixin.py:190} INFO - [2026-03-23T19:08:03.741+0000] {dagbag.py:588} INFO - Filling up the DagBag from /home/airflow/.local/lib/python3.12/site-packages/airflow/example_dags/example_params_trigger_ui.py
[2026-03-23T19:08:03.831+0000] {processor.py:925} INFO - DAG(s) 'example_params_trigger_ui' retrieved from /home/airflow/.local/lib/python3.12/site-packages/airflow/example_dags/example_params_trigger_ui.py
[2026-03-23T19:08:03.976+0000] {logging_mixin.py:190} INFO - [2026-03-23T19:08:03.969+0000] {dag.py:3239} INFO - Sync 1 DAGs
[2026-03-23T19:08:04.042+0000] {logging_mixin.py:190} INFO - [2026-03-23T19:08:04.042+0000] {dag.py:4180} INFO - Setting next_dagrun for example_params_trigger_ui to None, run_after=None
[2026-03-23T19:08:04.139+0000] {processor.py:208} INFO - Processing /home/airflow/.local/lib/python3.12/site-packages/airflow/example_dags/example_params_trigger_ui.py took 0.414 seconds
[2026-03-23T19:08:45.619+0000] {processor.py:186} INFO - Started process (PID=558) to work on /home/airflow/.local/lib/python3.12/site-packages/airflow/example_dags/example_params_trigger_ui.py
[2026-03-23T19:08:45.643+0000] {processor.py:914} INFO - Processing file /home/airflow/.local/lib/python3.12/site-packages/airflow/example_dags/example_params_trigger_ui.py for tasks to queue
[2026-03-23T19:08:45.690+0000] {logging_mixin.py:190} INFO - [2026-03-23T19:08:45.690+0000] {dagbag.py:588} INFO - Filling up the DagBag from /home/airflow/.local/lib/python3.12/site-packages/airflow/example_dags/example_params_trigger_ui.py
[2026-03-23T19:08:45.777+0000] {processor.py:925} INFO - DAG(s) 'example_params_trigger_ui' retrieved from /home/airflow/.local/lib/python3.12/site-packages/airflow/example_dags/example_params_trigger_ui.py
[2026-03-23T19:08:45.857+0000] {logging_mixin.py:190} INFO - [2026-03-23T19:08:45.856+0000] {dag.py:3239} INFO - Sync 1 DAGs
[2026-03-23T19:08:45.905+0000] {logging_mixin.py:190} INFO - [2026-03-23T19:08:45.905+0000] {dag.py:4180} INFO - Setting next_dagrun for example_params_trigger_ui to None, run_after=None
[2026-03-23T19:08:45.965+0000] {processor.py:208} INFO - Processing /home/airflow/.local/lib/python3.12/site-packages/airflow/example_dags/example_params_trigger_ui.py took 0.356 seconds
[2026-03-23T19:09:16.692+0000] {processor.py:186} INFO - Started process (PID=622) to work on /home/airflow/.local/lib/python3.12/site-packages/airflow/example_dags/example_params_trigger_ui.py
[2026-03-23T19:09:16.711+0000] {processor.py:914} INFO - Processing file /home/airflow/.local/lib/python3.12/site-packages/airflow/example_dags/example_params_trigger_ui.py for tasks to queue
[2026-03-23T19:09:16.719+0000] {logging_mixin.py:190} INFO - [2026-03-23T19:09:16.718+0000] {dagbag.py:588} INFO - Filling up the DagBag from /home/airflow/.local/lib/python3.12/site-packages/airflow/example_dags/example_params_trigger_ui.py
[2026-03-23T19:09:16.740+0000] {processor.py:925} INFO - DAG(s) 'example_params_trigger_ui' retrieved from /home/airflow/.local/lib/python3.12/site-packages/airflow/example_dags/example_params_trigger_ui.py
[2026-03-23T19:09:16.805+0000] {logging_mixin.py:190} INFO - [2026-03-23T19:09:16.805+0000] {dag.py:3239} INFO - Sync 1 DAGs
[2026-03-23T19:09:16.822+0000] {logging_mixin.py:190} INFO - [2026-03-23T19:09:16.822+0000] {dag.py:4180} INFO - Setting next_dagrun for example_params_trigger_ui to None, run_after=None
[2026-03-23T19:09:16.844+0000] {processor.py:208} INFO - Processing /home/airflow/.local/lib/python3.12/site-packages/airflow/example_dags/example_params_trigger_ui.py took 0.163 seconds
[2026-03-23T19:09:49.122+0000] {processor.py:186} INFO - Started process (PID=688) to work on /home/airflow/.local/lib/python3.12/site-packages/airflow/example_dags/example_params_trigger_ui.py
[2026-03-23T19:09:49.146+0000] {processor.py:914} INFO - Processing file /home/airflow/.local/lib/python3.12/site-packages/airflow/example_dags/example_params_trigger_ui.py for tasks to queue
[2026-03-23T19:09:49.176+0000] {logging_mixin.py:190} INFO - [2026-03-23T19:09:49.171+0000] {dagbag.py:588} INFO - Filling up the DagBag from /home/airflow/.local/lib/python3.12/site-packages/airflow/example_dags/example_params_trigger_ui.py
[2026-03-23T19:09:49.307+0000] {processor.py:925} INFO - DAG(s) 'example_params_trigger_ui' retrieved from /home/airflow/.local/lib/python3.12/site-packages/airflow/example_dags/example_params_trigger_ui.py
[2026-03-23T19:09:49.478+0000] {logging_mixin.py:190} INFO - [2026-03-23T19:09:49.477+0000] {dag.py:3239} INFO - Sync 1 DAGs
[2026-03-23T19:09:49.580+0000] {logging_mixin.py:190} INFO - [2026-03-23T19:09:49.578+0000] {dag.py:4180} INFO - Setting next_dagrun for example_params_trigger_ui to None, run_after=None
[2026-03-23T19:09:49.649+0000] {processor.py:208} INFO - Processing /home/airflow/.local/lib/python3.12/site-packages/airflow/example_dags/example_params_trigger_ui.py took 0.648 seconds
[2026-03-23T19:10:20.415+0000] {processor.py:186} INFO - Started process (PID=752) to work on /home/airflow/.local/lib/python3.12/site-packages/airflow/example_dags/example_params_trigger_ui.py
[2026-03-23T19:10:20.424+0000] {processor.py:914} INFO - Processing file /home/airflow/.local/lib/python3.12/site-packages/airflow/example_dags/example_params_trigger_ui.py for tasks to queue
[2026-03-23T19:10:20.438+0000] {logging_mixin.py:190} INFO - [2026-03-23T19:10:20.436+0000] {dagbag.py:588} INFO - Filling up the DagBag from /home/airflow/.local/lib/python3.12/site-packages/airflow/example_dags/example_params_trigger_ui.py
[2026-03-23T19:10:20.465+0000] {processor.py:925} INFO - DAG(s) 'example_params_trigger_ui' retrieved from /home/airflow/.local/lib/python3.12/site-packages/airflow/example_dags/example_params_trigger_ui.py
[2026-03-23T19:10:20.559+0000] {logging_mixin.py:190} INFO - [2026-03-23T19:10:20.559+0000] {dag.py:3239} INFO - Sync 1 DAGs
[2026-03-23T19:10:20.595+0000] {logging_mixin.py:190} INFO - [2026-03-23T19:10:20.595+0000] {dag.py:4180} INFO - Setting next_dagrun for example_params_trigger_ui to None, run_after=None
[2026-03-23T19:10:20.611+0000] {processor.py:208} INFO - Processing /home/airflow/.local/lib/python3.12/site-packages/airflow/example_dags/example_params_trigger_ui.py took 0.224 seconds
