[2026-03-23T19:04:38.846+0000] {processor.py:186} INFO - Started process (PID=86) to work on /home/airflow/.local/lib/python3.12/site-packages/airflow/example_dags/example_branch_datetime_operator.py
[2026-03-23T19:04:38.847+0000] {processor.py:914} INFO - Processing file /home/airflow/.local/lib/python3.12/site-packages/airflow/example_dags/example_branch_datetime_operator.py for tasks to queue
[2026-03-23T19:04:38.849+0000] {logging_mixin.py:190} INFO - [2026-03-23T19:04:38.849+0000] {dagbag.py:588} INFO - Filling up the DagBag from /home/airflow/.local/lib/python3.12/site-packages/airflow/example_dags/example_branch_datetime_operator.py
[2026-03-23T19:04:38.881+0000] {processor.py:925} INFO - DAG(s) 'example_branch_datetime_operator_2', 'example_branch_datetime_operator', 'example_branch_datetime_operator_3' retrieved from /home/airflow/.local/lib/python3.12/site-packages/airflow/example_dags/example_branch_datetime_operator.py
[2026-03-23T19:04:38.967+0000] {logging_mixin.py:190} INFO - [2026-03-23T19:04:38.966+0000] {override.py:1911} INFO - Created Permission View: can edit on DAG:example_branch_datetime_operator_2
[2026-03-23T19:04:38.972+0000] {logging_mixin.py:190} INFO - [2026-03-23T19:04:38.972+0000] {override.py:1911} INFO - Created Permission View: can read on DAG:example_branch_datetime_operator_2
[2026-03-23T19:04:38.975+0000] {logging_mixin.py:190} INFO - [2026-03-23T19:04:38.975+0000] {override.py:1911} INFO - Created Permission View: can delete on DAG:example_branch_datetime_operator_2
[2026-03-23T19:04:38.978+0000] {logging_mixin.py:190} INFO - [2026-03-23T19:04:38.978+0000] {override.py:1911} INFO - Created Permission View: menu access on DAG Run:example_branch_datetime_operator_2
[2026-03-23T19:04:38.981+0000] {logging_mixin.py:190} INFO - [2026-03-23T19:04:38.981+0000] {override.py:1911} INFO - Created Permission View: can read on DAG Run:example_branch_datetime_operator_2
[2026-03-23T19:04:38.984+0000] {logging_mixin.py:190} INFO - [2026-03-23T19:04:38.984+0000] {override.py:1911} INFO - Created Permission View: can create on DAG Run:example_branch_datetime_operator_2
[2026-03-23T19:04:38.987+0000] {logging_mixin.py:190} INFO - [2026-03-23T19:04:38.987+0000] {override.py:1911} INFO - Created Permission View: can delete on DAG Run:example_branch_datetime_operator_2
[2026-03-23T19:04:38.992+0000] {logging_mixin.py:190} INFO - [2026-03-23T19:04:38.992+0000] {override.py:1911} INFO - Created Permission View: can edit on DAG:example_branch_datetime_operator
[2026-03-23T19:04:38.994+0000] {logging_mixin.py:190} INFO - [2026-03-23T19:04:38.994+0000] {override.py:1911} INFO - Created Permission View: can read on DAG:example_branch_datetime_operator
[2026-03-23T19:04:38.996+0000] {logging_mixin.py:190} INFO - [2026-03-23T19:04:38.996+0000] {override.py:1911} INFO - Created Permission View: can delete on DAG:example_branch_datetime_operator
[2026-03-23T19:04:38.998+0000] {logging_mixin.py:190} INFO - [2026-03-23T19:04:38.998+0000] {override.py:1911} INFO - Created Permission View: menu access on DAG Run:example_branch_datetime_operator
[2026-03-23T19:04:39.001+0000] {logging_mixin.py:190} INFO - [2026-03-23T19:04:39.001+0000] {override.py:1911} INFO - Created Permission View: can read on DAG Run:example_branch_datetime_operator
[2026-03-23T19:04:39.003+0000] {logging_mixin.py:190} INFO - [2026-03-23T19:04:39.003+0000] {override.py:1911} INFO - Created Permission View: can create on DAG Run:example_branch_datetime_operator
[2026-03-23T19:04:39.005+0000] {logging_mixin.py:190} INFO - [2026-03-23T19:04:39.005+0000] {override.py:1911} INFO - Created Permission View: can delete on DAG Run:example_branch_datetime_operator
[2026-03-23T19:04:39.016+0000] {logging_mixin.py:190} INFO - [2026-03-23T19:04:39.016+0000] {override.py:1911} INFO - Created Permission View: can edit on DAG:example_branch_datetime_operator_3
[2026-03-23T19:04:39.020+0000] {logging_mixin.py:190} INFO - [2026-03-23T19:04:39.020+0000] {override.py:1911} INFO - Created Permission View: can read on DAG:example_branch_datetime_operator_3
[2026-03-23T19:04:39.023+0000] {logging_mixin.py:190} INFO - [2026-03-23T19:04:39.023+0000] {override.py:1911} INFO - Created Permission View: can delete on DAG:example_branch_datetime_operator_3
[2026-03-23T19:04:39.026+0000] {logging_mixin.py:190} INFO - [2026-03-23T19:04:39.026+0000] {override.py:1911} INFO - Created Permission View: menu access on DAG Run:example_branch_datetime_operator_3
[2026-03-23T19:04:39.031+0000] {logging_mixin.py:190} INFO - [2026-03-23T19:04:39.031+0000] {override.py:1911} INFO - Created Permission View: can read on DAG Run:example_branch_datetime_operator_3
[2026-03-23T19:04:39.035+0000] {logging_mixin.py:190} INFO - [2026-03-23T19:04:39.035+0000] {override.py:1911} INFO - Created Permission View: can create on DAG Run:example_branch_datetime_operator_3
[2026-03-23T19:04:39.038+0000] {logging_mixin.py:190} INFO - [2026-03-23T19:04:39.038+0000] {override.py:1911} INFO - Created Permission View: can delete on DAG Run:example_branch_datetime_operator_3
[2026-03-23T19:04:39.039+0000] {logging_mixin.py:190} INFO - [2026-03-23T19:04:39.039+0000] {dag.py:3239} INFO - Sync 3 DAGs
[2026-03-23T19:04:39.072+0000] {logging_mixin.py:190} INFO - [2026-03-23T19:04:39.072+0000] {dag.py:3262} INFO - Creating ORM DAG for example_branch_datetime_operator
[2026-03-23T19:04:39.073+0000] {logging_mixin.py:190} INFO - [2026-03-23T19:04:39.073+0000] {dag.py:3262} INFO - Creating ORM DAG for example_branch_datetime_operator_2
[2026-03-23T19:04:39.074+0000] {logging_mixin.py:190} INFO - [2026-03-23T19:04:39.074+0000] {dag.py:3262} INFO - Creating ORM DAG for example_branch_datetime_operator_3
[2026-03-23T19:04:39.099+0000] {logging_mixin.py:190} INFO - [2026-03-23T19:04:39.098+0000] {dag.py:4180} INFO - Setting next_dagrun for example_branch_datetime_operator to 2026-03-22 00:00:00+00:00, run_after=2026-03-23 00:00:00+00:00
[2026-03-23T19:04:39.101+0000] {logging_mixin.py:190} INFO - [2026-03-23T19:04:39.101+0000] {dag.py:4180} INFO - Setting next_dagrun for example_branch_datetime_operator_2 to 2026-03-22 00:00:00+00:00, run_after=2026-03-23 00:00:00+00:00
[2026-03-23T19:04:39.102+0000] {logging_mixin.py:190} INFO - [2026-03-23T19:04:39.102+0000] {dag.py:4180} INFO - Setting next_dagrun for example_branch_datetime_operator_3 to 2026-03-22 00:00:00+00:00, run_after=2026-03-23 00:00:00+00:00
[2026-03-23T19:04:39.136+0000] {processor.py:208} INFO - Processing /home/airflow/.local/lib/python3.12/site-packages/airflow/example_dags/example_branch_datetime_operator.py took 0.302 seconds
[2026-03-23T19:05:09.862+0000] {processor.py:186} INFO - Started process (PID=150) to work on /home/airflow/.local/lib/python3.12/site-packages/airflow/example_dags/example_branch_datetime_operator.py
[2026-03-23T19:05:09.866+0000] {processor.py:914} INFO - Processing file /home/airflow/.local/lib/python3.12/site-packages/airflow/example_dags/example_branch_datetime_operator.py for tasks to queue
[2026-03-23T19:05:09.868+0000] {logging_mixin.py:190} INFO - [2026-03-23T19:05:09.867+0000] {dagbag.py:588} INFO - Filling up the DagBag from /home/airflow/.local/lib/python3.12/site-packages/airflow/example_dags/example_branch_datetime_operator.py
[2026-03-23T19:05:09.874+0000] {processor.py:925} INFO - DAG(s) 'example_branch_datetime_operator_2', 'example_branch_datetime_operator', 'example_branch_datetime_operator_3' retrieved from /home/airflow/.local/lib/python3.12/site-packages/airflow/example_dags/example_branch_datetime_operator.py
[2026-03-23T19:05:09.893+0000] {logging_mixin.py:190} INFO - [2026-03-23T19:05:09.892+0000] {dag.py:3239} INFO - Sync 3 DAGs
[2026-03-23T19:05:09.914+0000] {logging_mixin.py:190} INFO - [2026-03-23T19:05:09.914+0000] {dag.py:4180} INFO - Setting next_dagrun for example_branch_datetime_operator to 2026-03-22 00:00:00+00:00, run_after=2026-03-23 00:00:00+00:00
[2026-03-23T19:05:09.917+0000] {logging_mixin.py:190} INFO - [2026-03-23T19:05:09.917+0000] {dag.py:4180} INFO - Setting next_dagrun for example_branch_datetime_operator_2 to 2026-03-22 00:00:00+00:00, run_after=2026-03-23 00:00:00+00:00
[2026-03-23T19:05:09.919+0000] {logging_mixin.py:190} INFO - [2026-03-23T19:05:09.919+0000] {dag.py:4180} INFO - Setting next_dagrun for example_branch_datetime_operator_3 to 2026-03-22 00:00:00+00:00, run_after=2026-03-23 00:00:00+00:00
[2026-03-23T19:05:09.927+0000] {processor.py:208} INFO - Processing /home/airflow/.local/lib/python3.12/site-packages/airflow/example_dags/example_branch_datetime_operator.py took 0.069 seconds
[2026-03-23T19:05:43.539+0000] {processor.py:186} INFO - Started process (PID=214) to work on /home/airflow/.local/lib/python3.12/site-packages/airflow/example_dags/example_branch_datetime_operator.py
[2026-03-23T19:05:43.541+0000] {processor.py:914} INFO - Processing file /home/airflow/.local/lib/python3.12/site-packages/airflow/example_dags/example_branch_datetime_operator.py for tasks to queue
[2026-03-23T19:05:43.542+0000] {logging_mixin.py:190} INFO - [2026-03-23T19:05:43.542+0000] {dagbag.py:588} INFO - Filling up the DagBag from /home/airflow/.local/lib/python3.12/site-packages/airflow/example_dags/example_branch_datetime_operator.py
[2026-03-23T19:05:43.550+0000] {processor.py:925} INFO - DAG(s) 'example_branch_datetime_operator_2', 'example_branch_datetime_operator_3', 'example_branch_datetime_operator' retrieved from /home/airflow/.local/lib/python3.12/site-packages/airflow/example_dags/example_branch_datetime_operator.py
[2026-03-23T19:05:43.567+0000] {logging_mixin.py:190} INFO - [2026-03-23T19:05:43.567+0000] {dag.py:3239} INFO - Sync 3 DAGs
[2026-03-23T19:05:43.583+0000] {logging_mixin.py:190} INFO - [2026-03-23T19:05:43.583+0000] {dag.py:4180} INFO - Setting next_dagrun for example_branch_datetime_operator to 2026-03-22 00:00:00+00:00, run_after=2026-03-23 00:00:00+00:00
[2026-03-23T19:05:43.586+0000] {logging_mixin.py:190} INFO - [2026-03-23T19:05:43.586+0000] {dag.py:4180} INFO - Setting next_dagrun for example_branch_datetime_operator_2 to 2026-03-22 00:00:00+00:00, run_after=2026-03-23 00:00:00+00:00
[2026-03-23T19:05:43.587+0000] {logging_mixin.py:190} INFO - [2026-03-23T19:05:43.587+0000] {dag.py:4180} INFO - Setting next_dagrun for example_branch_datetime_operator_3 to 2026-03-22 00:00:00+00:00, run_after=2026-03-23 00:00:00+00:00
[2026-03-23T19:05:43.599+0000] {processor.py:208} INFO - Processing /home/airflow/.local/lib/python3.12/site-packages/airflow/example_dags/example_branch_datetime_operator.py took 0.066 seconds
[2026-03-23T19:06:13.794+0000] {processor.py:186} INFO - Started process (PID=278) to work on /home/airflow/.local/lib/python3.12/site-packages/airflow/example_dags/example_branch_datetime_operator.py
[2026-03-23T19:06:13.795+0000] {processor.py:914} INFO - Processing file /home/airflow/.local/lib/python3.12/site-packages/airflow/example_dags/example_branch_datetime_operator.py for tasks to queue
[2026-03-23T19:06:13.796+0000] {logging_mixin.py:190} INFO - [2026-03-23T19:06:13.796+0000] {dagbag.py:588} INFO - Filling up the DagBag from /home/airflow/.local/lib/python3.12/site-packages/airflow/example_dags/example_branch_datetime_operator.py
[2026-03-23T19:06:13.812+0000] {processor.py:925} INFO - DAG(s) 'example_branch_datetime_operator_3', 'example_branch_datetime_operator', 'example_branch_datetime_operator_2' retrieved from /home/airflow/.local/lib/python3.12/site-packages/airflow/example_dags/example_branch_datetime_operator.py
[2026-03-23T19:06:13.830+0000] {logging_mixin.py:190} INFO - [2026-03-23T19:06:13.830+0000] {dag.py:3239} INFO - Sync 3 DAGs
[2026-03-23T19:06:13.862+0000] {logging_mixin.py:190} INFO - [2026-03-23T19:06:13.861+0000] {dag.py:4180} INFO - Setting next_dagrun for example_branch_datetime_operator to 2026-03-22 00:00:00+00:00, run_after=2026-03-23 00:00:00+00:00
[2026-03-23T19:06:13.870+0000] {logging_mixin.py:190} INFO - [2026-03-23T19:06:13.870+0000] {dag.py:4180} INFO - Setting next_dagrun for example_branch_datetime_operator_2 to 2026-03-22 00:00:00+00:00, run_after=2026-03-23 00:00:00+00:00
[2026-03-23T19:06:13.874+0000] {logging_mixin.py:190} INFO - [2026-03-23T19:06:13.874+0000] {dag.py:4180} INFO - Setting next_dagrun for example_branch_datetime_operator_3 to 2026-03-22 00:00:00+00:00, run_after=2026-03-23 00:00:00+00:00
[2026-03-23T19:06:13.897+0000] {processor.py:208} INFO - Processing /home/airflow/.local/lib/python3.12/site-packages/airflow/example_dags/example_branch_datetime_operator.py took 0.106 seconds
[2026-03-23T19:06:44.583+0000] {processor.py:186} INFO - Started process (PID=342) to work on /home/airflow/.local/lib/python3.12/site-packages/airflow/example_dags/example_branch_datetime_operator.py
[2026-03-23T19:06:44.585+0000] {processor.py:914} INFO - Processing file /home/airflow/.local/lib/python3.12/site-packages/airflow/example_dags/example_branch_datetime_operator.py for tasks to queue
[2026-03-23T19:06:44.586+0000] {logging_mixin.py:190} INFO - [2026-03-23T19:06:44.586+0000] {dagbag.py:588} INFO - Filling up the DagBag from /home/airflow/.local/lib/python3.12/site-packages/airflow/example_dags/example_branch_datetime_operator.py
[2026-03-23T19:06:44.597+0000] {processor.py:925} INFO - DAG(s) 'example_branch_datetime_operator', 'example_branch_datetime_operator_2', 'example_branch_datetime_operator_3' retrieved from /home/airflow/.local/lib/python3.12/site-packages/airflow/example_dags/example_branch_datetime_operator.py
[2026-03-23T19:06:44.621+0000] {logging_mixin.py:190} INFO - [2026-03-23T19:06:44.620+0000] {dag.py:3239} INFO - Sync 3 DAGs
[2026-03-23T19:06:44.635+0000] {logging_mixin.py:190} INFO - [2026-03-23T19:06:44.635+0000] {dag.py:4180} INFO - Setting next_dagrun for example_branch_datetime_operator to 2026-03-22 00:00:00+00:00, run_after=2026-03-23 00:00:00+00:00
[2026-03-23T19:06:44.639+0000] {logging_mixin.py:190} INFO - [2026-03-23T19:06:44.639+0000] {dag.py:4180} INFO - Setting next_dagrun for example_branch_datetime_operator_2 to 2026-03-22 00:00:00+00:00, run_after=2026-03-23 00:00:00+00:00
[2026-03-23T19:06:44.643+0000] {logging_mixin.py:190} INFO - [2026-03-23T19:06:44.643+0000] {dag.py:4180} INFO - Setting next_dagrun for example_branch_datetime_operator_3 to 2026-03-22 00:00:00+00:00, run_after=2026-03-23 00:00:00+00:00
[2026-03-23T19:06:44.652+0000] {processor.py:208} INFO - Processing /home/airflow/.local/lib/python3.12/site-packages/airflow/example_dags/example_branch_datetime_operator.py took 0.072 seconds
[2026-03-23T19:07:23.734+0000] {processor.py:186} INFO - Started process (PID=412) to work on /home/airflow/.local/lib/python3.12/site-packages/airflow/example_dags/example_branch_datetime_operator.py
[2026-03-23T19:07:23.739+0000] {processor.py:914} INFO - Processing file /home/airflow/.local/lib/python3.12/site-packages/airflow/example_dags/example_branch_datetime_operator.py for tasks to queue
[2026-03-23T19:07:23.753+0000] {logging_mixin.py:190} INFO - [2026-03-23T19:07:23.751+0000] {dagbag.py:588} INFO - Filling up the DagBag from /home/airflow/.local/lib/python3.12/site-packages/airflow/example_dags/example_branch_datetime_operator.py
[2026-03-23T19:07:23.806+0000] {processor.py:925} INFO - DAG(s) 'example_branch_datetime_operator', 'example_branch_datetime_operator_2', 'example_branch_datetime_operator_3' retrieved from /home/airflow/.local/lib/python3.12/site-packages/airflow/example_dags/example_branch_datetime_operator.py
[2026-03-23T19:07:23.916+0000] {logging_mixin.py:190} INFO - [2026-03-23T19:07:23.916+0000] {dag.py:3239} INFO - Sync 3 DAGs
[2026-03-23T19:07:24.133+0000] {logging_mixin.py:190} INFO - [2026-03-23T19:07:24.126+0000] {dag.py:4180} INFO - Setting next_dagrun for example_branch_datetime_operator to 2026-03-22 00:00:00+00:00, run_after=2026-03-23 00:00:00+00:00
[2026-03-23T19:07:24.143+0000] {logging_mixin.py:190} INFO - [2026-03-23T19:07:24.142+0000] {dag.py:4180} INFO - Setting next_dagrun for example_branch_datetime_operator_2 to 2026-03-22 00:00:00+00:00, run_after=2026-03-23 00:00:00+00:00
[2026-03-23T19:07:24.146+0000] {logging_mixin.py:190} INFO - [2026-03-23T19:07:24.146+0000] {dag.py:4180} INFO - Setting next_dagrun for example_branch_datetime_operator_3 to 2026-03-22 00:00:00+00:00, run_after=2026-03-23 00:00:00+00:00
[2026-03-23T19:07:24.211+0000] {processor.py:208} INFO - Processing /home/airflow/.local/lib/python3.12/site-packages/airflow/example_dags/example_branch_datetime_operator.py took 0.496 seconds
[2026-03-23T19:08:00.999+0000] {processor.py:186} INFO - Started process (PID=476) to work on /home/airflow/.local/lib/python3.12/site-packages/airflow/example_dags/example_branch_datetime_operator.py
[2026-03-23T19:08:01.013+0000] {processor.py:914} INFO - Processing file /home/airflow/.local/lib/python3.12/site-packages/airflow/example_dags/example_branch_datetime_operator.py for tasks to queue
[2026-03-23T19:08:01.039+0000] {logging_mixin.py:190} INFO - [2026-03-23T19:08:01.038+0000] {dagbag.py:588} INFO - Filling up the DagBag from /home/airflow/.local/lib/python3.12/site-packages/airflow/example_dags/example_branch_datetime_operator.py
[2026-03-23T19:08:01.204+0000] {processor.py:925} INFO - DAG(s) 'example_branch_datetime_operator_3', 'example_branch_datetime_operator', 'example_branch_datetime_operator_2' retrieved from /home/airflow/.local/lib/python3.12/site-packages/airflow/example_dags/example_branch_datetime_operator.py
[2026-03-23T19:08:01.387+0000] {logging_mixin.py:190} INFO - [2026-03-23T19:08:01.386+0000] {dag.py:3239} INFO - Sync 3 DAGs
[2026-03-23T19:08:01.650+0000] {logging_mixin.py:190} INFO - [2026-03-23T19:08:01.650+0000] {dag.py:4180} INFO - Setting next_dagrun for example_branch_datetime_operator to 2026-03-22 00:00:00+00:00, run_after=2026-03-23 00:00:00+00:00
[2026-03-23T19:08:01.671+0000] {logging_mixin.py:190} INFO - [2026-03-23T19:08:01.671+0000] {dag.py:4180} INFO - Setting next_dagrun for example_branch_datetime_operator_2 to 2026-03-22 00:00:00+00:00, run_after=2026-03-23 00:00:00+00:00
[2026-03-23T19:08:01.685+0000] {logging_mixin.py:190} INFO - [2026-03-23T19:08:01.685+0000] {dag.py:4180} INFO - Setting next_dagrun for example_branch_datetime_operator_3 to 2026-03-22 00:00:00+00:00, run_after=2026-03-23 00:00:00+00:00
[2026-03-23T19:08:01.747+0000] {processor.py:208} INFO - Processing /home/airflow/.local/lib/python3.12/site-packages/airflow/example_dags/example_branch_datetime_operator.py took 0.910 seconds
[2026-03-23T19:08:39.114+0000] {processor.py:186} INFO - Started process (PID=540) to work on /home/airflow/.local/lib/python3.12/site-packages/airflow/example_dags/example_branch_datetime_operator.py
[2026-03-23T19:08:39.122+0000] {processor.py:914} INFO - Processing file /home/airflow/.local/lib/python3.12/site-packages/airflow/example_dags/example_branch_datetime_operator.py for tasks to queue
[2026-03-23T19:08:39.139+0000] {logging_mixin.py:190} INFO - [2026-03-23T19:08:39.137+0000] {dagbag.py:588} INFO - Filling up the DagBag from /home/airflow/.local/lib/python3.12/site-packages/airflow/example_dags/example_branch_datetime_operator.py
[2026-03-23T19:08:39.205+0000] {processor.py:925} INFO - DAG(s) 'example_branch_datetime_operator', 'example_branch_datetime_operator_3', 'example_branch_datetime_operator_2' retrieved from /home/airflow/.local/lib/python3.12/site-packages/airflow/example_dags/example_branch_datetime_operator.py
[2026-03-23T19:08:39.340+0000] {logging_mixin.py:190} INFO - [2026-03-23T19:08:39.339+0000] {dag.py:3239} INFO - Sync 3 DAGs
[2026-03-23T19:08:39.409+0000] {logging_mixin.py:190} INFO - [2026-03-23T19:08:39.408+0000] {dag.py:4180} INFO - Setting next_dagrun for example_branch_datetime_operator to 2026-03-22 00:00:00+00:00, run_after=2026-03-23 00:00:00+00:00
[2026-03-23T19:08:39.449+0000] {logging_mixin.py:190} INFO - [2026-03-23T19:08:39.444+0000] {dag.py:4180} INFO - Setting next_dagrun for example_branch_datetime_operator_2 to 2026-03-22 00:00:00+00:00, run_after=2026-03-23 00:00:00+00:00
[2026-03-23T19:08:39.465+0000] {logging_mixin.py:190} INFO - [2026-03-23T19:08:39.464+0000] {dag.py:4180} INFO - Setting next_dagrun for example_branch_datetime_operator_3 to 2026-03-22 00:00:00+00:00, run_after=2026-03-23 00:00:00+00:00
[2026-03-23T19:08:39.535+0000] {processor.py:208} INFO - Processing /home/airflow/.local/lib/python3.12/site-packages/airflow/example_dags/example_branch_datetime_operator.py took 0.472 seconds
[2026-03-23T19:09:14.110+0000] {processor.py:186} INFO - Started process (PID=606) to work on /home/airflow/.local/lib/python3.12/site-packages/airflow/example_dags/example_branch_datetime_operator.py
[2026-03-23T19:09:14.113+0000] {processor.py:914} INFO - Processing file /home/airflow/.local/lib/python3.12/site-packages/airflow/example_dags/example_branch_datetime_operator.py for tasks to queue
[2026-03-23T19:09:14.116+0000] {logging_mixin.py:190} INFO - [2026-03-23T19:09:14.116+0000] {dagbag.py:588} INFO - Filling up the DagBag from /home/airflow/.local/lib/python3.12/site-packages/airflow/example_dags/example_branch_datetime_operator.py
[2026-03-23T19:09:14.135+0000] {processor.py:925} INFO - DAG(s) 'example_branch_datetime_operator_3', 'example_branch_datetime_operator_2', 'example_branch_datetime_operator' retrieved from /home/airflow/.local/lib/python3.12/site-packages/airflow/example_dags/example_branch_datetime_operator.py
[2026-03-23T19:09:14.171+0000] {logging_mixin.py:190} INFO - [2026-03-23T19:09:14.171+0000] {dag.py:3239} INFO - Sync 3 DAGs
[2026-03-23T19:09:14.199+0000] {logging_mixin.py:190} INFO - [2026-03-23T19:09:14.199+0000] {dag.py:4180} INFO - Setting next_dagrun for example_branch_datetime_operator to 2026-03-22 00:00:00+00:00, run_after=2026-03-23 00:00:00+00:00
[2026-03-23T19:09:14.206+0000] {logging_mixin.py:190} INFO - [2026-03-23T19:09:14.206+0000] {dag.py:4180} INFO - Setting next_dagrun for example_branch_datetime_operator_2 to 2026-03-22 00:00:00+00:00, run_after=2026-03-23 00:00:00+00:00
[2026-03-23T19:09:14.209+0000] {logging_mixin.py:190} INFO - [2026-03-23T19:09:14.209+0000] {dag.py:4180} INFO - Setting next_dagrun for example_branch_datetime_operator_3 to 2026-03-22 00:00:00+00:00, run_after=2026-03-23 00:00:00+00:00
[2026-03-23T19:09:14.225+0000] {processor.py:208} INFO - Processing /home/airflow/.local/lib/python3.12/site-packages/airflow/example_dags/example_branch_datetime_operator.py took 0.121 seconds
[2026-03-23T19:09:44.630+0000] {processor.py:186} INFO - Started process (PID=670) to work on /home/airflow/.local/lib/python3.12/site-packages/airflow/example_dags/example_branch_datetime_operator.py
[2026-03-23T19:09:44.631+0000] {processor.py:914} INFO - Processing file /home/airflow/.local/lib/python3.12/site-packages/airflow/example_dags/example_branch_datetime_operator.py for tasks to queue
[2026-03-23T19:09:44.633+0000] {logging_mixin.py:190} INFO - [2026-03-23T19:09:44.633+0000] {dagbag.py:588} INFO - Filling up the DagBag from /home/airflow/.local/lib/python3.12/site-packages/airflow/example_dags/example_branch_datetime_operator.py
[2026-03-23T19:09:44.646+0000] {processor.py:925} INFO - DAG(s) 'example_branch_datetime_operator', 'example_branch_datetime_operator_2', 'example_branch_datetime_operator_3' retrieved from /home/airflow/.local/lib/python3.12/site-packages/airflow/example_dags/example_branch_datetime_operator.py
[2026-03-23T19:09:44.668+0000] {logging_mixin.py:190} INFO - [2026-03-23T19:09:44.668+0000] {dag.py:3239} INFO - Sync 3 DAGs
[2026-03-23T19:09:44.709+0000] {logging_mixin.py:190} INFO - [2026-03-23T19:09:44.709+0000] {dag.py:4180} INFO - Setting next_dagrun for example_branch_datetime_operator to 2026-03-22 00:00:00+00:00, run_after=2026-03-23 00:00:00+00:00
[2026-03-23T19:09:44.715+0000] {logging_mixin.py:190} INFO - [2026-03-23T19:09:44.715+0000] {dag.py:4180} INFO - Setting next_dagrun for example_branch_datetime_operator_2 to 2026-03-22 00:00:00+00:00, run_after=2026-03-23 00:00:00+00:00
[2026-03-23T19:09:44.721+0000] {logging_mixin.py:190} INFO - [2026-03-23T19:09:44.720+0000] {dag.py:4180} INFO - Setting next_dagrun for example_branch_datetime_operator_3 to 2026-03-22 00:00:00+00:00, run_after=2026-03-23 00:00:00+00:00
[2026-03-23T19:09:44.741+0000] {processor.py:208} INFO - Processing /home/airflow/.local/lib/python3.12/site-packages/airflow/example_dags/example_branch_datetime_operator.py took 0.115 seconds
[2026-03-23T19:10:15.990+0000] {processor.py:186} INFO - Started process (PID=734) to work on /home/airflow/.local/lib/python3.12/site-packages/airflow/example_dags/example_branch_datetime_operator.py
[2026-03-23T19:10:16.000+0000] {processor.py:914} INFO - Processing file /home/airflow/.local/lib/python3.12/site-packages/airflow/example_dags/example_branch_datetime_operator.py for tasks to queue
[2026-03-23T19:10:16.007+0000] {logging_mixin.py:190} INFO - [2026-03-23T19:10:16.006+0000] {dagbag.py:588} INFO - Filling up the DagBag from /home/airflow/.local/lib/python3.12/site-packages/airflow/example_dags/example_branch_datetime_operator.py
[2026-03-23T19:10:16.063+0000] {processor.py:925} INFO - DAG(s) 'example_branch_datetime_operator_2', 'example_branch_datetime_operator', 'example_branch_datetime_operator_3' retrieved from /home/airflow/.local/lib/python3.12/site-packages/airflow/example_dags/example_branch_datetime_operator.py
[2026-03-23T19:10:16.137+0000] {logging_mixin.py:190} INFO - [2026-03-23T19:10:16.136+0000] {dag.py:3239} INFO - Sync 3 DAGs
[2026-03-23T19:10:16.192+0000] {logging_mixin.py:190} INFO - [2026-03-23T19:10:16.191+0000] {dag.py:4180} INFO - Setting next_dagrun for example_branch_datetime_operator to 2026-03-22 00:00:00+00:00, run_after=2026-03-23 00:00:00+00:00
[2026-03-23T19:10:16.202+0000] {logging_mixin.py:190} INFO - [2026-03-23T19:10:16.202+0000] {dag.py:4180} INFO - Setting next_dagrun for example_branch_datetime_operator_2 to 2026-03-22 00:00:00+00:00, run_after=2026-03-23 00:00:00+00:00
[2026-03-23T19:10:16.205+0000] {logging_mixin.py:190} INFO - [2026-03-23T19:10:16.205+0000] {dag.py:4180} INFO - Setting next_dagrun for example_branch_datetime_operator_3 to 2026-03-22 00:00:00+00:00, run_after=2026-03-23 00:00:00+00:00
[2026-03-23T19:10:16.258+0000] {processor.py:208} INFO - Processing /home/airflow/.local/lib/python3.12/site-packages/airflow/example_dags/example_branch_datetime_operator.py took 0.300 seconds
