[2026-03-23T19:04:39.235+0000] {processor.py:186} INFO - Started process (PID=88) to work on /home/airflow/.local/lib/python3.12/site-packages/airflow/example_dags/example_branch_day_of_week_operator.py
[2026-03-23T19:04:39.238+0000] {processor.py:914} INFO - Processing file /home/airflow/.local/lib/python3.12/site-packages/airflow/example_dags/example_branch_day_of_week_operator.py for tasks to queue
[2026-03-23T19:04:39.244+0000] {logging_mixin.py:190} INFO - [2026-03-23T19:04:39.244+0000] {dagbag.py:588} INFO - Filling up the DagBag from /home/airflow/.local/lib/python3.12/site-packages/airflow/example_dags/example_branch_day_of_week_operator.py
[2026-03-23T19:04:39.258+0000] {processor.py:925} INFO - DAG(s) 'example_weekday_branch_operator' retrieved from /home/airflow/.local/lib/python3.12/site-packages/airflow/example_dags/example_branch_day_of_week_operator.py
[2026-03-23T19:04:39.612+0000] {logging_mixin.py:190} INFO - [2026-03-23T19:04:39.610+0000] {override.py:1911} INFO - Created Permission View: can edit on DAG:example_weekday_branch_operator
[2026-03-23T19:04:39.624+0000] {logging_mixin.py:190} INFO - [2026-03-23T19:04:39.624+0000] {override.py:1911} INFO - Created Permission View: can read on DAG:example_weekday_branch_operator
[2026-03-23T19:04:39.634+0000] {logging_mixin.py:190} INFO - [2026-03-23T19:04:39.633+0000] {override.py:1911} INFO - Created Permission View: can delete on DAG:example_weekday_branch_operator
[2026-03-23T19:04:39.647+0000] {logging_mixin.py:190} INFO - [2026-03-23T19:04:39.647+0000] {override.py:1911} INFO - Created Permission View: menu access on DAG Run:example_weekday_branch_operator
[2026-03-23T19:04:39.654+0000] {logging_mixin.py:190} INFO - [2026-03-23T19:04:39.654+0000] {override.py:1911} INFO - Created Permission View: can read on DAG Run:example_weekday_branch_operator
[2026-03-23T19:04:39.663+0000] {logging_mixin.py:190} INFO - [2026-03-23T19:04:39.662+0000] {override.py:1911} INFO - Created Permission View: can create on DAG Run:example_weekday_branch_operator
[2026-03-23T19:04:39.668+0000] {logging_mixin.py:190} INFO - [2026-03-23T19:04:39.667+0000] {override.py:1911} INFO - Created Permission View: can delete on DAG Run:example_weekday_branch_operator
[2026-03-23T19:04:39.668+0000] {logging_mixin.py:190} INFO - [2026-03-23T19:04:39.668+0000] {dag.py:3239} INFO - Sync 1 DAGs
[2026-03-23T19:04:39.694+0000] {logging_mixin.py:190} INFO - [2026-03-23T19:04:39.694+0000] {dag.py:3262} INFO - Creating ORM DAG for example_weekday_branch_operator
[2026-03-23T19:04:39.707+0000] {logging_mixin.py:190} INFO - [2026-03-23T19:04:39.706+0000] {dag.py:4180} INFO - Setting next_dagrun for example_weekday_branch_operator to 2026-03-22 00:00:00+00:00, run_after=2026-03-23 00:00:00+00:00
[2026-03-23T19:04:39.739+0000] {processor.py:208} INFO - Processing /home/airflow/.local/lib/python3.12/site-packages/airflow/example_dags/example_branch_day_of_week_operator.py took 0.515 seconds
[2026-03-23T19:05:09.974+0000] {processor.py:186} INFO - Started process (PID=152) to work on /home/airflow/.local/lib/python3.12/site-packages/airflow/example_dags/example_branch_day_of_week_operator.py
[2026-03-23T19:05:09.977+0000] {processor.py:914} INFO - Processing file /home/airflow/.local/lib/python3.12/site-packages/airflow/example_dags/example_branch_day_of_week_operator.py for tasks to queue
[2026-03-23T19:05:09.980+0000] {logging_mixin.py:190} INFO - [2026-03-23T19:05:09.979+0000] {dagbag.py:588} INFO - Filling up the DagBag from /home/airflow/.local/lib/python3.12/site-packages/airflow/example_dags/example_branch_day_of_week_operator.py
[2026-03-23T19:05:09.995+0000] {processor.py:925} INFO - DAG(s) 'example_weekday_branch_operator' retrieved from /home/airflow/.local/lib/python3.12/site-packages/airflow/example_dags/example_branch_day_of_week_operator.py
[2026-03-23T19:05:10.035+0000] {logging_mixin.py:190} INFO - [2026-03-23T19:05:10.035+0000] {dag.py:3239} INFO - Sync 1 DAGs
[2026-03-23T19:05:10.078+0000] {logging_mixin.py:190} INFO - [2026-03-23T19:05:10.078+0000] {dag.py:4180} INFO - Setting next_dagrun for example_weekday_branch_operator to 2026-03-22 00:00:00+00:00, run_after=2026-03-23 00:00:00+00:00
[2026-03-23T19:05:10.100+0000] {processor.py:208} INFO - Processing /home/airflow/.local/lib/python3.12/site-packages/airflow/example_dags/example_branch_day_of_week_operator.py took 0.131 seconds
[2026-03-23T19:05:43.625+0000] {processor.py:186} INFO - Started process (PID=216) to work on /home/airflow/.local/lib/python3.12/site-packages/airflow/example_dags/example_branch_day_of_week_operator.py
[2026-03-23T19:05:43.629+0000] {processor.py:914} INFO - Processing file /home/airflow/.local/lib/python3.12/site-packages/airflow/example_dags/example_branch_day_of_week_operator.py for tasks to queue
[2026-03-23T19:05:43.633+0000] {logging_mixin.py:190} INFO - [2026-03-23T19:05:43.632+0000] {dagbag.py:588} INFO - Filling up the DagBag from /home/airflow/.local/lib/python3.12/site-packages/airflow/example_dags/example_branch_day_of_week_operator.py
[2026-03-23T19:05:43.641+0000] {processor.py:925} INFO - DAG(s) 'example_weekday_branch_operator' retrieved from /home/airflow/.local/lib/python3.12/site-packages/airflow/example_dags/example_branch_day_of_week_operator.py
[2026-03-23T19:05:43.658+0000] {logging_mixin.py:190} INFO - [2026-03-23T19:05:43.657+0000] {dag.py:3239} INFO - Sync 1 DAGs
[2026-03-23T19:05:43.680+0000] {logging_mixin.py:190} INFO - [2026-03-23T19:05:43.680+0000] {dag.py:4180} INFO - Setting next_dagrun for example_weekday_branch_operator to 2026-03-22 00:00:00+00:00, run_after=2026-03-23 00:00:00+00:00
[2026-03-23T19:05:43.696+0000] {processor.py:208} INFO - Processing /home/airflow/.local/lib/python3.12/site-packages/airflow/example_dags/example_branch_day_of_week_operator.py took 0.076 seconds
[2026-03-23T19:06:13.938+0000] {processor.py:186} INFO - Started process (PID=280) to work on /home/airflow/.local/lib/python3.12/site-packages/airflow/example_dags/example_branch_day_of_week_operator.py
[2026-03-23T19:06:13.939+0000] {processor.py:914} INFO - Processing file /home/airflow/.local/lib/python3.12/site-packages/airflow/example_dags/example_branch_day_of_week_operator.py for tasks to queue
[2026-03-23T19:06:13.944+0000] {logging_mixin.py:190} INFO - [2026-03-23T19:06:13.943+0000] {dagbag.py:588} INFO - Filling up the DagBag from /home/airflow/.local/lib/python3.12/site-packages/airflow/example_dags/example_branch_day_of_week_operator.py
[2026-03-23T19:06:13.955+0000] {processor.py:925} INFO - DAG(s) 'example_weekday_branch_operator' retrieved from /home/airflow/.local/lib/python3.12/site-packages/airflow/example_dags/example_branch_day_of_week_operator.py
[2026-03-23T19:06:13.995+0000] {logging_mixin.py:190} INFO - [2026-03-23T19:06:13.994+0000] {dag.py:3239} INFO - Sync 1 DAGs
[2026-03-23T19:06:14.013+0000] {logging_mixin.py:190} INFO - [2026-03-23T19:06:14.012+0000] {dag.py:4180} INFO - Setting next_dagrun for example_weekday_branch_operator to 2026-03-22 00:00:00+00:00, run_after=2026-03-23 00:00:00+00:00
[2026-03-23T19:06:14.028+0000] {processor.py:208} INFO - Processing /home/airflow/.local/lib/python3.12/site-packages/airflow/example_dags/example_branch_day_of_week_operator.py took 0.099 seconds
[2026-03-23T19:06:44.680+0000] {processor.py:186} INFO - Started process (PID=344) to work on /home/airflow/.local/lib/python3.12/site-packages/airflow/example_dags/example_branch_day_of_week_operator.py
[2026-03-23T19:06:44.681+0000] {processor.py:914} INFO - Processing file /home/airflow/.local/lib/python3.12/site-packages/airflow/example_dags/example_branch_day_of_week_operator.py for tasks to queue
[2026-03-23T19:06:44.683+0000] {logging_mixin.py:190} INFO - [2026-03-23T19:06:44.683+0000] {dagbag.py:588} INFO - Filling up the DagBag from /home/airflow/.local/lib/python3.12/site-packages/airflow/example_dags/example_branch_day_of_week_operator.py
[2026-03-23T19:06:44.692+0000] {processor.py:925} INFO - DAG(s) 'example_weekday_branch_operator' retrieved from /home/airflow/.local/lib/python3.12/site-packages/airflow/example_dags/example_branch_day_of_week_operator.py
[2026-03-23T19:06:44.710+0000] {logging_mixin.py:190} INFO - [2026-03-23T19:06:44.709+0000] {dag.py:3239} INFO - Sync 1 DAGs
[2026-03-23T19:06:44.723+0000] {logging_mixin.py:190} INFO - [2026-03-23T19:06:44.723+0000] {dag.py:4180} INFO - Setting next_dagrun for example_weekday_branch_operator to 2026-03-22 00:00:00+00:00, run_after=2026-03-23 00:00:00+00:00
[2026-03-23T19:06:44.734+0000] {processor.py:208} INFO - Processing /home/airflow/.local/lib/python3.12/site-packages/airflow/example_dags/example_branch_day_of_week_operator.py took 0.058 seconds
[2026-03-23T19:07:24.301+0000] {processor.py:186} INFO - Started process (PID=414) to work on /home/airflow/.local/lib/python3.12/site-packages/airflow/example_dags/example_branch_day_of_week_operator.py
[2026-03-23T19:07:24.317+0000] {processor.py:914} INFO - Processing file /home/airflow/.local/lib/python3.12/site-packages/airflow/example_dags/example_branch_day_of_week_operator.py for tasks to queue
[2026-03-23T19:07:24.335+0000] {logging_mixin.py:190} INFO - [2026-03-23T19:07:24.334+0000] {dagbag.py:588} INFO - Filling up the DagBag from /home/airflow/.local/lib/python3.12/site-packages/airflow/example_dags/example_branch_day_of_week_operator.py
[2026-03-23T19:07:24.396+0000] {processor.py:925} INFO - DAG(s) 'example_weekday_branch_operator' retrieved from /home/airflow/.local/lib/python3.12/site-packages/airflow/example_dags/example_branch_day_of_week_operator.py
[2026-03-23T19:07:24.554+0000] {logging_mixin.py:190} INFO - [2026-03-23T19:07:24.552+0000] {dag.py:3239} INFO - Sync 1 DAGs
[2026-03-23T19:07:24.755+0000] {logging_mixin.py:190} INFO - [2026-03-23T19:07:24.753+0000] {dag.py:4180} INFO - Setting next_dagrun for example_weekday_branch_operator to 2026-03-22 00:00:00+00:00, run_after=2026-03-23 00:00:00+00:00
[2026-03-23T19:07:24.856+0000] {processor.py:208} INFO - Processing /home/airflow/.local/lib/python3.12/site-packages/airflow/example_dags/example_branch_day_of_week_operator.py took 0.600 seconds
[2026-03-23T19:08:01.806+0000] {processor.py:186} INFO - Started process (PID=478) to work on /home/airflow/.local/lib/python3.12/site-packages/airflow/example_dags/example_branch_day_of_week_operator.py
[2026-03-23T19:08:01.819+0000] {processor.py:914} INFO - Processing file /home/airflow/.local/lib/python3.12/site-packages/airflow/example_dags/example_branch_day_of_week_operator.py for tasks to queue
[2026-03-23T19:08:01.831+0000] {logging_mixin.py:190} INFO - [2026-03-23T19:08:01.831+0000] {dagbag.py:588} INFO - Filling up the DagBag from /home/airflow/.local/lib/python3.12/site-packages/airflow/example_dags/example_branch_day_of_week_operator.py
[2026-03-23T19:08:01.865+0000] {processor.py:925} INFO - DAG(s) 'example_weekday_branch_operator' retrieved from /home/airflow/.local/lib/python3.12/site-packages/airflow/example_dags/example_branch_day_of_week_operator.py
[2026-03-23T19:08:01.945+0000] {logging_mixin.py:190} INFO - [2026-03-23T19:08:01.944+0000] {dag.py:3239} INFO - Sync 1 DAGs
[2026-03-23T19:08:01.986+0000] {logging_mixin.py:190} INFO - [2026-03-23T19:08:01.986+0000] {dag.py:4180} INFO - Setting next_dagrun for example_weekday_branch_operator to 2026-03-22 00:00:00+00:00, run_after=2026-03-23 00:00:00+00:00
[2026-03-23T19:08:02.038+0000] {processor.py:208} INFO - Processing /home/airflow/.local/lib/python3.12/site-packages/airflow/example_dags/example_branch_day_of_week_operator.py took 0.260 seconds
[2026-03-23T19:08:39.805+0000] {processor.py:186} INFO - Started process (PID=542) to work on /home/airflow/.local/lib/python3.12/site-packages/airflow/example_dags/example_branch_day_of_week_operator.py
[2026-03-23T19:08:39.810+0000] {processor.py:914} INFO - Processing file /home/airflow/.local/lib/python3.12/site-packages/airflow/example_dags/example_branch_day_of_week_operator.py for tasks to queue
[2026-03-23T19:08:39.829+0000] {logging_mixin.py:190} INFO - [2026-03-23T19:08:39.821+0000] {dagbag.py:588} INFO - Filling up the DagBag from /home/airflow/.local/lib/python3.12/site-packages/airflow/example_dags/example_branch_day_of_week_operator.py
[2026-03-23T19:08:39.889+0000] {processor.py:925} INFO - DAG(s) 'example_weekday_branch_operator' retrieved from /home/airflow/.local/lib/python3.12/site-packages/airflow/example_dags/example_branch_day_of_week_operator.py
[2026-03-23T19:08:39.968+0000] {logging_mixin.py:190} INFO - [2026-03-23T19:08:39.968+0000] {dag.py:3239} INFO - Sync 1 DAGs
[2026-03-23T19:08:40.059+0000] {logging_mixin.py:190} INFO - [2026-03-23T19:08:40.058+0000] {dag.py:4180} INFO - Setting next_dagrun for example_weekday_branch_operator to 2026-03-22 00:00:00+00:00, run_after=2026-03-23 00:00:00+00:00
[2026-03-23T19:08:40.125+0000] {processor.py:208} INFO - Processing /home/airflow/.local/lib/python3.12/site-packages/airflow/example_dags/example_branch_day_of_week_operator.py took 0.368 seconds
[2026-03-23T19:09:14.347+0000] {processor.py:186} INFO - Started process (PID=608) to work on /home/airflow/.local/lib/python3.12/site-packages/airflow/example_dags/example_branch_day_of_week_operator.py
[2026-03-23T19:09:14.348+0000] {processor.py:914} INFO - Processing file /home/airflow/.local/lib/python3.12/site-packages/airflow/example_dags/example_branch_day_of_week_operator.py for tasks to queue
[2026-03-23T19:09:14.350+0000] {logging_mixin.py:190} INFO - [2026-03-23T19:09:14.350+0000] {dagbag.py:588} INFO - Filling up the DagBag from /home/airflow/.local/lib/python3.12/site-packages/airflow/example_dags/example_branch_day_of_week_operator.py
[2026-03-23T19:09:14.366+0000] {processor.py:925} INFO - DAG(s) 'example_weekday_branch_operator' retrieved from /home/airflow/.local/lib/python3.12/site-packages/airflow/example_dags/example_branch_day_of_week_operator.py
[2026-03-23T19:09:14.414+0000] {logging_mixin.py:190} INFO - [2026-03-23T19:09:14.413+0000] {dag.py:3239} INFO - Sync 1 DAGs
[2026-03-23T19:09:14.483+0000] {logging_mixin.py:190} INFO - [2026-03-23T19:09:14.483+0000] {dag.py:4180} INFO - Setting next_dagrun for example_weekday_branch_operator to 2026-03-22 00:00:00+00:00, run_after=2026-03-23 00:00:00+00:00
[2026-03-23T19:09:14.554+0000] {processor.py:208} INFO - Processing /home/airflow/.local/lib/python3.12/site-packages/airflow/example_dags/example_branch_day_of_week_operator.py took 0.214 seconds
[2026-03-23T19:09:44.769+0000] {processor.py:186} INFO - Started process (PID=672) to work on /home/airflow/.local/lib/python3.12/site-packages/airflow/example_dags/example_branch_day_of_week_operator.py
[2026-03-23T19:09:44.770+0000] {processor.py:914} INFO - Processing file /home/airflow/.local/lib/python3.12/site-packages/airflow/example_dags/example_branch_day_of_week_operator.py for tasks to queue
[2026-03-23T19:09:44.773+0000] {logging_mixin.py:190} INFO - [2026-03-23T19:09:44.772+0000] {dagbag.py:588} INFO - Filling up the DagBag from /home/airflow/.local/lib/python3.12/site-packages/airflow/example_dags/example_branch_day_of_week_operator.py
[2026-03-23T19:09:44.780+0000] {processor.py:925} INFO - DAG(s) 'example_weekday_branch_operator' retrieved from /home/airflow/.local/lib/python3.12/site-packages/airflow/example_dags/example_branch_day_of_week_operator.py
[2026-03-23T19:09:44.801+0000] {logging_mixin.py:190} INFO - [2026-03-23T19:09:44.801+0000] {dag.py:3239} INFO - Sync 1 DAGs
[2026-03-23T19:09:44.815+0000] {logging_mixin.py:190} INFO - [2026-03-23T19:09:44.815+0000] {dag.py:4180} INFO - Setting next_dagrun for example_weekday_branch_operator to 2026-03-22 00:00:00+00:00, run_after=2026-03-23 00:00:00+00:00
[2026-03-23T19:09:44.827+0000] {processor.py:208} INFO - Processing /home/airflow/.local/lib/python3.12/site-packages/airflow/example_dags/example_branch_day_of_week_operator.py took 0.062 seconds
[2026-03-23T19:10:16.959+0000] {processor.py:186} INFO - Started process (PID=738) to work on /home/airflow/.local/lib/python3.12/site-packages/airflow/example_dags/example_branch_day_of_week_operator.py
[2026-03-23T19:10:16.961+0000] {processor.py:914} INFO - Processing file /home/airflow/.local/lib/python3.12/site-packages/airflow/example_dags/example_branch_day_of_week_operator.py for tasks to queue
[2026-03-23T19:10:16.965+0000] {logging_mixin.py:190} INFO - [2026-03-23T19:10:16.964+0000] {dagbag.py:588} INFO - Filling up the DagBag from /home/airflow/.local/lib/python3.12/site-packages/airflow/example_dags/example_branch_day_of_week_operator.py
[2026-03-23T19:10:16.978+0000] {processor.py:925} INFO - DAG(s) 'example_weekday_branch_operator' retrieved from /home/airflow/.local/lib/python3.12/site-packages/airflow/example_dags/example_branch_day_of_week_operator.py
[2026-03-23T19:10:17.007+0000] {logging_mixin.py:190} INFO - [2026-03-23T19:10:17.006+0000] {dag.py:3239} INFO - Sync 1 DAGs
[2026-03-23T19:10:17.086+0000] {logging_mixin.py:190} INFO - [2026-03-23T19:10:17.086+0000] {dag.py:4180} INFO - Setting next_dagrun for example_weekday_branch_operator to 2026-03-22 00:00:00+00:00, run_after=2026-03-23 00:00:00+00:00
[2026-03-23T19:10:17.124+0000] {processor.py:208} INFO - Processing /home/airflow/.local/lib/python3.12/site-packages/airflow/example_dags/example_branch_day_of_week_operator.py took 0.176 seconds
