[2026-03-23T19:04:36.396+0000] {processor.py:186} INFO - Started process (PID=79) to work on /home/airflow/.local/lib/python3.12/site-packages/airflow/example_dags/example_time_delta_sensor_async.py
[2026-03-23T19:04:36.408+0000] {processor.py:914} INFO - Processing file /home/airflow/.local/lib/python3.12/site-packages/airflow/example_dags/example_time_delta_sensor_async.py for tasks to queue
[2026-03-23T19:04:36.420+0000] {logging_mixin.py:190} INFO - [2026-03-23T19:04:36.420+0000] {dagbag.py:588} INFO - Filling up the DagBag from /home/airflow/.local/lib/python3.12/site-packages/airflow/example_dags/example_time_delta_sensor_async.py
[2026-03-23T19:04:36.460+0000] {processor.py:925} INFO - DAG(s) 'example_time_delta_sensor_async' retrieved from /home/airflow/.local/lib/python3.12/site-packages/airflow/example_dags/example_time_delta_sensor_async.py
[2026-03-23T19:04:36.712+0000] {logging_mixin.py:190} INFO - [2026-03-23T19:04:36.711+0000] {override.py:1911} INFO - Created Permission View: can edit on DAG:example_time_delta_sensor_async
[2026-03-23T19:04:36.724+0000] {logging_mixin.py:190} INFO - [2026-03-23T19:04:36.724+0000] {override.py:1911} INFO - Created Permission View: can read on DAG:example_time_delta_sensor_async
[2026-03-23T19:04:36.732+0000] {logging_mixin.py:190} INFO - [2026-03-23T19:04:36.732+0000] {override.py:1911} INFO - Created Permission View: can delete on DAG:example_time_delta_sensor_async
[2026-03-23T19:04:36.740+0000] {logging_mixin.py:190} INFO - [2026-03-23T19:04:36.740+0000] {override.py:1911} INFO - Created Permission View: menu access on DAG Run:example_time_delta_sensor_async
[2026-03-23T19:04:36.754+0000] {logging_mixin.py:190} INFO - [2026-03-23T19:04:36.754+0000] {override.py:1911} INFO - Created Permission View: can read on DAG Run:example_time_delta_sensor_async
[2026-03-23T19:04:36.759+0000] {logging_mixin.py:190} INFO - [2026-03-23T19:04:36.759+0000] {override.py:1911} INFO - Created Permission View: can create on DAG Run:example_time_delta_sensor_async
[2026-03-23T19:04:36.768+0000] {logging_mixin.py:190} INFO - [2026-03-23T19:04:36.767+0000] {override.py:1911} INFO - Created Permission View: can delete on DAG Run:example_time_delta_sensor_async
[2026-03-23T19:04:36.775+0000] {logging_mixin.py:190} INFO - [2026-03-23T19:04:36.774+0000] {dag.py:3239} INFO - Sync 1 DAGs
[2026-03-23T19:04:36.816+0000] {logging_mixin.py:190} INFO - [2026-03-23T19:04:36.815+0000] {dag.py:3262} INFO - Creating ORM DAG for example_time_delta_sensor_async
[2026-03-23T19:04:36.821+0000] {logging_mixin.py:190} INFO - [2026-03-23T19:04:36.821+0000] {dag.py:4180} INFO - Setting next_dagrun for example_time_delta_sensor_async to None, run_after=None
[2026-03-23T19:04:36.879+0000] {processor.py:208} INFO - Processing /home/airflow/.local/lib/python3.12/site-packages/airflow/example_dags/example_time_delta_sensor_async.py took 0.513 seconds
[2026-03-23T19:05:07.019+0000] {processor.py:186} INFO - Started process (PID=143) to work on /home/airflow/.local/lib/python3.12/site-packages/airflow/example_dags/example_time_delta_sensor_async.py
[2026-03-23T19:05:07.021+0000] {processor.py:914} INFO - Processing file /home/airflow/.local/lib/python3.12/site-packages/airflow/example_dags/example_time_delta_sensor_async.py for tasks to queue
[2026-03-23T19:05:07.023+0000] {logging_mixin.py:190} INFO - [2026-03-23T19:05:07.022+0000] {dagbag.py:588} INFO - Filling up the DagBag from /home/airflow/.local/lib/python3.12/site-packages/airflow/example_dags/example_time_delta_sensor_async.py
[2026-03-23T19:05:07.028+0000] {processor.py:925} INFO - DAG(s) 'example_time_delta_sensor_async' retrieved from /home/airflow/.local/lib/python3.12/site-packages/airflow/example_dags/example_time_delta_sensor_async.py
[2026-03-23T19:05:07.047+0000] {logging_mixin.py:190} INFO - [2026-03-23T19:05:07.046+0000] {dag.py:3239} INFO - Sync 1 DAGs
[2026-03-23T19:05:07.057+0000] {logging_mixin.py:190} INFO - [2026-03-23T19:05:07.057+0000] {dag.py:4180} INFO - Setting next_dagrun for example_time_delta_sensor_async to None, run_after=None
[2026-03-23T19:05:07.067+0000] {processor.py:208} INFO - Processing /home/airflow/.local/lib/python3.12/site-packages/airflow/example_dags/example_time_delta_sensor_async.py took 0.054 seconds
[2026-03-23T19:05:37.372+0000] {processor.py:186} INFO - Started process (PID=207) to work on /home/airflow/.local/lib/python3.12/site-packages/airflow/example_dags/example_time_delta_sensor_async.py
[2026-03-23T19:05:37.376+0000] {processor.py:914} INFO - Processing file /home/airflow/.local/lib/python3.12/site-packages/airflow/example_dags/example_time_delta_sensor_async.py for tasks to queue
[2026-03-23T19:05:37.380+0000] {logging_mixin.py:190} INFO - [2026-03-23T19:05:37.380+0000] {dagbag.py:588} INFO - Filling up the DagBag from /home/airflow/.local/lib/python3.12/site-packages/airflow/example_dags/example_time_delta_sensor_async.py
[2026-03-23T19:05:37.389+0000] {processor.py:925} INFO - DAG(s) 'example_time_delta_sensor_async' retrieved from /home/airflow/.local/lib/python3.12/site-packages/airflow/example_dags/example_time_delta_sensor_async.py
[2026-03-23T19:05:37.412+0000] {logging_mixin.py:190} INFO - [2026-03-23T19:05:37.411+0000] {dag.py:3239} INFO - Sync 1 DAGs
[2026-03-23T19:05:37.422+0000] {logging_mixin.py:190} INFO - [2026-03-23T19:05:37.422+0000] {dag.py:4180} INFO - Setting next_dagrun for example_time_delta_sensor_async to None, run_after=None
[2026-03-23T19:05:37.431+0000] {processor.py:208} INFO - Processing /home/airflow/.local/lib/python3.12/site-packages/airflow/example_dags/example_time_delta_sensor_async.py took 0.067 seconds
[2026-03-23T19:06:08.011+0000] {processor.py:186} INFO - Started process (PID=271) to work on /home/airflow/.local/lib/python3.12/site-packages/airflow/example_dags/example_time_delta_sensor_async.py
[2026-03-23T19:06:08.012+0000] {processor.py:914} INFO - Processing file /home/airflow/.local/lib/python3.12/site-packages/airflow/example_dags/example_time_delta_sensor_async.py for tasks to queue
[2026-03-23T19:06:08.014+0000] {logging_mixin.py:190} INFO - [2026-03-23T19:06:08.013+0000] {dagbag.py:588} INFO - Filling up the DagBag from /home/airflow/.local/lib/python3.12/site-packages/airflow/example_dags/example_time_delta_sensor_async.py
[2026-03-23T19:06:08.023+0000] {processor.py:925} INFO - DAG(s) 'example_time_delta_sensor_async' retrieved from /home/airflow/.local/lib/python3.12/site-packages/airflow/example_dags/example_time_delta_sensor_async.py
[2026-03-23T19:06:08.038+0000] {logging_mixin.py:190} INFO - [2026-03-23T19:06:08.037+0000] {dag.py:3239} INFO - Sync 1 DAGs
[2026-03-23T19:06:08.045+0000] {logging_mixin.py:190} INFO - [2026-03-23T19:06:08.045+0000] {dag.py:4180} INFO - Setting next_dagrun for example_time_delta_sensor_async to None, run_after=None
[2026-03-23T19:06:08.053+0000] {processor.py:208} INFO - Processing /home/airflow/.local/lib/python3.12/site-packages/airflow/example_dags/example_time_delta_sensor_async.py took 0.049 seconds
[2026-03-23T19:06:39.071+0000] {processor.py:186} INFO - Started process (PID=335) to work on /home/airflow/.local/lib/python3.12/site-packages/airflow/example_dags/example_time_delta_sensor_async.py
[2026-03-23T19:06:39.073+0000] {processor.py:914} INFO - Processing file /home/airflow/.local/lib/python3.12/site-packages/airflow/example_dags/example_time_delta_sensor_async.py for tasks to queue
[2026-03-23T19:06:39.074+0000] {logging_mixin.py:190} INFO - [2026-03-23T19:06:39.074+0000] {dagbag.py:588} INFO - Filling up the DagBag from /home/airflow/.local/lib/python3.12/site-packages/airflow/example_dags/example_time_delta_sensor_async.py
[2026-03-23T19:06:39.081+0000] {processor.py:925} INFO - DAG(s) 'example_time_delta_sensor_async' retrieved from /home/airflow/.local/lib/python3.12/site-packages/airflow/example_dags/example_time_delta_sensor_async.py
[2026-03-23T19:06:39.095+0000] {logging_mixin.py:190} INFO - [2026-03-23T19:06:39.095+0000] {dag.py:3239} INFO - Sync 1 DAGs
[2026-03-23T19:06:39.104+0000] {logging_mixin.py:190} INFO - [2026-03-23T19:06:39.104+0000] {dag.py:4180} INFO - Setting next_dagrun for example_time_delta_sensor_async to None, run_after=None
[2026-03-23T19:06:39.113+0000] {processor.py:208} INFO - Processing /home/airflow/.local/lib/python3.12/site-packages/airflow/example_dags/example_time_delta_sensor_async.py took 0.050 seconds
[2026-03-23T19:07:22.444+0000] {processor.py:186} INFO - Started process (PID=405) to work on /home/airflow/.local/lib/python3.12/site-packages/airflow/example_dags/example_time_delta_sensor_async.py
[2026-03-23T19:07:22.449+0000] {processor.py:914} INFO - Processing file /home/airflow/.local/lib/python3.12/site-packages/airflow/example_dags/example_time_delta_sensor_async.py for tasks to queue
[2026-03-23T19:07:22.461+0000] {logging_mixin.py:190} INFO - [2026-03-23T19:07:22.459+0000] {dagbag.py:588} INFO - Filling up the DagBag from /home/airflow/.local/lib/python3.12/site-packages/airflow/example_dags/example_time_delta_sensor_async.py
[2026-03-23T19:07:22.479+0000] {processor.py:925} INFO - DAG(s) 'example_time_delta_sensor_async' retrieved from /home/airflow/.local/lib/python3.12/site-packages/airflow/example_dags/example_time_delta_sensor_async.py
[2026-03-23T19:07:22.532+0000] {logging_mixin.py:190} INFO - [2026-03-23T19:07:22.529+0000] {dag.py:3239} INFO - Sync 1 DAGs
[2026-03-23T19:07:22.574+0000] {logging_mixin.py:190} INFO - [2026-03-23T19:07:22.573+0000] {dag.py:4180} INFO - Setting next_dagrun for example_time_delta_sensor_async to None, run_after=None
[2026-03-23T19:07:22.615+0000] {processor.py:208} INFO - Processing /home/airflow/.local/lib/python3.12/site-packages/airflow/example_dags/example_time_delta_sensor_async.py took 0.205 seconds
[2026-03-23T19:07:57.242+0000] {processor.py:186} INFO - Started process (PID=469) to work on /home/airflow/.local/lib/python3.12/site-packages/airflow/example_dags/example_time_delta_sensor_async.py
[2026-03-23T19:07:57.251+0000] {processor.py:914} INFO - Processing file /home/airflow/.local/lib/python3.12/site-packages/airflow/example_dags/example_time_delta_sensor_async.py for tasks to queue
[2026-03-23T19:07:57.294+0000] {logging_mixin.py:190} INFO - [2026-03-23T19:07:57.292+0000] {dagbag.py:588} INFO - Filling up the DagBag from /home/airflow/.local/lib/python3.12/site-packages/airflow/example_dags/example_time_delta_sensor_async.py
[2026-03-23T19:07:57.339+0000] {processor.py:925} INFO - DAG(s) 'example_time_delta_sensor_async' retrieved from /home/airflow/.local/lib/python3.12/site-packages/airflow/example_dags/example_time_delta_sensor_async.py
[2026-03-23T19:07:57.423+0000] {logging_mixin.py:190} INFO - [2026-03-23T19:07:57.423+0000] {dag.py:3239} INFO - Sync 1 DAGs
[2026-03-23T19:07:57.483+0000] {logging_mixin.py:190} INFO - [2026-03-23T19:07:57.482+0000] {dag.py:4180} INFO - Setting next_dagrun for example_time_delta_sensor_async to None, run_after=None
[2026-03-23T19:07:57.576+0000] {processor.py:208} INFO - Processing /home/airflow/.local/lib/python3.12/site-packages/airflow/example_dags/example_time_delta_sensor_async.py took 0.351 seconds
[2026-03-23T19:08:35.828+0000] {processor.py:186} INFO - Started process (PID=533) to work on /home/airflow/.local/lib/python3.12/site-packages/airflow/example_dags/example_time_delta_sensor_async.py
[2026-03-23T19:08:35.840+0000] {processor.py:914} INFO - Processing file /home/airflow/.local/lib/python3.12/site-packages/airflow/example_dags/example_time_delta_sensor_async.py for tasks to queue
[2026-03-23T19:08:35.866+0000] {logging_mixin.py:190} INFO - [2026-03-23T19:08:35.864+0000] {dagbag.py:588} INFO - Filling up the DagBag from /home/airflow/.local/lib/python3.12/site-packages/airflow/example_dags/example_time_delta_sensor_async.py
[2026-03-23T19:08:35.958+0000] {processor.py:925} INFO - DAG(s) 'example_time_delta_sensor_async' retrieved from /home/airflow/.local/lib/python3.12/site-packages/airflow/example_dags/example_time_delta_sensor_async.py
[2026-03-23T19:08:36.054+0000] {logging_mixin.py:190} INFO - [2026-03-23T19:08:36.053+0000] {dag.py:3239} INFO - Sync 1 DAGs
[2026-03-23T19:08:36.159+0000] {logging_mixin.py:190} INFO - [2026-03-23T19:08:36.156+0000] {dag.py:4180} INFO - Setting next_dagrun for example_time_delta_sensor_async to None, run_after=None
[2026-03-23T19:08:36.265+0000] {processor.py:208} INFO - Processing /home/airflow/.local/lib/python3.12/site-packages/airflow/example_dags/example_time_delta_sensor_async.py took 0.470 seconds
[2026-03-23T19:09:12.628+0000] {processor.py:186} INFO - Started process (PID=597) to work on /home/airflow/.local/lib/python3.12/site-packages/airflow/example_dags/example_time_delta_sensor_async.py
[2026-03-23T19:09:12.632+0000] {processor.py:914} INFO - Processing file /home/airflow/.local/lib/python3.12/site-packages/airflow/example_dags/example_time_delta_sensor_async.py for tasks to queue
[2026-03-23T19:09:12.646+0000] {logging_mixin.py:190} INFO - [2026-03-23T19:09:12.646+0000] {dagbag.py:588} INFO - Filling up the DagBag from /home/airflow/.local/lib/python3.12/site-packages/airflow/example_dags/example_time_delta_sensor_async.py
[2026-03-23T19:09:12.675+0000] {processor.py:925} INFO - DAG(s) 'example_time_delta_sensor_async' retrieved from /home/airflow/.local/lib/python3.12/site-packages/airflow/example_dags/example_time_delta_sensor_async.py
[2026-03-23T19:09:12.837+0000] {logging_mixin.py:190} INFO - [2026-03-23T19:09:12.836+0000] {dag.py:3239} INFO - Sync 1 DAGs
[2026-03-23T19:09:12.933+0000] {logging_mixin.py:190} INFO - [2026-03-23T19:09:12.932+0000] {dag.py:4180} INFO - Setting next_dagrun for example_time_delta_sensor_async to None, run_after=None
[2026-03-23T19:09:13.019+0000] {processor.py:208} INFO - Processing /home/airflow/.local/lib/python3.12/site-packages/airflow/example_dags/example_time_delta_sensor_async.py took 0.418 seconds
[2026-03-23T19:09:43.372+0000] {processor.py:186} INFO - Started process (PID=661) to work on /home/airflow/.local/lib/python3.12/site-packages/airflow/example_dags/example_time_delta_sensor_async.py
[2026-03-23T19:09:43.374+0000] {processor.py:914} INFO - Processing file /home/airflow/.local/lib/python3.12/site-packages/airflow/example_dags/example_time_delta_sensor_async.py for tasks to queue
[2026-03-23T19:09:43.376+0000] {logging_mixin.py:190} INFO - [2026-03-23T19:09:43.376+0000] {dagbag.py:588} INFO - Filling up the DagBag from /home/airflow/.local/lib/python3.12/site-packages/airflow/example_dags/example_time_delta_sensor_async.py
[2026-03-23T19:09:43.386+0000] {processor.py:925} INFO - DAG(s) 'example_time_delta_sensor_async' retrieved from /home/airflow/.local/lib/python3.12/site-packages/airflow/example_dags/example_time_delta_sensor_async.py
[2026-03-23T19:09:43.413+0000] {logging_mixin.py:190} INFO - [2026-03-23T19:09:43.413+0000] {dag.py:3239} INFO - Sync 1 DAGs
[2026-03-23T19:09:43.423+0000] {logging_mixin.py:190} INFO - [2026-03-23T19:09:43.423+0000] {dag.py:4180} INFO - Setting next_dagrun for example_time_delta_sensor_async to None, run_after=None
[2026-03-23T19:09:43.440+0000] {processor.py:208} INFO - Processing /home/airflow/.local/lib/python3.12/site-packages/airflow/example_dags/example_time_delta_sensor_async.py took 0.076 seconds
[2026-03-23T19:10:13.660+0000] {processor.py:186} INFO - Started process (PID=724) to work on /home/airflow/.local/lib/python3.12/site-packages/airflow/example_dags/example_time_delta_sensor_async.py
[2026-03-23T19:10:13.675+0000] {processor.py:914} INFO - Processing file /home/airflow/.local/lib/python3.12/site-packages/airflow/example_dags/example_time_delta_sensor_async.py for tasks to queue
[2026-03-23T19:10:13.697+0000] {logging_mixin.py:190} INFO - [2026-03-23T19:10:13.696+0000] {dagbag.py:588} INFO - Filling up the DagBag from /home/airflow/.local/lib/python3.12/site-packages/airflow/example_dags/example_time_delta_sensor_async.py
[2026-03-23T19:10:13.739+0000] {processor.py:925} INFO - DAG(s) 'example_time_delta_sensor_async' retrieved from /home/airflow/.local/lib/python3.12/site-packages/airflow/example_dags/example_time_delta_sensor_async.py
[2026-03-23T19:10:13.839+0000] {logging_mixin.py:190} INFO - [2026-03-23T19:10:13.838+0000] {dag.py:3239} INFO - Sync 1 DAGs
[2026-03-23T19:10:13.867+0000] {logging_mixin.py:190} INFO - [2026-03-23T19:10:13.867+0000] {dag.py:4180} INFO - Setting next_dagrun for example_time_delta_sensor_async to None, run_after=None
[2026-03-23T19:10:13.942+0000] {processor.py:208} INFO - Processing /home/airflow/.local/lib/python3.12/site-packages/airflow/example_dags/example_time_delta_sensor_async.py took 0.327 seconds
