[2026-03-23T19:04:48.624+0000] {processor.py:186} INFO - Started process (PID=107) to work on /home/airflow/.local/lib/python3.12/site-packages/airflow/example_dags/example_sensor_decorator.py
[2026-03-23T19:04:48.625+0000] {processor.py:914} INFO - Processing file /home/airflow/.local/lib/python3.12/site-packages/airflow/example_dags/example_sensor_decorator.py for tasks to queue
[2026-03-23T19:04:48.628+0000] {logging_mixin.py:190} INFO - [2026-03-23T19:04:48.628+0000] {dagbag.py:588} INFO - Filling up the DagBag from /home/airflow/.local/lib/python3.12/site-packages/airflow/example_dags/example_sensor_decorator.py
[2026-03-23T19:04:48.637+0000] {processor.py:925} INFO - DAG(s) 'example_sensor_decorator' retrieved from /home/airflow/.local/lib/python3.12/site-packages/airflow/example_dags/example_sensor_decorator.py
[2026-03-23T19:04:48.898+0000] {logging_mixin.py:190} INFO - [2026-03-23T19:04:48.896+0000] {override.py:1911} INFO - Created Permission View: can edit on DAG:example_sensor_decorator
[2026-03-23T19:04:48.907+0000] {logging_mixin.py:190} INFO - [2026-03-23T19:04:48.907+0000] {override.py:1911} INFO - Created Permission View: can read on DAG:example_sensor_decorator
[2026-03-23T19:04:48.910+0000] {logging_mixin.py:190} INFO - [2026-03-23T19:04:48.910+0000] {override.py:1911} INFO - Created Permission View: can delete on DAG:example_sensor_decorator
[2026-03-23T19:04:48.913+0000] {logging_mixin.py:190} INFO - [2026-03-23T19:04:48.912+0000] {override.py:1911} INFO - Created Permission View: menu access on DAG Run:example_sensor_decorator
[2026-03-23T19:04:48.922+0000] {logging_mixin.py:190} INFO - [2026-03-23T19:04:48.921+0000] {override.py:1911} INFO - Created Permission View: can read on DAG Run:example_sensor_decorator
[2026-03-23T19:04:48.926+0000] {logging_mixin.py:190} INFO - [2026-03-23T19:04:48.925+0000] {override.py:1911} INFO - Created Permission View: can create on DAG Run:example_sensor_decorator
[2026-03-23T19:04:48.928+0000] {logging_mixin.py:190} INFO - [2026-03-23T19:04:48.928+0000] {override.py:1911} INFO - Created Permission View: can delete on DAG Run:example_sensor_decorator
[2026-03-23T19:04:48.930+0000] {logging_mixin.py:190} INFO - [2026-03-23T19:04:48.930+0000] {dag.py:3239} INFO - Sync 1 DAGs
[2026-03-23T19:04:48.961+0000] {logging_mixin.py:190} INFO - [2026-03-23T19:04:48.961+0000] {dag.py:3262} INFO - Creating ORM DAG for example_sensor_decorator
[2026-03-23T19:04:48.962+0000] {logging_mixin.py:190} INFO - [2026-03-23T19:04:48.962+0000] {dag.py:4180} INFO - Setting next_dagrun for example_sensor_decorator to None, run_after=None
[2026-03-23T19:04:48.991+0000] {processor.py:208} INFO - Processing /home/airflow/.local/lib/python3.12/site-packages/airflow/example_dags/example_sensor_decorator.py took 0.374 seconds
[2026-03-23T19:05:19.670+0000] {processor.py:186} INFO - Started process (PID=170) to work on /home/airflow/.local/lib/python3.12/site-packages/airflow/example_dags/example_sensor_decorator.py
[2026-03-23T19:05:19.672+0000] {processor.py:914} INFO - Processing file /home/airflow/.local/lib/python3.12/site-packages/airflow/example_dags/example_sensor_decorator.py for tasks to queue
[2026-03-23T19:05:19.681+0000] {logging_mixin.py:190} INFO - [2026-03-23T19:05:19.681+0000] {dagbag.py:588} INFO - Filling up the DagBag from /home/airflow/.local/lib/python3.12/site-packages/airflow/example_dags/example_sensor_decorator.py
[2026-03-23T19:05:19.708+0000] {processor.py:925} INFO - DAG(s) 'example_sensor_decorator' retrieved from /home/airflow/.local/lib/python3.12/site-packages/airflow/example_dags/example_sensor_decorator.py
[2026-03-23T19:05:19.761+0000] {logging_mixin.py:190} INFO - [2026-03-23T19:05:19.761+0000] {dag.py:3239} INFO - Sync 1 DAGs
[2026-03-23T19:05:19.781+0000] {logging_mixin.py:190} INFO - [2026-03-23T19:05:19.781+0000] {dag.py:4180} INFO - Setting next_dagrun for example_sensor_decorator to None, run_after=None
[2026-03-23T19:05:19.817+0000] {processor.py:208} INFO - Processing /home/airflow/.local/lib/python3.12/site-packages/airflow/example_dags/example_sensor_decorator.py took 0.165 seconds
[2026-03-23T19:05:50.559+0000] {processor.py:186} INFO - Started process (PID=234) to work on /home/airflow/.local/lib/python3.12/site-packages/airflow/example_dags/example_sensor_decorator.py
[2026-03-23T19:05:50.562+0000] {processor.py:914} INFO - Processing file /home/airflow/.local/lib/python3.12/site-packages/airflow/example_dags/example_sensor_decorator.py for tasks to queue
[2026-03-23T19:05:50.564+0000] {logging_mixin.py:190} INFO - [2026-03-23T19:05:50.564+0000] {dagbag.py:588} INFO - Filling up the DagBag from /home/airflow/.local/lib/python3.12/site-packages/airflow/example_dags/example_sensor_decorator.py
[2026-03-23T19:05:50.580+0000] {processor.py:925} INFO - DAG(s) 'example_sensor_decorator' retrieved from /home/airflow/.local/lib/python3.12/site-packages/airflow/example_dags/example_sensor_decorator.py
[2026-03-23T19:05:50.606+0000] {logging_mixin.py:190} INFO - [2026-03-23T19:05:50.606+0000] {dag.py:3239} INFO - Sync 1 DAGs
[2026-03-23T19:05:50.620+0000] {logging_mixin.py:190} INFO - [2026-03-23T19:05:50.619+0000] {dag.py:4180} INFO - Setting next_dagrun for example_sensor_decorator to None, run_after=None
[2026-03-23T19:05:50.638+0000] {processor.py:208} INFO - Processing /home/airflow/.local/lib/python3.12/site-packages/airflow/example_dags/example_sensor_decorator.py took 0.085 seconds
[2026-03-23T19:06:21.822+0000] {processor.py:186} INFO - Started process (PID=304) to work on /home/airflow/.local/lib/python3.12/site-packages/airflow/example_dags/example_sensor_decorator.py
[2026-03-23T19:06:21.824+0000] {processor.py:914} INFO - Processing file /home/airflow/.local/lib/python3.12/site-packages/airflow/example_dags/example_sensor_decorator.py for tasks to queue
[2026-03-23T19:06:21.825+0000] {logging_mixin.py:190} INFO - [2026-03-23T19:06:21.825+0000] {dagbag.py:588} INFO - Filling up the DagBag from /home/airflow/.local/lib/python3.12/site-packages/airflow/example_dags/example_sensor_decorator.py
[2026-03-23T19:06:21.834+0000] {processor.py:925} INFO - DAG(s) 'example_sensor_decorator' retrieved from /home/airflow/.local/lib/python3.12/site-packages/airflow/example_dags/example_sensor_decorator.py
[2026-03-23T19:06:21.846+0000] {logging_mixin.py:190} INFO - [2026-03-23T19:06:21.846+0000] {dag.py:3239} INFO - Sync 1 DAGs
[2026-03-23T19:06:21.856+0000] {logging_mixin.py:190} INFO - [2026-03-23T19:06:21.856+0000] {dag.py:4180} INFO - Setting next_dagrun for example_sensor_decorator to None, run_after=None
[2026-03-23T19:06:21.866+0000] {processor.py:208} INFO - Processing /home/airflow/.local/lib/python3.12/site-packages/airflow/example_dags/example_sensor_decorator.py took 0.050 seconds
[2026-03-23T19:06:52.241+0000] {processor.py:186} INFO - Started process (PID=368) to work on /home/airflow/.local/lib/python3.12/site-packages/airflow/example_dags/example_sensor_decorator.py
[2026-03-23T19:06:52.242+0000] {processor.py:914} INFO - Processing file /home/airflow/.local/lib/python3.12/site-packages/airflow/example_dags/example_sensor_decorator.py for tasks to queue
[2026-03-23T19:06:52.245+0000] {logging_mixin.py:190} INFO - [2026-03-23T19:06:52.245+0000] {dagbag.py:588} INFO - Filling up the DagBag from /home/airflow/.local/lib/python3.12/site-packages/airflow/example_dags/example_sensor_decorator.py
[2026-03-23T19:06:52.257+0000] {processor.py:925} INFO - DAG(s) 'example_sensor_decorator' retrieved from /home/airflow/.local/lib/python3.12/site-packages/airflow/example_dags/example_sensor_decorator.py
[2026-03-23T19:06:52.275+0000] {logging_mixin.py:190} INFO - [2026-03-23T19:06:52.275+0000] {dag.py:3239} INFO - Sync 1 DAGs
[2026-03-23T19:06:52.288+0000] {logging_mixin.py:190} INFO - [2026-03-23T19:06:52.288+0000] {dag.py:4180} INFO - Setting next_dagrun for example_sensor_decorator to None, run_after=None
[2026-03-23T19:06:52.309+0000] {processor.py:208} INFO - Processing /home/airflow/.local/lib/python3.12/site-packages/airflow/example_dags/example_sensor_decorator.py took 0.078 seconds
[2026-03-23T19:07:34.993+0000] {processor.py:186} INFO - Started process (PID=432) to work on /home/airflow/.local/lib/python3.12/site-packages/airflow/example_dags/example_sensor_decorator.py
[2026-03-23T19:07:34.995+0000] {processor.py:914} INFO - Processing file /home/airflow/.local/lib/python3.12/site-packages/airflow/example_dags/example_sensor_decorator.py for tasks to queue
[2026-03-23T19:07:34.996+0000] {logging_mixin.py:190} INFO - [2026-03-23T19:07:34.996+0000] {dagbag.py:588} INFO - Filling up the DagBag from /home/airflow/.local/lib/python3.12/site-packages/airflow/example_dags/example_sensor_decorator.py
[2026-03-23T19:07:35.002+0000] {processor.py:925} INFO - DAG(s) 'example_sensor_decorator' retrieved from /home/airflow/.local/lib/python3.12/site-packages/airflow/example_dags/example_sensor_decorator.py
[2026-03-23T19:07:35.018+0000] {logging_mixin.py:190} INFO - [2026-03-23T19:07:35.018+0000] {dag.py:3239} INFO - Sync 1 DAGs
[2026-03-23T19:07:35.026+0000] {logging_mixin.py:190} INFO - [2026-03-23T19:07:35.026+0000] {dag.py:4180} INFO - Setting next_dagrun for example_sensor_decorator to None, run_after=None
[2026-03-23T19:07:35.039+0000] {processor.py:208} INFO - Processing /home/airflow/.local/lib/python3.12/site-packages/airflow/example_dags/example_sensor_decorator.py took 0.050 seconds
[2026-03-23T19:08:12.700+0000] {processor.py:186} INFO - Started process (PID=507) to work on /home/airflow/.local/lib/python3.12/site-packages/airflow/example_dags/example_sensor_decorator.py
[2026-03-23T19:08:12.703+0000] {processor.py:914} INFO - Processing file /home/airflow/.local/lib/python3.12/site-packages/airflow/example_dags/example_sensor_decorator.py for tasks to queue
[2026-03-23T19:08:12.705+0000] {logging_mixin.py:190} INFO - [2026-03-23T19:08:12.705+0000] {dagbag.py:588} INFO - Filling up the DagBag from /home/airflow/.local/lib/python3.12/site-packages/airflow/example_dags/example_sensor_decorator.py
[2026-03-23T19:08:12.721+0000] {processor.py:925} INFO - DAG(s) 'example_sensor_decorator' retrieved from /home/airflow/.local/lib/python3.12/site-packages/airflow/example_dags/example_sensor_decorator.py
[2026-03-23T19:08:12.745+0000] {logging_mixin.py:190} INFO - [2026-03-23T19:08:12.745+0000] {dag.py:3239} INFO - Sync 1 DAGs
[2026-03-23T19:08:12.764+0000] {logging_mixin.py:190} INFO - [2026-03-23T19:08:12.764+0000] {dag.py:4180} INFO - Setting next_dagrun for example_sensor_decorator to None, run_after=None
[2026-03-23T19:08:12.814+0000] {processor.py:208} INFO - Processing /home/airflow/.local/lib/python3.12/site-packages/airflow/example_dags/example_sensor_decorator.py took 0.117 seconds
[2026-03-23T19:08:47.772+0000] {processor.py:186} INFO - Started process (PID=570) to work on /home/airflow/.local/lib/python3.12/site-packages/airflow/example_dags/example_sensor_decorator.py
[2026-03-23T19:08:47.773+0000] {processor.py:914} INFO - Processing file /home/airflow/.local/lib/python3.12/site-packages/airflow/example_dags/example_sensor_decorator.py for tasks to queue
[2026-03-23T19:08:47.779+0000] {logging_mixin.py:190} INFO - [2026-03-23T19:08:47.778+0000] {dagbag.py:588} INFO - Filling up the DagBag from /home/airflow/.local/lib/python3.12/site-packages/airflow/example_dags/example_sensor_decorator.py
[2026-03-23T19:08:47.806+0000] {processor.py:925} INFO - DAG(s) 'example_sensor_decorator' retrieved from /home/airflow/.local/lib/python3.12/site-packages/airflow/example_dags/example_sensor_decorator.py
[2026-03-23T19:08:47.929+0000] {logging_mixin.py:190} INFO - [2026-03-23T19:08:47.928+0000] {dag.py:3239} INFO - Sync 1 DAGs
[2026-03-23T19:08:47.970+0000] {logging_mixin.py:190} INFO - [2026-03-23T19:08:47.969+0000] {dag.py:4180} INFO - Setting next_dagrun for example_sensor_decorator to None, run_after=None
[2026-03-23T19:08:48.034+0000] {processor.py:208} INFO - Processing /home/airflow/.local/lib/python3.12/site-packages/airflow/example_dags/example_sensor_decorator.py took 0.270 seconds
[2026-03-23T19:09:18.504+0000] {processor.py:186} INFO - Started process (PID=633) to work on /home/airflow/.local/lib/python3.12/site-packages/airflow/example_dags/example_sensor_decorator.py
[2026-03-23T19:09:18.516+0000] {processor.py:914} INFO - Processing file /home/airflow/.local/lib/python3.12/site-packages/airflow/example_dags/example_sensor_decorator.py for tasks to queue
[2026-03-23T19:09:18.518+0000] {logging_mixin.py:190} INFO - [2026-03-23T19:09:18.518+0000] {dagbag.py:588} INFO - Filling up the DagBag from /home/airflow/.local/lib/python3.12/site-packages/airflow/example_dags/example_sensor_decorator.py
[2026-03-23T19:09:18.526+0000] {processor.py:925} INFO - DAG(s) 'example_sensor_decorator' retrieved from /home/airflow/.local/lib/python3.12/site-packages/airflow/example_dags/example_sensor_decorator.py
[2026-03-23T19:09:18.562+0000] {logging_mixin.py:190} INFO - [2026-03-23T19:09:18.562+0000] {dag.py:3239} INFO - Sync 1 DAGs
[2026-03-23T19:09:18.599+0000] {logging_mixin.py:190} INFO - [2026-03-23T19:09:18.599+0000] {dag.py:4180} INFO - Setting next_dagrun for example_sensor_decorator to None, run_after=None
[2026-03-23T19:09:18.624+0000] {processor.py:208} INFO - Processing /home/airflow/.local/lib/python3.12/site-packages/airflow/example_dags/example_sensor_decorator.py took 0.135 seconds
[2026-03-23T19:09:53.022+0000] {processor.py:186} INFO - Started process (PID=697) to work on /home/airflow/.local/lib/python3.12/site-packages/airflow/example_dags/example_sensor_decorator.py
[2026-03-23T19:09:53.024+0000] {processor.py:914} INFO - Processing file /home/airflow/.local/lib/python3.12/site-packages/airflow/example_dags/example_sensor_decorator.py for tasks to queue
[2026-03-23T19:09:53.029+0000] {logging_mixin.py:190} INFO - [2026-03-23T19:09:53.029+0000] {dagbag.py:588} INFO - Filling up the DagBag from /home/airflow/.local/lib/python3.12/site-packages/airflow/example_dags/example_sensor_decorator.py
[2026-03-23T19:09:53.043+0000] {processor.py:925} INFO - DAG(s) 'example_sensor_decorator' retrieved from /home/airflow/.local/lib/python3.12/site-packages/airflow/example_dags/example_sensor_decorator.py
[2026-03-23T19:09:53.072+0000] {logging_mixin.py:190} INFO - [2026-03-23T19:09:53.071+0000] {dag.py:3239} INFO - Sync 1 DAGs
[2026-03-23T19:09:53.097+0000] {logging_mixin.py:190} INFO - [2026-03-23T19:09:53.097+0000] {dag.py:4180} INFO - Setting next_dagrun for example_sensor_decorator to None, run_after=None
[2026-03-23T19:09:53.116+0000] {processor.py:208} INFO - Processing /home/airflow/.local/lib/python3.12/site-packages/airflow/example_dags/example_sensor_decorator.py took 0.105 seconds
[2026-03-23T19:10:24.781+0000] {processor.py:186} INFO - Started process (PID=761) to work on /home/airflow/.local/lib/python3.12/site-packages/airflow/example_dags/example_sensor_decorator.py
[2026-03-23T19:10:24.787+0000] {processor.py:914} INFO - Processing file /home/airflow/.local/lib/python3.12/site-packages/airflow/example_dags/example_sensor_decorator.py for tasks to queue
[2026-03-23T19:10:24.790+0000] {logging_mixin.py:190} INFO - [2026-03-23T19:10:24.790+0000] {dagbag.py:588} INFO - Filling up the DagBag from /home/airflow/.local/lib/python3.12/site-packages/airflow/example_dags/example_sensor_decorator.py
[2026-03-23T19:10:24.806+0000] {processor.py:925} INFO - DAG(s) 'example_sensor_decorator' retrieved from /home/airflow/.local/lib/python3.12/site-packages/airflow/example_dags/example_sensor_decorator.py
[2026-03-23T19:10:24.896+0000] {logging_mixin.py:190} INFO - [2026-03-23T19:10:24.896+0000] {dag.py:3239} INFO - Sync 1 DAGs
[2026-03-23T19:10:24.921+0000] {logging_mixin.py:190} INFO - [2026-03-23T19:10:24.921+0000] {dag.py:4180} INFO - Setting next_dagrun for example_sensor_decorator to None, run_after=None
[2026-03-23T19:10:25.003+0000] {processor.py:208} INFO - Processing /home/airflow/.local/lib/python3.12/site-packages/airflow/example_dags/example_sensor_decorator.py took 0.260 seconds
