[2026-03-23T19:04:41.769+0000] {processor.py:186} INFO - Started process (PID=94) to work on /home/airflow/.local/lib/python3.12/site-packages/airflow/example_dags/example_subdag_operator.py
[2026-03-23T19:04:41.770+0000] {processor.py:914} INFO - Processing file /home/airflow/.local/lib/python3.12/site-packages/airflow/example_dags/example_subdag_operator.py for tasks to queue
[2026-03-23T19:04:41.773+0000] {logging_mixin.py:190} INFO - [2026-03-23T19:04:41.772+0000] {dagbag.py:588} INFO - Filling up the DagBag from /home/airflow/.local/lib/python3.12/site-packages/airflow/example_dags/example_subdag_operator.py
[2026-03-23T19:04:41.830+0000] {processor.py:925} INFO - DAG(s) 'example_subdag_operator.section-1', 'example_subdag_operator.section-2', 'example_subdag_operator' retrieved from /home/airflow/.local/lib/python3.12/site-packages/airflow/example_dags/example_subdag_operator.py
[2026-03-23T19:04:41.971+0000] {logging_mixin.py:190} INFO - [2026-03-23T19:04:41.969+0000] {override.py:1911} INFO - Created Permission View: can edit on DAG:example_subdag_operator
[2026-03-23T19:04:41.978+0000] {logging_mixin.py:190} INFO - [2026-03-23T19:04:41.978+0000] {override.py:1911} INFO - Created Permission View: can read on DAG:example_subdag_operator
[2026-03-23T19:04:41.981+0000] {logging_mixin.py:190} INFO - [2026-03-23T19:04:41.981+0000] {override.py:1911} INFO - Created Permission View: can delete on DAG:example_subdag_operator
[2026-03-23T19:04:41.984+0000] {logging_mixin.py:190} INFO - [2026-03-23T19:04:41.984+0000] {override.py:1911} INFO - Created Permission View: menu access on DAG Run:example_subdag_operator
[2026-03-23T19:04:41.986+0000] {logging_mixin.py:190} INFO - [2026-03-23T19:04:41.986+0000] {override.py:1911} INFO - Created Permission View: can read on DAG Run:example_subdag_operator
[2026-03-23T19:04:41.993+0000] {logging_mixin.py:190} INFO - [2026-03-23T19:04:41.993+0000] {override.py:1911} INFO - Created Permission View: can create on DAG Run:example_subdag_operator
[2026-03-23T19:04:41.997+0000] {logging_mixin.py:190} INFO - [2026-03-23T19:04:41.996+0000] {override.py:1911} INFO - Created Permission View: can delete on DAG Run:example_subdag_operator
[2026-03-23T19:04:41.997+0000] {logging_mixin.py:190} INFO - [2026-03-23T19:04:41.997+0000] {dag.py:3239} INFO - Sync 3 DAGs
[2026-03-23T19:04:42.011+0000] {logging_mixin.py:190} INFO - [2026-03-23T19:04:42.011+0000] {dag.py:3262} INFO - Creating ORM DAG for example_subdag_operator
[2026-03-23T19:04:42.012+0000] {logging_mixin.py:190} INFO - [2026-03-23T19:04:42.012+0000] {dag.py:3262} INFO - Creating ORM DAG for example_subdag_operator.section-2
[2026-03-23T19:04:42.012+0000] {logging_mixin.py:190} INFO - [2026-03-23T19:04:42.012+0000] {dag.py:3262} INFO - Creating ORM DAG for example_subdag_operator.section-1
[2026-03-23T19:04:42.060+0000] {logging_mixin.py:190} INFO - [2026-03-23T19:04:42.060+0000] {dag.py:4180} INFO - Setting next_dagrun for example_subdag_operator to 2022-01-01 00:00:00+00:00, run_after=2022-01-01 00:00:00+00:00
[2026-03-23T19:04:42.061+0000] {logging_mixin.py:190} INFO - [2026-03-23T19:04:42.061+0000] {dag.py:4180} INFO - Setting next_dagrun for example_subdag_operator.section-1 to None, run_after=None
[2026-03-23T19:04:42.061+0000] {logging_mixin.py:190} INFO - [2026-03-23T19:04:42.061+0000] {dag.py:4180} INFO - Setting next_dagrun for example_subdag_operator.section-2 to None, run_after=None
[2026-03-23T19:04:42.077+0000] {logging_mixin.py:190} INFO - [2026-03-23T19:04:42.077+0000] {dag.py:3239} INFO - Sync 2 DAGs
[2026-03-23T19:04:42.083+0000] {logging_mixin.py:190} INFO - [2026-03-23T19:04:42.083+0000] {dag.py:4180} INFO - Setting next_dagrun for example_subdag_operator.section-1 to None, run_after=None
[2026-03-23T19:04:42.088+0000] {logging_mixin.py:190} INFO - [2026-03-23T19:04:42.088+0000] {dag.py:4180} INFO - Setting next_dagrun for example_subdag_operator.section-2 to None, run_after=None
[2026-03-23T19:04:42.123+0000] {processor.py:208} INFO - Processing /home/airflow/.local/lib/python3.12/site-packages/airflow/example_dags/example_subdag_operator.py took 0.367 seconds
[2026-03-23T19:05:12.260+0000] {processor.py:186} INFO - Started process (PID=157) to work on /home/airflow/.local/lib/python3.12/site-packages/airflow/example_dags/example_subdag_operator.py
[2026-03-23T19:05:12.307+0000] {processor.py:914} INFO - Processing file /home/airflow/.local/lib/python3.12/site-packages/airflow/example_dags/example_subdag_operator.py for tasks to queue
[2026-03-23T19:05:12.310+0000] {logging_mixin.py:190} INFO - [2026-03-23T19:05:12.310+0000] {dagbag.py:588} INFO - Filling up the DagBag from /home/airflow/.local/lib/python3.12/site-packages/airflow/example_dags/example_subdag_operator.py
[2026-03-23T19:05:12.382+0000] {processor.py:925} INFO - DAG(s) 'example_subdag_operator.section-1', 'example_subdag_operator.section-2', 'example_subdag_operator' retrieved from /home/airflow/.local/lib/python3.12/site-packages/airflow/example_dags/example_subdag_operator.py
[2026-03-23T19:05:12.412+0000] {logging_mixin.py:190} INFO - [2026-03-23T19:05:12.412+0000] {dag.py:3239} INFO - Sync 3 DAGs
[2026-03-23T19:05:12.444+0000] {logging_mixin.py:190} INFO - [2026-03-23T19:05:12.444+0000] {dag.py:4180} INFO - Setting next_dagrun for example_subdag_operator to 2022-01-01 00:00:00+00:00, run_after=2022-01-01 00:00:00+00:00
[2026-03-23T19:05:12.447+0000] {logging_mixin.py:190} INFO - [2026-03-23T19:05:12.447+0000] {dag.py:4180} INFO - Setting next_dagrun for example_subdag_operator.section-1 to None, run_after=None
[2026-03-23T19:05:12.458+0000] {logging_mixin.py:190} INFO - [2026-03-23T19:05:12.457+0000] {dag.py:4180} INFO - Setting next_dagrun for example_subdag_operator.section-2 to None, run_after=None
[2026-03-23T19:05:12.463+0000] {logging_mixin.py:190} INFO - [2026-03-23T19:05:12.463+0000] {dag.py:3239} INFO - Sync 2 DAGs
[2026-03-23T19:05:12.466+0000] {logging_mixin.py:190} INFO - [2026-03-23T19:05:12.465+0000] {dag.py:4180} INFO - Setting next_dagrun for example_subdag_operator.section-1 to None, run_after=None
[2026-03-23T19:05:12.466+0000] {logging_mixin.py:190} INFO - [2026-03-23T19:05:12.466+0000] {dag.py:4180} INFO - Setting next_dagrun for example_subdag_operator.section-2 to None, run_after=None
[2026-03-23T19:05:12.473+0000] {processor.py:208} INFO - Processing /home/airflow/.local/lib/python3.12/site-packages/airflow/example_dags/example_subdag_operator.py took 0.252 seconds
[2026-03-23T19:05:43.984+0000] {processor.py:186} INFO - Started process (PID=221) to work on /home/airflow/.local/lib/python3.12/site-packages/airflow/example_dags/example_subdag_operator.py
[2026-03-23T19:05:43.985+0000] {processor.py:914} INFO - Processing file /home/airflow/.local/lib/python3.12/site-packages/airflow/example_dags/example_subdag_operator.py for tasks to queue
[2026-03-23T19:05:43.987+0000] {logging_mixin.py:190} INFO - [2026-03-23T19:05:43.987+0000] {dagbag.py:588} INFO - Filling up the DagBag from /home/airflow/.local/lib/python3.12/site-packages/airflow/example_dags/example_subdag_operator.py
[2026-03-23T19:05:44.008+0000] {processor.py:925} INFO - DAG(s) 'example_subdag_operator.section-1', 'example_subdag_operator.section-2', 'example_subdag_operator' retrieved from /home/airflow/.local/lib/python3.12/site-packages/airflow/example_dags/example_subdag_operator.py
[2026-03-23T19:05:44.022+0000] {logging_mixin.py:190} INFO - [2026-03-23T19:05:44.022+0000] {dag.py:3239} INFO - Sync 3 DAGs
[2026-03-23T19:05:44.041+0000] {logging_mixin.py:190} INFO - [2026-03-23T19:05:44.040+0000] {dag.py:4180} INFO - Setting next_dagrun for example_subdag_operator to 2022-01-01 00:00:00+00:00, run_after=2022-01-01 00:00:00+00:00
[2026-03-23T19:05:44.043+0000] {logging_mixin.py:190} INFO - [2026-03-23T19:05:44.043+0000] {dag.py:4180} INFO - Setting next_dagrun for example_subdag_operator.section-1 to None, run_after=None
[2026-03-23T19:05:44.043+0000] {logging_mixin.py:190} INFO - [2026-03-23T19:05:44.043+0000] {dag.py:4180} INFO - Setting next_dagrun for example_subdag_operator.section-2 to None, run_after=None
[2026-03-23T19:05:44.048+0000] {logging_mixin.py:190} INFO - [2026-03-23T19:05:44.048+0000] {dag.py:3239} INFO - Sync 2 DAGs
[2026-03-23T19:05:44.059+0000] {logging_mixin.py:190} INFO - [2026-03-23T19:05:44.059+0000] {dag.py:4180} INFO - Setting next_dagrun for example_subdag_operator.section-1 to None, run_after=None
[2026-03-23T19:05:44.059+0000] {logging_mixin.py:190} INFO - [2026-03-23T19:05:44.059+0000] {dag.py:4180} INFO - Setting next_dagrun for example_subdag_operator.section-2 to None, run_after=None
[2026-03-23T19:05:44.069+0000] {processor.py:208} INFO - Processing /home/airflow/.local/lib/python3.12/site-packages/airflow/example_dags/example_subdag_operator.py took 0.092 seconds
[2026-03-23T19:06:14.224+0000] {processor.py:186} INFO - Started process (PID=285) to work on /home/airflow/.local/lib/python3.12/site-packages/airflow/example_dags/example_subdag_operator.py
[2026-03-23T19:06:14.225+0000] {processor.py:914} INFO - Processing file /home/airflow/.local/lib/python3.12/site-packages/airflow/example_dags/example_subdag_operator.py for tasks to queue
[2026-03-23T19:06:14.227+0000] {logging_mixin.py:190} INFO - [2026-03-23T19:06:14.226+0000] {dagbag.py:588} INFO - Filling up the DagBag from /home/airflow/.local/lib/python3.12/site-packages/airflow/example_dags/example_subdag_operator.py
[2026-03-23T19:06:14.245+0000] {processor.py:925} INFO - DAG(s) 'example_subdag_operator.section-1', 'example_subdag_operator.section-2', 'example_subdag_operator' retrieved from /home/airflow/.local/lib/python3.12/site-packages/airflow/example_dags/example_subdag_operator.py
[2026-03-23T19:06:14.253+0000] {logging_mixin.py:190} INFO - [2026-03-23T19:06:14.252+0000] {dag.py:3239} INFO - Sync 3 DAGs
[2026-03-23T19:06:14.265+0000] {logging_mixin.py:190} INFO - [2026-03-23T19:06:14.265+0000] {dag.py:4180} INFO - Setting next_dagrun for example_subdag_operator to 2022-01-01 00:00:00+00:00, run_after=2022-01-01 00:00:00+00:00
[2026-03-23T19:06:14.267+0000] {logging_mixin.py:190} INFO - [2026-03-23T19:06:14.267+0000] {dag.py:4180} INFO - Setting next_dagrun for example_subdag_operator.section-1 to None, run_after=None
[2026-03-23T19:06:14.267+0000] {logging_mixin.py:190} INFO - [2026-03-23T19:06:14.267+0000] {dag.py:4180} INFO - Setting next_dagrun for example_subdag_operator.section-2 to None, run_after=None
[2026-03-23T19:06:14.270+0000] {logging_mixin.py:190} INFO - [2026-03-23T19:06:14.270+0000] {dag.py:3239} INFO - Sync 2 DAGs
[2026-03-23T19:06:14.273+0000] {logging_mixin.py:190} INFO - [2026-03-23T19:06:14.273+0000] {dag.py:4180} INFO - Setting next_dagrun for example_subdag_operator.section-1 to None, run_after=None
[2026-03-23T19:06:14.273+0000] {logging_mixin.py:190} INFO - [2026-03-23T19:06:14.273+0000] {dag.py:4180} INFO - Setting next_dagrun for example_subdag_operator.section-2 to None, run_after=None
[2026-03-23T19:06:14.278+0000] {processor.py:208} INFO - Processing /home/airflow/.local/lib/python3.12/site-packages/airflow/example_dags/example_subdag_operator.py took 0.059 seconds
[2026-03-23T19:06:44.898+0000] {processor.py:186} INFO - Started process (PID=349) to work on /home/airflow/.local/lib/python3.12/site-packages/airflow/example_dags/example_subdag_operator.py
[2026-03-23T19:06:44.900+0000] {processor.py:914} INFO - Processing file /home/airflow/.local/lib/python3.12/site-packages/airflow/example_dags/example_subdag_operator.py for tasks to queue
[2026-03-23T19:06:44.901+0000] {logging_mixin.py:190} INFO - [2026-03-23T19:06:44.901+0000] {dagbag.py:588} INFO - Filling up the DagBag from /home/airflow/.local/lib/python3.12/site-packages/airflow/example_dags/example_subdag_operator.py
[2026-03-23T19:06:44.918+0000] {processor.py:925} INFO - DAG(s) 'example_subdag_operator.section-1', 'example_subdag_operator.section-2', 'example_subdag_operator' retrieved from /home/airflow/.local/lib/python3.12/site-packages/airflow/example_dags/example_subdag_operator.py
[2026-03-23T19:06:44.926+0000] {logging_mixin.py:190} INFO - [2026-03-23T19:06:44.926+0000] {dag.py:3239} INFO - Sync 3 DAGs
[2026-03-23T19:06:44.938+0000] {logging_mixin.py:190} INFO - [2026-03-23T19:06:44.938+0000] {dag.py:4180} INFO - Setting next_dagrun for example_subdag_operator to 2022-01-01 00:00:00+00:00, run_after=2022-01-01 00:00:00+00:00
[2026-03-23T19:06:44.941+0000] {logging_mixin.py:190} INFO - [2026-03-23T19:06:44.941+0000] {dag.py:4180} INFO - Setting next_dagrun for example_subdag_operator.section-1 to None, run_after=None
[2026-03-23T19:06:44.942+0000] {logging_mixin.py:190} INFO - [2026-03-23T19:06:44.942+0000] {dag.py:4180} INFO - Setting next_dagrun for example_subdag_operator.section-2 to None, run_after=None
[2026-03-23T19:06:44.945+0000] {logging_mixin.py:190} INFO - [2026-03-23T19:06:44.945+0000] {dag.py:3239} INFO - Sync 2 DAGs
[2026-03-23T19:06:44.948+0000] {logging_mixin.py:190} INFO - [2026-03-23T19:06:44.948+0000] {dag.py:4180} INFO - Setting next_dagrun for example_subdag_operator.section-1 to None, run_after=None
[2026-03-23T19:06:44.948+0000] {logging_mixin.py:190} INFO - [2026-03-23T19:06:44.948+0000] {dag.py:4180} INFO - Setting next_dagrun for example_subdag_operator.section-2 to None, run_after=None
[2026-03-23T19:06:44.955+0000] {processor.py:208} INFO - Processing /home/airflow/.local/lib/python3.12/site-packages/airflow/example_dags/example_subdag_operator.py took 0.061 seconds
[2026-03-23T19:07:28.343+0000] {processor.py:186} INFO - Started process (PID=420) to work on /home/airflow/.local/lib/python3.12/site-packages/airflow/example_dags/example_subdag_operator.py
[2026-03-23T19:07:28.351+0000] {processor.py:914} INFO - Processing file /home/airflow/.local/lib/python3.12/site-packages/airflow/example_dags/example_subdag_operator.py for tasks to queue
[2026-03-23T19:07:28.393+0000] {logging_mixin.py:190} INFO - [2026-03-23T19:07:28.391+0000] {dagbag.py:588} INFO - Filling up the DagBag from /home/airflow/.local/lib/python3.12/site-packages/airflow/example_dags/example_subdag_operator.py
[2026-03-23T19:07:28.897+0000] {processor.py:925} INFO - DAG(s) 'example_subdag_operator.section-1', 'example_subdag_operator.section-2', 'example_subdag_operator' retrieved from /home/airflow/.local/lib/python3.12/site-packages/airflow/example_dags/example_subdag_operator.py
[2026-03-23T19:07:29.067+0000] {logging_mixin.py:190} INFO - [2026-03-23T19:07:29.060+0000] {dag.py:3239} INFO - Sync 3 DAGs
[2026-03-23T19:07:29.260+0000] {logging_mixin.py:190} INFO - [2026-03-23T19:07:29.256+0000] {dag.py:4180} INFO - Setting next_dagrun for example_subdag_operator to 2022-01-01 00:00:00+00:00, run_after=2022-01-01 00:00:00+00:00
[2026-03-23T19:07:29.272+0000] {logging_mixin.py:190} INFO - [2026-03-23T19:07:29.272+0000] {dag.py:4180} INFO - Setting next_dagrun for example_subdag_operator.section-1 to None, run_after=None
[2026-03-23T19:07:29.275+0000] {logging_mixin.py:190} INFO - [2026-03-23T19:07:29.275+0000] {dag.py:4180} INFO - Setting next_dagrun for example_subdag_operator.section-2 to None, run_after=None
[2026-03-23T19:07:29.301+0000] {logging_mixin.py:190} INFO - [2026-03-23T19:07:29.300+0000] {dag.py:3239} INFO - Sync 2 DAGs
[2026-03-23T19:07:29.309+0000] {logging_mixin.py:190} INFO - [2026-03-23T19:07:29.309+0000] {dag.py:4180} INFO - Setting next_dagrun for example_subdag_operator.section-1 to None, run_after=None
[2026-03-23T19:07:29.313+0000] {logging_mixin.py:190} INFO - [2026-03-23T19:07:29.310+0000] {dag.py:4180} INFO - Setting next_dagrun for example_subdag_operator.section-2 to None, run_after=None
[2026-03-23T19:07:29.347+0000] {processor.py:208} INFO - Processing /home/airflow/.local/lib/python3.12/site-packages/airflow/example_dags/example_subdag_operator.py took 1.050 seconds
[2026-03-23T19:08:02.389+0000] {processor.py:186} INFO - Started process (PID=483) to work on /home/airflow/.local/lib/python3.12/site-packages/airflow/example_dags/example_subdag_operator.py
[2026-03-23T19:08:02.393+0000] {processor.py:914} INFO - Processing file /home/airflow/.local/lib/python3.12/site-packages/airflow/example_dags/example_subdag_operator.py for tasks to queue
[2026-03-23T19:08:02.395+0000] {logging_mixin.py:190} INFO - [2026-03-23T19:08:02.395+0000] {dagbag.py:588} INFO - Filling up the DagBag from /home/airflow/.local/lib/python3.12/site-packages/airflow/example_dags/example_subdag_operator.py
[2026-03-23T19:08:02.450+0000] {processor.py:925} INFO - DAG(s) 'example_subdag_operator.section-1', 'example_subdag_operator.section-2', 'example_subdag_operator' retrieved from /home/airflow/.local/lib/python3.12/site-packages/airflow/example_dags/example_subdag_operator.py
[2026-03-23T19:08:02.475+0000] {logging_mixin.py:190} INFO - [2026-03-23T19:08:02.475+0000] {dag.py:3239} INFO - Sync 3 DAGs
[2026-03-23T19:08:02.517+0000] {logging_mixin.py:190} INFO - [2026-03-23T19:08:02.517+0000] {dag.py:4180} INFO - Setting next_dagrun for example_subdag_operator to 2022-01-01 00:00:00+00:00, run_after=2022-01-01 00:00:00+00:00
[2026-03-23T19:08:02.523+0000] {logging_mixin.py:190} INFO - [2026-03-23T19:08:02.522+0000] {dag.py:4180} INFO - Setting next_dagrun for example_subdag_operator.section-1 to None, run_after=None
[2026-03-23T19:08:02.525+0000] {logging_mixin.py:190} INFO - [2026-03-23T19:08:02.525+0000] {dag.py:4180} INFO - Setting next_dagrun for example_subdag_operator.section-2 to None, run_after=None
[2026-03-23T19:08:02.548+0000] {logging_mixin.py:190} INFO - [2026-03-23T19:08:02.548+0000] {dag.py:3239} INFO - Sync 2 DAGs
[2026-03-23T19:08:02.571+0000] {logging_mixin.py:190} INFO - [2026-03-23T19:08:02.571+0000] {dag.py:4180} INFO - Setting next_dagrun for example_subdag_operator.section-1 to None, run_after=None
[2026-03-23T19:08:02.573+0000] {logging_mixin.py:190} INFO - [2026-03-23T19:08:02.573+0000] {dag.py:4180} INFO - Setting next_dagrun for example_subdag_operator.section-2 to None, run_after=None
[2026-03-23T19:08:02.596+0000] {processor.py:208} INFO - Processing /home/airflow/.local/lib/python3.12/site-packages/airflow/example_dags/example_subdag_operator.py took 0.223 seconds
[2026-03-23T19:08:40.692+0000] {processor.py:186} INFO - Started process (PID=547) to work on /home/airflow/.local/lib/python3.12/site-packages/airflow/example_dags/example_subdag_operator.py
[2026-03-23T19:08:40.702+0000] {processor.py:914} INFO - Processing file /home/airflow/.local/lib/python3.12/site-packages/airflow/example_dags/example_subdag_operator.py for tasks to queue
[2026-03-23T19:08:40.708+0000] {logging_mixin.py:190} INFO - [2026-03-23T19:08:40.707+0000] {dagbag.py:588} INFO - Filling up the DagBag from /home/airflow/.local/lib/python3.12/site-packages/airflow/example_dags/example_subdag_operator.py
[2026-03-23T19:08:40.792+0000] {processor.py:925} INFO - DAG(s) 'example_subdag_operator.section-1', 'example_subdag_operator.section-2', 'example_subdag_operator' retrieved from /home/airflow/.local/lib/python3.12/site-packages/airflow/example_dags/example_subdag_operator.py
[2026-03-23T19:08:40.839+0000] {logging_mixin.py:190} INFO - [2026-03-23T19:08:40.839+0000] {dag.py:3239} INFO - Sync 3 DAGs
[2026-03-23T19:08:40.888+0000] {logging_mixin.py:190} INFO - [2026-03-23T19:08:40.887+0000] {dag.py:4180} INFO - Setting next_dagrun for example_subdag_operator to 2022-01-01 00:00:00+00:00, run_after=2022-01-01 00:00:00+00:00
[2026-03-23T19:08:40.893+0000] {logging_mixin.py:190} INFO - [2026-03-23T19:08:40.892+0000] {dag.py:4180} INFO - Setting next_dagrun for example_subdag_operator.section-1 to None, run_after=None
[2026-03-23T19:08:40.894+0000] {logging_mixin.py:190} INFO - [2026-03-23T19:08:40.894+0000] {dag.py:4180} INFO - Setting next_dagrun for example_subdag_operator.section-2 to None, run_after=None
[2026-03-23T19:08:40.915+0000] {logging_mixin.py:190} INFO - [2026-03-23T19:08:40.914+0000] {dag.py:3239} INFO - Sync 2 DAGs
[2026-03-23T19:08:40.924+0000] {logging_mixin.py:190} INFO - [2026-03-23T19:08:40.924+0000] {dag.py:4180} INFO - Setting next_dagrun for example_subdag_operator.section-1 to None, run_after=None
[2026-03-23T19:08:40.925+0000] {logging_mixin.py:190} INFO - [2026-03-23T19:08:40.924+0000] {dag.py:4180} INFO - Setting next_dagrun for example_subdag_operator.section-2 to None, run_after=None
[2026-03-23T19:08:40.965+0000] {processor.py:208} INFO - Processing /home/airflow/.local/lib/python3.12/site-packages/airflow/example_dags/example_subdag_operator.py took 0.281 seconds
[2026-03-23T19:09:14.932+0000] {processor.py:186} INFO - Started process (PID=613) to work on /home/airflow/.local/lib/python3.12/site-packages/airflow/example_dags/example_subdag_operator.py
[2026-03-23T19:09:14.936+0000] {processor.py:914} INFO - Processing file /home/airflow/.local/lib/python3.12/site-packages/airflow/example_dags/example_subdag_operator.py for tasks to queue
[2026-03-23T19:09:14.938+0000] {logging_mixin.py:190} INFO - [2026-03-23T19:09:14.938+0000] {dagbag.py:588} INFO - Filling up the DagBag from /home/airflow/.local/lib/python3.12/site-packages/airflow/example_dags/example_subdag_operator.py
[2026-03-23T19:09:14.990+0000] {processor.py:925} INFO - DAG(s) 'example_subdag_operator.section-1', 'example_subdag_operator.section-2', 'example_subdag_operator' retrieved from /home/airflow/.local/lib/python3.12/site-packages/airflow/example_dags/example_subdag_operator.py
[2026-03-23T19:09:15.022+0000] {logging_mixin.py:190} INFO - [2026-03-23T19:09:15.021+0000] {dag.py:3239} INFO - Sync 3 DAGs
[2026-03-23T19:09:15.044+0000] {logging_mixin.py:190} INFO - [2026-03-23T19:09:15.044+0000] {dag.py:4180} INFO - Setting next_dagrun for example_subdag_operator to 2022-01-01 00:00:00+00:00, run_after=2022-01-01 00:00:00+00:00
[2026-03-23T19:09:15.056+0000] {logging_mixin.py:190} INFO - [2026-03-23T19:09:15.056+0000] {dag.py:4180} INFO - Setting next_dagrun for example_subdag_operator.section-1 to None, run_after=None
[2026-03-23T19:09:15.060+0000] {logging_mixin.py:190} INFO - [2026-03-23T19:09:15.060+0000] {dag.py:4180} INFO - Setting next_dagrun for example_subdag_operator.section-2 to None, run_after=None
[2026-03-23T19:09:15.071+0000] {logging_mixin.py:190} INFO - [2026-03-23T19:09:15.071+0000] {dag.py:3239} INFO - Sync 2 DAGs
[2026-03-23T19:09:15.084+0000] {logging_mixin.py:190} INFO - [2026-03-23T19:09:15.083+0000] {dag.py:4180} INFO - Setting next_dagrun for example_subdag_operator.section-1 to None, run_after=None
[2026-03-23T19:09:15.084+0000] {logging_mixin.py:190} INFO - [2026-03-23T19:09:15.084+0000] {dag.py:4180} INFO - Setting next_dagrun for example_subdag_operator.section-2 to None, run_after=None
[2026-03-23T19:09:15.095+0000] {processor.py:208} INFO - Processing /home/airflow/.local/lib/python3.12/site-packages/airflow/example_dags/example_subdag_operator.py took 0.177 seconds
[2026-03-23T19:09:45.190+0000] {processor.py:186} INFO - Started process (PID=678) to work on /home/airflow/.local/lib/python3.12/site-packages/airflow/example_dags/example_subdag_operator.py
[2026-03-23T19:09:45.191+0000] {processor.py:914} INFO - Processing file /home/airflow/.local/lib/python3.12/site-packages/airflow/example_dags/example_subdag_operator.py for tasks to queue
[2026-03-23T19:09:45.192+0000] {logging_mixin.py:190} INFO - [2026-03-23T19:09:45.192+0000] {dagbag.py:588} INFO - Filling up the DagBag from /home/airflow/.local/lib/python3.12/site-packages/airflow/example_dags/example_subdag_operator.py
[2026-03-23T19:09:45.215+0000] {processor.py:925} INFO - DAG(s) 'example_subdag_operator.section-1', 'example_subdag_operator.section-2', 'example_subdag_operator' retrieved from /home/airflow/.local/lib/python3.12/site-packages/airflow/example_dags/example_subdag_operator.py
[2026-03-23T19:09:45.224+0000] {logging_mixin.py:190} INFO - [2026-03-23T19:09:45.223+0000] {dag.py:3239} INFO - Sync 3 DAGs
[2026-03-23T19:09:45.238+0000] {logging_mixin.py:190} INFO - [2026-03-23T19:09:45.238+0000] {dag.py:4180} INFO - Setting next_dagrun for example_subdag_operator to 2022-01-01 00:00:00+00:00, run_after=2022-01-01 00:00:00+00:00
[2026-03-23T19:09:45.240+0000] {logging_mixin.py:190} INFO - [2026-03-23T19:09:45.240+0000] {dag.py:4180} INFO - Setting next_dagrun for example_subdag_operator.section-1 to None, run_after=None
[2026-03-23T19:09:45.241+0000] {logging_mixin.py:190} INFO - [2026-03-23T19:09:45.240+0000] {dag.py:4180} INFO - Setting next_dagrun for example_subdag_operator.section-2 to None, run_after=None
[2026-03-23T19:09:45.245+0000] {logging_mixin.py:190} INFO - [2026-03-23T19:09:45.245+0000] {dag.py:3239} INFO - Sync 2 DAGs
[2026-03-23T19:09:45.249+0000] {logging_mixin.py:190} INFO - [2026-03-23T19:09:45.249+0000] {dag.py:4180} INFO - Setting next_dagrun for example_subdag_operator.section-1 to None, run_after=None
[2026-03-23T19:09:45.249+0000] {logging_mixin.py:190} INFO - [2026-03-23T19:09:45.249+0000] {dag.py:4180} INFO - Setting next_dagrun for example_subdag_operator.section-2 to None, run_after=None
[2026-03-23T19:09:45.254+0000] {processor.py:208} INFO - Processing /home/airflow/.local/lib/python3.12/site-packages/airflow/example_dags/example_subdag_operator.py took 0.072 seconds
[2026-03-23T19:10:17.508+0000] {processor.py:186} INFO - Started process (PID=743) to work on /home/airflow/.local/lib/python3.12/site-packages/airflow/example_dags/example_subdag_operator.py
[2026-03-23T19:10:17.508+0000] {processor.py:914} INFO - Processing file /home/airflow/.local/lib/python3.12/site-packages/airflow/example_dags/example_subdag_operator.py for tasks to queue
[2026-03-23T19:10:17.512+0000] {logging_mixin.py:190} INFO - [2026-03-23T19:10:17.512+0000] {dagbag.py:588} INFO - Filling up the DagBag from /home/airflow/.local/lib/python3.12/site-packages/airflow/example_dags/example_subdag_operator.py
[2026-03-23T19:10:17.545+0000] {processor.py:925} INFO - DAG(s) 'example_subdag_operator.section-1', 'example_subdag_operator.section-2', 'example_subdag_operator' retrieved from /home/airflow/.local/lib/python3.12/site-packages/airflow/example_dags/example_subdag_operator.py
[2026-03-23T19:10:17.557+0000] {logging_mixin.py:190} INFO - [2026-03-23T19:10:17.557+0000] {dag.py:3239} INFO - Sync 3 DAGs
[2026-03-23T19:10:17.591+0000] {logging_mixin.py:190} INFO - [2026-03-23T19:10:17.591+0000] {dag.py:4180} INFO - Setting next_dagrun for example_subdag_operator to 2022-01-01 00:00:00+00:00, run_after=2022-01-01 00:00:00+00:00
[2026-03-23T19:10:17.620+0000] {logging_mixin.py:190} INFO - [2026-03-23T19:10:17.620+0000] {dag.py:4180} INFO - Setting next_dagrun for example_subdag_operator.section-1 to None, run_after=None
[2026-03-23T19:10:17.630+0000] {logging_mixin.py:190} INFO - [2026-03-23T19:10:17.630+0000] {dag.py:4180} INFO - Setting next_dagrun for example_subdag_operator.section-2 to None, run_after=None
[2026-03-23T19:10:17.653+0000] {logging_mixin.py:190} INFO - [2026-03-23T19:10:17.652+0000] {dag.py:3239} INFO - Sync 2 DAGs
[2026-03-23T19:10:17.659+0000] {logging_mixin.py:190} INFO - [2026-03-23T19:10:17.659+0000] {dag.py:4180} INFO - Setting next_dagrun for example_subdag_operator.section-1 to None, run_after=None
[2026-03-23T19:10:17.662+0000] {logging_mixin.py:190} INFO - [2026-03-23T19:10:17.661+0000] {dag.py:4180} INFO - Setting next_dagrun for example_subdag_operator.section-2 to None, run_after=None
[2026-03-23T19:10:17.674+0000] {processor.py:208} INFO - Processing /home/airflow/.local/lib/python3.12/site-packages/airflow/example_dags/example_subdag_operator.py took 0.171 seconds
