[2026-03-23T19:04:32.892+0000] {processor.py:186} INFO - Started process (PID=75) to work on /home/airflow/.local/lib/python3.12/site-packages/airflow/example_dags/example_external_task_marker_dag.py
[2026-03-23T19:04:32.909+0000] {processor.py:914} INFO - Processing file /home/airflow/.local/lib/python3.12/site-packages/airflow/example_dags/example_external_task_marker_dag.py for tasks to queue
[2026-03-23T19:04:32.943+0000] {logging_mixin.py:190} INFO - [2026-03-23T19:04:32.942+0000] {dagbag.py:588} INFO - Filling up the DagBag from /home/airflow/.local/lib/python3.12/site-packages/airflow/example_dags/example_external_task_marker_dag.py
[2026-03-23T19:04:33.097+0000] {processor.py:925} INFO - DAG(s) 'example_external_task_marker_parent', 'example_external_task_marker_child' retrieved from /home/airflow/.local/lib/python3.12/site-packages/airflow/example_dags/example_external_task_marker_dag.py
[2026-03-23T19:04:34.408+0000] {logging_mixin.py:190} INFO - [2026-03-23T19:04:34.385+0000] {override.py:1911} INFO - Created Permission View: can edit on DAG:example_external_task_marker_parent
[2026-03-23T19:04:34.443+0000] {logging_mixin.py:190} INFO - [2026-03-23T19:04:34.442+0000] {override.py:1911} INFO - Created Permission View: can read on DAG:example_external_task_marker_parent
[2026-03-23T19:04:34.476+0000] {logging_mixin.py:190} INFO - [2026-03-23T19:04:34.474+0000] {override.py:1911} INFO - Created Permission View: can delete on DAG:example_external_task_marker_parent
[2026-03-23T19:04:34.511+0000] {logging_mixin.py:190} INFO - [2026-03-23T19:04:34.510+0000] {override.py:1911} INFO - Created Permission View: menu access on DAG Run:example_external_task_marker_parent
[2026-03-23T19:04:34.531+0000] {logging_mixin.py:190} INFO - [2026-03-23T19:04:34.530+0000] {override.py:1911} INFO - Created Permission View: can read on DAG Run:example_external_task_marker_parent
[2026-03-23T19:04:34.554+0000] {logging_mixin.py:190} INFO - [2026-03-23T19:04:34.553+0000] {override.py:1911} INFO - Created Permission View: can create on DAG Run:example_external_task_marker_parent
[2026-03-23T19:04:34.584+0000] {logging_mixin.py:190} INFO - [2026-03-23T19:04:34.581+0000] {override.py:1911} INFO - Created Permission View: can delete on DAG Run:example_external_task_marker_parent
[2026-03-23T19:04:34.667+0000] {logging_mixin.py:190} INFO - [2026-03-23T19:04:34.666+0000] {override.py:1911} INFO - Created Permission View: can edit on DAG:example_external_task_marker_child
[2026-03-23T19:04:34.672+0000] {logging_mixin.py:190} INFO - [2026-03-23T19:04:34.672+0000] {override.py:1911} INFO - Created Permission View: can read on DAG:example_external_task_marker_child
[2026-03-23T19:04:34.679+0000] {logging_mixin.py:190} INFO - [2026-03-23T19:04:34.678+0000] {override.py:1911} INFO - Created Permission View: can delete on DAG:example_external_task_marker_child
[2026-03-23T19:04:34.717+0000] {logging_mixin.py:190} INFO - [2026-03-23T19:04:34.715+0000] {override.py:1911} INFO - Created Permission View: menu access on DAG Run:example_external_task_marker_child
[2026-03-23T19:04:34.756+0000] {logging_mixin.py:190} INFO - [2026-03-23T19:04:34.753+0000] {override.py:1911} INFO - Created Permission View: can read on DAG Run:example_external_task_marker_child
[2026-03-23T19:04:34.771+0000] {logging_mixin.py:190} INFO - [2026-03-23T19:04:34.771+0000] {override.py:1911} INFO - Created Permission View: can create on DAG Run:example_external_task_marker_child
[2026-03-23T19:04:34.780+0000] {logging_mixin.py:190} INFO - [2026-03-23T19:04:34.779+0000] {override.py:1911} INFO - Created Permission View: can delete on DAG Run:example_external_task_marker_child
[2026-03-23T19:04:34.780+0000] {logging_mixin.py:190} INFO - [2026-03-23T19:04:34.780+0000] {dag.py:3239} INFO - Sync 2 DAGs
[2026-03-23T19:04:34.850+0000] {logging_mixin.py:190} INFO - [2026-03-23T19:04:34.849+0000] {dag.py:3262} INFO - Creating ORM DAG for example_external_task_marker_child
[2026-03-23T19:04:34.852+0000] {logging_mixin.py:190} INFO - [2026-03-23T19:04:34.852+0000] {dag.py:3262} INFO - Creating ORM DAG for example_external_task_marker_parent
[2026-03-23T19:04:34.855+0000] {logging_mixin.py:190} INFO - [2026-03-23T19:04:34.854+0000] {dag.py:4180} INFO - Setting next_dagrun for example_external_task_marker_child to None, run_after=None
[2026-03-23T19:04:34.857+0000] {logging_mixin.py:190} INFO - [2026-03-23T19:04:34.856+0000] {dag.py:4180} INFO - Setting next_dagrun for example_external_task_marker_parent to None, run_after=None
[2026-03-23T19:04:34.974+0000] {processor.py:208} INFO - Processing /home/airflow/.local/lib/python3.12/site-packages/airflow/example_dags/example_external_task_marker_dag.py took 2.150 seconds
[2026-03-23T19:05:05.692+0000] {processor.py:186} INFO - Started process (PID=139) to work on /home/airflow/.local/lib/python3.12/site-packages/airflow/example_dags/example_external_task_marker_dag.py
[2026-03-23T19:05:05.693+0000] {processor.py:914} INFO - Processing file /home/airflow/.local/lib/python3.12/site-packages/airflow/example_dags/example_external_task_marker_dag.py for tasks to queue
[2026-03-23T19:05:05.701+0000] {logging_mixin.py:190} INFO - [2026-03-23T19:05:05.701+0000] {dagbag.py:588} INFO - Filling up the DagBag from /home/airflow/.local/lib/python3.12/site-packages/airflow/example_dags/example_external_task_marker_dag.py
[2026-03-23T19:05:05.711+0000] {processor.py:925} INFO - DAG(s) 'example_external_task_marker_child', 'example_external_task_marker_parent' retrieved from /home/airflow/.local/lib/python3.12/site-packages/airflow/example_dags/example_external_task_marker_dag.py
[2026-03-23T19:05:05.757+0000] {logging_mixin.py:190} INFO - [2026-03-23T19:05:05.757+0000] {dag.py:3239} INFO - Sync 2 DAGs
[2026-03-23T19:05:05.770+0000] {logging_mixin.py:190} INFO - [2026-03-23T19:05:05.769+0000] {dag.py:4180} INFO - Setting next_dagrun for example_external_task_marker_child to None, run_after=None
[2026-03-23T19:05:05.774+0000] {logging_mixin.py:190} INFO - [2026-03-23T19:05:05.773+0000] {dag.py:4180} INFO - Setting next_dagrun for example_external_task_marker_parent to None, run_after=None
[2026-03-23T19:05:05.799+0000] {processor.py:208} INFO - Processing /home/airflow/.local/lib/python3.12/site-packages/airflow/example_dags/example_external_task_marker_dag.py took 0.113 seconds
[2026-03-23T19:05:36.217+0000] {processor.py:186} INFO - Started process (PID=203) to work on /home/airflow/.local/lib/python3.12/site-packages/airflow/example_dags/example_external_task_marker_dag.py
[2026-03-23T19:05:36.218+0000] {processor.py:914} INFO - Processing file /home/airflow/.local/lib/python3.12/site-packages/airflow/example_dags/example_external_task_marker_dag.py for tasks to queue
[2026-03-23T19:05:36.222+0000] {logging_mixin.py:190} INFO - [2026-03-23T19:05:36.221+0000] {dagbag.py:588} INFO - Filling up the DagBag from /home/airflow/.local/lib/python3.12/site-packages/airflow/example_dags/example_external_task_marker_dag.py
[2026-03-23T19:05:36.244+0000] {processor.py:925} INFO - DAG(s) 'example_external_task_marker_parent', 'example_external_task_marker_child' retrieved from /home/airflow/.local/lib/python3.12/site-packages/airflow/example_dags/example_external_task_marker_dag.py
[2026-03-23T19:05:36.283+0000] {logging_mixin.py:190} INFO - [2026-03-23T19:05:36.283+0000] {dag.py:3239} INFO - Sync 2 DAGs
[2026-03-23T19:05:36.300+0000] {logging_mixin.py:190} INFO - [2026-03-23T19:05:36.300+0000] {dag.py:4180} INFO - Setting next_dagrun for example_external_task_marker_child to None, run_after=None
[2026-03-23T19:05:36.308+0000] {logging_mixin.py:190} INFO - [2026-03-23T19:05:36.308+0000] {dag.py:4180} INFO - Setting next_dagrun for example_external_task_marker_parent to None, run_after=None
[2026-03-23T19:05:36.322+0000] {processor.py:208} INFO - Processing /home/airflow/.local/lib/python3.12/site-packages/airflow/example_dags/example_external_task_marker_dag.py took 0.119 seconds
[2026-03-23T19:06:06.835+0000] {processor.py:186} INFO - Started process (PID=267) to work on /home/airflow/.local/lib/python3.12/site-packages/airflow/example_dags/example_external_task_marker_dag.py
[2026-03-23T19:06:06.836+0000] {processor.py:914} INFO - Processing file /home/airflow/.local/lib/python3.12/site-packages/airflow/example_dags/example_external_task_marker_dag.py for tasks to queue
[2026-03-23T19:06:06.843+0000] {logging_mixin.py:190} INFO - [2026-03-23T19:06:06.843+0000] {dagbag.py:588} INFO - Filling up the DagBag from /home/airflow/.local/lib/python3.12/site-packages/airflow/example_dags/example_external_task_marker_dag.py
[2026-03-23T19:06:06.862+0000] {processor.py:925} INFO - DAG(s) 'example_external_task_marker_child', 'example_external_task_marker_parent' retrieved from /home/airflow/.local/lib/python3.12/site-packages/airflow/example_dags/example_external_task_marker_dag.py
[2026-03-23T19:06:06.905+0000] {logging_mixin.py:190} INFO - [2026-03-23T19:06:06.905+0000] {dag.py:3239} INFO - Sync 2 DAGs
[2026-03-23T19:06:06.925+0000] {logging_mixin.py:190} INFO - [2026-03-23T19:06:06.925+0000] {dag.py:4180} INFO - Setting next_dagrun for example_external_task_marker_child to None, run_after=None
[2026-03-23T19:06:06.928+0000] {logging_mixin.py:190} INFO - [2026-03-23T19:06:06.928+0000] {dag.py:4180} INFO - Setting next_dagrun for example_external_task_marker_parent to None, run_after=None
[2026-03-23T19:06:06.943+0000] {processor.py:208} INFO - Processing /home/airflow/.local/lib/python3.12/site-packages/airflow/example_dags/example_external_task_marker_dag.py took 0.114 seconds
[2026-03-23T19:06:38.831+0000] {processor.py:186} INFO - Started process (PID=331) to work on /home/airflow/.local/lib/python3.12/site-packages/airflow/example_dags/example_external_task_marker_dag.py
[2026-03-23T19:06:38.833+0000] {processor.py:914} INFO - Processing file /home/airflow/.local/lib/python3.12/site-packages/airflow/example_dags/example_external_task_marker_dag.py for tasks to queue
[2026-03-23T19:06:38.835+0000] {logging_mixin.py:190} INFO - [2026-03-23T19:06:38.835+0000] {dagbag.py:588} INFO - Filling up the DagBag from /home/airflow/.local/lib/python3.12/site-packages/airflow/example_dags/example_external_task_marker_dag.py
[2026-03-23T19:06:38.848+0000] {processor.py:925} INFO - DAG(s) 'example_external_task_marker_child', 'example_external_task_marker_parent' retrieved from /home/airflow/.local/lib/python3.12/site-packages/airflow/example_dags/example_external_task_marker_dag.py
[2026-03-23T19:06:38.873+0000] {logging_mixin.py:190} INFO - [2026-03-23T19:06:38.873+0000] {dag.py:3239} INFO - Sync 2 DAGs
[2026-03-23T19:06:38.891+0000] {logging_mixin.py:190} INFO - [2026-03-23T19:06:38.891+0000] {dag.py:4180} INFO - Setting next_dagrun for example_external_task_marker_child to None, run_after=None
[2026-03-23T19:06:38.894+0000] {logging_mixin.py:190} INFO - [2026-03-23T19:06:38.894+0000] {dag.py:4180} INFO - Setting next_dagrun for example_external_task_marker_parent to None, run_after=None
[2026-03-23T19:06:38.921+0000] {processor.py:208} INFO - Processing /home/airflow/.local/lib/python3.12/site-packages/airflow/example_dags/example_external_task_marker_dag.py took 0.104 seconds
[2026-03-23T19:07:19.225+0000] {processor.py:186} INFO - Started process (PID=395) to work on /home/airflow/.local/lib/python3.12/site-packages/airflow/example_dags/example_external_task_marker_dag.py
[2026-03-23T19:07:19.252+0000] {processor.py:914} INFO - Processing file /home/airflow/.local/lib/python3.12/site-packages/airflow/example_dags/example_external_task_marker_dag.py for tasks to queue
[2026-03-23T19:07:19.349+0000] {logging_mixin.py:190} INFO - [2026-03-23T19:07:19.343+0000] {dagbag.py:588} INFO - Filling up the DagBag from /home/airflow/.local/lib/python3.12/site-packages/airflow/example_dags/example_external_task_marker_dag.py
[2026-03-23T19:07:21.055+0000] {processor.py:925} INFO - DAG(s) 'example_external_task_marker_parent', 'example_external_task_marker_child' retrieved from /home/airflow/.local/lib/python3.12/site-packages/airflow/example_dags/example_external_task_marker_dag.py
[2026-03-23T19:07:21.217+0000] {logging_mixin.py:190} INFO - [2026-03-23T19:07:21.216+0000] {dag.py:3239} INFO - Sync 2 DAGs
[2026-03-23T19:07:21.263+0000] {logging_mixin.py:190} INFO - [2026-03-23T19:07:21.263+0000] {dag.py:4180} INFO - Setting next_dagrun for example_external_task_marker_child to None, run_after=None
[2026-03-23T19:07:21.276+0000] {logging_mixin.py:190} INFO - [2026-03-23T19:07:21.275+0000] {dag.py:4180} INFO - Setting next_dagrun for example_external_task_marker_parent to None, run_after=None
[2026-03-23T19:07:21.329+0000] {processor.py:208} INFO - Processing /home/airflow/.local/lib/python3.12/site-packages/airflow/example_dags/example_external_task_marker_dag.py took 2.192 seconds
[2026-03-23T19:07:56.138+0000] {processor.py:186} INFO - Started process (PID=465) to work on /home/airflow/.local/lib/python3.12/site-packages/airflow/example_dags/example_external_task_marker_dag.py
[2026-03-23T19:07:56.153+0000] {processor.py:914} INFO - Processing file /home/airflow/.local/lib/python3.12/site-packages/airflow/example_dags/example_external_task_marker_dag.py for tasks to queue
[2026-03-23T19:07:56.207+0000] {logging_mixin.py:190} INFO - [2026-03-23T19:07:56.206+0000] {dagbag.py:588} INFO - Filling up the DagBag from /home/airflow/.local/lib/python3.12/site-packages/airflow/example_dags/example_external_task_marker_dag.py
[2026-03-23T19:07:56.362+0000] {processor.py:925} INFO - DAG(s) 'example_external_task_marker_child', 'example_external_task_marker_parent' retrieved from /home/airflow/.local/lib/python3.12/site-packages/airflow/example_dags/example_external_task_marker_dag.py
[2026-03-23T19:07:56.540+0000] {logging_mixin.py:190} INFO - [2026-03-23T19:07:56.539+0000] {dag.py:3239} INFO - Sync 2 DAGs
[2026-03-23T19:07:56.578+0000] {logging_mixin.py:190} INFO - [2026-03-23T19:07:56.578+0000] {dag.py:4180} INFO - Setting next_dagrun for example_external_task_marker_child to None, run_after=None
[2026-03-23T19:07:56.589+0000] {logging_mixin.py:190} INFO - [2026-03-23T19:07:56.589+0000] {dag.py:4180} INFO - Setting next_dagrun for example_external_task_marker_parent to None, run_after=None
[2026-03-23T19:07:56.647+0000] {processor.py:208} INFO - Processing /home/airflow/.local/lib/python3.12/site-packages/airflow/example_dags/example_external_task_marker_dag.py took 0.539 seconds
[2026-03-23T19:08:34.085+0000] {processor.py:186} INFO - Started process (PID=529) to work on /home/airflow/.local/lib/python3.12/site-packages/airflow/example_dags/example_external_task_marker_dag.py
[2026-03-23T19:08:34.125+0000] {processor.py:914} INFO - Processing file /home/airflow/.local/lib/python3.12/site-packages/airflow/example_dags/example_external_task_marker_dag.py for tasks to queue
[2026-03-23T19:08:34.198+0000] {logging_mixin.py:190} INFO - [2026-03-23T19:08:34.194+0000] {dagbag.py:588} INFO - Filling up the DagBag from /home/airflow/.local/lib/python3.12/site-packages/airflow/example_dags/example_external_task_marker_dag.py
[2026-03-23T19:08:34.444+0000] {processor.py:925} INFO - DAG(s) 'example_external_task_marker_parent', 'example_external_task_marker_child' retrieved from /home/airflow/.local/lib/python3.12/site-packages/airflow/example_dags/example_external_task_marker_dag.py
[2026-03-23T19:08:34.690+0000] {logging_mixin.py:190} INFO - [2026-03-23T19:08:34.689+0000] {dag.py:3239} INFO - Sync 2 DAGs
[2026-03-23T19:08:34.777+0000] {logging_mixin.py:190} INFO - [2026-03-23T19:08:34.776+0000] {dag.py:4180} INFO - Setting next_dagrun for example_external_task_marker_child to None, run_after=None
[2026-03-23T19:08:34.792+0000] {logging_mixin.py:190} INFO - [2026-03-23T19:08:34.791+0000] {dag.py:4180} INFO - Setting next_dagrun for example_external_task_marker_parent to None, run_after=None
[2026-03-23T19:08:34.908+0000] {processor.py:208} INFO - Processing /home/airflow/.local/lib/python3.12/site-packages/airflow/example_dags/example_external_task_marker_dag.py took 0.948 seconds
[2026-03-23T19:09:06.139+0000] {processor.py:186} INFO - Started process (PID=593) to work on /home/airflow/.local/lib/python3.12/site-packages/airflow/example_dags/example_external_task_marker_dag.py
[2026-03-23T19:09:06.144+0000] {processor.py:914} INFO - Processing file /home/airflow/.local/lib/python3.12/site-packages/airflow/example_dags/example_external_task_marker_dag.py for tasks to queue
[2026-03-23T19:09:06.151+0000] {logging_mixin.py:190} INFO - [2026-03-23T19:09:06.150+0000] {dagbag.py:588} INFO - Filling up the DagBag from /home/airflow/.local/lib/python3.12/site-packages/airflow/example_dags/example_external_task_marker_dag.py
[2026-03-23T19:09:06.227+0000] {processor.py:925} INFO - DAG(s) 'example_external_task_marker_child', 'example_external_task_marker_parent' retrieved from /home/airflow/.local/lib/python3.12/site-packages/airflow/example_dags/example_external_task_marker_dag.py
[2026-03-23T19:09:06.501+0000] {logging_mixin.py:190} INFO - [2026-03-23T19:09:06.499+0000] {dag.py:3239} INFO - Sync 2 DAGs
[2026-03-23T19:09:06.569+0000] {logging_mixin.py:190} INFO - [2026-03-23T19:09:06.568+0000] {dag.py:4180} INFO - Setting next_dagrun for example_external_task_marker_child to None, run_after=None
[2026-03-23T19:09:06.577+0000] {logging_mixin.py:190} INFO - [2026-03-23T19:09:06.577+0000] {dag.py:4180} INFO - Setting next_dagrun for example_external_task_marker_parent to None, run_after=None
[2026-03-23T19:09:06.623+0000] {processor.py:208} INFO - Processing /home/airflow/.local/lib/python3.12/site-packages/airflow/example_dags/example_external_task_marker_dag.py took 0.510 seconds
[2026-03-23T19:09:37.519+0000] {processor.py:186} INFO - Started process (PID=656) to work on /home/airflow/.local/lib/python3.12/site-packages/airflow/example_dags/example_external_task_marker_dag.py
[2026-03-23T19:09:37.521+0000] {processor.py:914} INFO - Processing file /home/airflow/.local/lib/python3.12/site-packages/airflow/example_dags/example_external_task_marker_dag.py for tasks to queue
[2026-03-23T19:09:37.525+0000] {logging_mixin.py:190} INFO - [2026-03-23T19:09:37.525+0000] {dagbag.py:588} INFO - Filling up the DagBag from /home/airflow/.local/lib/python3.12/site-packages/airflow/example_dags/example_external_task_marker_dag.py
[2026-03-23T19:09:37.548+0000] {processor.py:925} INFO - DAG(s) 'example_external_task_marker_child', 'example_external_task_marker_parent' retrieved from /home/airflow/.local/lib/python3.12/site-packages/airflow/example_dags/example_external_task_marker_dag.py
[2026-03-23T19:09:37.591+0000] {logging_mixin.py:190} INFO - [2026-03-23T19:09:37.591+0000] {dag.py:3239} INFO - Sync 2 DAGs
[2026-03-23T19:09:37.608+0000] {logging_mixin.py:190} INFO - [2026-03-23T19:09:37.608+0000] {dag.py:4180} INFO - Setting next_dagrun for example_external_task_marker_child to None, run_after=None
[2026-03-23T19:09:37.614+0000] {logging_mixin.py:190} INFO - [2026-03-23T19:09:37.613+0000] {dag.py:4180} INFO - Setting next_dagrun for example_external_task_marker_parent to None, run_after=None
[2026-03-23T19:09:37.625+0000] {processor.py:208} INFO - Processing /home/airflow/.local/lib/python3.12/site-packages/airflow/example_dags/example_external_task_marker_dag.py took 0.113 seconds
[2026-03-23T19:10:08.665+0000] {processor.py:186} INFO - Started process (PID=720) to work on /home/airflow/.local/lib/python3.12/site-packages/airflow/example_dags/example_external_task_marker_dag.py
[2026-03-23T19:10:08.674+0000] {processor.py:914} INFO - Processing file /home/airflow/.local/lib/python3.12/site-packages/airflow/example_dags/example_external_task_marker_dag.py for tasks to queue
[2026-03-23T19:10:08.691+0000] {logging_mixin.py:190} INFO - [2026-03-23T19:10:08.691+0000] {dagbag.py:588} INFO - Filling up the DagBag from /home/airflow/.local/lib/python3.12/site-packages/airflow/example_dags/example_external_task_marker_dag.py
[2026-03-23T19:10:08.745+0000] {processor.py:925} INFO - DAG(s) 'example_external_task_marker_child', 'example_external_task_marker_parent' retrieved from /home/airflow/.local/lib/python3.12/site-packages/airflow/example_dags/example_external_task_marker_dag.py
[2026-03-23T19:10:08.889+0000] {logging_mixin.py:190} INFO - [2026-03-23T19:10:08.888+0000] {dag.py:3239} INFO - Sync 2 DAGs
[2026-03-23T19:10:08.949+0000] {logging_mixin.py:190} INFO - [2026-03-23T19:10:08.949+0000] {dag.py:4180} INFO - Setting next_dagrun for example_external_task_marker_child to None, run_after=None
[2026-03-23T19:10:08.956+0000] {logging_mixin.py:190} INFO - [2026-03-23T19:10:08.956+0000] {dag.py:4180} INFO - Setting next_dagrun for example_external_task_marker_parent to None, run_after=None
[2026-03-23T19:10:09.000+0000] {processor.py:208} INFO - Processing /home/airflow/.local/lib/python3.12/site-packages/airflow/example_dags/example_external_task_marker_dag.py took 0.366 seconds
