[2026-03-23T19:04:20.678+0000] {processor.py:186} INFO - Started process (PID=69) to work on /home/airflow/.local/lib/python3.12/site-packages/airflow/example_dags/example_python_operator.py
[2026-03-23T19:04:20.680+0000] {processor.py:914} INFO - Processing file /home/airflow/.local/lib/python3.12/site-packages/airflow/example_dags/example_python_operator.py for tasks to queue
[2026-03-23T19:04:20.688+0000] {logging_mixin.py:190} INFO - [2026-03-23T19:04:20.687+0000] {dagbag.py:588} INFO - Filling up the DagBag from /home/airflow/.local/lib/python3.12/site-packages/airflow/example_dags/example_python_operator.py
[2026-03-23T19:04:20.732+0000] {processor.py:925} INFO - DAG(s) 'example_python_operator' retrieved from /home/airflow/.local/lib/python3.12/site-packages/airflow/example_dags/example_python_operator.py
[2026-03-23T19:04:21.402+0000] {logging_mixin.py:190} INFO - [2026-03-23T19:04:21.401+0000] {override.py:1911} INFO - Created Permission View: can edit on DAG:example_python_operator
[2026-03-23T19:04:21.422+0000] {logging_mixin.py:190} INFO - [2026-03-23T19:04:21.422+0000] {override.py:1911} INFO - Created Permission View: can read on DAG:example_python_operator
[2026-03-23T19:04:21.428+0000] {logging_mixin.py:190} INFO - [2026-03-23T19:04:21.428+0000] {override.py:1911} INFO - Created Permission View: can delete on DAG:example_python_operator
[2026-03-23T19:04:21.434+0000] {logging_mixin.py:190} INFO - [2026-03-23T19:04:21.433+0000] {override.py:1911} INFO - Created Permission View: menu access on DAG Run:example_python_operator
[2026-03-23T19:04:21.440+0000] {logging_mixin.py:190} INFO - [2026-03-23T19:04:21.440+0000] {override.py:1911} INFO - Created Permission View: can read on DAG Run:example_python_operator
[2026-03-23T19:04:21.449+0000] {logging_mixin.py:190} INFO - [2026-03-23T19:04:21.449+0000] {override.py:1911} INFO - Created Permission View: can create on DAG Run:example_python_operator
[2026-03-23T19:04:21.455+0000] {logging_mixin.py:190} INFO - [2026-03-23T19:04:21.454+0000] {override.py:1911} INFO - Created Permission View: can delete on DAG Run:example_python_operator
[2026-03-23T19:04:21.456+0000] {logging_mixin.py:190} INFO - [2026-03-23T19:04:21.456+0000] {dag.py:3239} INFO - Sync 1 DAGs
[2026-03-23T19:04:21.493+0000] {logging_mixin.py:190} INFO - [2026-03-23T19:04:21.493+0000] {dag.py:3262} INFO - Creating ORM DAG for example_python_operator
[2026-03-23T19:04:21.494+0000] {logging_mixin.py:190} INFO - [2026-03-23T19:04:21.494+0000] {dag.py:4180} INFO - Setting next_dagrun for example_python_operator to None, run_after=None
[2026-03-23T19:04:21.541+0000] {processor.py:208} INFO - Processing /home/airflow/.local/lib/python3.12/site-packages/airflow/example_dags/example_python_operator.py took 0.876 seconds
[2026-03-23T19:04:52.309+0000] {processor.py:186} INFO - Started process (PID=133) to work on /home/airflow/.local/lib/python3.12/site-packages/airflow/example_dags/example_python_operator.py
[2026-03-23T19:04:52.312+0000] {processor.py:914} INFO - Processing file /home/airflow/.local/lib/python3.12/site-packages/airflow/example_dags/example_python_operator.py for tasks to queue
[2026-03-23T19:04:52.315+0000] {logging_mixin.py:190} INFO - [2026-03-23T19:04:52.315+0000] {dagbag.py:588} INFO - Filling up the DagBag from /home/airflow/.local/lib/python3.12/site-packages/airflow/example_dags/example_python_operator.py
[2026-03-23T19:04:52.338+0000] {processor.py:925} INFO - DAG(s) 'example_python_operator' retrieved from /home/airflow/.local/lib/python3.12/site-packages/airflow/example_dags/example_python_operator.py
[2026-03-23T19:04:52.362+0000] {logging_mixin.py:190} INFO - [2026-03-23T19:04:52.362+0000] {dag.py:3239} INFO - Sync 1 DAGs
[2026-03-23T19:04:52.379+0000] {logging_mixin.py:190} INFO - [2026-03-23T19:04:52.379+0000] {dag.py:4180} INFO - Setting next_dagrun for example_python_operator to None, run_after=None
[2026-03-23T19:04:52.396+0000] {processor.py:208} INFO - Processing /home/airflow/.local/lib/python3.12/site-packages/airflow/example_dags/example_python_operator.py took 0.094 seconds
[2026-03-23T19:05:23.272+0000] {processor.py:186} INFO - Started process (PID=193) to work on /home/airflow/.local/lib/python3.12/site-packages/airflow/example_dags/example_python_operator.py
[2026-03-23T19:05:23.273+0000] {processor.py:914} INFO - Processing file /home/airflow/.local/lib/python3.12/site-packages/airflow/example_dags/example_python_operator.py for tasks to queue
[2026-03-23T19:05:23.274+0000] {logging_mixin.py:190} INFO - [2026-03-23T19:05:23.274+0000] {dagbag.py:588} INFO - Filling up the DagBag from /home/airflow/.local/lib/python3.12/site-packages/airflow/example_dags/example_python_operator.py
[2026-03-23T19:05:23.286+0000] {processor.py:925} INFO - DAG(s) 'example_python_operator' retrieved from /home/airflow/.local/lib/python3.12/site-packages/airflow/example_dags/example_python_operator.py
[2026-03-23T19:05:23.308+0000] {logging_mixin.py:190} INFO - [2026-03-23T19:05:23.308+0000] {dag.py:3239} INFO - Sync 1 DAGs
[2026-03-23T19:05:23.323+0000] {logging_mixin.py:190} INFO - [2026-03-23T19:05:23.323+0000] {dag.py:4180} INFO - Setting next_dagrun for example_python_operator to None, run_after=None
[2026-03-23T19:05:23.339+0000] {processor.py:208} INFO - Processing /home/airflow/.local/lib/python3.12/site-packages/airflow/example_dags/example_python_operator.py took 0.071 seconds
[2026-03-23T19:05:53.673+0000] {processor.py:186} INFO - Started process (PID=257) to work on /home/airflow/.local/lib/python3.12/site-packages/airflow/example_dags/example_python_operator.py
[2026-03-23T19:05:53.674+0000] {processor.py:914} INFO - Processing file /home/airflow/.local/lib/python3.12/site-packages/airflow/example_dags/example_python_operator.py for tasks to queue
[2026-03-23T19:05:53.677+0000] {logging_mixin.py:190} INFO - [2026-03-23T19:05:53.677+0000] {dagbag.py:588} INFO - Filling up the DagBag from /home/airflow/.local/lib/python3.12/site-packages/airflow/example_dags/example_python_operator.py
[2026-03-23T19:05:53.686+0000] {processor.py:925} INFO - DAG(s) 'example_python_operator' retrieved from /home/airflow/.local/lib/python3.12/site-packages/airflow/example_dags/example_python_operator.py
[2026-03-23T19:05:53.704+0000] {logging_mixin.py:190} INFO - [2026-03-23T19:05:53.704+0000] {dag.py:3239} INFO - Sync 1 DAGs
[2026-03-23T19:05:53.718+0000] {logging_mixin.py:190} INFO - [2026-03-23T19:05:53.718+0000] {dag.py:4180} INFO - Setting next_dagrun for example_python_operator to None, run_after=None
[2026-03-23T19:05:53.741+0000] {processor.py:208} INFO - Processing /home/airflow/.local/lib/python3.12/site-packages/airflow/example_dags/example_python_operator.py took 0.075 seconds
[2026-03-23T19:06:23.921+0000] {processor.py:186} INFO - Started process (PID=320) to work on /home/airflow/.local/lib/python3.12/site-packages/airflow/example_dags/example_python_operator.py
[2026-03-23T19:06:23.924+0000] {processor.py:914} INFO - Processing file /home/airflow/.local/lib/python3.12/site-packages/airflow/example_dags/example_python_operator.py for tasks to queue
[2026-03-23T19:06:23.930+0000] {logging_mixin.py:190} INFO - [2026-03-23T19:06:23.928+0000] {dagbag.py:588} INFO - Filling up the DagBag from /home/airflow/.local/lib/python3.12/site-packages/airflow/example_dags/example_python_operator.py
[2026-03-23T19:06:23.979+0000] {processor.py:925} INFO - DAG(s) 'example_python_operator' retrieved from /home/airflow/.local/lib/python3.12/site-packages/airflow/example_dags/example_python_operator.py
[2026-03-23T19:06:24.004+0000] {logging_mixin.py:190} INFO - [2026-03-23T19:06:24.003+0000] {dag.py:3239} INFO - Sync 1 DAGs
[2026-03-23T19:06:24.020+0000] {logging_mixin.py:190} INFO - [2026-03-23T19:06:24.020+0000] {dag.py:4180} INFO - Setting next_dagrun for example_python_operator to None, run_after=None
[2026-03-23T19:06:24.061+0000] {processor.py:208} INFO - Processing /home/airflow/.local/lib/python3.12/site-packages/airflow/example_dags/example_python_operator.py took 0.148 seconds
[2026-03-23T19:06:54.509+0000] {processor.py:186} INFO - Started process (PID=384) to work on /home/airflow/.local/lib/python3.12/site-packages/airflow/example_dags/example_python_operator.py
[2026-03-23T19:06:54.511+0000] {processor.py:914} INFO - Processing file /home/airflow/.local/lib/python3.12/site-packages/airflow/example_dags/example_python_operator.py for tasks to queue
[2026-03-23T19:06:54.516+0000] {logging_mixin.py:190} INFO - [2026-03-23T19:06:54.516+0000] {dagbag.py:588} INFO - Filling up the DagBag from /home/airflow/.local/lib/python3.12/site-packages/airflow/example_dags/example_python_operator.py
[2026-03-23T19:06:54.533+0000] {processor.py:925} INFO - DAG(s) 'example_python_operator' retrieved from /home/airflow/.local/lib/python3.12/site-packages/airflow/example_dags/example_python_operator.py
[2026-03-23T19:06:54.552+0000] {logging_mixin.py:190} INFO - [2026-03-23T19:06:54.552+0000] {dag.py:3239} INFO - Sync 1 DAGs
[2026-03-23T19:06:54.565+0000] {logging_mixin.py:190} INFO - [2026-03-23T19:06:54.565+0000] {dag.py:4180} INFO - Setting next_dagrun for example_python_operator to None, run_after=None
[2026-03-23T19:06:54.577+0000] {processor.py:208} INFO - Processing /home/airflow/.local/lib/python3.12/site-packages/airflow/example_dags/example_python_operator.py took 0.073 seconds
[2026-03-23T19:07:35.595+0000] {processor.py:186} INFO - Started process (PID=444) to work on /home/airflow/.local/lib/python3.12/site-packages/airflow/example_dags/example_python_operator.py
[2026-03-23T19:07:35.596+0000] {processor.py:914} INFO - Processing file /home/airflow/.local/lib/python3.12/site-packages/airflow/example_dags/example_python_operator.py for tasks to queue
[2026-03-23T19:07:35.598+0000] {logging_mixin.py:190} INFO - [2026-03-23T19:07:35.598+0000] {dagbag.py:588} INFO - Filling up the DagBag from /home/airflow/.local/lib/python3.12/site-packages/airflow/example_dags/example_python_operator.py
[2026-03-23T19:07:35.623+0000] {processor.py:925} INFO - DAG(s) 'example_python_operator' retrieved from /home/airflow/.local/lib/python3.12/site-packages/airflow/example_dags/example_python_operator.py
[2026-03-23T19:07:35.658+0000] {logging_mixin.py:190} INFO - [2026-03-23T19:07:35.658+0000] {dag.py:3239} INFO - Sync 1 DAGs
[2026-03-23T19:07:35.674+0000] {logging_mixin.py:190} INFO - [2026-03-23T19:07:35.674+0000] {dag.py:4180} INFO - Setting next_dagrun for example_python_operator to None, run_after=None
[2026-03-23T19:07:35.687+0000] {processor.py:208} INFO - Processing /home/airflow/.local/lib/python3.12/site-packages/airflow/example_dags/example_python_operator.py took 0.096 seconds
[2026-03-23T19:08:10.710+0000] {processor.py:186} INFO - Started process (PID=498) to work on /home/airflow/.local/lib/python3.12/site-packages/airflow/example_dags/example_python_operator.py
[2026-03-23T19:08:10.713+0000] {processor.py:914} INFO - Processing file /home/airflow/.local/lib/python3.12/site-packages/airflow/example_dags/example_python_operator.py for tasks to queue
[2026-03-23T19:08:10.716+0000] {logging_mixin.py:190} INFO - [2026-03-23T19:08:10.715+0000] {dagbag.py:588} INFO - Filling up the DagBag from /home/airflow/.local/lib/python3.12/site-packages/airflow/example_dags/example_python_operator.py
[2026-03-23T19:08:10.779+0000] {processor.py:925} INFO - DAG(s) 'example_python_operator' retrieved from /home/airflow/.local/lib/python3.12/site-packages/airflow/example_dags/example_python_operator.py
[2026-03-23T19:08:10.893+0000] {logging_mixin.py:190} INFO - [2026-03-23T19:08:10.892+0000] {dag.py:3239} INFO - Sync 1 DAGs
[2026-03-23T19:08:10.919+0000] {logging_mixin.py:190} INFO - [2026-03-23T19:08:10.919+0000] {dag.py:4180} INFO - Setting next_dagrun for example_python_operator to None, run_after=None
[2026-03-23T19:08:10.948+0000] {processor.py:208} INFO - Processing /home/airflow/.local/lib/python3.12/site-packages/airflow/example_dags/example_python_operator.py took 0.246 seconds
[2026-03-23T19:08:45.446+0000] {processor.py:186} INFO - Started process (PID=557) to work on /home/airflow/.local/lib/python3.12/site-packages/airflow/example_dags/example_python_operator.py
[2026-03-23T19:08:45.469+0000] {processor.py:914} INFO - Processing file /home/airflow/.local/lib/python3.12/site-packages/airflow/example_dags/example_python_operator.py for tasks to queue
[2026-03-23T19:08:45.485+0000] {logging_mixin.py:190} INFO - [2026-03-23T19:08:45.484+0000] {dagbag.py:588} INFO - Filling up the DagBag from /home/airflow/.local/lib/python3.12/site-packages/airflow/example_dags/example_python_operator.py
[2026-03-23T19:08:45.637+0000] {processor.py:925} INFO - DAG(s) 'example_python_operator' retrieved from /home/airflow/.local/lib/python3.12/site-packages/airflow/example_dags/example_python_operator.py
[2026-03-23T19:08:45.688+0000] {logging_mixin.py:190} INFO - [2026-03-23T19:08:45.688+0000] {dag.py:3239} INFO - Sync 1 DAGs
[2026-03-23T19:08:45.705+0000] {logging_mixin.py:190} INFO - [2026-03-23T19:08:45.705+0000] {dag.py:4180} INFO - Setting next_dagrun for example_python_operator to None, run_after=None
[2026-03-23T19:08:45.728+0000] {processor.py:208} INFO - Processing /home/airflow/.local/lib/python3.12/site-packages/airflow/example_dags/example_python_operator.py took 0.346 seconds
[2026-03-23T19:09:16.669+0000] {processor.py:186} INFO - Started process (PID=621) to work on /home/airflow/.local/lib/python3.12/site-packages/airflow/example_dags/example_python_operator.py
[2026-03-23T19:09:16.672+0000] {processor.py:914} INFO - Processing file /home/airflow/.local/lib/python3.12/site-packages/airflow/example_dags/example_python_operator.py for tasks to queue
[2026-03-23T19:09:16.681+0000] {logging_mixin.py:190} INFO - [2026-03-23T19:09:16.680+0000] {dagbag.py:588} INFO - Filling up the DagBag from /home/airflow/.local/lib/python3.12/site-packages/airflow/example_dags/example_python_operator.py
[2026-03-23T19:09:16.724+0000] {processor.py:925} INFO - DAG(s) 'example_python_operator' retrieved from /home/airflow/.local/lib/python3.12/site-packages/airflow/example_dags/example_python_operator.py
[2026-03-23T19:09:16.776+0000] {logging_mixin.py:190} INFO - [2026-03-23T19:09:16.775+0000] {dag.py:3239} INFO - Sync 1 DAGs
[2026-03-23T19:09:16.802+0000] {logging_mixin.py:190} INFO - [2026-03-23T19:09:16.801+0000] {dag.py:4180} INFO - Setting next_dagrun for example_python_operator to None, run_after=None
[2026-03-23T19:09:16.828+0000] {processor.py:208} INFO - Processing /home/airflow/.local/lib/python3.12/site-packages/airflow/example_dags/example_python_operator.py took 0.171 seconds
[2026-03-23T19:09:47.820+0000] {processor.py:186} INFO - Started process (PID=685) to work on /home/airflow/.local/lib/python3.12/site-packages/airflow/example_dags/example_python_operator.py
[2026-03-23T19:09:47.828+0000] {processor.py:914} INFO - Processing file /home/airflow/.local/lib/python3.12/site-packages/airflow/example_dags/example_python_operator.py for tasks to queue
[2026-03-23T19:09:47.842+0000] {logging_mixin.py:190} INFO - [2026-03-23T19:09:47.842+0000] {dagbag.py:588} INFO - Filling up the DagBag from /home/airflow/.local/lib/python3.12/site-packages/airflow/example_dags/example_python_operator.py
[2026-03-23T19:09:47.905+0000] {processor.py:925} INFO - DAG(s) 'example_python_operator' retrieved from /home/airflow/.local/lib/python3.12/site-packages/airflow/example_dags/example_python_operator.py
[2026-03-23T19:09:47.973+0000] {logging_mixin.py:190} INFO - [2026-03-23T19:09:47.973+0000] {dag.py:3239} INFO - Sync 1 DAGs
[2026-03-23T19:09:48.022+0000] {logging_mixin.py:190} INFO - [2026-03-23T19:09:48.022+0000] {dag.py:4180} INFO - Setting next_dagrun for example_python_operator to None, run_after=None
[2026-03-23T19:09:48.072+0000] {processor.py:208} INFO - Processing /home/airflow/.local/lib/python3.12/site-packages/airflow/example_dags/example_python_operator.py took 0.293 seconds
[2026-03-23T19:10:19.053+0000] {processor.py:186} INFO - Started process (PID=749) to work on /home/airflow/.local/lib/python3.12/site-packages/airflow/example_dags/example_python_operator.py
[2026-03-23T19:10:19.060+0000] {processor.py:914} INFO - Processing file /home/airflow/.local/lib/python3.12/site-packages/airflow/example_dags/example_python_operator.py for tasks to queue
[2026-03-23T19:10:19.074+0000] {logging_mixin.py:190} INFO - [2026-03-23T19:10:19.073+0000] {dagbag.py:588} INFO - Filling up the DagBag from /home/airflow/.local/lib/python3.12/site-packages/airflow/example_dags/example_python_operator.py
[2026-03-23T19:10:19.108+0000] {processor.py:925} INFO - DAG(s) 'example_python_operator' retrieved from /home/airflow/.local/lib/python3.12/site-packages/airflow/example_dags/example_python_operator.py
[2026-03-23T19:10:19.168+0000] {logging_mixin.py:190} INFO - [2026-03-23T19:10:19.168+0000] {dag.py:3239} INFO - Sync 1 DAGs
[2026-03-23T19:10:19.197+0000] {logging_mixin.py:190} INFO - [2026-03-23T19:10:19.196+0000] {dag.py:4180} INFO - Setting next_dagrun for example_python_operator to None, run_after=None
[2026-03-23T19:10:19.241+0000] {processor.py:208} INFO - Processing /home/airflow/.local/lib/python3.12/site-packages/airflow/example_dags/example_python_operator.py took 0.202 seconds
