[2026-03-23T19:04:43.271+0000] {processor.py:186} INFO - Started process (PID=96) to work on /home/airflow/.local/lib/python3.12/site-packages/airflow/example_dags/example_dataset_alias_with_no_taskflow.py
[2026-03-23T19:04:43.280+0000] {processor.py:914} INFO - Processing file /home/airflow/.local/lib/python3.12/site-packages/airflow/example_dags/example_dataset_alias_with_no_taskflow.py for tasks to queue
[2026-03-23T19:04:43.295+0000] {logging_mixin.py:190} INFO - [2026-03-23T19:04:43.294+0000] {dagbag.py:588} INFO - Filling up the DagBag from /home/airflow/.local/lib/python3.12/site-packages/airflow/example_dags/example_dataset_alias_with_no_taskflow.py
[2026-03-23T19:04:46.461+0000] {processor.py:925} INFO - DAG(s) 'dataset_alias_example_alias_consumer_with_no_taskflow', 'dataset_s3_bucket_consumer_with_no_taskflow', 'dataset_s3_bucket_producer_with_no_taskflow', 'dataset_alias_example_alias_producer_with_no_taskflow' retrieved from /home/airflow/.local/lib/python3.12/site-packages/airflow/example_dags/example_dataset_alias_with_no_taskflow.py
[2026-03-23T19:04:46.654+0000] {logging_mixin.py:190} INFO - [2026-03-23T19:04:46.651+0000] {override.py:1911} INFO - Created Permission View: can edit on DAG:dataset_alias_example_alias_consumer_with_no_taskflow
[2026-03-23T19:04:46.666+0000] {logging_mixin.py:190} INFO - [2026-03-23T19:04:46.666+0000] {override.py:1911} INFO - Created Permission View: can read on DAG:dataset_alias_example_alias_consumer_with_no_taskflow
[2026-03-23T19:04:46.676+0000] {logging_mixin.py:190} INFO - [2026-03-23T19:04:46.676+0000] {override.py:1911} INFO - Created Permission View: can delete on DAG:dataset_alias_example_alias_consumer_with_no_taskflow
[2026-03-23T19:04:46.682+0000] {logging_mixin.py:190} INFO - [2026-03-23T19:04:46.682+0000] {override.py:1911} INFO - Created Permission View: menu access on DAG Run:dataset_alias_example_alias_consumer_with_no_taskflow
[2026-03-23T19:04:46.686+0000] {logging_mixin.py:190} INFO - [2026-03-23T19:04:46.686+0000] {override.py:1911} INFO - Created Permission View: can read on DAG Run:dataset_alias_example_alias_consumer_with_no_taskflow
[2026-03-23T19:04:46.692+0000] {logging_mixin.py:190} INFO - [2026-03-23T19:04:46.692+0000] {override.py:1911} INFO - Created Permission View: can create on DAG Run:dataset_alias_example_alias_consumer_with_no_taskflow
[2026-03-23T19:04:46.698+0000] {logging_mixin.py:190} INFO - [2026-03-23T19:04:46.698+0000] {override.py:1911} INFO - Created Permission View: can delete on DAG Run:dataset_alias_example_alias_consumer_with_no_taskflow
[2026-03-23T19:04:46.704+0000] {logging_mixin.py:190} INFO - [2026-03-23T19:04:46.704+0000] {override.py:1911} INFO - Created Permission View: can edit on DAG:dataset_s3_bucket_consumer_with_no_taskflow
[2026-03-23T19:04:46.708+0000] {logging_mixin.py:190} INFO - [2026-03-23T19:04:46.707+0000] {override.py:1911} INFO - Created Permission View: can read on DAG:dataset_s3_bucket_consumer_with_no_taskflow
[2026-03-23T19:04:46.710+0000] {logging_mixin.py:190} INFO - [2026-03-23T19:04:46.710+0000] {override.py:1911} INFO - Created Permission View: can delete on DAG:dataset_s3_bucket_consumer_with_no_taskflow
[2026-03-23T19:04:46.720+0000] {logging_mixin.py:190} INFO - [2026-03-23T19:04:46.719+0000] {override.py:1911} INFO - Created Permission View: menu access on DAG Run:dataset_s3_bucket_consumer_with_no_taskflow
[2026-03-23T19:04:46.724+0000] {logging_mixin.py:190} INFO - [2026-03-23T19:04:46.724+0000] {override.py:1911} INFO - Created Permission View: can read on DAG Run:dataset_s3_bucket_consumer_with_no_taskflow
[2026-03-23T19:04:46.728+0000] {logging_mixin.py:190} INFO - [2026-03-23T19:04:46.728+0000] {override.py:1911} INFO - Created Permission View: can create on DAG Run:dataset_s3_bucket_consumer_with_no_taskflow
[2026-03-23T19:04:46.732+0000] {logging_mixin.py:190} INFO - [2026-03-23T19:04:46.732+0000] {override.py:1911} INFO - Created Permission View: can delete on DAG Run:dataset_s3_bucket_consumer_with_no_taskflow
[2026-03-23T19:04:46.739+0000] {logging_mixin.py:190} INFO - [2026-03-23T19:04:46.739+0000] {override.py:1911} INFO - Created Permission View: can edit on DAG:dataset_s3_bucket_producer_with_no_taskflow
[2026-03-23T19:04:46.742+0000] {logging_mixin.py:190} INFO - [2026-03-23T19:04:46.742+0000] {override.py:1911} INFO - Created Permission View: can read on DAG:dataset_s3_bucket_producer_with_no_taskflow
[2026-03-23T19:04:46.745+0000] {logging_mixin.py:190} INFO - [2026-03-23T19:04:46.745+0000] {override.py:1911} INFO - Created Permission View: can delete on DAG:dataset_s3_bucket_producer_with_no_taskflow
[2026-03-23T19:04:46.749+0000] {logging_mixin.py:190} INFO - [2026-03-23T19:04:46.749+0000] {override.py:1911} INFO - Created Permission View: menu access on DAG Run:dataset_s3_bucket_producer_with_no_taskflow
[2026-03-23T19:04:46.752+0000] {logging_mixin.py:190} INFO - [2026-03-23T19:04:46.752+0000] {override.py:1911} INFO - Created Permission View: can read on DAG Run:dataset_s3_bucket_producer_with_no_taskflow
[2026-03-23T19:04:46.755+0000] {logging_mixin.py:190} INFO - [2026-03-23T19:04:46.754+0000] {override.py:1911} INFO - Created Permission View: can create on DAG Run:dataset_s3_bucket_producer_with_no_taskflow
[2026-03-23T19:04:46.757+0000] {logging_mixin.py:190} INFO - [2026-03-23T19:04:46.757+0000] {override.py:1911} INFO - Created Permission View: can delete on DAG Run:dataset_s3_bucket_producer_with_no_taskflow
[2026-03-23T19:04:46.763+0000] {logging_mixin.py:190} INFO - [2026-03-23T19:04:46.763+0000] {override.py:1911} INFO - Created Permission View: can edit on DAG:dataset_alias_example_alias_producer_with_no_taskflow
[2026-03-23T19:04:46.767+0000] {logging_mixin.py:190} INFO - [2026-03-23T19:04:46.766+0000] {override.py:1911} INFO - Created Permission View: can read on DAG:dataset_alias_example_alias_producer_with_no_taskflow
[2026-03-23T19:04:46.769+0000] {logging_mixin.py:190} INFO - [2026-03-23T19:04:46.769+0000] {override.py:1911} INFO - Created Permission View: can delete on DAG:dataset_alias_example_alias_producer_with_no_taskflow
[2026-03-23T19:04:46.771+0000] {logging_mixin.py:190} INFO - [2026-03-23T19:04:46.771+0000] {override.py:1911} INFO - Created Permission View: menu access on DAG Run:dataset_alias_example_alias_producer_with_no_taskflow
[2026-03-23T19:04:46.774+0000] {logging_mixin.py:190} INFO - [2026-03-23T19:04:46.774+0000] {override.py:1911} INFO - Created Permission View: can read on DAG Run:dataset_alias_example_alias_producer_with_no_taskflow
[2026-03-23T19:04:46.777+0000] {logging_mixin.py:190} INFO - [2026-03-23T19:04:46.776+0000] {override.py:1911} INFO - Created Permission View: can create on DAG Run:dataset_alias_example_alias_producer_with_no_taskflow
[2026-03-23T19:04:46.784+0000] {logging_mixin.py:190} INFO - [2026-03-23T19:04:46.784+0000] {override.py:1911} INFO - Created Permission View: can delete on DAG Run:dataset_alias_example_alias_producer_with_no_taskflow
[2026-03-23T19:04:46.786+0000] {logging_mixin.py:190} INFO - [2026-03-23T19:04:46.786+0000] {dag.py:3239} INFO - Sync 4 DAGs
[2026-03-23T19:04:46.810+0000] {logging_mixin.py:190} INFO - [2026-03-23T19:04:46.810+0000] {dag.py:3262} INFO - Creating ORM DAG for dataset_s3_bucket_consumer_with_no_taskflow
[2026-03-23T19:04:46.811+0000] {logging_mixin.py:190} INFO - [2026-03-23T19:04:46.811+0000] {dag.py:3262} INFO - Creating ORM DAG for dataset_s3_bucket_producer_with_no_taskflow
[2026-03-23T19:04:46.812+0000] {logging_mixin.py:190} INFO - [2026-03-23T19:04:46.812+0000] {dag.py:3262} INFO - Creating ORM DAG for dataset_alias_example_alias_consumer_with_no_taskflow
[2026-03-23T19:04:46.813+0000] {logging_mixin.py:190} INFO - [2026-03-23T19:04:46.813+0000] {dag.py:3262} INFO - Creating ORM DAG for dataset_alias_example_alias_producer_with_no_taskflow
[2026-03-23T19:04:46.822+0000] {logging_mixin.py:190} INFO - [2026-03-23T19:04:46.822+0000] {dag.py:4180} INFO - Setting next_dagrun for dataset_alias_example_alias_consumer_with_no_taskflow to None, run_after=None
[2026-03-23T19:04:46.822+0000] {logging_mixin.py:190} INFO - [2026-03-23T19:04:46.822+0000] {dag.py:4180} INFO - Setting next_dagrun for dataset_alias_example_alias_producer_with_no_taskflow to None, run_after=None
[2026-03-23T19:04:46.824+0000] {logging_mixin.py:190} INFO - [2026-03-23T19:04:46.824+0000] {dag.py:4180} INFO - Setting next_dagrun for dataset_s3_bucket_consumer_with_no_taskflow to None, run_after=None
[2026-03-23T19:04:46.824+0000] {logging_mixin.py:190} INFO - [2026-03-23T19:04:46.824+0000] {dag.py:4180} INFO - Setting next_dagrun for dataset_s3_bucket_producer_with_no_taskflow to None, run_after=None
[2026-03-23T19:04:46.873+0000] {processor.py:208} INFO - Processing /home/airflow/.local/lib/python3.12/site-packages/airflow/example_dags/example_dataset_alias_with_no_taskflow.py took 3.709 seconds
[2026-03-23T19:05:17.257+0000] {processor.py:186} INFO - Started process (PID=162) to work on /home/airflow/.local/lib/python3.12/site-packages/airflow/example_dags/example_dataset_alias_with_no_taskflow.py
[2026-03-23T19:05:17.259+0000] {processor.py:914} INFO - Processing file /home/airflow/.local/lib/python3.12/site-packages/airflow/example_dags/example_dataset_alias_with_no_taskflow.py for tasks to queue
[2026-03-23T19:05:17.261+0000] {logging_mixin.py:190} INFO - [2026-03-23T19:05:17.261+0000] {dagbag.py:588} INFO - Filling up the DagBag from /home/airflow/.local/lib/python3.12/site-packages/airflow/example_dags/example_dataset_alias_with_no_taskflow.py
[2026-03-23T19:05:17.922+0000] {processor.py:925} INFO - DAG(s) 'dataset_alias_example_alias_producer_with_no_taskflow', 'dataset_s3_bucket_producer_with_no_taskflow', 'dataset_alias_example_alias_consumer_with_no_taskflow', 'dataset_s3_bucket_consumer_with_no_taskflow' retrieved from /home/airflow/.local/lib/python3.12/site-packages/airflow/example_dags/example_dataset_alias_with_no_taskflow.py
[2026-03-23T19:05:17.937+0000] {logging_mixin.py:190} INFO - [2026-03-23T19:05:17.936+0000] {dag.py:3239} INFO - Sync 4 DAGs
[2026-03-23T19:05:17.954+0000] {logging_mixin.py:190} INFO - [2026-03-23T19:05:17.954+0000] {dag.py:4180} INFO - Setting next_dagrun for dataset_alias_example_alias_consumer_with_no_taskflow to None, run_after=None
[2026-03-23T19:05:17.958+0000] {logging_mixin.py:190} INFO - [2026-03-23T19:05:17.957+0000] {dag.py:4180} INFO - Setting next_dagrun for dataset_alias_example_alias_producer_with_no_taskflow to None, run_after=None
[2026-03-23T19:05:17.962+0000] {logging_mixin.py:190} INFO - [2026-03-23T19:05:17.962+0000] {dag.py:4180} INFO - Setting next_dagrun for dataset_s3_bucket_consumer_with_no_taskflow to None, run_after=None
[2026-03-23T19:05:17.963+0000] {logging_mixin.py:190} INFO - [2026-03-23T19:05:17.963+0000] {dag.py:4180} INFO - Setting next_dagrun for dataset_s3_bucket_producer_with_no_taskflow to None, run_after=None
[2026-03-23T19:05:17.987+0000] {processor.py:208} INFO - Processing /home/airflow/.local/lib/python3.12/site-packages/airflow/example_dags/example_dataset_alias_with_no_taskflow.py took 0.736 seconds
[2026-03-23T19:05:48.973+0000] {processor.py:186} INFO - Started process (PID=227) to work on /home/airflow/.local/lib/python3.12/site-packages/airflow/example_dags/example_dataset_alias_with_no_taskflow.py
[2026-03-23T19:05:48.981+0000] {processor.py:914} INFO - Processing file /home/airflow/.local/lib/python3.12/site-packages/airflow/example_dags/example_dataset_alias_with_no_taskflow.py for tasks to queue
[2026-03-23T19:05:48.996+0000] {logging_mixin.py:190} INFO - [2026-03-23T19:05:48.996+0000] {dagbag.py:588} INFO - Filling up the DagBag from /home/airflow/.local/lib/python3.12/site-packages/airflow/example_dags/example_dataset_alias_with_no_taskflow.py
[2026-03-23T19:05:49.660+0000] {processor.py:925} INFO - DAG(s) 'dataset_s3_bucket_producer_with_no_taskflow', 'dataset_alias_example_alias_consumer_with_no_taskflow', 'dataset_alias_example_alias_producer_with_no_taskflow', 'dataset_s3_bucket_consumer_with_no_taskflow' retrieved from /home/airflow/.local/lib/python3.12/site-packages/airflow/example_dags/example_dataset_alias_with_no_taskflow.py
[2026-03-23T19:05:49.669+0000] {logging_mixin.py:190} INFO - [2026-03-23T19:05:49.669+0000] {dag.py:3239} INFO - Sync 4 DAGs
[2026-03-23T19:05:49.680+0000] {logging_mixin.py:190} INFO - [2026-03-23T19:05:49.680+0000] {dag.py:4180} INFO - Setting next_dagrun for dataset_alias_example_alias_consumer_with_no_taskflow to None, run_after=None
[2026-03-23T19:05:49.681+0000] {logging_mixin.py:190} INFO - [2026-03-23T19:05:49.681+0000] {dag.py:4180} INFO - Setting next_dagrun for dataset_alias_example_alias_producer_with_no_taskflow to None, run_after=None
[2026-03-23T19:05:49.682+0000] {logging_mixin.py:190} INFO - [2026-03-23T19:05:49.682+0000] {dag.py:4180} INFO - Setting next_dagrun for dataset_s3_bucket_consumer_with_no_taskflow to None, run_after=None
[2026-03-23T19:05:49.682+0000] {logging_mixin.py:190} INFO - [2026-03-23T19:05:49.682+0000] {dag.py:4180} INFO - Setting next_dagrun for dataset_s3_bucket_producer_with_no_taskflow to None, run_after=None
[2026-03-23T19:05:49.694+0000] {processor.py:208} INFO - Processing /home/airflow/.local/lib/python3.12/site-packages/airflow/example_dags/example_dataset_alias_with_no_taskflow.py took 0.739 seconds
[2026-03-23T19:06:20.186+0000] {processor.py:186} INFO - Started process (PID=291) to work on /home/airflow/.local/lib/python3.12/site-packages/airflow/example_dags/example_dataset_alias_with_no_taskflow.py
[2026-03-23T19:06:20.191+0000] {processor.py:914} INFO - Processing file /home/airflow/.local/lib/python3.12/site-packages/airflow/example_dags/example_dataset_alias_with_no_taskflow.py for tasks to queue
[2026-03-23T19:06:20.194+0000] {logging_mixin.py:190} INFO - [2026-03-23T19:06:20.194+0000] {dagbag.py:588} INFO - Filling up the DagBag from /home/airflow/.local/lib/python3.12/site-packages/airflow/example_dags/example_dataset_alias_with_no_taskflow.py
[2026-03-23T19:06:21.657+0000] {processor.py:925} INFO - DAG(s) 'dataset_alias_example_alias_producer_with_no_taskflow', 'dataset_s3_bucket_consumer_with_no_taskflow', 'dataset_alias_example_alias_consumer_with_no_taskflow', 'dataset_s3_bucket_producer_with_no_taskflow' retrieved from /home/airflow/.local/lib/python3.12/site-packages/airflow/example_dags/example_dataset_alias_with_no_taskflow.py
[2026-03-23T19:06:21.679+0000] {logging_mixin.py:190} INFO - [2026-03-23T19:06:21.679+0000] {dag.py:3239} INFO - Sync 4 DAGs
[2026-03-23T19:06:21.704+0000] {logging_mixin.py:190} INFO - [2026-03-23T19:06:21.704+0000] {dag.py:4180} INFO - Setting next_dagrun for dataset_alias_example_alias_consumer_with_no_taskflow to None, run_after=None
[2026-03-23T19:06:21.706+0000] {logging_mixin.py:190} INFO - [2026-03-23T19:06:21.706+0000] {dag.py:4180} INFO - Setting next_dagrun for dataset_alias_example_alias_producer_with_no_taskflow to None, run_after=None
[2026-03-23T19:06:21.707+0000] {logging_mixin.py:190} INFO - [2026-03-23T19:06:21.707+0000] {dag.py:4180} INFO - Setting next_dagrun for dataset_s3_bucket_consumer_with_no_taskflow to None, run_after=None
[2026-03-23T19:06:21.708+0000] {logging_mixin.py:190} INFO - [2026-03-23T19:06:21.708+0000] {dag.py:4180} INFO - Setting next_dagrun for dataset_s3_bucket_producer_with_no_taskflow to None, run_after=None
[2026-03-23T19:06:21.728+0000] {processor.py:208} INFO - Processing /home/airflow/.local/lib/python3.12/site-packages/airflow/example_dags/example_dataset_alias_with_no_taskflow.py took 1.604 seconds
[2026-03-23T19:06:51.780+0000] {processor.py:186} INFO - Started process (PID=365) to work on /home/airflow/.local/lib/python3.12/site-packages/airflow/example_dags/example_dataset_alias_with_no_taskflow.py
[2026-03-23T19:06:51.781+0000] {processor.py:914} INFO - Processing file /home/airflow/.local/lib/python3.12/site-packages/airflow/example_dags/example_dataset_alias_with_no_taskflow.py for tasks to queue
[2026-03-23T19:06:51.782+0000] {logging_mixin.py:190} INFO - [2026-03-23T19:06:51.782+0000] {dagbag.py:588} INFO - Filling up the DagBag from /home/airflow/.local/lib/python3.12/site-packages/airflow/example_dags/example_dataset_alias_with_no_taskflow.py
[2026-03-23T19:06:52.272+0000] {processor.py:925} INFO - DAG(s) 'dataset_alias_example_alias_consumer_with_no_taskflow', 'dataset_s3_bucket_producer_with_no_taskflow', 'dataset_alias_example_alias_producer_with_no_taskflow', 'dataset_s3_bucket_consumer_with_no_taskflow' retrieved from /home/airflow/.local/lib/python3.12/site-packages/airflow/example_dags/example_dataset_alias_with_no_taskflow.py
[2026-03-23T19:06:52.295+0000] {logging_mixin.py:190} INFO - [2026-03-23T19:06:52.294+0000] {dag.py:3239} INFO - Sync 4 DAGs
[2026-03-23T19:06:52.309+0000] {logging_mixin.py:190} INFO - [2026-03-23T19:06:52.309+0000] {dag.py:4180} INFO - Setting next_dagrun for dataset_alias_example_alias_consumer_with_no_taskflow to None, run_after=None
[2026-03-23T19:06:52.313+0000] {logging_mixin.py:190} INFO - [2026-03-23T19:06:52.313+0000] {dag.py:4180} INFO - Setting next_dagrun for dataset_alias_example_alias_producer_with_no_taskflow to None, run_after=None
[2026-03-23T19:06:52.314+0000] {logging_mixin.py:190} INFO - [2026-03-23T19:06:52.314+0000] {dag.py:4180} INFO - Setting next_dagrun for dataset_s3_bucket_consumer_with_no_taskflow to None, run_after=None
[2026-03-23T19:06:52.315+0000] {logging_mixin.py:190} INFO - [2026-03-23T19:06:52.315+0000] {dag.py:4180} INFO - Setting next_dagrun for dataset_s3_bucket_producer_with_no_taskflow to None, run_after=None
[2026-03-23T19:06:52.329+0000] {processor.py:208} INFO - Processing /home/airflow/.local/lib/python3.12/site-packages/airflow/example_dags/example_dataset_alias_with_no_taskflow.py took 0.556 seconds
[2026-03-23T19:07:30.689+0000] {processor.py:186} INFO - Started process (PID=422) to work on /home/airflow/.local/lib/python3.12/site-packages/airflow/example_dags/example_dataset_alias_with_no_taskflow.py
[2026-03-23T19:07:30.698+0000] {processor.py:914} INFO - Processing file /home/airflow/.local/lib/python3.12/site-packages/airflow/example_dags/example_dataset_alias_with_no_taskflow.py for tasks to queue
[2026-03-23T19:07:30.727+0000] {logging_mixin.py:190} INFO - [2026-03-23T19:07:30.725+0000] {dagbag.py:588} INFO - Filling up the DagBag from /home/airflow/.local/lib/python3.12/site-packages/airflow/example_dags/example_dataset_alias_with_no_taskflow.py
[2026-03-23T19:07:34.743+0000] {processor.py:925} INFO - DAG(s) 'dataset_s3_bucket_consumer_with_no_taskflow', 'dataset_alias_example_alias_consumer_with_no_taskflow', 'dataset_alias_example_alias_producer_with_no_taskflow', 'dataset_s3_bucket_producer_with_no_taskflow' retrieved from /home/airflow/.local/lib/python3.12/site-packages/airflow/example_dags/example_dataset_alias_with_no_taskflow.py
[2026-03-23T19:07:34.769+0000] {logging_mixin.py:190} INFO - [2026-03-23T19:07:34.768+0000] {dag.py:3239} INFO - Sync 4 DAGs
[2026-03-23T19:07:34.788+0000] {logging_mixin.py:190} INFO - [2026-03-23T19:07:34.788+0000] {dag.py:4180} INFO - Setting next_dagrun for dataset_alias_example_alias_consumer_with_no_taskflow to None, run_after=None
[2026-03-23T19:07:34.792+0000] {logging_mixin.py:190} INFO - [2026-03-23T19:07:34.792+0000] {dag.py:4180} INFO - Setting next_dagrun for dataset_alias_example_alias_producer_with_no_taskflow to None, run_after=None
[2026-03-23T19:07:34.793+0000] {logging_mixin.py:190} INFO - [2026-03-23T19:07:34.793+0000] {dag.py:4180} INFO - Setting next_dagrun for dataset_s3_bucket_consumer_with_no_taskflow to None, run_after=None
[2026-03-23T19:07:34.795+0000] {logging_mixin.py:190} INFO - [2026-03-23T19:07:34.795+0000] {dag.py:4180} INFO - Setting next_dagrun for dataset_s3_bucket_producer_with_no_taskflow to None, run_after=None
[2026-03-23T19:07:34.808+0000] {processor.py:208} INFO - Processing /home/airflow/.local/lib/python3.12/site-packages/airflow/example_dags/example_dataset_alias_with_no_taskflow.py took 4.150 seconds
[2026-03-23T19:08:11.307+0000] {processor.py:186} INFO - Started process (PID=501) to work on /home/airflow/.local/lib/python3.12/site-packages/airflow/example_dags/example_dataset_alias_with_no_taskflow.py
[2026-03-23T19:08:11.322+0000] {processor.py:914} INFO - Processing file /home/airflow/.local/lib/python3.12/site-packages/airflow/example_dags/example_dataset_alias_with_no_taskflow.py for tasks to queue
[2026-03-23T19:08:11.400+0000] {logging_mixin.py:190} INFO - [2026-03-23T19:08:11.400+0000] {dagbag.py:588} INFO - Filling up the DagBag from /home/airflow/.local/lib/python3.12/site-packages/airflow/example_dags/example_dataset_alias_with_no_taskflow.py
[2026-03-23T19:08:14.547+0000] {processor.py:925} INFO - DAG(s) 'dataset_s3_bucket_producer_with_no_taskflow', 'dataset_s3_bucket_consumer_with_no_taskflow', 'dataset_alias_example_alias_consumer_with_no_taskflow', 'dataset_alias_example_alias_producer_with_no_taskflow' retrieved from /home/airflow/.local/lib/python3.12/site-packages/airflow/example_dags/example_dataset_alias_with_no_taskflow.py
[2026-03-23T19:08:15.061+0000] {logging_mixin.py:190} INFO - [2026-03-23T19:08:15.027+0000] {dag.py:3239} INFO - Sync 4 DAGs
[2026-03-23T19:08:15.332+0000] {logging_mixin.py:190} INFO - [2026-03-23T19:08:15.331+0000] {dag.py:4180} INFO - Setting next_dagrun for dataset_alias_example_alias_consumer_with_no_taskflow to None, run_after=None
[2026-03-23T19:08:15.348+0000] {logging_mixin.py:190} INFO - [2026-03-23T19:08:15.348+0000] {dag.py:4180} INFO - Setting next_dagrun for dataset_alias_example_alias_producer_with_no_taskflow to None, run_after=None
[2026-03-23T19:08:15.352+0000] {logging_mixin.py:190} INFO - [2026-03-23T19:08:15.351+0000] {dag.py:4180} INFO - Setting next_dagrun for dataset_s3_bucket_consumer_with_no_taskflow to None, run_after=None
[2026-03-23T19:08:15.367+0000] {logging_mixin.py:190} INFO - [2026-03-23T19:08:15.366+0000] {dag.py:4180} INFO - Setting next_dagrun for dataset_s3_bucket_producer_with_no_taskflow to None, run_after=None
[2026-03-23T19:08:15.991+0000] {processor.py:208} INFO - Processing /home/airflow/.local/lib/python3.12/site-packages/airflow/example_dags/example_dataset_alias_with_no_taskflow.py took 4.690 seconds
[2026-03-23T19:08:51.136+0000] {processor.py:186} INFO - Started process (PID=575) to work on /home/airflow/.local/lib/python3.12/site-packages/airflow/example_dags/example_dataset_alias_with_no_taskflow.py
[2026-03-23T19:08:51.138+0000] {processor.py:914} INFO - Processing file /home/airflow/.local/lib/python3.12/site-packages/airflow/example_dags/example_dataset_alias_with_no_taskflow.py for tasks to queue
[2026-03-23T19:08:51.141+0000] {logging_mixin.py:190} INFO - [2026-03-23T19:08:51.140+0000] {dagbag.py:588} INFO - Filling up the DagBag from /home/airflow/.local/lib/python3.12/site-packages/airflow/example_dags/example_dataset_alias_with_no_taskflow.py
[2026-03-23T19:08:53.726+0000] {processor.py:925} INFO - DAG(s) 'dataset_s3_bucket_consumer_with_no_taskflow', 'dataset_alias_example_alias_producer_with_no_taskflow', 'dataset_alias_example_alias_consumer_with_no_taskflow', 'dataset_s3_bucket_producer_with_no_taskflow' retrieved from /home/airflow/.local/lib/python3.12/site-packages/airflow/example_dags/example_dataset_alias_with_no_taskflow.py
[2026-03-23T19:08:53.753+0000] {logging_mixin.py:190} INFO - [2026-03-23T19:08:53.753+0000] {dag.py:3239} INFO - Sync 4 DAGs
[2026-03-23T19:08:53.801+0000] {logging_mixin.py:190} INFO - [2026-03-23T19:08:53.800+0000] {dag.py:4180} INFO - Setting next_dagrun for dataset_alias_example_alias_consumer_with_no_taskflow to None, run_after=None
[2026-03-23T19:08:53.806+0000] {logging_mixin.py:190} INFO - [2026-03-23T19:08:53.806+0000] {dag.py:4180} INFO - Setting next_dagrun for dataset_alias_example_alias_producer_with_no_taskflow to None, run_after=None
[2026-03-23T19:08:53.815+0000] {logging_mixin.py:190} INFO - [2026-03-23T19:08:53.813+0000] {dag.py:4180} INFO - Setting next_dagrun for dataset_s3_bucket_consumer_with_no_taskflow to None, run_after=None
[2026-03-23T19:08:53.819+0000] {logging_mixin.py:190} INFO - [2026-03-23T19:08:53.818+0000] {dag.py:4180} INFO - Setting next_dagrun for dataset_s3_bucket_producer_with_no_taskflow to None, run_after=None
[2026-03-23T19:08:53.853+0000] {processor.py:208} INFO - Processing /home/airflow/.local/lib/python3.12/site-packages/airflow/example_dags/example_dataset_alias_with_no_taskflow.py took 2.727 seconds
[2026-03-23T19:09:24.981+0000] {processor.py:186} INFO - Started process (PID=640) to work on /home/airflow/.local/lib/python3.12/site-packages/airflow/example_dags/example_dataset_alias_with_no_taskflow.py
[2026-03-23T19:09:24.986+0000] {processor.py:914} INFO - Processing file /home/airflow/.local/lib/python3.12/site-packages/airflow/example_dags/example_dataset_alias_with_no_taskflow.py for tasks to queue
[2026-03-23T19:09:25.004+0000] {logging_mixin.py:190} INFO - [2026-03-23T19:09:25.003+0000] {dagbag.py:588} INFO - Filling up the DagBag from /home/airflow/.local/lib/python3.12/site-packages/airflow/example_dags/example_dataset_alias_with_no_taskflow.py
[2026-03-23T19:09:29.561+0000] {processor.py:925} INFO - DAG(s) 'dataset_alias_example_alias_consumer_with_no_taskflow', 'dataset_s3_bucket_producer_with_no_taskflow', 'dataset_s3_bucket_consumer_with_no_taskflow', 'dataset_alias_example_alias_producer_with_no_taskflow' retrieved from /home/airflow/.local/lib/python3.12/site-packages/airflow/example_dags/example_dataset_alias_with_no_taskflow.py
[2026-03-23T19:09:29.607+0000] {logging_mixin.py:190} INFO - [2026-03-23T19:09:29.606+0000] {dag.py:3239} INFO - Sync 4 DAGs
[2026-03-23T19:09:29.664+0000] {logging_mixin.py:190} INFO - [2026-03-23T19:09:29.663+0000] {dag.py:4180} INFO - Setting next_dagrun for dataset_alias_example_alias_consumer_with_no_taskflow to None, run_after=None
[2026-03-23T19:09:29.675+0000] {logging_mixin.py:190} INFO - [2026-03-23T19:09:29.675+0000] {dag.py:4180} INFO - Setting next_dagrun for dataset_alias_example_alias_producer_with_no_taskflow to None, run_after=None
[2026-03-23T19:09:29.677+0000] {logging_mixin.py:190} INFO - [2026-03-23T19:09:29.677+0000] {dag.py:4180} INFO - Setting next_dagrun for dataset_s3_bucket_consumer_with_no_taskflow to None, run_after=None
[2026-03-23T19:09:29.679+0000] {logging_mixin.py:190} INFO - [2026-03-23T19:09:29.679+0000] {dag.py:4180} INFO - Setting next_dagrun for dataset_s3_bucket_producer_with_no_taskflow to None, run_after=None
[2026-03-23T19:09:29.771+0000] {processor.py:208} INFO - Processing /home/airflow/.local/lib/python3.12/site-packages/airflow/example_dags/example_dataset_alias_with_no_taskflow.py took 4.833 seconds
[2026-03-23T19:10:00.022+0000] {processor.py:186} INFO - Started process (PID=709) to work on /home/airflow/.local/lib/python3.12/site-packages/airflow/example_dags/example_dataset_alias_with_no_taskflow.py
[2026-03-23T19:10:00.027+0000] {processor.py:914} INFO - Processing file /home/airflow/.local/lib/python3.12/site-packages/airflow/example_dags/example_dataset_alias_with_no_taskflow.py for tasks to queue
[2026-03-23T19:10:00.031+0000] {logging_mixin.py:190} INFO - [2026-03-23T19:10:00.031+0000] {dagbag.py:588} INFO - Filling up the DagBag from /home/airflow/.local/lib/python3.12/site-packages/airflow/example_dags/example_dataset_alias_with_no_taskflow.py
[2026-03-23T19:10:02.404+0000] {processor.py:925} INFO - DAG(s) 'dataset_alias_example_alias_consumer_with_no_taskflow', 'dataset_alias_example_alias_producer_with_no_taskflow', 'dataset_s3_bucket_consumer_with_no_taskflow', 'dataset_s3_bucket_producer_with_no_taskflow' retrieved from /home/airflow/.local/lib/python3.12/site-packages/airflow/example_dags/example_dataset_alias_with_no_taskflow.py
[2026-03-23T19:10:02.450+0000] {logging_mixin.py:190} INFO - [2026-03-23T19:10:02.449+0000] {dag.py:3239} INFO - Sync 4 DAGs
[2026-03-23T19:10:02.486+0000] {logging_mixin.py:190} INFO - [2026-03-23T19:10:02.486+0000] {dag.py:4180} INFO - Setting next_dagrun for dataset_alias_example_alias_consumer_with_no_taskflow to None, run_after=None
[2026-03-23T19:10:02.503+0000] {logging_mixin.py:190} INFO - [2026-03-23T19:10:02.503+0000] {dag.py:4180} INFO - Setting next_dagrun for dataset_alias_example_alias_producer_with_no_taskflow to None, run_after=None
[2026-03-23T19:10:02.505+0000] {logging_mixin.py:190} INFO - [2026-03-23T19:10:02.505+0000] {dag.py:4180} INFO - Setting next_dagrun for dataset_s3_bucket_consumer_with_no_taskflow to None, run_after=None
[2026-03-23T19:10:02.509+0000] {logging_mixin.py:190} INFO - [2026-03-23T19:10:02.509+0000] {dag.py:4180} INFO - Setting next_dagrun for dataset_s3_bucket_producer_with_no_taskflow to None, run_after=None
[2026-03-23T19:10:02.547+0000] {processor.py:208} INFO - Processing /home/airflow/.local/lib/python3.12/site-packages/airflow/example_dags/example_dataset_alias_with_no_taskflow.py took 2.539 seconds
[2026-03-23T19:10:33.009+0000] {processor.py:186} INFO - Started process (PID=773) to work on /home/airflow/.local/lib/python3.12/site-packages/airflow/example_dags/example_dataset_alias_with_no_taskflow.py
[2026-03-23T19:10:33.018+0000] {processor.py:914} INFO - Processing file /home/airflow/.local/lib/python3.12/site-packages/airflow/example_dags/example_dataset_alias_with_no_taskflow.py for tasks to queue
[2026-03-23T19:10:33.028+0000] {logging_mixin.py:190} INFO - [2026-03-23T19:10:33.028+0000] {dagbag.py:588} INFO - Filling up the DagBag from /home/airflow/.local/lib/python3.12/site-packages/airflow/example_dags/example_dataset_alias_with_no_taskflow.py
