[2026-03-23T19:04:36.609+0000] {processor.py:186} INFO - Started process (PID=80) to work on /home/airflow/.local/lib/python3.12/site-packages/airflow/example_dags/example_kubernetes_executor.py
[2026-03-23T19:04:36.611+0000] {processor.py:914} INFO - Processing file /home/airflow/.local/lib/python3.12/site-packages/airflow/example_dags/example_kubernetes_executor.py for tasks to queue
[2026-03-23T19:04:36.617+0000] {logging_mixin.py:190} INFO - [2026-03-23T19:04:36.616+0000] {dagbag.py:588} INFO - Filling up the DagBag from /home/airflow/.local/lib/python3.12/site-packages/airflow/example_dags/example_kubernetes_executor.py
[2026-03-23T19:04:36.684+0000] {processor.py:925} INFO - DAG(s) 'example_kubernetes_executor' retrieved from /home/airflow/.local/lib/python3.12/site-packages/airflow/example_dags/example_kubernetes_executor.py
[2026-03-23T19:04:37.132+0000] {logging_mixin.py:190} INFO - [2026-03-23T19:04:37.110+0000] {override.py:1911} INFO - Created Permission View: can edit on DAG:example_kubernetes_executor
[2026-03-23T19:04:37.162+0000] {logging_mixin.py:190} INFO - [2026-03-23T19:04:37.161+0000] {override.py:1911} INFO - Created Permission View: can read on DAG:example_kubernetes_executor
[2026-03-23T19:04:37.350+0000] {logging_mixin.py:190} INFO - [2026-03-23T19:04:37.348+0000] {override.py:1911} INFO - Created Permission View: can delete on DAG:example_kubernetes_executor
[2026-03-23T19:04:37.371+0000] {logging_mixin.py:190} INFO - [2026-03-23T19:04:37.370+0000] {override.py:1911} INFO - Created Permission View: menu access on DAG Run:example_kubernetes_executor
[2026-03-23T19:04:37.406+0000] {logging_mixin.py:190} INFO - [2026-03-23T19:04:37.405+0000] {override.py:1911} INFO - Created Permission View: can read on DAG Run:example_kubernetes_executor
[2026-03-23T19:04:37.471+0000] {logging_mixin.py:190} INFO - [2026-03-23T19:04:37.469+0000] {override.py:1911} INFO - Created Permission View: can create on DAG Run:example_kubernetes_executor
[2026-03-23T19:04:37.715+0000] {logging_mixin.py:190} INFO - [2026-03-23T19:04:37.676+0000] {override.py:1911} INFO - Created Permission View: can delete on DAG Run:example_kubernetes_executor
[2026-03-23T19:04:37.759+0000] {logging_mixin.py:190} INFO - [2026-03-23T19:04:37.758+0000] {dag.py:3239} INFO - Sync 1 DAGs
[2026-03-23T19:04:37.876+0000] {logging_mixin.py:190} INFO - [2026-03-23T19:04:37.874+0000] {dag.py:3262} INFO - Creating ORM DAG for example_kubernetes_executor
[2026-03-23T19:04:37.878+0000] {logging_mixin.py:190} INFO - [2026-03-23T19:04:37.878+0000] {dag.py:4180} INFO - Setting next_dagrun for example_kubernetes_executor to None, run_after=None
[2026-03-23T19:04:37.937+0000] {processor.py:208} INFO - Processing /home/airflow/.local/lib/python3.12/site-packages/airflow/example_dags/example_kubernetes_executor.py took 1.340 seconds
[2026-03-23T19:05:08.249+0000] {processor.py:186} INFO - Started process (PID=144) to work on /home/airflow/.local/lib/python3.12/site-packages/airflow/example_dags/example_kubernetes_executor.py
[2026-03-23T19:05:08.257+0000] {processor.py:914} INFO - Processing file /home/airflow/.local/lib/python3.12/site-packages/airflow/example_dags/example_kubernetes_executor.py for tasks to queue
[2026-03-23T19:05:08.275+0000] {logging_mixin.py:190} INFO - [2026-03-23T19:05:08.266+0000] {dagbag.py:588} INFO - Filling up the DagBag from /home/airflow/.local/lib/python3.12/site-packages/airflow/example_dags/example_kubernetes_executor.py
[2026-03-23T19:05:08.308+0000] {processor.py:925} INFO - DAG(s) 'example_kubernetes_executor' retrieved from /home/airflow/.local/lib/python3.12/site-packages/airflow/example_dags/example_kubernetes_executor.py
[2026-03-23T19:05:08.379+0000] {logging_mixin.py:190} INFO - [2026-03-23T19:05:08.378+0000] {dag.py:3239} INFO - Sync 1 DAGs
[2026-03-23T19:05:08.403+0000] {logging_mixin.py:190} INFO - [2026-03-23T19:05:08.403+0000] {dag.py:4180} INFO - Setting next_dagrun for example_kubernetes_executor to None, run_after=None
[2026-03-23T19:05:08.427+0000] {processor.py:208} INFO - Processing /home/airflow/.local/lib/python3.12/site-packages/airflow/example_dags/example_kubernetes_executor.py took 0.207 seconds
[2026-03-23T19:05:38.480+0000] {processor.py:186} INFO - Started process (PID=208) to work on /home/airflow/.local/lib/python3.12/site-packages/airflow/example_dags/example_kubernetes_executor.py
[2026-03-23T19:05:38.482+0000] {processor.py:914} INFO - Processing file /home/airflow/.local/lib/python3.12/site-packages/airflow/example_dags/example_kubernetes_executor.py for tasks to queue
[2026-03-23T19:05:38.485+0000] {logging_mixin.py:190} INFO - [2026-03-23T19:05:38.485+0000] {dagbag.py:588} INFO - Filling up the DagBag from /home/airflow/.local/lib/python3.12/site-packages/airflow/example_dags/example_kubernetes_executor.py
[2026-03-23T19:05:38.502+0000] {processor.py:925} INFO - DAG(s) 'example_kubernetes_executor' retrieved from /home/airflow/.local/lib/python3.12/site-packages/airflow/example_dags/example_kubernetes_executor.py
[2026-03-23T19:05:38.524+0000] {logging_mixin.py:190} INFO - [2026-03-23T19:05:38.524+0000] {dag.py:3239} INFO - Sync 1 DAGs
[2026-03-23T19:05:38.532+0000] {logging_mixin.py:190} INFO - [2026-03-23T19:05:38.532+0000] {dag.py:4180} INFO - Setting next_dagrun for example_kubernetes_executor to None, run_after=None
[2026-03-23T19:05:38.541+0000] {processor.py:208} INFO - Processing /home/airflow/.local/lib/python3.12/site-packages/airflow/example_dags/example_kubernetes_executor.py took 0.069 seconds
[2026-03-23T19:06:09.209+0000] {processor.py:186} INFO - Started process (PID=272) to work on /home/airflow/.local/lib/python3.12/site-packages/airflow/example_dags/example_kubernetes_executor.py
[2026-03-23T19:06:09.214+0000] {processor.py:914} INFO - Processing file /home/airflow/.local/lib/python3.12/site-packages/airflow/example_dags/example_kubernetes_executor.py for tasks to queue
[2026-03-23T19:06:09.227+0000] {logging_mixin.py:190} INFO - [2026-03-23T19:06:09.227+0000] {dagbag.py:588} INFO - Filling up the DagBag from /home/airflow/.local/lib/python3.12/site-packages/airflow/example_dags/example_kubernetes_executor.py
[2026-03-23T19:06:09.265+0000] {processor.py:925} INFO - DAG(s) 'example_kubernetes_executor' retrieved from /home/airflow/.local/lib/python3.12/site-packages/airflow/example_dags/example_kubernetes_executor.py
[2026-03-23T19:06:09.307+0000] {logging_mixin.py:190} INFO - [2026-03-23T19:06:09.307+0000] {dag.py:3239} INFO - Sync 1 DAGs
[2026-03-23T19:06:09.332+0000] {logging_mixin.py:190} INFO - [2026-03-23T19:06:09.331+0000] {dag.py:4180} INFO - Setting next_dagrun for example_kubernetes_executor to None, run_after=None
[2026-03-23T19:06:09.399+0000] {processor.py:208} INFO - Processing /home/airflow/.local/lib/python3.12/site-packages/airflow/example_dags/example_kubernetes_executor.py took 0.212 seconds
[2026-03-23T19:06:40.183+0000] {processor.py:186} INFO - Started process (PID=336) to work on /home/airflow/.local/lib/python3.12/site-packages/airflow/example_dags/example_kubernetes_executor.py
[2026-03-23T19:06:40.186+0000] {processor.py:914} INFO - Processing file /home/airflow/.local/lib/python3.12/site-packages/airflow/example_dags/example_kubernetes_executor.py for tasks to queue
[2026-03-23T19:06:40.197+0000] {logging_mixin.py:190} INFO - [2026-03-23T19:06:40.196+0000] {dagbag.py:588} INFO - Filling up the DagBag from /home/airflow/.local/lib/python3.12/site-packages/airflow/example_dags/example_kubernetes_executor.py
[2026-03-23T19:06:40.235+0000] {processor.py:925} INFO - DAG(s) 'example_kubernetes_executor' retrieved from /home/airflow/.local/lib/python3.12/site-packages/airflow/example_dags/example_kubernetes_executor.py
[2026-03-23T19:06:40.271+0000] {logging_mixin.py:190} INFO - [2026-03-23T19:06:40.271+0000] {dag.py:3239} INFO - Sync 1 DAGs
[2026-03-23T19:06:40.289+0000] {logging_mixin.py:190} INFO - [2026-03-23T19:06:40.288+0000] {dag.py:4180} INFO - Setting next_dagrun for example_kubernetes_executor to None, run_after=None
[2026-03-23T19:06:40.309+0000] {processor.py:208} INFO - Processing /home/airflow/.local/lib/python3.12/site-packages/airflow/example_dags/example_kubernetes_executor.py took 0.144 seconds
[2026-03-23T19:07:22.750+0000] {processor.py:186} INFO - Started process (PID=406) to work on /home/airflow/.local/lib/python3.12/site-packages/airflow/example_dags/example_kubernetes_executor.py
[2026-03-23T19:07:22.756+0000] {processor.py:914} INFO - Processing file /home/airflow/.local/lib/python3.12/site-packages/airflow/example_dags/example_kubernetes_executor.py for tasks to queue
[2026-03-23T19:07:22.763+0000] {logging_mixin.py:190} INFO - [2026-03-23T19:07:22.762+0000] {dagbag.py:588} INFO - Filling up the DagBag from /home/airflow/.local/lib/python3.12/site-packages/airflow/example_dags/example_kubernetes_executor.py
[2026-03-23T19:07:22.835+0000] {processor.py:925} INFO - DAG(s) 'example_kubernetes_executor' retrieved from /home/airflow/.local/lib/python3.12/site-packages/airflow/example_dags/example_kubernetes_executor.py
[2026-03-23T19:07:22.922+0000] {logging_mixin.py:190} INFO - [2026-03-23T19:07:22.922+0000] {dag.py:3239} INFO - Sync 1 DAGs
[2026-03-23T19:07:22.951+0000] {logging_mixin.py:190} INFO - [2026-03-23T19:07:22.946+0000] {dag.py:4180} INFO - Setting next_dagrun for example_kubernetes_executor to None, run_after=None
[2026-03-23T19:07:23.021+0000] {processor.py:208} INFO - Processing /home/airflow/.local/lib/python3.12/site-packages/airflow/example_dags/example_kubernetes_executor.py took 0.309 seconds
[2026-03-23T19:07:57.398+0000] {processor.py:186} INFO - Started process (PID=470) to work on /home/airflow/.local/lib/python3.12/site-packages/airflow/example_dags/example_kubernetes_executor.py
[2026-03-23T19:07:57.409+0000] {processor.py:914} INFO - Processing file /home/airflow/.local/lib/python3.12/site-packages/airflow/example_dags/example_kubernetes_executor.py for tasks to queue
[2026-03-23T19:07:57.429+0000] {logging_mixin.py:190} INFO - [2026-03-23T19:07:57.426+0000] {dagbag.py:588} INFO - Filling up the DagBag from /home/airflow/.local/lib/python3.12/site-packages/airflow/example_dags/example_kubernetes_executor.py
[2026-03-23T19:07:57.503+0000] {processor.py:925} INFO - DAG(s) 'example_kubernetes_executor' retrieved from /home/airflow/.local/lib/python3.12/site-packages/airflow/example_dags/example_kubernetes_executor.py
[2026-03-23T19:07:57.630+0000] {logging_mixin.py:190} INFO - [2026-03-23T19:07:57.630+0000] {dag.py:3239} INFO - Sync 1 DAGs
[2026-03-23T19:07:57.704+0000] {logging_mixin.py:190} INFO - [2026-03-23T19:07:57.703+0000] {dag.py:4180} INFO - Setting next_dagrun for example_kubernetes_executor to None, run_after=None
[2026-03-23T19:07:57.809+0000] {processor.py:208} INFO - Processing /home/airflow/.local/lib/python3.12/site-packages/airflow/example_dags/example_kubernetes_executor.py took 0.435 seconds
[2026-03-23T19:08:36.410+0000] {processor.py:186} INFO - Started process (PID=534) to work on /home/airflow/.local/lib/python3.12/site-packages/airflow/example_dags/example_kubernetes_executor.py
[2026-03-23T19:08:36.412+0000] {processor.py:914} INFO - Processing file /home/airflow/.local/lib/python3.12/site-packages/airflow/example_dags/example_kubernetes_executor.py for tasks to queue
[2026-03-23T19:08:36.431+0000] {logging_mixin.py:190} INFO - [2026-03-23T19:08:36.430+0000] {dagbag.py:588} INFO - Filling up the DagBag from /home/airflow/.local/lib/python3.12/site-packages/airflow/example_dags/example_kubernetes_executor.py
[2026-03-23T19:08:36.509+0000] {processor.py:925} INFO - DAG(s) 'example_kubernetes_executor' retrieved from /home/airflow/.local/lib/python3.12/site-packages/airflow/example_dags/example_kubernetes_executor.py
[2026-03-23T19:08:36.741+0000] {logging_mixin.py:190} INFO - [2026-03-23T19:08:36.739+0000] {dag.py:3239} INFO - Sync 1 DAGs
[2026-03-23T19:08:36.845+0000] {logging_mixin.py:190} INFO - [2026-03-23T19:08:36.844+0000] {dag.py:4180} INFO - Setting next_dagrun for example_kubernetes_executor to None, run_after=None
[2026-03-23T19:08:36.995+0000] {processor.py:208} INFO - Processing /home/airflow/.local/lib/python3.12/site-packages/airflow/example_dags/example_kubernetes_executor.py took 0.613 seconds
[2026-03-23T19:09:12.740+0000] {processor.py:186} INFO - Started process (PID=598) to work on /home/airflow/.local/lib/python3.12/site-packages/airflow/example_dags/example_kubernetes_executor.py
[2026-03-23T19:09:12.754+0000] {processor.py:914} INFO - Processing file /home/airflow/.local/lib/python3.12/site-packages/airflow/example_dags/example_kubernetes_executor.py for tasks to queue
[2026-03-23T19:09:12.760+0000] {logging_mixin.py:190} INFO - [2026-03-23T19:09:12.760+0000] {dagbag.py:588} INFO - Filling up the DagBag from /home/airflow/.local/lib/python3.12/site-packages/airflow/example_dags/example_kubernetes_executor.py
[2026-03-23T19:09:12.932+0000] {processor.py:925} INFO - DAG(s) 'example_kubernetes_executor' retrieved from /home/airflow/.local/lib/python3.12/site-packages/airflow/example_dags/example_kubernetes_executor.py
[2026-03-23T19:09:13.068+0000] {logging_mixin.py:190} INFO - [2026-03-23T19:09:13.067+0000] {dag.py:3239} INFO - Sync 1 DAGs
[2026-03-23T19:09:13.092+0000] {logging_mixin.py:190} INFO - [2026-03-23T19:09:13.092+0000] {dag.py:4180} INFO - Setting next_dagrun for example_kubernetes_executor to None, run_after=None
[2026-03-23T19:09:13.149+0000] {processor.py:208} INFO - Processing /home/airflow/.local/lib/python3.12/site-packages/airflow/example_dags/example_kubernetes_executor.py took 0.448 seconds
[2026-03-23T19:09:43.505+0000] {processor.py:186} INFO - Started process (PID=662) to work on /home/airflow/.local/lib/python3.12/site-packages/airflow/example_dags/example_kubernetes_executor.py
[2026-03-23T19:09:43.510+0000] {processor.py:914} INFO - Processing file /home/airflow/.local/lib/python3.12/site-packages/airflow/example_dags/example_kubernetes_executor.py for tasks to queue
[2026-03-23T19:09:43.519+0000] {logging_mixin.py:190} INFO - [2026-03-23T19:09:43.518+0000] {dagbag.py:588} INFO - Filling up the DagBag from /home/airflow/.local/lib/python3.12/site-packages/airflow/example_dags/example_kubernetes_executor.py
[2026-03-23T19:09:43.541+0000] {processor.py:925} INFO - DAG(s) 'example_kubernetes_executor' retrieved from /home/airflow/.local/lib/python3.12/site-packages/airflow/example_dags/example_kubernetes_executor.py
[2026-03-23T19:09:43.584+0000] {logging_mixin.py:190} INFO - [2026-03-23T19:09:43.584+0000] {dag.py:3239} INFO - Sync 1 DAGs
[2026-03-23T19:09:43.610+0000] {logging_mixin.py:190} INFO - [2026-03-23T19:09:43.610+0000] {dag.py:4180} INFO - Setting next_dagrun for example_kubernetes_executor to None, run_after=None
[2026-03-23T19:09:43.653+0000] {processor.py:208} INFO - Processing /home/airflow/.local/lib/python3.12/site-packages/airflow/example_dags/example_kubernetes_executor.py took 0.181 seconds
[2026-03-23T19:10:14.222+0000] {processor.py:186} INFO - Started process (PID=726) to work on /home/airflow/.local/lib/python3.12/site-packages/airflow/example_dags/example_kubernetes_executor.py
[2026-03-23T19:10:14.228+0000] {processor.py:914} INFO - Processing file /home/airflow/.local/lib/python3.12/site-packages/airflow/example_dags/example_kubernetes_executor.py for tasks to queue
[2026-03-23T19:10:14.237+0000] {logging_mixin.py:190} INFO - [2026-03-23T19:10:14.236+0000] {dagbag.py:588} INFO - Filling up the DagBag from /home/airflow/.local/lib/python3.12/site-packages/airflow/example_dags/example_kubernetes_executor.py
[2026-03-23T19:10:14.326+0000] {processor.py:925} INFO - DAG(s) 'example_kubernetes_executor' retrieved from /home/airflow/.local/lib/python3.12/site-packages/airflow/example_dags/example_kubernetes_executor.py
[2026-03-23T19:10:14.403+0000] {logging_mixin.py:190} INFO - [2026-03-23T19:10:14.402+0000] {dag.py:3239} INFO - Sync 1 DAGs
[2026-03-23T19:10:14.432+0000] {logging_mixin.py:190} INFO - [2026-03-23T19:10:14.431+0000] {dag.py:4180} INFO - Setting next_dagrun for example_kubernetes_executor to None, run_after=None
[2026-03-23T19:10:14.503+0000] {processor.py:208} INFO - Processing /home/airflow/.local/lib/python3.12/site-packages/airflow/example_dags/example_kubernetes_executor.py took 0.297 seconds
