[2026-03-23T19:04:42.226+0000] {processor.py:186} INFO - Started process (PID=95) to work on /home/airflow/.local/lib/python3.12/site-packages/airflow/example_dags/example_short_circuit_operator.py
[2026-03-23T19:04:42.230+0000] {processor.py:914} INFO - Processing file /home/airflow/.local/lib/python3.12/site-packages/airflow/example_dags/example_short_circuit_operator.py for tasks to queue
[2026-03-23T19:04:42.245+0000] {logging_mixin.py:190} INFO - [2026-03-23T19:04:42.244+0000] {dagbag.py:588} INFO - Filling up the DagBag from /home/airflow/.local/lib/python3.12/site-packages/airflow/example_dags/example_short_circuit_operator.py
[2026-03-23T19:04:42.310+0000] {processor.py:925} INFO - DAG(s) 'example_short_circuit_operator' retrieved from /home/airflow/.local/lib/python3.12/site-packages/airflow/example_dags/example_short_circuit_operator.py
[2026-03-23T19:04:42.809+0000] {logging_mixin.py:190} INFO - [2026-03-23T19:04:42.801+0000] {override.py:1911} INFO - Created Permission View: can edit on DAG:example_short_circuit_operator
[2026-03-23T19:04:42.829+0000] {logging_mixin.py:190} INFO - [2026-03-23T19:04:42.829+0000] {override.py:1911} INFO - Created Permission View: can read on DAG:example_short_circuit_operator
[2026-03-23T19:04:42.838+0000] {logging_mixin.py:190} INFO - [2026-03-23T19:04:42.838+0000] {override.py:1911} INFO - Created Permission View: can delete on DAG:example_short_circuit_operator
[2026-03-23T19:04:42.844+0000] {logging_mixin.py:190} INFO - [2026-03-23T19:04:42.843+0000] {override.py:1911} INFO - Created Permission View: menu access on DAG Run:example_short_circuit_operator
[2026-03-23T19:04:42.852+0000] {logging_mixin.py:190} INFO - [2026-03-23T19:04:42.851+0000] {override.py:1911} INFO - Created Permission View: can read on DAG Run:example_short_circuit_operator
[2026-03-23T19:04:42.868+0000] {logging_mixin.py:190} INFO - [2026-03-23T19:04:42.867+0000] {override.py:1911} INFO - Created Permission View: can create on DAG Run:example_short_circuit_operator
[2026-03-23T19:04:42.882+0000] {logging_mixin.py:190} INFO - [2026-03-23T19:04:42.881+0000] {override.py:1911} INFO - Created Permission View: can delete on DAG Run:example_short_circuit_operator
[2026-03-23T19:04:42.886+0000] {logging_mixin.py:190} INFO - [2026-03-23T19:04:42.886+0000] {dag.py:3239} INFO - Sync 1 DAGs
[2026-03-23T19:04:42.945+0000] {logging_mixin.py:190} INFO - [2026-03-23T19:04:42.944+0000] {dag.py:3262} INFO - Creating ORM DAG for example_short_circuit_operator
[2026-03-23T19:04:42.948+0000] {logging_mixin.py:190} INFO - [2026-03-23T19:04:42.948+0000] {dag.py:4180} INFO - Setting next_dagrun for example_short_circuit_operator to None, run_after=None
[2026-03-23T19:04:43.005+0000] {processor.py:208} INFO - Processing /home/airflow/.local/lib/python3.12/site-packages/airflow/example_dags/example_short_circuit_operator.py took 0.805 seconds
[2026-03-23T19:05:13.264+0000] {processor.py:186} INFO - Started process (PID=158) to work on /home/airflow/.local/lib/python3.12/site-packages/airflow/example_dags/example_short_circuit_operator.py
[2026-03-23T19:05:13.266+0000] {processor.py:914} INFO - Processing file /home/airflow/.local/lib/python3.12/site-packages/airflow/example_dags/example_short_circuit_operator.py for tasks to queue
[2026-03-23T19:05:13.271+0000] {logging_mixin.py:190} INFO - [2026-03-23T19:05:13.270+0000] {dagbag.py:588} INFO - Filling up the DagBag from /home/airflow/.local/lib/python3.12/site-packages/airflow/example_dags/example_short_circuit_operator.py
[2026-03-23T19:05:13.288+0000] {processor.py:925} INFO - DAG(s) 'example_short_circuit_operator' retrieved from /home/airflow/.local/lib/python3.12/site-packages/airflow/example_dags/example_short_circuit_operator.py
[2026-03-23T19:05:13.315+0000] {logging_mixin.py:190} INFO - [2026-03-23T19:05:13.315+0000] {dag.py:3239} INFO - Sync 1 DAGs
[2026-03-23T19:05:13.328+0000] {logging_mixin.py:190} INFO - [2026-03-23T19:05:13.328+0000] {dag.py:4180} INFO - Setting next_dagrun for example_short_circuit_operator to None, run_after=None
[2026-03-23T19:05:13.340+0000] {processor.py:208} INFO - Processing /home/airflow/.local/lib/python3.12/site-packages/airflow/example_dags/example_short_circuit_operator.py took 0.092 seconds
[2026-03-23T19:05:44.004+0000] {processor.py:186} INFO - Started process (PID=222) to work on /home/airflow/.local/lib/python3.12/site-packages/airflow/example_dags/example_short_circuit_operator.py
[2026-03-23T19:05:44.004+0000] {processor.py:914} INFO - Processing file /home/airflow/.local/lib/python3.12/site-packages/airflow/example_dags/example_short_circuit_operator.py for tasks to queue
[2026-03-23T19:05:44.007+0000] {logging_mixin.py:190} INFO - [2026-03-23T19:05:44.007+0000] {dagbag.py:588} INFO - Filling up the DagBag from /home/airflow/.local/lib/python3.12/site-packages/airflow/example_dags/example_short_circuit_operator.py
[2026-03-23T19:05:44.014+0000] {processor.py:925} INFO - DAG(s) 'example_short_circuit_operator' retrieved from /home/airflow/.local/lib/python3.12/site-packages/airflow/example_dags/example_short_circuit_operator.py
[2026-03-23T19:05:44.035+0000] {logging_mixin.py:190} INFO - [2026-03-23T19:05:44.035+0000] {dag.py:3239} INFO - Sync 1 DAGs
[2026-03-23T19:05:44.048+0000] {logging_mixin.py:190} INFO - [2026-03-23T19:05:44.047+0000] {dag.py:4180} INFO - Setting next_dagrun for example_short_circuit_operator to None, run_after=None
[2026-03-23T19:05:44.063+0000] {processor.py:208} INFO - Processing /home/airflow/.local/lib/python3.12/site-packages/airflow/example_dags/example_short_circuit_operator.py took 0.065 seconds
[2026-03-23T19:06:14.297+0000] {processor.py:186} INFO - Started process (PID=286) to work on /home/airflow/.local/lib/python3.12/site-packages/airflow/example_dags/example_short_circuit_operator.py
[2026-03-23T19:06:14.299+0000] {processor.py:914} INFO - Processing file /home/airflow/.local/lib/python3.12/site-packages/airflow/example_dags/example_short_circuit_operator.py for tasks to queue
[2026-03-23T19:06:14.301+0000] {logging_mixin.py:190} INFO - [2026-03-23T19:06:14.300+0000] {dagbag.py:588} INFO - Filling up the DagBag from /home/airflow/.local/lib/python3.12/site-packages/airflow/example_dags/example_short_circuit_operator.py
[2026-03-23T19:06:14.307+0000] {processor.py:925} INFO - DAG(s) 'example_short_circuit_operator' retrieved from /home/airflow/.local/lib/python3.12/site-packages/airflow/example_dags/example_short_circuit_operator.py
[2026-03-23T19:06:14.325+0000] {logging_mixin.py:190} INFO - [2026-03-23T19:06:14.325+0000] {dag.py:3239} INFO - Sync 1 DAGs
[2026-03-23T19:06:14.336+0000] {logging_mixin.py:190} INFO - [2026-03-23T19:06:14.335+0000] {dag.py:4180} INFO - Setting next_dagrun for example_short_circuit_operator to None, run_after=None
[2026-03-23T19:06:14.347+0000] {processor.py:208} INFO - Processing /home/airflow/.local/lib/python3.12/site-packages/airflow/example_dags/example_short_circuit_operator.py took 0.055 seconds
[2026-03-23T19:06:44.927+0000] {processor.py:186} INFO - Started process (PID=350) to work on /home/airflow/.local/lib/python3.12/site-packages/airflow/example_dags/example_short_circuit_operator.py
[2026-03-23T19:06:44.928+0000] {processor.py:914} INFO - Processing file /home/airflow/.local/lib/python3.12/site-packages/airflow/example_dags/example_short_circuit_operator.py for tasks to queue
[2026-03-23T19:06:44.930+0000] {logging_mixin.py:190} INFO - [2026-03-23T19:06:44.929+0000] {dagbag.py:588} INFO - Filling up the DagBag from /home/airflow/.local/lib/python3.12/site-packages/airflow/example_dags/example_short_circuit_operator.py
[2026-03-23T19:06:44.935+0000] {processor.py:925} INFO - DAG(s) 'example_short_circuit_operator' retrieved from /home/airflow/.local/lib/python3.12/site-packages/airflow/example_dags/example_short_circuit_operator.py
[2026-03-23T19:06:44.949+0000] {logging_mixin.py:190} INFO - [2026-03-23T19:06:44.949+0000] {dag.py:3239} INFO - Sync 1 DAGs
[2026-03-23T19:06:44.958+0000] {logging_mixin.py:190} INFO - [2026-03-23T19:06:44.958+0000] {dag.py:4180} INFO - Setting next_dagrun for example_short_circuit_operator to None, run_after=None
[2026-03-23T19:06:44.974+0000] {processor.py:208} INFO - Processing /home/airflow/.local/lib/python3.12/site-packages/airflow/example_dags/example_short_circuit_operator.py took 0.051 seconds
[2026-03-23T19:07:29.533+0000] {processor.py:186} INFO - Started process (PID=421) to work on /home/airflow/.local/lib/python3.12/site-packages/airflow/example_dags/example_short_circuit_operator.py
[2026-03-23T19:07:29.541+0000] {processor.py:914} INFO - Processing file /home/airflow/.local/lib/python3.12/site-packages/airflow/example_dags/example_short_circuit_operator.py for tasks to queue
[2026-03-23T19:07:29.578+0000] {logging_mixin.py:190} INFO - [2026-03-23T19:07:29.573+0000] {dagbag.py:588} INFO - Filling up the DagBag from /home/airflow/.local/lib/python3.12/site-packages/airflow/example_dags/example_short_circuit_operator.py
[2026-03-23T19:07:29.659+0000] {processor.py:925} INFO - DAG(s) 'example_short_circuit_operator' retrieved from /home/airflow/.local/lib/python3.12/site-packages/airflow/example_dags/example_short_circuit_operator.py
[2026-03-23T19:07:30.003+0000] {logging_mixin.py:190} INFO - [2026-03-23T19:07:29.990+0000] {dag.py:3239} INFO - Sync 1 DAGs
[2026-03-23T19:07:30.275+0000] {logging_mixin.py:190} INFO - [2026-03-23T19:07:30.272+0000] {dag.py:4180} INFO - Setting next_dagrun for example_short_circuit_operator to None, run_after=None
[2026-03-23T19:07:30.491+0000] {processor.py:208} INFO - Processing /home/airflow/.local/lib/python3.12/site-packages/airflow/example_dags/example_short_circuit_operator.py took 0.984 seconds
[2026-03-23T19:08:02.474+0000] {processor.py:186} INFO - Started process (PID=484) to work on /home/airflow/.local/lib/python3.12/site-packages/airflow/example_dags/example_short_circuit_operator.py
[2026-03-23T19:08:02.482+0000] {processor.py:914} INFO - Processing file /home/airflow/.local/lib/python3.12/site-packages/airflow/example_dags/example_short_circuit_operator.py for tasks to queue
[2026-03-23T19:08:02.491+0000] {logging_mixin.py:190} INFO - [2026-03-23T19:08:02.490+0000] {dagbag.py:588} INFO - Filling up the DagBag from /home/airflow/.local/lib/python3.12/site-packages/airflow/example_dags/example_short_circuit_operator.py
[2026-03-23T19:08:02.513+0000] {processor.py:925} INFO - DAG(s) 'example_short_circuit_operator' retrieved from /home/airflow/.local/lib/python3.12/site-packages/airflow/example_dags/example_short_circuit_operator.py
[2026-03-23T19:08:02.602+0000] {logging_mixin.py:190} INFO - [2026-03-23T19:08:02.601+0000] {dag.py:3239} INFO - Sync 1 DAGs
[2026-03-23T19:08:02.631+0000] {logging_mixin.py:190} INFO - [2026-03-23T19:08:02.630+0000] {dag.py:4180} INFO - Setting next_dagrun for example_short_circuit_operator to None, run_after=None
[2026-03-23T19:08:02.662+0000] {processor.py:208} INFO - Processing /home/airflow/.local/lib/python3.12/site-packages/airflow/example_dags/example_short_circuit_operator.py took 0.195 seconds
[2026-03-23T19:08:40.872+0000] {processor.py:186} INFO - Started process (PID=548) to work on /home/airflow/.local/lib/python3.12/site-packages/airflow/example_dags/example_short_circuit_operator.py
[2026-03-23T19:08:40.877+0000] {processor.py:914} INFO - Processing file /home/airflow/.local/lib/python3.12/site-packages/airflow/example_dags/example_short_circuit_operator.py for tasks to queue
[2026-03-23T19:08:40.886+0000] {logging_mixin.py:190} INFO - [2026-03-23T19:08:40.885+0000] {dagbag.py:588} INFO - Filling up the DagBag from /home/airflow/.local/lib/python3.12/site-packages/airflow/example_dags/example_short_circuit_operator.py
[2026-03-23T19:08:40.908+0000] {processor.py:925} INFO - DAG(s) 'example_short_circuit_operator' retrieved from /home/airflow/.local/lib/python3.12/site-packages/airflow/example_dags/example_short_circuit_operator.py
[2026-03-23T19:08:40.998+0000] {logging_mixin.py:190} INFO - [2026-03-23T19:08:40.996+0000] {dag.py:3239} INFO - Sync 1 DAGs
[2026-03-23T19:08:41.053+0000] {logging_mixin.py:190} INFO - [2026-03-23T19:08:41.052+0000] {dag.py:4180} INFO - Setting next_dagrun for example_short_circuit_operator to None, run_after=None
[2026-03-23T19:08:41.144+0000] {processor.py:208} INFO - Processing /home/airflow/.local/lib/python3.12/site-packages/airflow/example_dags/example_short_circuit_operator.py took 0.288 seconds
[2026-03-23T19:09:14.945+0000] {processor.py:186} INFO - Started process (PID=614) to work on /home/airflow/.local/lib/python3.12/site-packages/airflow/example_dags/example_short_circuit_operator.py
[2026-03-23T19:09:14.958+0000] {processor.py:914} INFO - Processing file /home/airflow/.local/lib/python3.12/site-packages/airflow/example_dags/example_short_circuit_operator.py for tasks to queue
[2026-03-23T19:09:14.962+0000] {logging_mixin.py:190} INFO - [2026-03-23T19:09:14.962+0000] {dagbag.py:588} INFO - Filling up the DagBag from /home/airflow/.local/lib/python3.12/site-packages/airflow/example_dags/example_short_circuit_operator.py
[2026-03-23T19:09:14.989+0000] {processor.py:925} INFO - DAG(s) 'example_short_circuit_operator' retrieved from /home/airflow/.local/lib/python3.12/site-packages/airflow/example_dags/example_short_circuit_operator.py
[2026-03-23T19:09:15.031+0000] {logging_mixin.py:190} INFO - [2026-03-23T19:09:15.030+0000] {dag.py:3239} INFO - Sync 1 DAGs
[2026-03-23T19:09:15.042+0000] {logging_mixin.py:190} INFO - [2026-03-23T19:09:15.042+0000] {dag.py:4180} INFO - Setting next_dagrun for example_short_circuit_operator to None, run_after=None
[2026-03-23T19:09:15.076+0000] {processor.py:208} INFO - Processing /home/airflow/.local/lib/python3.12/site-packages/airflow/example_dags/example_short_circuit_operator.py took 0.139 seconds
[2026-03-23T19:09:45.118+0000] {processor.py:186} INFO - Started process (PID=677) to work on /home/airflow/.local/lib/python3.12/site-packages/airflow/example_dags/example_short_circuit_operator.py
[2026-03-23T19:09:45.119+0000] {processor.py:914} INFO - Processing file /home/airflow/.local/lib/python3.12/site-packages/airflow/example_dags/example_short_circuit_operator.py for tasks to queue
[2026-03-23T19:09:45.121+0000] {logging_mixin.py:190} INFO - [2026-03-23T19:09:45.120+0000] {dagbag.py:588} INFO - Filling up the DagBag from /home/airflow/.local/lib/python3.12/site-packages/airflow/example_dags/example_short_circuit_operator.py
[2026-03-23T19:09:45.126+0000] {processor.py:925} INFO - DAG(s) 'example_short_circuit_operator' retrieved from /home/airflow/.local/lib/python3.12/site-packages/airflow/example_dags/example_short_circuit_operator.py
[2026-03-23T19:09:45.139+0000] {logging_mixin.py:190} INFO - [2026-03-23T19:09:45.139+0000] {dag.py:3239} INFO - Sync 1 DAGs
[2026-03-23T19:09:45.149+0000] {logging_mixin.py:190} INFO - [2026-03-23T19:09:45.148+0000] {dag.py:4180} INFO - Setting next_dagrun for example_short_circuit_operator to None, run_after=None
[2026-03-23T19:09:45.162+0000] {processor.py:208} INFO - Processing /home/airflow/.local/lib/python3.12/site-packages/airflow/example_dags/example_short_circuit_operator.py took 0.051 seconds
[2026-03-23T19:10:17.557+0000] {processor.py:186} INFO - Started process (PID=744) to work on /home/airflow/.local/lib/python3.12/site-packages/airflow/example_dags/example_short_circuit_operator.py
[2026-03-23T19:10:17.557+0000] {processor.py:914} INFO - Processing file /home/airflow/.local/lib/python3.12/site-packages/airflow/example_dags/example_short_circuit_operator.py for tasks to queue
[2026-03-23T19:10:17.560+0000] {logging_mixin.py:190} INFO - [2026-03-23T19:10:17.560+0000] {dagbag.py:588} INFO - Filling up the DagBag from /home/airflow/.local/lib/python3.12/site-packages/airflow/example_dags/example_short_circuit_operator.py
[2026-03-23T19:10:17.572+0000] {processor.py:925} INFO - DAG(s) 'example_short_circuit_operator' retrieved from /home/airflow/.local/lib/python3.12/site-packages/airflow/example_dags/example_short_circuit_operator.py
[2026-03-23T19:10:17.617+0000] {logging_mixin.py:190} INFO - [2026-03-23T19:10:17.617+0000] {dag.py:3239} INFO - Sync 1 DAGs
[2026-03-23T19:10:17.653+0000] {logging_mixin.py:190} INFO - [2026-03-23T19:10:17.653+0000] {dag.py:4180} INFO - Setting next_dagrun for example_short_circuit_operator to None, run_after=None
[2026-03-23T19:10:17.685+0000] {processor.py:208} INFO - Processing /home/airflow/.local/lib/python3.12/site-packages/airflow/example_dags/example_short_circuit_operator.py took 0.132 seconds
