[2026-03-23T19:04:21.704+0000] {processor.py:186} INFO - Started process (PID=71) to work on /home/airflow/.local/lib/python3.12/site-packages/airflow/example_dags/example_inlet_event_extra.py
[2026-03-23T19:04:21.710+0000] {processor.py:914} INFO - Processing file /home/airflow/.local/lib/python3.12/site-packages/airflow/example_dags/example_inlet_event_extra.py for tasks to queue
[2026-03-23T19:04:21.722+0000] {logging_mixin.py:190} INFO - [2026-03-23T19:04:21.719+0000] {dagbag.py:588} INFO - Filling up the DagBag from /home/airflow/.local/lib/python3.12/site-packages/airflow/example_dags/example_inlet_event_extra.py
[2026-03-23T19:04:29.047+0000] {processor.py:925} INFO - DAG(s) 'read_dataset_event', 'read_dataset_event_from_classic' retrieved from /home/airflow/.local/lib/python3.12/site-packages/airflow/example_dags/example_inlet_event_extra.py
[2026-03-23T19:04:29.856+0000] {logging_mixin.py:190} INFO - [2026-03-23T19:04:29.839+0000] {override.py:1911} INFO - Created Permission View: can edit on DAG:read_dataset_event
[2026-03-23T19:04:29.881+0000] {logging_mixin.py:190} INFO - [2026-03-23T19:04:29.881+0000] {override.py:1911} INFO - Created Permission View: can read on DAG:read_dataset_event
[2026-03-23T19:04:29.899+0000] {logging_mixin.py:190} INFO - [2026-03-23T19:04:29.899+0000] {override.py:1911} INFO - Created Permission View: can delete on DAG:read_dataset_event
[2026-03-23T19:04:29.915+0000] {logging_mixin.py:190} INFO - [2026-03-23T19:04:29.914+0000] {override.py:1911} INFO - Created Permission View: menu access on DAG Run:read_dataset_event
[2026-03-23T19:04:29.923+0000] {logging_mixin.py:190} INFO - [2026-03-23T19:04:29.923+0000] {override.py:1911} INFO - Created Permission View: can read on DAG Run:read_dataset_event
[2026-03-23T19:04:29.950+0000] {logging_mixin.py:190} INFO - [2026-03-23T19:04:29.949+0000] {override.py:1911} INFO - Created Permission View: can create on DAG Run:read_dataset_event
[2026-03-23T19:04:29.961+0000] {logging_mixin.py:190} INFO - [2026-03-23T19:04:29.960+0000] {override.py:1911} INFO - Created Permission View: can delete on DAG Run:read_dataset_event
[2026-03-23T19:04:29.993+0000] {logging_mixin.py:190} INFO - [2026-03-23T19:04:29.993+0000] {override.py:1911} INFO - Created Permission View: can edit on DAG:read_dataset_event_from_classic
[2026-03-23T19:04:30.003+0000] {logging_mixin.py:190} INFO - [2026-03-23T19:04:30.002+0000] {override.py:1911} INFO - Created Permission View: can read on DAG:read_dataset_event_from_classic
[2026-03-23T19:04:30.013+0000] {logging_mixin.py:190} INFO - [2026-03-23T19:04:30.012+0000] {override.py:1911} INFO - Created Permission View: can delete on DAG:read_dataset_event_from_classic
[2026-03-23T19:04:30.023+0000] {logging_mixin.py:190} INFO - [2026-03-23T19:04:30.023+0000] {override.py:1911} INFO - Created Permission View: menu access on DAG Run:read_dataset_event_from_classic
[2026-03-23T19:04:30.045+0000] {logging_mixin.py:190} INFO - [2026-03-23T19:04:30.042+0000] {override.py:1911} INFO - Created Permission View: can read on DAG Run:read_dataset_event_from_classic
[2026-03-23T19:04:30.102+0000] {logging_mixin.py:190} INFO - [2026-03-23T19:04:30.097+0000] {override.py:1911} INFO - Created Permission View: can create on DAG Run:read_dataset_event_from_classic
[2026-03-23T19:04:30.115+0000] {logging_mixin.py:190} INFO - [2026-03-23T19:04:30.115+0000] {override.py:1911} INFO - Created Permission View: can delete on DAG Run:read_dataset_event_from_classic
[2026-03-23T19:04:30.118+0000] {logging_mixin.py:190} INFO - [2026-03-23T19:04:30.117+0000] {dag.py:3239} INFO - Sync 2 DAGs
[2026-03-23T19:04:30.211+0000] {logging_mixin.py:190} INFO - [2026-03-23T19:04:30.210+0000] {dag.py:3262} INFO - Creating ORM DAG for read_dataset_event_from_classic
[2026-03-23T19:04:30.214+0000] {logging_mixin.py:190} INFO - [2026-03-23T19:04:30.213+0000] {dag.py:3262} INFO - Creating ORM DAG for read_dataset_event
[2026-03-23T19:04:30.294+0000] {logging_mixin.py:190} INFO - [2026-03-23T19:04:30.294+0000] {dag.py:4180} INFO - Setting next_dagrun for read_dataset_event to 2026-03-22 00:00:00+00:00, run_after=2026-03-23 00:00:00+00:00
[2026-03-23T19:04:30.307+0000] {logging_mixin.py:190} INFO - [2026-03-23T19:04:30.305+0000] {dag.py:4180} INFO - Setting next_dagrun for read_dataset_event_from_classic to 2026-03-22 00:00:00+00:00, run_after=2026-03-23 00:00:00+00:00
[2026-03-23T19:04:30.478+0000] {processor.py:208} INFO - Processing /home/airflow/.local/lib/python3.12/site-packages/airflow/example_dags/example_inlet_event_extra.py took 8.790 seconds
[2026-03-23T19:05:01.565+0000] {processor.py:186} INFO - Started process (PID=136) to work on /home/airflow/.local/lib/python3.12/site-packages/airflow/example_dags/example_inlet_event_extra.py
[2026-03-23T19:05:01.567+0000] {processor.py:914} INFO - Processing file /home/airflow/.local/lib/python3.12/site-packages/airflow/example_dags/example_inlet_event_extra.py for tasks to queue
[2026-03-23T19:05:01.581+0000] {logging_mixin.py:190} INFO - [2026-03-23T19:05:01.580+0000] {dagbag.py:588} INFO - Filling up the DagBag from /home/airflow/.local/lib/python3.12/site-packages/airflow/example_dags/example_inlet_event_extra.py
[2026-03-23T19:05:02.530+0000] {processor.py:925} INFO - DAG(s) 'read_dataset_event', 'read_dataset_event_from_classic' retrieved from /home/airflow/.local/lib/python3.12/site-packages/airflow/example_dags/example_inlet_event_extra.py
[2026-03-23T19:05:02.567+0000] {logging_mixin.py:190} INFO - [2026-03-23T19:05:02.566+0000] {dag.py:3239} INFO - Sync 2 DAGs
[2026-03-23T19:05:02.587+0000] {logging_mixin.py:190} INFO - [2026-03-23T19:05:02.587+0000] {dag.py:4180} INFO - Setting next_dagrun for read_dataset_event to 2026-03-22 00:00:00+00:00, run_after=2026-03-23 00:00:00+00:00
[2026-03-23T19:05:02.589+0000] {logging_mixin.py:190} INFO - [2026-03-23T19:05:02.589+0000] {dag.py:4180} INFO - Setting next_dagrun for read_dataset_event_from_classic to 2026-03-22 00:00:00+00:00, run_after=2026-03-23 00:00:00+00:00
[2026-03-23T19:05:02.598+0000] {processor.py:208} INFO - Processing /home/airflow/.local/lib/python3.12/site-packages/airflow/example_dags/example_inlet_event_extra.py took 1.055 seconds
[2026-03-23T19:05:32.972+0000] {processor.py:186} INFO - Started process (PID=200) to work on /home/airflow/.local/lib/python3.12/site-packages/airflow/example_dags/example_inlet_event_extra.py
[2026-03-23T19:05:32.975+0000] {processor.py:914} INFO - Processing file /home/airflow/.local/lib/python3.12/site-packages/airflow/example_dags/example_inlet_event_extra.py for tasks to queue
[2026-03-23T19:05:32.978+0000] {logging_mixin.py:190} INFO - [2026-03-23T19:05:32.978+0000] {dagbag.py:588} INFO - Filling up the DagBag from /home/airflow/.local/lib/python3.12/site-packages/airflow/example_dags/example_inlet_event_extra.py
[2026-03-23T19:05:34.207+0000] {processor.py:925} INFO - DAG(s) 'read_dataset_event', 'read_dataset_event_from_classic' retrieved from /home/airflow/.local/lib/python3.12/site-packages/airflow/example_dags/example_inlet_event_extra.py
[2026-03-23T19:05:34.242+0000] {logging_mixin.py:190} INFO - [2026-03-23T19:05:34.241+0000] {dag.py:3239} INFO - Sync 2 DAGs
[2026-03-23T19:05:34.260+0000] {logging_mixin.py:190} INFO - [2026-03-23T19:05:34.260+0000] {dag.py:4180} INFO - Setting next_dagrun for read_dataset_event to 2026-03-22 00:00:00+00:00, run_after=2026-03-23 00:00:00+00:00
[2026-03-23T19:05:34.262+0000] {logging_mixin.py:190} INFO - [2026-03-23T19:05:34.262+0000] {dag.py:4180} INFO - Setting next_dagrun for read_dataset_event_from_classic to 2026-03-22 00:00:00+00:00, run_after=2026-03-23 00:00:00+00:00
[2026-03-23T19:05:34.275+0000] {processor.py:208} INFO - Processing /home/airflow/.local/lib/python3.12/site-packages/airflow/example_dags/example_inlet_event_extra.py took 1.312 seconds
[2026-03-23T19:06:05.241+0000] {processor.py:186} INFO - Started process (PID=264) to work on /home/airflow/.local/lib/python3.12/site-packages/airflow/example_dags/example_inlet_event_extra.py
[2026-03-23T19:06:05.244+0000] {processor.py:914} INFO - Processing file /home/airflow/.local/lib/python3.12/site-packages/airflow/example_dags/example_inlet_event_extra.py for tasks to queue
[2026-03-23T19:06:05.245+0000] {logging_mixin.py:190} INFO - [2026-03-23T19:06:05.245+0000] {dagbag.py:588} INFO - Filling up the DagBag from /home/airflow/.local/lib/python3.12/site-packages/airflow/example_dags/example_inlet_event_extra.py
[2026-03-23T19:06:05.742+0000] {processor.py:925} INFO - DAG(s) 'read_dataset_event_from_classic', 'read_dataset_event' retrieved from /home/airflow/.local/lib/python3.12/site-packages/airflow/example_dags/example_inlet_event_extra.py
[2026-03-23T19:06:05.756+0000] {logging_mixin.py:190} INFO - [2026-03-23T19:06:05.756+0000] {dag.py:3239} INFO - Sync 2 DAGs
[2026-03-23T19:06:05.768+0000] {logging_mixin.py:190} INFO - [2026-03-23T19:06:05.768+0000] {dag.py:4180} INFO - Setting next_dagrun for read_dataset_event to 2026-03-22 00:00:00+00:00, run_after=2026-03-23 00:00:00+00:00
[2026-03-23T19:06:05.770+0000] {logging_mixin.py:190} INFO - [2026-03-23T19:06:05.770+0000] {dag.py:4180} INFO - Setting next_dagrun for read_dataset_event_from_classic to 2026-03-22 00:00:00+00:00, run_after=2026-03-23 00:00:00+00:00
[2026-03-23T19:06:05.780+0000] {processor.py:208} INFO - Processing /home/airflow/.local/lib/python3.12/site-packages/airflow/example_dags/example_inlet_event_extra.py took 0.560 seconds
[2026-03-23T19:06:36.668+0000] {processor.py:186} INFO - Started process (PID=329) to work on /home/airflow/.local/lib/python3.12/site-packages/airflow/example_dags/example_inlet_event_extra.py
[2026-03-23T19:06:37.352+0000] {processor.py:914} INFO - Processing file /home/airflow/.local/lib/python3.12/site-packages/airflow/example_dags/example_inlet_event_extra.py for tasks to queue
[2026-03-23T19:06:37.372+0000] {logging_mixin.py:190} INFO - [2026-03-23T19:06:37.371+0000] {dagbag.py:588} INFO - Filling up the DagBag from /home/airflow/.local/lib/python3.12/site-packages/airflow/example_dags/example_inlet_event_extra.py
[2026-03-23T19:06:38.637+0000] {processor.py:925} INFO - DAG(s) 'read_dataset_event_from_classic', 'read_dataset_event' retrieved from /home/airflow/.local/lib/python3.12/site-packages/airflow/example_dags/example_inlet_event_extra.py
[2026-03-23T19:06:38.706+0000] {logging_mixin.py:190} INFO - [2026-03-23T19:06:38.706+0000] {dag.py:3239} INFO - Sync 2 DAGs
[2026-03-23T19:06:38.741+0000] {logging_mixin.py:190} INFO - [2026-03-23T19:06:38.741+0000] {dag.py:4180} INFO - Setting next_dagrun for read_dataset_event to 2026-03-22 00:00:00+00:00, run_after=2026-03-23 00:00:00+00:00
[2026-03-23T19:06:38.747+0000] {logging_mixin.py:190} INFO - [2026-03-23T19:06:38.747+0000] {dag.py:4180} INFO - Setting next_dagrun for read_dataset_event_from_classic to 2026-03-22 00:00:00+00:00, run_after=2026-03-23 00:00:00+00:00
[2026-03-23T19:06:38.782+0000] {processor.py:208} INFO - Processing /home/airflow/.local/lib/python3.12/site-packages/airflow/example_dags/example_inlet_event_extra.py took 2.125 seconds
[2026-03-23T19:07:09.351+0000] {processor.py:186} INFO - Started process (PID=393) to work on /home/airflow/.local/lib/python3.12/site-packages/airflow/example_dags/example_inlet_event_extra.py
[2026-03-23T19:07:09.356+0000] {processor.py:914} INFO - Processing file /home/airflow/.local/lib/python3.12/site-packages/airflow/example_dags/example_inlet_event_extra.py for tasks to queue
[2026-03-23T19:07:09.362+0000] {logging_mixin.py:190} INFO - [2026-03-23T19:07:09.361+0000] {dagbag.py:588} INFO - Filling up the DagBag from /home/airflow/.local/lib/python3.12/site-packages/airflow/example_dags/example_inlet_event_extra.py
[2026-03-23T19:07:17.927+0000] {processor.py:925} INFO - DAG(s) 'read_dataset_event_from_classic', 'read_dataset_event' retrieved from /home/airflow/.local/lib/python3.12/site-packages/airflow/example_dags/example_inlet_event_extra.py
[2026-03-23T19:07:18.401+0000] {logging_mixin.py:190} INFO - [2026-03-23T19:07:18.395+0000] {dag.py:3239} INFO - Sync 2 DAGs
[2026-03-23T19:07:18.510+0000] {logging_mixin.py:190} INFO - [2026-03-23T19:07:18.509+0000] {dag.py:4180} INFO - Setting next_dagrun for read_dataset_event to 2026-03-22 00:00:00+00:00, run_after=2026-03-23 00:00:00+00:00
[2026-03-23T19:07:18.530+0000] {logging_mixin.py:190} INFO - [2026-03-23T19:07:18.530+0000] {dag.py:4180} INFO - Setting next_dagrun for read_dataset_event_from_classic to 2026-03-22 00:00:00+00:00, run_after=2026-03-23 00:00:00+00:00
[2026-03-23T19:07:18.611+0000] {processor.py:208} INFO - Processing /home/airflow/.local/lib/python3.12/site-packages/airflow/example_dags/example_inlet_event_extra.py took 9.273 seconds
[2026-03-23T19:07:49.132+0000] {processor.py:186} INFO - Started process (PID=457) to work on /home/airflow/.local/lib/python3.12/site-packages/airflow/example_dags/example_inlet_event_extra.py
[2026-03-23T19:07:49.187+0000] {processor.py:914} INFO - Processing file /home/airflow/.local/lib/python3.12/site-packages/airflow/example_dags/example_inlet_event_extra.py for tasks to queue
[2026-03-23T19:07:49.247+0000] {logging_mixin.py:190} INFO - [2026-03-23T19:07:49.240+0000] {dagbag.py:588} INFO - Filling up the DagBag from /home/airflow/.local/lib/python3.12/site-packages/airflow/example_dags/example_inlet_event_extra.py
[2026-03-23T19:07:55.339+0000] {processor.py:925} INFO - DAG(s) 'read_dataset_event', 'read_dataset_event_from_classic' retrieved from /home/airflow/.local/lib/python3.12/site-packages/airflow/example_dags/example_inlet_event_extra.py
[2026-03-23T19:07:55.606+0000] {logging_mixin.py:190} INFO - [2026-03-23T19:07:55.606+0000] {dag.py:3239} INFO - Sync 2 DAGs
[2026-03-23T19:07:55.741+0000] {logging_mixin.py:190} INFO - [2026-03-23T19:07:55.740+0000] {dag.py:4180} INFO - Setting next_dagrun for read_dataset_event to 2026-03-22 00:00:00+00:00, run_after=2026-03-23 00:00:00+00:00
[2026-03-23T19:07:55.804+0000] {logging_mixin.py:190} INFO - [2026-03-23T19:07:55.803+0000] {dag.py:4180} INFO - Setting next_dagrun for read_dataset_event_from_classic to 2026-03-22 00:00:00+00:00, run_after=2026-03-23 00:00:00+00:00
[2026-03-23T19:07:55.895+0000] {processor.py:208} INFO - Processing /home/airflow/.local/lib/python3.12/site-packages/airflow/example_dags/example_inlet_event_extra.py took 6.784 seconds
[2026-03-23T19:08:26.534+0000] {processor.py:186} INFO - Started process (PID=527) to work on /home/airflow/.local/lib/python3.12/site-packages/airflow/example_dags/example_inlet_event_extra.py
[2026-03-23T19:08:26.544+0000] {processor.py:914} INFO - Processing file /home/airflow/.local/lib/python3.12/site-packages/airflow/example_dags/example_inlet_event_extra.py for tasks to queue
[2026-03-23T19:08:26.558+0000] {logging_mixin.py:190} INFO - [2026-03-23T19:08:26.558+0000] {dagbag.py:588} INFO - Filling up the DagBag from /home/airflow/.local/lib/python3.12/site-packages/airflow/example_dags/example_inlet_event_extra.py
[2026-03-23T19:08:32.277+0000] {processor.py:925} INFO - DAG(s) 'read_dataset_event', 'read_dataset_event_from_classic' retrieved from /home/airflow/.local/lib/python3.12/site-packages/airflow/example_dags/example_inlet_event_extra.py
[2026-03-23T19:08:32.456+0000] {logging_mixin.py:190} INFO - [2026-03-23T19:08:32.454+0000] {dag.py:3239} INFO - Sync 2 DAGs
[2026-03-23T19:08:32.690+0000] {logging_mixin.py:190} INFO - [2026-03-23T19:08:32.689+0000] {dag.py:4180} INFO - Setting next_dagrun for read_dataset_event to 2026-03-22 00:00:00+00:00, run_after=2026-03-23 00:00:00+00:00
[2026-03-23T19:08:32.802+0000] {logging_mixin.py:190} INFO - [2026-03-23T19:08:32.802+0000] {dag.py:4180} INFO - Setting next_dagrun for read_dataset_event_from_classic to 2026-03-22 00:00:00+00:00, run_after=2026-03-23 00:00:00+00:00
[2026-03-23T19:08:33.170+0000] {processor.py:208} INFO - Processing /home/airflow/.local/lib/python3.12/site-packages/airflow/example_dags/example_inlet_event_extra.py took 6.671 seconds
[2026-03-23T19:09:03.774+0000] {processor.py:186} INFO - Started process (PID=591) to work on /home/airflow/.local/lib/python3.12/site-packages/airflow/example_dags/example_inlet_event_extra.py
[2026-03-23T19:09:03.779+0000] {processor.py:914} INFO - Processing file /home/airflow/.local/lib/python3.12/site-packages/airflow/example_dags/example_inlet_event_extra.py for tasks to queue
[2026-03-23T19:09:03.784+0000] {logging_mixin.py:190} INFO - [2026-03-23T19:09:03.784+0000] {dagbag.py:588} INFO - Filling up the DagBag from /home/airflow/.local/lib/python3.12/site-packages/airflow/example_dags/example_inlet_event_extra.py
[2026-03-23T19:09:05.712+0000] {processor.py:925} INFO - DAG(s) 'read_dataset_event', 'read_dataset_event_from_classic' retrieved from /home/airflow/.local/lib/python3.12/site-packages/airflow/example_dags/example_inlet_event_extra.py
[2026-03-23T19:09:05.873+0000] {logging_mixin.py:190} INFO - [2026-03-23T19:09:05.872+0000] {dag.py:3239} INFO - Sync 2 DAGs
[2026-03-23T19:09:05.979+0000] {logging_mixin.py:190} INFO - [2026-03-23T19:09:05.979+0000] {dag.py:4180} INFO - Setting next_dagrun for read_dataset_event to 2026-03-22 00:00:00+00:00, run_after=2026-03-23 00:00:00+00:00
[2026-03-23T19:09:05.988+0000] {logging_mixin.py:190} INFO - [2026-03-23T19:09:05.988+0000] {dag.py:4180} INFO - Setting next_dagrun for read_dataset_event_from_classic to 2026-03-22 00:00:00+00:00, run_after=2026-03-23 00:00:00+00:00
[2026-03-23T19:09:06.029+0000] {processor.py:208} INFO - Processing /home/airflow/.local/lib/python3.12/site-packages/airflow/example_dags/example_inlet_event_extra.py took 2.267 seconds
[2026-03-23T19:09:36.567+0000] {processor.py:186} INFO - Started process (PID=655) to work on /home/airflow/.local/lib/python3.12/site-packages/airflow/example_dags/example_inlet_event_extra.py
[2026-03-23T19:09:36.568+0000] {processor.py:914} INFO - Processing file /home/airflow/.local/lib/python3.12/site-packages/airflow/example_dags/example_inlet_event_extra.py for tasks to queue
[2026-03-23T19:09:36.573+0000] {logging_mixin.py:190} INFO - [2026-03-23T19:09:36.573+0000] {dagbag.py:588} INFO - Filling up the DagBag from /home/airflow/.local/lib/python3.12/site-packages/airflow/example_dags/example_inlet_event_extra.py
[2026-03-23T19:09:37.359+0000] {processor.py:925} INFO - DAG(s) 'read_dataset_event_from_classic', 'read_dataset_event' retrieved from /home/airflow/.local/lib/python3.12/site-packages/airflow/example_dags/example_inlet_event_extra.py
[2026-03-23T19:09:37.402+0000] {logging_mixin.py:190} INFO - [2026-03-23T19:09:37.402+0000] {dag.py:3239} INFO - Sync 2 DAGs
[2026-03-23T19:09:37.420+0000] {logging_mixin.py:190} INFO - [2026-03-23T19:09:37.420+0000] {dag.py:4180} INFO - Setting next_dagrun for read_dataset_event to 2026-03-22 00:00:00+00:00, run_after=2026-03-23 00:00:00+00:00
[2026-03-23T19:09:37.423+0000] {logging_mixin.py:190} INFO - [2026-03-23T19:09:37.423+0000] {dag.py:4180} INFO - Setting next_dagrun for read_dataset_event_from_classic to 2026-03-22 00:00:00+00:00, run_after=2026-03-23 00:00:00+00:00
[2026-03-23T19:09:37.442+0000] {processor.py:208} INFO - Processing /home/airflow/.local/lib/python3.12/site-packages/airflow/example_dags/example_inlet_event_extra.py took 0.903 seconds
[2026-03-23T19:10:07.714+0000] {processor.py:186} INFO - Started process (PID=719) to work on /home/airflow/.local/lib/python3.12/site-packages/airflow/example_dags/example_inlet_event_extra.py
[2026-03-23T19:10:07.724+0000] {processor.py:914} INFO - Processing file /home/airflow/.local/lib/python3.12/site-packages/airflow/example_dags/example_inlet_event_extra.py for tasks to queue
[2026-03-23T19:10:07.737+0000] {logging_mixin.py:190} INFO - [2026-03-23T19:10:07.736+0000] {dagbag.py:588} INFO - Filling up the DagBag from /home/airflow/.local/lib/python3.12/site-packages/airflow/example_dags/example_inlet_event_extra.py
[2026-03-23T19:10:11.662+0000] {processor.py:925} INFO - DAG(s) 'read_dataset_event', 'read_dataset_event_from_classic' retrieved from /home/airflow/.local/lib/python3.12/site-packages/airflow/example_dags/example_inlet_event_extra.py
[2026-03-23T19:10:11.711+0000] {logging_mixin.py:190} INFO - [2026-03-23T19:10:11.710+0000] {dag.py:3239} INFO - Sync 2 DAGs
[2026-03-23T19:10:11.738+0000] {logging_mixin.py:190} INFO - [2026-03-23T19:10:11.738+0000] {dag.py:4180} INFO - Setting next_dagrun for read_dataset_event to 2026-03-22 00:00:00+00:00, run_after=2026-03-23 00:00:00+00:00
[2026-03-23T19:10:11.741+0000] {logging_mixin.py:190} INFO - [2026-03-23T19:10:11.741+0000] {dag.py:4180} INFO - Setting next_dagrun for read_dataset_event_from_classic to 2026-03-22 00:00:00+00:00, run_after=2026-03-23 00:00:00+00:00
[2026-03-23T19:10:11.752+0000] {processor.py:208} INFO - Processing /home/airflow/.local/lib/python3.12/site-packages/airflow/example_dags/example_inlet_event_extra.py took 4.082 seconds
