[2026-03-23T19:04:20.160+0000] {processor.py:186} INFO - Started process (PID=67) to work on /home/airflow/.local/lib/python3.12/site-packages/airflow/example_dags/example_params_ui_tutorial.py
[2026-03-23T19:04:20.164+0000] {processor.py:914} INFO - Processing file /home/airflow/.local/lib/python3.12/site-packages/airflow/example_dags/example_params_ui_tutorial.py for tasks to queue
[2026-03-23T19:04:20.178+0000] {logging_mixin.py:190} INFO - [2026-03-23T19:04:20.177+0000] {dagbag.py:588} INFO - Filling up the DagBag from /home/airflow/.local/lib/python3.12/site-packages/airflow/example_dags/example_params_ui_tutorial.py
[2026-03-23T19:04:20.213+0000] {processor.py:925} INFO - DAG(s) 'example_params_ui_tutorial' retrieved from /home/airflow/.local/lib/python3.12/site-packages/airflow/example_dags/example_params_ui_tutorial.py
[2026-03-23T19:04:20.475+0000] {logging_mixin.py:190} INFO - [2026-03-23T19:04:20.473+0000] {override.py:1911} INFO - Created Permission View: can edit on DAG:example_params_ui_tutorial
[2026-03-23T19:04:20.497+0000] {logging_mixin.py:190} INFO - [2026-03-23T19:04:20.496+0000] {override.py:1911} INFO - Created Permission View: can read on DAG:example_params_ui_tutorial
[2026-03-23T19:04:20.518+0000] {logging_mixin.py:190} INFO - [2026-03-23T19:04:20.517+0000] {override.py:1911} INFO - Created Permission View: can delete on DAG:example_params_ui_tutorial
[2026-03-23T19:04:20.532+0000] {logging_mixin.py:190} INFO - [2026-03-23T19:04:20.532+0000] {override.py:1911} INFO - Created Permission View: menu access on DAG Run:example_params_ui_tutorial
[2026-03-23T19:04:20.542+0000] {logging_mixin.py:190} INFO - [2026-03-23T19:04:20.541+0000] {override.py:1911} INFO - Created Permission View: can read on DAG Run:example_params_ui_tutorial
[2026-03-23T19:04:20.555+0000] {logging_mixin.py:190} INFO - [2026-03-23T19:04:20.555+0000] {override.py:1911} INFO - Created Permission View: can create on DAG Run:example_params_ui_tutorial
[2026-03-23T19:04:20.562+0000] {logging_mixin.py:190} INFO - [2026-03-23T19:04:20.562+0000] {override.py:1911} INFO - Created Permission View: can delete on DAG Run:example_params_ui_tutorial
[2026-03-23T19:04:20.565+0000] {logging_mixin.py:190} INFO - [2026-03-23T19:04:20.565+0000] {dag.py:3239} INFO - Sync 1 DAGs
[2026-03-23T19:04:20.599+0000] {logging_mixin.py:190} INFO - [2026-03-23T19:04:20.598+0000] {dag.py:3262} INFO - Creating ORM DAG for example_params_ui_tutorial
[2026-03-23T19:04:20.600+0000] {logging_mixin.py:190} INFO - [2026-03-23T19:04:20.600+0000] {dag.py:4180} INFO - Setting next_dagrun for example_params_ui_tutorial to None, run_after=None
[2026-03-23T19:04:20.635+0000] {processor.py:208} INFO - Processing /home/airflow/.local/lib/python3.12/site-packages/airflow/example_dags/example_params_ui_tutorial.py took 0.480 seconds
[2026-03-23T19:04:52.146+0000] {processor.py:186} INFO - Started process (PID=131) to work on /home/airflow/.local/lib/python3.12/site-packages/airflow/example_dags/example_params_ui_tutorial.py
[2026-03-23T19:04:52.149+0000] {processor.py:914} INFO - Processing file /home/airflow/.local/lib/python3.12/site-packages/airflow/example_dags/example_params_ui_tutorial.py for tasks to queue
[2026-03-23T19:04:52.152+0000] {logging_mixin.py:190} INFO - [2026-03-23T19:04:52.151+0000] {dagbag.py:588} INFO - Filling up the DagBag from /home/airflow/.local/lib/python3.12/site-packages/airflow/example_dags/example_params_ui_tutorial.py
[2026-03-23T19:04:52.164+0000] {processor.py:925} INFO - DAG(s) 'example_params_ui_tutorial' retrieved from /home/airflow/.local/lib/python3.12/site-packages/airflow/example_dags/example_params_ui_tutorial.py
[2026-03-23T19:04:52.228+0000] {logging_mixin.py:190} INFO - [2026-03-23T19:04:52.228+0000] {dag.py:3239} INFO - Sync 1 DAGs
[2026-03-23T19:04:52.242+0000] {logging_mixin.py:190} INFO - [2026-03-23T19:04:52.242+0000] {dag.py:4180} INFO - Setting next_dagrun for example_params_ui_tutorial to None, run_after=None
[2026-03-23T19:04:52.266+0000] {processor.py:208} INFO - Processing /home/airflow/.local/lib/python3.12/site-packages/airflow/example_dags/example_params_ui_tutorial.py took 0.131 seconds
[2026-03-23T19:05:23.146+0000] {processor.py:186} INFO - Started process (PID=191) to work on /home/airflow/.local/lib/python3.12/site-packages/airflow/example_dags/example_params_ui_tutorial.py
[2026-03-23T19:05:23.147+0000] {processor.py:914} INFO - Processing file /home/airflow/.local/lib/python3.12/site-packages/airflow/example_dags/example_params_ui_tutorial.py for tasks to queue
[2026-03-23T19:05:23.150+0000] {logging_mixin.py:190} INFO - [2026-03-23T19:05:23.150+0000] {dagbag.py:588} INFO - Filling up the DagBag from /home/airflow/.local/lib/python3.12/site-packages/airflow/example_dags/example_params_ui_tutorial.py
[2026-03-23T19:05:23.156+0000] {processor.py:925} INFO - DAG(s) 'example_params_ui_tutorial' retrieved from /home/airflow/.local/lib/python3.12/site-packages/airflow/example_dags/example_params_ui_tutorial.py
[2026-03-23T19:05:23.195+0000] {logging_mixin.py:190} INFO - [2026-03-23T19:05:23.195+0000] {dag.py:3239} INFO - Sync 1 DAGs
[2026-03-23T19:05:23.207+0000] {logging_mixin.py:190} INFO - [2026-03-23T19:05:23.206+0000] {dag.py:4180} INFO - Setting next_dagrun for example_params_ui_tutorial to None, run_after=None
[2026-03-23T19:05:23.227+0000] {processor.py:208} INFO - Processing /home/airflow/.local/lib/python3.12/site-packages/airflow/example_dags/example_params_ui_tutorial.py took 0.087 seconds
[2026-03-23T19:05:53.572+0000] {processor.py:186} INFO - Started process (PID=256) to work on /home/airflow/.local/lib/python3.12/site-packages/airflow/example_dags/example_params_ui_tutorial.py
[2026-03-23T19:05:53.573+0000] {processor.py:914} INFO - Processing file /home/airflow/.local/lib/python3.12/site-packages/airflow/example_dags/example_params_ui_tutorial.py for tasks to queue
[2026-03-23T19:05:53.575+0000] {logging_mixin.py:190} INFO - [2026-03-23T19:05:53.575+0000] {dagbag.py:588} INFO - Filling up the DagBag from /home/airflow/.local/lib/python3.12/site-packages/airflow/example_dags/example_params_ui_tutorial.py
[2026-03-23T19:05:53.582+0000] {processor.py:925} INFO - DAG(s) 'example_params_ui_tutorial' retrieved from /home/airflow/.local/lib/python3.12/site-packages/airflow/example_dags/example_params_ui_tutorial.py
[2026-03-23T19:05:53.612+0000] {logging_mixin.py:190} INFO - [2026-03-23T19:05:53.611+0000] {dag.py:3239} INFO - Sync 1 DAGs
[2026-03-23T19:05:53.622+0000] {logging_mixin.py:190} INFO - [2026-03-23T19:05:53.621+0000] {dag.py:4180} INFO - Setting next_dagrun for example_params_ui_tutorial to None, run_after=None
[2026-03-23T19:05:53.635+0000] {processor.py:208} INFO - Processing /home/airflow/.local/lib/python3.12/site-packages/airflow/example_dags/example_params_ui_tutorial.py took 0.068 seconds
[2026-03-23T19:06:23.767+0000] {processor.py:186} INFO - Started process (PID=318) to work on /home/airflow/.local/lib/python3.12/site-packages/airflow/example_dags/example_params_ui_tutorial.py
[2026-03-23T19:06:23.768+0000] {processor.py:914} INFO - Processing file /home/airflow/.local/lib/python3.12/site-packages/airflow/example_dags/example_params_ui_tutorial.py for tasks to queue
[2026-03-23T19:06:23.772+0000] {logging_mixin.py:190} INFO - [2026-03-23T19:06:23.771+0000] {dagbag.py:588} INFO - Filling up the DagBag from /home/airflow/.local/lib/python3.12/site-packages/airflow/example_dags/example_params_ui_tutorial.py
[2026-03-23T19:06:23.782+0000] {processor.py:925} INFO - DAG(s) 'example_params_ui_tutorial' retrieved from /home/airflow/.local/lib/python3.12/site-packages/airflow/example_dags/example_params_ui_tutorial.py
[2026-03-23T19:06:23.838+0000] {logging_mixin.py:190} INFO - [2026-03-23T19:06:23.837+0000] {dag.py:3239} INFO - Sync 1 DAGs
[2026-03-23T19:06:23.853+0000] {logging_mixin.py:190} INFO - [2026-03-23T19:06:23.853+0000] {dag.py:4180} INFO - Setting next_dagrun for example_params_ui_tutorial to None, run_after=None
[2026-03-23T19:06:23.876+0000] {processor.py:208} INFO - Processing /home/airflow/.local/lib/python3.12/site-packages/airflow/example_dags/example_params_ui_tutorial.py took 0.115 seconds
[2026-03-23T19:06:54.360+0000] {processor.py:186} INFO - Started process (PID=382) to work on /home/airflow/.local/lib/python3.12/site-packages/airflow/example_dags/example_params_ui_tutorial.py
[2026-03-23T19:06:54.361+0000] {processor.py:914} INFO - Processing file /home/airflow/.local/lib/python3.12/site-packages/airflow/example_dags/example_params_ui_tutorial.py for tasks to queue
[2026-03-23T19:06:54.363+0000] {logging_mixin.py:190} INFO - [2026-03-23T19:06:54.363+0000] {dagbag.py:588} INFO - Filling up the DagBag from /home/airflow/.local/lib/python3.12/site-packages/airflow/example_dags/example_params_ui_tutorial.py
[2026-03-23T19:06:54.370+0000] {processor.py:925} INFO - DAG(s) 'example_params_ui_tutorial' retrieved from /home/airflow/.local/lib/python3.12/site-packages/airflow/example_dags/example_params_ui_tutorial.py
[2026-03-23T19:06:54.424+0000] {logging_mixin.py:190} INFO - [2026-03-23T19:06:54.423+0000] {dag.py:3239} INFO - Sync 1 DAGs
[2026-03-23T19:06:54.439+0000] {logging_mixin.py:190} INFO - [2026-03-23T19:06:54.439+0000] {dag.py:4180} INFO - Setting next_dagrun for example_params_ui_tutorial to None, run_after=None
[2026-03-23T19:06:54.468+0000] {processor.py:208} INFO - Processing /home/airflow/.local/lib/python3.12/site-packages/airflow/example_dags/example_params_ui_tutorial.py took 0.115 seconds
[2026-03-23T19:07:35.463+0000] {processor.py:186} INFO - Started process (PID=442) to work on /home/airflow/.local/lib/python3.12/site-packages/airflow/example_dags/example_params_ui_tutorial.py
[2026-03-23T19:07:35.470+0000] {processor.py:914} INFO - Processing file /home/airflow/.local/lib/python3.12/site-packages/airflow/example_dags/example_params_ui_tutorial.py for tasks to queue
[2026-03-23T19:07:35.474+0000] {logging_mixin.py:190} INFO - [2026-03-23T19:07:35.473+0000] {dagbag.py:588} INFO - Filling up the DagBag from /home/airflow/.local/lib/python3.12/site-packages/airflow/example_dags/example_params_ui_tutorial.py
[2026-03-23T19:07:35.491+0000] {processor.py:925} INFO - DAG(s) 'example_params_ui_tutorial' retrieved from /home/airflow/.local/lib/python3.12/site-packages/airflow/example_dags/example_params_ui_tutorial.py
[2026-03-23T19:07:35.537+0000] {logging_mixin.py:190} INFO - [2026-03-23T19:07:35.537+0000] {dag.py:3239} INFO - Sync 1 DAGs
[2026-03-23T19:07:35.557+0000] {logging_mixin.py:190} INFO - [2026-03-23T19:07:35.556+0000] {dag.py:4180} INFO - Setting next_dagrun for example_params_ui_tutorial to None, run_after=None
[2026-03-23T19:07:35.571+0000] {processor.py:208} INFO - Processing /home/airflow/.local/lib/python3.12/site-packages/airflow/example_dags/example_params_ui_tutorial.py took 0.120 seconds
[2026-03-23T19:08:09.496+0000] {processor.py:186} INFO - Started process (PID=496) to work on /home/airflow/.local/lib/python3.12/site-packages/airflow/example_dags/example_params_ui_tutorial.py
[2026-03-23T19:08:09.511+0000] {processor.py:914} INFO - Processing file /home/airflow/.local/lib/python3.12/site-packages/airflow/example_dags/example_params_ui_tutorial.py for tasks to queue
[2026-03-23T19:08:09.526+0000] {logging_mixin.py:190} INFO - [2026-03-23T19:08:09.523+0000] {dagbag.py:588} INFO - Filling up the DagBag from /home/airflow/.local/lib/python3.12/site-packages/airflow/example_dags/example_params_ui_tutorial.py
[2026-03-23T19:08:09.581+0000] {processor.py:925} INFO - DAG(s) 'example_params_ui_tutorial' retrieved from /home/airflow/.local/lib/python3.12/site-packages/airflow/example_dags/example_params_ui_tutorial.py
[2026-03-23T19:08:09.919+0000] {logging_mixin.py:190} INFO - [2026-03-23T19:08:09.918+0000] {dag.py:3239} INFO - Sync 1 DAGs
[2026-03-23T19:08:09.983+0000] {logging_mixin.py:190} INFO - [2026-03-23T19:08:09.982+0000] {dag.py:4180} INFO - Setting next_dagrun for example_params_ui_tutorial to None, run_after=None
[2026-03-23T19:08:10.057+0000] {processor.py:208} INFO - Processing /home/airflow/.local/lib/python3.12/site-packages/airflow/example_dags/example_params_ui_tutorial.py took 0.580 seconds
[2026-03-23T19:08:44.735+0000] {processor.py:186} INFO - Started process (PID=555) to work on /home/airflow/.local/lib/python3.12/site-packages/airflow/example_dags/example_params_ui_tutorial.py
[2026-03-23T19:08:44.745+0000] {processor.py:914} INFO - Processing file /home/airflow/.local/lib/python3.12/site-packages/airflow/example_dags/example_params_ui_tutorial.py for tasks to queue
[2026-03-23T19:08:44.805+0000] {logging_mixin.py:190} INFO - [2026-03-23T19:08:44.804+0000] {dagbag.py:588} INFO - Filling up the DagBag from /home/airflow/.local/lib/python3.12/site-packages/airflow/example_dags/example_params_ui_tutorial.py
[2026-03-23T19:08:44.877+0000] {processor.py:925} INFO - DAG(s) 'example_params_ui_tutorial' retrieved from /home/airflow/.local/lib/python3.12/site-packages/airflow/example_dags/example_params_ui_tutorial.py
[2026-03-23T19:08:45.065+0000] {logging_mixin.py:190} INFO - [2026-03-23T19:08:45.065+0000] {dag.py:3239} INFO - Sync 1 DAGs
[2026-03-23T19:08:45.118+0000] {logging_mixin.py:190} INFO - [2026-03-23T19:08:45.116+0000] {dag.py:4180} INFO - Setting next_dagrun for example_params_ui_tutorial to None, run_after=None
[2026-03-23T19:08:45.204+0000] {processor.py:208} INFO - Processing /home/airflow/.local/lib/python3.12/site-packages/airflow/example_dags/example_params_ui_tutorial.py took 0.510 seconds
[2026-03-23T19:09:15.455+0000] {processor.py:186} INFO - Started process (PID=619) to work on /home/airflow/.local/lib/python3.12/site-packages/airflow/example_dags/example_params_ui_tutorial.py
[2026-03-23T19:09:15.456+0000] {processor.py:914} INFO - Processing file /home/airflow/.local/lib/python3.12/site-packages/airflow/example_dags/example_params_ui_tutorial.py for tasks to queue
[2026-03-23T19:09:15.463+0000] {logging_mixin.py:190} INFO - [2026-03-23T19:09:15.463+0000] {dagbag.py:588} INFO - Filling up the DagBag from /home/airflow/.local/lib/python3.12/site-packages/airflow/example_dags/example_params_ui_tutorial.py
[2026-03-23T19:09:15.482+0000] {processor.py:925} INFO - DAG(s) 'example_params_ui_tutorial' retrieved from /home/airflow/.local/lib/python3.12/site-packages/airflow/example_dags/example_params_ui_tutorial.py
[2026-03-23T19:09:15.543+0000] {logging_mixin.py:190} INFO - [2026-03-23T19:09:15.542+0000] {dag.py:3239} INFO - Sync 1 DAGs
[2026-03-23T19:09:15.558+0000] {logging_mixin.py:190} INFO - [2026-03-23T19:09:15.558+0000] {dag.py:4180} INFO - Setting next_dagrun for example_params_ui_tutorial to None, run_after=None
[2026-03-23T19:09:15.575+0000] {processor.py:208} INFO - Processing /home/airflow/.local/lib/python3.12/site-packages/airflow/example_dags/example_params_ui_tutorial.py took 0.125 seconds
[2026-03-23T19:09:46.607+0000] {processor.py:186} INFO - Started process (PID=683) to work on /home/airflow/.local/lib/python3.12/site-packages/airflow/example_dags/example_params_ui_tutorial.py
[2026-03-23T19:09:46.609+0000] {processor.py:914} INFO - Processing file /home/airflow/.local/lib/python3.12/site-packages/airflow/example_dags/example_params_ui_tutorial.py for tasks to queue
[2026-03-23T19:09:46.610+0000] {logging_mixin.py:190} INFO - [2026-03-23T19:09:46.610+0000] {dagbag.py:588} INFO - Filling up the DagBag from /home/airflow/.local/lib/python3.12/site-packages/airflow/example_dags/example_params_ui_tutorial.py
[2026-03-23T19:09:46.618+0000] {processor.py:925} INFO - DAG(s) 'example_params_ui_tutorial' retrieved from /home/airflow/.local/lib/python3.12/site-packages/airflow/example_dags/example_params_ui_tutorial.py
[2026-03-23T19:09:46.650+0000] {logging_mixin.py:190} INFO - [2026-03-23T19:09:46.650+0000] {dag.py:3239} INFO - Sync 1 DAGs
[2026-03-23T19:09:46.662+0000] {logging_mixin.py:190} INFO - [2026-03-23T19:09:46.661+0000] {dag.py:4180} INFO - Setting next_dagrun for example_params_ui_tutorial to None, run_after=None
[2026-03-23T19:09:46.678+0000] {processor.py:208} INFO - Processing /home/airflow/.local/lib/python3.12/site-packages/airflow/example_dags/example_params_ui_tutorial.py took 0.081 seconds
[2026-03-23T19:10:17.815+0000] {processor.py:186} INFO - Started process (PID=747) to work on /home/airflow/.local/lib/python3.12/site-packages/airflow/example_dags/example_params_ui_tutorial.py
[2026-03-23T19:10:17.818+0000] {processor.py:914} INFO - Processing file /home/airflow/.local/lib/python3.12/site-packages/airflow/example_dags/example_params_ui_tutorial.py for tasks to queue
[2026-03-23T19:10:17.820+0000] {logging_mixin.py:190} INFO - [2026-03-23T19:10:17.820+0000] {dagbag.py:588} INFO - Filling up the DagBag from /home/airflow/.local/lib/python3.12/site-packages/airflow/example_dags/example_params_ui_tutorial.py
[2026-03-23T19:10:17.834+0000] {processor.py:925} INFO - DAG(s) 'example_params_ui_tutorial' retrieved from /home/airflow/.local/lib/python3.12/site-packages/airflow/example_dags/example_params_ui_tutorial.py
[2026-03-23T19:10:17.886+0000] {logging_mixin.py:190} INFO - [2026-03-23T19:10:17.886+0000] {dag.py:3239} INFO - Sync 1 DAGs
[2026-03-23T19:10:17.913+0000] {logging_mixin.py:190} INFO - [2026-03-23T19:10:17.913+0000] {dag.py:4180} INFO - Setting next_dagrun for example_params_ui_tutorial to None, run_after=None
[2026-03-23T19:10:17.948+0000] {processor.py:208} INFO - Processing /home/airflow/.local/lib/python3.12/site-packages/airflow/example_dags/example_params_ui_tutorial.py took 0.143 seconds
