[2026-03-23T19:04:46.016+0000] {processor.py:186} INFO - Started process (PID=98) to work on /home/airflow/.local/lib/python3.12/site-packages/airflow/example_dags/example_short_circuit_decorator.py
[2026-03-23T19:04:46.025+0000] {processor.py:914} INFO - Processing file /home/airflow/.local/lib/python3.12/site-packages/airflow/example_dags/example_short_circuit_decorator.py for tasks to queue
[2026-03-23T19:04:46.030+0000] {logging_mixin.py:190} INFO - [2026-03-23T19:04:46.029+0000] {dagbag.py:588} INFO - Filling up the DagBag from /home/airflow/.local/lib/python3.12/site-packages/airflow/example_dags/example_short_circuit_decorator.py
[2026-03-23T19:04:46.068+0000] {processor.py:925} INFO - DAG(s) 'example_short_circuit_decorator' retrieved from /home/airflow/.local/lib/python3.12/site-packages/airflow/example_dags/example_short_circuit_decorator.py
[2026-03-23T19:04:46.308+0000] {logging_mixin.py:190} INFO - [2026-03-23T19:04:46.306+0000] {override.py:1911} INFO - Created Permission View: can edit on DAG:example_short_circuit_decorator
[2026-03-23T19:04:46.322+0000] {logging_mixin.py:190} INFO - [2026-03-23T19:04:46.321+0000] {override.py:1911} INFO - Created Permission View: can read on DAG:example_short_circuit_decorator
[2026-03-23T19:04:46.326+0000] {logging_mixin.py:190} INFO - [2026-03-23T19:04:46.326+0000] {override.py:1911} INFO - Created Permission View: can delete on DAG:example_short_circuit_decorator
[2026-03-23T19:04:46.337+0000] {logging_mixin.py:190} INFO - [2026-03-23T19:04:46.336+0000] {override.py:1911} INFO - Created Permission View: menu access on DAG Run:example_short_circuit_decorator
[2026-03-23T19:04:46.341+0000] {logging_mixin.py:190} INFO - [2026-03-23T19:04:46.341+0000] {override.py:1911} INFO - Created Permission View: can read on DAG Run:example_short_circuit_decorator
[2026-03-23T19:04:46.348+0000] {logging_mixin.py:190} INFO - [2026-03-23T19:04:46.348+0000] {override.py:1911} INFO - Created Permission View: can create on DAG Run:example_short_circuit_decorator
[2026-03-23T19:04:46.353+0000] {logging_mixin.py:190} INFO - [2026-03-23T19:04:46.353+0000] {override.py:1911} INFO - Created Permission View: can delete on DAG Run:example_short_circuit_decorator
[2026-03-23T19:04:46.354+0000] {logging_mixin.py:190} INFO - [2026-03-23T19:04:46.354+0000] {dag.py:3239} INFO - Sync 1 DAGs
[2026-03-23T19:04:46.373+0000] {logging_mixin.py:190} INFO - [2026-03-23T19:04:46.373+0000] {dag.py:3262} INFO - Creating ORM DAG for example_short_circuit_decorator
[2026-03-23T19:04:46.374+0000] {logging_mixin.py:190} INFO - [2026-03-23T19:04:46.374+0000] {dag.py:4180} INFO - Setting next_dagrun for example_short_circuit_decorator to None, run_after=None
[2026-03-23T19:04:46.390+0000] {processor.py:208} INFO - Processing /home/airflow/.local/lib/python3.12/site-packages/airflow/example_dags/example_short_circuit_decorator.py took 0.482 seconds
[2026-03-23T19:05:16.754+0000] {processor.py:186} INFO - Started process (PID=161) to work on /home/airflow/.local/lib/python3.12/site-packages/airflow/example_dags/example_short_circuit_decorator.py
[2026-03-23T19:05:16.755+0000] {processor.py:914} INFO - Processing file /home/airflow/.local/lib/python3.12/site-packages/airflow/example_dags/example_short_circuit_decorator.py for tasks to queue
[2026-03-23T19:05:16.756+0000] {logging_mixin.py:190} INFO - [2026-03-23T19:05:16.756+0000] {dagbag.py:588} INFO - Filling up the DagBag from /home/airflow/.local/lib/python3.12/site-packages/airflow/example_dags/example_short_circuit_decorator.py
[2026-03-23T19:05:16.767+0000] {processor.py:925} INFO - DAG(s) 'example_short_circuit_decorator' retrieved from /home/airflow/.local/lib/python3.12/site-packages/airflow/example_dags/example_short_circuit_decorator.py
[2026-03-23T19:05:16.794+0000] {logging_mixin.py:190} INFO - [2026-03-23T19:05:16.793+0000] {dag.py:3239} INFO - Sync 1 DAGs
[2026-03-23T19:05:16.805+0000] {logging_mixin.py:190} INFO - [2026-03-23T19:05:16.805+0000] {dag.py:4180} INFO - Setting next_dagrun for example_short_circuit_decorator to None, run_after=None
[2026-03-23T19:05:16.817+0000] {processor.py:208} INFO - Processing /home/airflow/.local/lib/python3.12/site-packages/airflow/example_dags/example_short_circuit_decorator.py took 0.067 seconds
[2026-03-23T19:05:47.198+0000] {processor.py:186} INFO - Started process (PID=224) to work on /home/airflow/.local/lib/python3.12/site-packages/airflow/example_dags/example_short_circuit_decorator.py
[2026-03-23T19:05:47.202+0000] {processor.py:914} INFO - Processing file /home/airflow/.local/lib/python3.12/site-packages/airflow/example_dags/example_short_circuit_decorator.py for tasks to queue
[2026-03-23T19:05:47.206+0000] {logging_mixin.py:190} INFO - [2026-03-23T19:05:47.206+0000] {dagbag.py:588} INFO - Filling up the DagBag from /home/airflow/.local/lib/python3.12/site-packages/airflow/example_dags/example_short_circuit_decorator.py
[2026-03-23T19:05:47.225+0000] {processor.py:925} INFO - DAG(s) 'example_short_circuit_decorator' retrieved from /home/airflow/.local/lib/python3.12/site-packages/airflow/example_dags/example_short_circuit_decorator.py
[2026-03-23T19:05:47.263+0000] {logging_mixin.py:190} INFO - [2026-03-23T19:05:47.263+0000] {dag.py:3239} INFO - Sync 1 DAGs
[2026-03-23T19:05:47.284+0000] {logging_mixin.py:190} INFO - [2026-03-23T19:05:47.284+0000] {dag.py:4180} INFO - Setting next_dagrun for example_short_circuit_decorator to None, run_after=None
[2026-03-23T19:05:47.307+0000] {processor.py:208} INFO - Processing /home/airflow/.local/lib/python3.12/site-packages/airflow/example_dags/example_short_circuit_decorator.py took 0.125 seconds
[2026-03-23T19:06:17.522+0000] {processor.py:186} INFO - Started process (PID=288) to work on /home/airflow/.local/lib/python3.12/site-packages/airflow/example_dags/example_short_circuit_decorator.py
[2026-03-23T19:06:17.532+0000] {processor.py:914} INFO - Processing file /home/airflow/.local/lib/python3.12/site-packages/airflow/example_dags/example_short_circuit_decorator.py for tasks to queue
[2026-03-23T19:06:17.539+0000] {logging_mixin.py:190} INFO - [2026-03-23T19:06:17.538+0000] {dagbag.py:588} INFO - Filling up the DagBag from /home/airflow/.local/lib/python3.12/site-packages/airflow/example_dags/example_short_circuit_decorator.py
[2026-03-23T19:06:17.683+0000] {processor.py:925} INFO - DAG(s) 'example_short_circuit_decorator' retrieved from /home/airflow/.local/lib/python3.12/site-packages/airflow/example_dags/example_short_circuit_decorator.py
[2026-03-23T19:06:17.788+0000] {logging_mixin.py:190} INFO - [2026-03-23T19:06:17.787+0000] {dag.py:3239} INFO - Sync 1 DAGs
[2026-03-23T19:06:17.848+0000] {logging_mixin.py:190} INFO - [2026-03-23T19:06:17.847+0000] {dag.py:4180} INFO - Setting next_dagrun for example_short_circuit_decorator to None, run_after=None
[2026-03-23T19:06:17.901+0000] {processor.py:208} INFO - Processing /home/airflow/.local/lib/python3.12/site-packages/airflow/example_dags/example_short_circuit_decorator.py took 0.390 seconds
[2026-03-23T19:06:48.125+0000] {processor.py:186} INFO - Started process (PID=351) to work on /home/airflow/.local/lib/python3.12/site-packages/airflow/example_dags/example_short_circuit_decorator.py
[2026-03-23T19:06:48.127+0000] {processor.py:914} INFO - Processing file /home/airflow/.local/lib/python3.12/site-packages/airflow/example_dags/example_short_circuit_decorator.py for tasks to queue
[2026-03-23T19:06:48.132+0000] {logging_mixin.py:190} INFO - [2026-03-23T19:06:48.132+0000] {dagbag.py:588} INFO - Filling up the DagBag from /home/airflow/.local/lib/python3.12/site-packages/airflow/example_dags/example_short_circuit_decorator.py
[2026-03-23T19:06:48.150+0000] {processor.py:925} INFO - DAG(s) 'example_short_circuit_decorator' retrieved from /home/airflow/.local/lib/python3.12/site-packages/airflow/example_dags/example_short_circuit_decorator.py
[2026-03-23T19:06:48.187+0000] {logging_mixin.py:190} INFO - [2026-03-23T19:06:48.187+0000] {dag.py:3239} INFO - Sync 1 DAGs
[2026-03-23T19:06:48.200+0000] {logging_mixin.py:190} INFO - [2026-03-23T19:06:48.200+0000] {dag.py:4180} INFO - Setting next_dagrun for example_short_circuit_decorator to None, run_after=None
[2026-03-23T19:06:48.216+0000] {processor.py:208} INFO - Processing /home/airflow/.local/lib/python3.12/site-packages/airflow/example_dags/example_short_circuit_decorator.py took 0.109 seconds
[2026-03-23T19:07:33.333+0000] {processor.py:186} INFO - Started process (PID=424) to work on /home/airflow/.local/lib/python3.12/site-packages/airflow/example_dags/example_short_circuit_decorator.py
[2026-03-23T19:07:33.341+0000] {processor.py:914} INFO - Processing file /home/airflow/.local/lib/python3.12/site-packages/airflow/example_dags/example_short_circuit_decorator.py for tasks to queue
[2026-03-23T19:07:33.346+0000] {logging_mixin.py:190} INFO - [2026-03-23T19:07:33.345+0000] {dagbag.py:588} INFO - Filling up the DagBag from /home/airflow/.local/lib/python3.12/site-packages/airflow/example_dags/example_short_circuit_decorator.py
[2026-03-23T19:07:33.366+0000] {processor.py:925} INFO - DAG(s) 'example_short_circuit_decorator' retrieved from /home/airflow/.local/lib/python3.12/site-packages/airflow/example_dags/example_short_circuit_decorator.py
[2026-03-23T19:07:33.424+0000] {logging_mixin.py:190} INFO - [2026-03-23T19:07:33.424+0000] {dag.py:3239} INFO - Sync 1 DAGs
[2026-03-23T19:07:33.459+0000] {logging_mixin.py:190} INFO - [2026-03-23T19:07:33.456+0000] {dag.py:4180} INFO - Setting next_dagrun for example_short_circuit_decorator to None, run_after=None
[2026-03-23T19:07:33.563+0000] {processor.py:208} INFO - Processing /home/airflow/.local/lib/python3.12/site-packages/airflow/example_dags/example_short_circuit_decorator.py took 0.367 seconds
[2026-03-23T19:08:04.291+0000] {processor.py:186} INFO - Started process (PID=487) to work on /home/airflow/.local/lib/python3.12/site-packages/airflow/example_dags/example_short_circuit_decorator.py
[2026-03-23T19:08:04.301+0000] {processor.py:914} INFO - Processing file /home/airflow/.local/lib/python3.12/site-packages/airflow/example_dags/example_short_circuit_decorator.py for tasks to queue
[2026-03-23T19:08:04.316+0000] {logging_mixin.py:190} INFO - [2026-03-23T19:08:04.312+0000] {dagbag.py:588} INFO - Filling up the DagBag from /home/airflow/.local/lib/python3.12/site-packages/airflow/example_dags/example_short_circuit_decorator.py
[2026-03-23T19:08:04.379+0000] {processor.py:925} INFO - DAG(s) 'example_short_circuit_decorator' retrieved from /home/airflow/.local/lib/python3.12/site-packages/airflow/example_dags/example_short_circuit_decorator.py
[2026-03-23T19:08:04.532+0000] {logging_mixin.py:190} INFO - [2026-03-23T19:08:04.531+0000] {dag.py:3239} INFO - Sync 1 DAGs
[2026-03-23T19:08:04.657+0000] {logging_mixin.py:190} INFO - [2026-03-23T19:08:04.657+0000] {dag.py:4180} INFO - Setting next_dagrun for example_short_circuit_decorator to None, run_after=None
[2026-03-23T19:08:04.832+0000] {processor.py:208} INFO - Processing /home/airflow/.local/lib/python3.12/site-packages/airflow/example_dags/example_short_circuit_decorator.py took 0.583 seconds
[2026-03-23T19:08:45.804+0000] {processor.py:186} INFO - Started process (PID=559) to work on /home/airflow/.local/lib/python3.12/site-packages/airflow/example_dags/example_short_circuit_decorator.py
[2026-03-23T19:08:45.826+0000] {processor.py:914} INFO - Processing file /home/airflow/.local/lib/python3.12/site-packages/airflow/example_dags/example_short_circuit_decorator.py for tasks to queue
[2026-03-23T19:08:45.832+0000] {logging_mixin.py:190} INFO - [2026-03-23T19:08:45.830+0000] {dagbag.py:588} INFO - Filling up the DagBag from /home/airflow/.local/lib/python3.12/site-packages/airflow/example_dags/example_short_circuit_decorator.py
[2026-03-23T19:08:45.858+0000] {processor.py:925} INFO - DAG(s) 'example_short_circuit_decorator' retrieved from /home/airflow/.local/lib/python3.12/site-packages/airflow/example_dags/example_short_circuit_decorator.py
[2026-03-23T19:08:45.930+0000] {logging_mixin.py:190} INFO - [2026-03-23T19:08:45.930+0000] {dag.py:3239} INFO - Sync 1 DAGs
[2026-03-23T19:08:45.986+0000] {logging_mixin.py:190} INFO - [2026-03-23T19:08:45.985+0000] {dag.py:4180} INFO - Setting next_dagrun for example_short_circuit_decorator to None, run_after=None
[2026-03-23T19:08:46.015+0000] {processor.py:208} INFO - Processing /home/airflow/.local/lib/python3.12/site-packages/airflow/example_dags/example_short_circuit_decorator.py took 0.229 seconds
[2026-03-23T19:09:16.857+0000] {processor.py:186} INFO - Started process (PID=623) to work on /home/airflow/.local/lib/python3.12/site-packages/airflow/example_dags/example_short_circuit_decorator.py
[2026-03-23T19:09:16.863+0000] {processor.py:914} INFO - Processing file /home/airflow/.local/lib/python3.12/site-packages/airflow/example_dags/example_short_circuit_decorator.py for tasks to queue
[2026-03-23T19:09:16.866+0000] {logging_mixin.py:190} INFO - [2026-03-23T19:09:16.866+0000] {dagbag.py:588} INFO - Filling up the DagBag from /home/airflow/.local/lib/python3.12/site-packages/airflow/example_dags/example_short_circuit_decorator.py
[2026-03-23T19:09:16.877+0000] {processor.py:925} INFO - DAG(s) 'example_short_circuit_decorator' retrieved from /home/airflow/.local/lib/python3.12/site-packages/airflow/example_dags/example_short_circuit_decorator.py
[2026-03-23T19:09:16.893+0000] {logging_mixin.py:190} INFO - [2026-03-23T19:09:16.893+0000] {dag.py:3239} INFO - Sync 1 DAGs
[2026-03-23T19:09:16.908+0000] {logging_mixin.py:190} INFO - [2026-03-23T19:09:16.908+0000] {dag.py:4180} INFO - Setting next_dagrun for example_short_circuit_decorator to None, run_after=None
[2026-03-23T19:09:16.922+0000] {processor.py:208} INFO - Processing /home/airflow/.local/lib/python3.12/site-packages/airflow/example_dags/example_short_circuit_decorator.py took 0.071 seconds
[2026-03-23T19:09:49.187+0000] {processor.py:186} INFO - Started process (PID=689) to work on /home/airflow/.local/lib/python3.12/site-packages/airflow/example_dags/example_short_circuit_decorator.py
[2026-03-23T19:09:49.203+0000] {processor.py:914} INFO - Processing file /home/airflow/.local/lib/python3.12/site-packages/airflow/example_dags/example_short_circuit_decorator.py for tasks to queue
[2026-03-23T19:09:49.239+0000] {logging_mixin.py:190} INFO - [2026-03-23T19:09:49.237+0000] {dagbag.py:588} INFO - Filling up the DagBag from /home/airflow/.local/lib/python3.12/site-packages/airflow/example_dags/example_short_circuit_decorator.py
[2026-03-23T19:09:49.308+0000] {processor.py:925} INFO - DAG(s) 'example_short_circuit_decorator' retrieved from /home/airflow/.local/lib/python3.12/site-packages/airflow/example_dags/example_short_circuit_decorator.py
[2026-03-23T19:09:49.408+0000] {logging_mixin.py:190} INFO - [2026-03-23T19:09:49.408+0000] {dag.py:3239} INFO - Sync 1 DAGs
[2026-03-23T19:09:49.463+0000] {logging_mixin.py:190} INFO - [2026-03-23T19:09:49.455+0000] {dag.py:4180} INFO - Setting next_dagrun for example_short_circuit_decorator to None, run_after=None
[2026-03-23T19:09:49.599+0000] {processor.py:208} INFO - Processing /home/airflow/.local/lib/python3.12/site-packages/airflow/example_dags/example_short_circuit_decorator.py took 0.508 seconds
[2026-03-23T19:10:20.427+0000] {processor.py:186} INFO - Started process (PID=753) to work on /home/airflow/.local/lib/python3.12/site-packages/airflow/example_dags/example_short_circuit_decorator.py
[2026-03-23T19:10:20.430+0000] {processor.py:914} INFO - Processing file /home/airflow/.local/lib/python3.12/site-packages/airflow/example_dags/example_short_circuit_decorator.py for tasks to queue
[2026-03-23T19:10:20.440+0000] {logging_mixin.py:190} INFO - [2026-03-23T19:10:20.439+0000] {dagbag.py:588} INFO - Filling up the DagBag from /home/airflow/.local/lib/python3.12/site-packages/airflow/example_dags/example_short_circuit_decorator.py
[2026-03-23T19:10:20.465+0000] {processor.py:925} INFO - DAG(s) 'example_short_circuit_decorator' retrieved from /home/airflow/.local/lib/python3.12/site-packages/airflow/example_dags/example_short_circuit_decorator.py
[2026-03-23T19:10:20.547+0000] {logging_mixin.py:190} INFO - [2026-03-23T19:10:20.546+0000] {dag.py:3239} INFO - Sync 1 DAGs
[2026-03-23T19:10:20.567+0000] {logging_mixin.py:190} INFO - [2026-03-23T19:10:20.567+0000] {dag.py:4180} INFO - Setting next_dagrun for example_short_circuit_decorator to None, run_after=None
[2026-03-23T19:10:20.610+0000] {processor.py:208} INFO - Processing /home/airflow/.local/lib/python3.12/site-packages/airflow/example_dags/example_short_circuit_decorator.py took 0.204 seconds
