[2026-03-23T19:04:19.137+0000] {processor.py:186} INFO - Started process (PID=59) to work on /home/airflow/.local/lib/python3.12/site-packages/airflow/example_dags/example_task_group.py
[2026-03-23T19:04:19.141+0000] {processor.py:914} INFO - Processing file /home/airflow/.local/lib/python3.12/site-packages/airflow/example_dags/example_task_group.py for tasks to queue
[2026-03-23T19:04:19.149+0000] {logging_mixin.py:190} INFO - [2026-03-23T19:04:19.149+0000] {dagbag.py:588} INFO - Filling up the DagBag from /home/airflow/.local/lib/python3.12/site-packages/airflow/example_dags/example_task_group.py
[2026-03-23T19:04:19.226+0000] {processor.py:925} INFO - DAG(s) 'example_task_group' retrieved from /home/airflow/.local/lib/python3.12/site-packages/airflow/example_dags/example_task_group.py
[2026-03-23T19:04:19.665+0000] {logging_mixin.py:190} INFO - [2026-03-23T19:04:19.661+0000] {override.py:1911} INFO - Created Permission View: can edit on DAG:example_task_group
[2026-03-23T19:04:19.710+0000] {logging_mixin.py:190} INFO - [2026-03-23T19:04:19.709+0000] {override.py:1911} INFO - Created Permission View: can read on DAG:example_task_group
[2026-03-23T19:04:19.740+0000] {logging_mixin.py:190} INFO - [2026-03-23T19:04:19.739+0000] {override.py:1911} INFO - Created Permission View: can delete on DAG:example_task_group
[2026-03-23T19:04:19.772+0000] {logging_mixin.py:190} INFO - [2026-03-23T19:04:19.772+0000] {override.py:1911} INFO - Created Permission View: menu access on DAG Run:example_task_group
[2026-03-23T19:04:19.784+0000] {logging_mixin.py:190} INFO - [2026-03-23T19:04:19.784+0000] {override.py:1911} INFO - Created Permission View: can read on DAG Run:example_task_group
[2026-03-23T19:04:19.792+0000] {logging_mixin.py:190} INFO - [2026-03-23T19:04:19.792+0000] {override.py:1911} INFO - Created Permission View: can create on DAG Run:example_task_group
[2026-03-23T19:04:19.797+0000] {logging_mixin.py:190} INFO - [2026-03-23T19:04:19.797+0000] {override.py:1911} INFO - Created Permission View: can delete on DAG Run:example_task_group
[2026-03-23T19:04:19.798+0000] {logging_mixin.py:190} INFO - [2026-03-23T19:04:19.798+0000] {dag.py:3239} INFO - Sync 1 DAGs
[2026-03-23T19:04:19.830+0000] {logging_mixin.py:190} INFO - [2026-03-23T19:04:19.830+0000] {dag.py:3262} INFO - Creating ORM DAG for example_task_group
[2026-03-23T19:04:19.833+0000] {logging_mixin.py:190} INFO - [2026-03-23T19:04:19.832+0000] {dag.py:4180} INFO - Setting next_dagrun for example_task_group to None, run_after=None
[2026-03-23T19:04:19.881+0000] {processor.py:208} INFO - Processing /home/airflow/.local/lib/python3.12/site-packages/airflow/example_dags/example_task_group.py took 0.781 seconds
[2026-03-23T19:04:51.990+0000] {processor.py:186} INFO - Started process (PID=128) to work on /home/airflow/.local/lib/python3.12/site-packages/airflow/example_dags/example_task_group.py
[2026-03-23T19:04:51.991+0000] {processor.py:914} INFO - Processing file /home/airflow/.local/lib/python3.12/site-packages/airflow/example_dags/example_task_group.py for tasks to queue
[2026-03-23T19:04:51.992+0000] {logging_mixin.py:190} INFO - [2026-03-23T19:04:51.992+0000] {dagbag.py:588} INFO - Filling up the DagBag from /home/airflow/.local/lib/python3.12/site-packages/airflow/example_dags/example_task_group.py
[2026-03-23T19:04:51.998+0000] {processor.py:925} INFO - DAG(s) 'example_task_group' retrieved from /home/airflow/.local/lib/python3.12/site-packages/airflow/example_dags/example_task_group.py
[2026-03-23T19:04:52.023+0000] {logging_mixin.py:190} INFO - [2026-03-23T19:04:52.023+0000] {dag.py:3239} INFO - Sync 1 DAGs
[2026-03-23T19:04:52.039+0000] {logging_mixin.py:190} INFO - [2026-03-23T19:04:52.039+0000] {dag.py:4180} INFO - Setting next_dagrun for example_task_group to None, run_after=None
[2026-03-23T19:04:52.062+0000] {processor.py:208} INFO - Processing /home/airflow/.local/lib/python3.12/site-packages/airflow/example_dags/example_task_group.py took 0.079 seconds
[2026-03-23T19:05:22.962+0000] {processor.py:186} INFO - Started process (PID=188) to work on /home/airflow/.local/lib/python3.12/site-packages/airflow/example_dags/example_task_group.py
[2026-03-23T19:05:22.968+0000] {processor.py:914} INFO - Processing file /home/airflow/.local/lib/python3.12/site-packages/airflow/example_dags/example_task_group.py for tasks to queue
[2026-03-23T19:05:22.972+0000] {logging_mixin.py:190} INFO - [2026-03-23T19:05:22.972+0000] {dagbag.py:588} INFO - Filling up the DagBag from /home/airflow/.local/lib/python3.12/site-packages/airflow/example_dags/example_task_group.py
[2026-03-23T19:05:22.980+0000] {processor.py:925} INFO - DAG(s) 'example_task_group' retrieved from /home/airflow/.local/lib/python3.12/site-packages/airflow/example_dags/example_task_group.py
[2026-03-23T19:05:23.010+0000] {logging_mixin.py:190} INFO - [2026-03-23T19:05:23.010+0000] {dag.py:3239} INFO - Sync 1 DAGs
[2026-03-23T19:05:23.032+0000] {logging_mixin.py:190} INFO - [2026-03-23T19:05:23.032+0000] {dag.py:4180} INFO - Setting next_dagrun for example_task_group to None, run_after=None
[2026-03-23T19:05:23.044+0000] {processor.py:208} INFO - Processing /home/airflow/.local/lib/python3.12/site-packages/airflow/example_dags/example_task_group.py took 0.086 seconds
[2026-03-23T19:05:53.202+0000] {processor.py:186} INFO - Started process (PID=252) to work on /home/airflow/.local/lib/python3.12/site-packages/airflow/example_dags/example_task_group.py
[2026-03-23T19:05:53.204+0000] {processor.py:914} INFO - Processing file /home/airflow/.local/lib/python3.12/site-packages/airflow/example_dags/example_task_group.py for tasks to queue
[2026-03-23T19:05:53.205+0000] {logging_mixin.py:190} INFO - [2026-03-23T19:05:53.205+0000] {dagbag.py:588} INFO - Filling up the DagBag from /home/airflow/.local/lib/python3.12/site-packages/airflow/example_dags/example_task_group.py
[2026-03-23T19:05:53.211+0000] {processor.py:925} INFO - DAG(s) 'example_task_group' retrieved from /home/airflow/.local/lib/python3.12/site-packages/airflow/example_dags/example_task_group.py
[2026-03-23T19:05:53.223+0000] {logging_mixin.py:190} INFO - [2026-03-23T19:05:53.223+0000] {dag.py:3239} INFO - Sync 1 DAGs
[2026-03-23T19:05:53.230+0000] {logging_mixin.py:190} INFO - [2026-03-23T19:05:53.230+0000] {dag.py:4180} INFO - Setting next_dagrun for example_task_group to None, run_after=None
[2026-03-23T19:05:53.242+0000] {processor.py:208} INFO - Processing /home/airflow/.local/lib/python3.12/site-packages/airflow/example_dags/example_task_group.py took 0.047 seconds
[2026-03-23T19:06:23.576+0000] {processor.py:186} INFO - Started process (PID=315) to work on /home/airflow/.local/lib/python3.12/site-packages/airflow/example_dags/example_task_group.py
[2026-03-23T19:06:23.579+0000] {processor.py:914} INFO - Processing file /home/airflow/.local/lib/python3.12/site-packages/airflow/example_dags/example_task_group.py for tasks to queue
[2026-03-23T19:06:23.582+0000] {logging_mixin.py:190} INFO - [2026-03-23T19:06:23.582+0000] {dagbag.py:588} INFO - Filling up the DagBag from /home/airflow/.local/lib/python3.12/site-packages/airflow/example_dags/example_task_group.py
[2026-03-23T19:06:23.592+0000] {processor.py:925} INFO - DAG(s) 'example_task_group' retrieved from /home/airflow/.local/lib/python3.12/site-packages/airflow/example_dags/example_task_group.py
[2026-03-23T19:06:23.635+0000] {logging_mixin.py:190} INFO - [2026-03-23T19:06:23.635+0000] {dag.py:3239} INFO - Sync 1 DAGs
[2026-03-23T19:06:23.650+0000] {logging_mixin.py:190} INFO - [2026-03-23T19:06:23.650+0000] {dag.py:4180} INFO - Setting next_dagrun for example_task_group to None, run_after=None
[2026-03-23T19:06:23.674+0000] {processor.py:208} INFO - Processing /home/airflow/.local/lib/python3.12/site-packages/airflow/example_dags/example_task_group.py took 0.102 seconds
[2026-03-23T19:06:54.085+0000] {processor.py:186} INFO - Started process (PID=377) to work on /home/airflow/.local/lib/python3.12/site-packages/airflow/example_dags/example_task_group.py
[2026-03-23T19:06:54.085+0000] {processor.py:914} INFO - Processing file /home/airflow/.local/lib/python3.12/site-packages/airflow/example_dags/example_task_group.py for tasks to queue
[2026-03-23T19:06:54.087+0000] {logging_mixin.py:190} INFO - [2026-03-23T19:06:54.087+0000] {dagbag.py:588} INFO - Filling up the DagBag from /home/airflow/.local/lib/python3.12/site-packages/airflow/example_dags/example_task_group.py
[2026-03-23T19:06:54.100+0000] {processor.py:925} INFO - DAG(s) 'example_task_group' retrieved from /home/airflow/.local/lib/python3.12/site-packages/airflow/example_dags/example_task_group.py
[2026-03-23T19:06:54.129+0000] {logging_mixin.py:190} INFO - [2026-03-23T19:06:54.128+0000] {dag.py:3239} INFO - Sync 1 DAGs
[2026-03-23T19:06:54.137+0000] {logging_mixin.py:190} INFO - [2026-03-23T19:06:54.137+0000] {dag.py:4180} INFO - Setting next_dagrun for example_task_group to None, run_after=None
[2026-03-23T19:06:54.162+0000] {processor.py:208} INFO - Processing /home/airflow/.local/lib/python3.12/site-packages/airflow/example_dags/example_task_group.py took 0.081 seconds
[2026-03-23T19:07:35.275+0000] {processor.py:186} INFO - Started process (PID=439) to work on /home/airflow/.local/lib/python3.12/site-packages/airflow/example_dags/example_task_group.py
[2026-03-23T19:07:35.277+0000] {processor.py:914} INFO - Processing file /home/airflow/.local/lib/python3.12/site-packages/airflow/example_dags/example_task_group.py for tasks to queue
[2026-03-23T19:07:35.281+0000] {logging_mixin.py:190} INFO - [2026-03-23T19:07:35.280+0000] {dagbag.py:588} INFO - Filling up the DagBag from /home/airflow/.local/lib/python3.12/site-packages/airflow/example_dags/example_task_group.py
[2026-03-23T19:07:35.287+0000] {processor.py:925} INFO - DAG(s) 'example_task_group' retrieved from /home/airflow/.local/lib/python3.12/site-packages/airflow/example_dags/example_task_group.py
[2026-03-23T19:07:35.304+0000] {logging_mixin.py:190} INFO - [2026-03-23T19:07:35.304+0000] {dag.py:3239} INFO - Sync 1 DAGs
[2026-03-23T19:07:35.312+0000] {logging_mixin.py:190} INFO - [2026-03-23T19:07:35.312+0000] {dag.py:4180} INFO - Setting next_dagrun for example_task_group to None, run_after=None
[2026-03-23T19:07:35.335+0000] {processor.py:208} INFO - Processing /home/airflow/.local/lib/python3.12/site-packages/airflow/example_dags/example_task_group.py took 0.065 seconds
[2026-03-23T19:08:08.673+0000] {processor.py:186} INFO - Started process (PID=493) to work on /home/airflow/.local/lib/python3.12/site-packages/airflow/example_dags/example_task_group.py
[2026-03-23T19:08:08.674+0000] {processor.py:914} INFO - Processing file /home/airflow/.local/lib/python3.12/site-packages/airflow/example_dags/example_task_group.py for tasks to queue
[2026-03-23T19:08:08.692+0000] {logging_mixin.py:190} INFO - [2026-03-23T19:08:08.691+0000] {dagbag.py:588} INFO - Filling up the DagBag from /home/airflow/.local/lib/python3.12/site-packages/airflow/example_dags/example_task_group.py
[2026-03-23T19:08:08.705+0000] {processor.py:925} INFO - DAG(s) 'example_task_group' retrieved from /home/airflow/.local/lib/python3.12/site-packages/airflow/example_dags/example_task_group.py
[2026-03-23T19:08:08.736+0000] {logging_mixin.py:190} INFO - [2026-03-23T19:08:08.736+0000] {dag.py:3239} INFO - Sync 1 DAGs
[2026-03-23T19:08:08.760+0000] {logging_mixin.py:190} INFO - [2026-03-23T19:08:08.760+0000] {dag.py:4180} INFO - Setting next_dagrun for example_task_group to None, run_after=None
[2026-03-23T19:08:08.789+0000] {processor.py:208} INFO - Processing /home/airflow/.local/lib/python3.12/site-packages/airflow/example_dags/example_task_group.py took 0.146 seconds
[2026-03-23T19:08:42.695+0000] {processor.py:186} INFO - Started process (PID=552) to work on /home/airflow/.local/lib/python3.12/site-packages/airflow/example_dags/example_task_group.py
[2026-03-23T19:08:42.702+0000] {processor.py:914} INFO - Processing file /home/airflow/.local/lib/python3.12/site-packages/airflow/example_dags/example_task_group.py for tasks to queue
[2026-03-23T19:08:42.810+0000] {logging_mixin.py:190} INFO - [2026-03-23T19:08:42.810+0000] {dagbag.py:588} INFO - Filling up the DagBag from /home/airflow/.local/lib/python3.12/site-packages/airflow/example_dags/example_task_group.py
[2026-03-23T19:08:43.022+0000] {processor.py:925} INFO - DAG(s) 'example_task_group' retrieved from /home/airflow/.local/lib/python3.12/site-packages/airflow/example_dags/example_task_group.py
[2026-03-23T19:08:43.384+0000] {logging_mixin.py:190} INFO - [2026-03-23T19:08:43.365+0000] {dag.py:3239} INFO - Sync 1 DAGs
[2026-03-23T19:08:43.575+0000] {logging_mixin.py:190} INFO - [2026-03-23T19:08:43.566+0000] {dag.py:4180} INFO - Setting next_dagrun for example_task_group to None, run_after=None
[2026-03-23T19:08:43.740+0000] {processor.py:208} INFO - Processing /home/airflow/.local/lib/python3.12/site-packages/airflow/example_dags/example_task_group.py took 1.205 seconds
[2026-03-23T19:09:15.143+0000] {processor.py:186} INFO - Started process (PID=616) to work on /home/airflow/.local/lib/python3.12/site-packages/airflow/example_dags/example_task_group.py
[2026-03-23T19:09:15.144+0000] {processor.py:914} INFO - Processing file /home/airflow/.local/lib/python3.12/site-packages/airflow/example_dags/example_task_group.py for tasks to queue
[2026-03-23T19:09:15.146+0000] {logging_mixin.py:190} INFO - [2026-03-23T19:09:15.145+0000] {dagbag.py:588} INFO - Filling up the DagBag from /home/airflow/.local/lib/python3.12/site-packages/airflow/example_dags/example_task_group.py
[2026-03-23T19:09:15.158+0000] {processor.py:925} INFO - DAG(s) 'example_task_group' retrieved from /home/airflow/.local/lib/python3.12/site-packages/airflow/example_dags/example_task_group.py
[2026-03-23T19:09:15.195+0000] {logging_mixin.py:190} INFO - [2026-03-23T19:09:15.195+0000] {dag.py:3239} INFO - Sync 1 DAGs
[2026-03-23T19:09:15.213+0000] {logging_mixin.py:190} INFO - [2026-03-23T19:09:15.213+0000] {dag.py:4180} INFO - Setting next_dagrun for example_task_group to None, run_after=None
[2026-03-23T19:09:15.226+0000] {processor.py:208} INFO - Processing /home/airflow/.local/lib/python3.12/site-packages/airflow/example_dags/example_task_group.py took 0.098 seconds
[2026-03-23T19:09:45.287+0000] {processor.py:186} INFO - Started process (PID=680) to work on /home/airflow/.local/lib/python3.12/site-packages/airflow/example_dags/example_task_group.py
[2026-03-23T19:09:45.288+0000] {processor.py:914} INFO - Processing file /home/airflow/.local/lib/python3.12/site-packages/airflow/example_dags/example_task_group.py for tasks to queue
[2026-03-23T19:09:45.291+0000] {logging_mixin.py:190} INFO - [2026-03-23T19:09:45.290+0000] {dagbag.py:588} INFO - Filling up the DagBag from /home/airflow/.local/lib/python3.12/site-packages/airflow/example_dags/example_task_group.py
[2026-03-23T19:09:45.299+0000] {processor.py:925} INFO - DAG(s) 'example_task_group' retrieved from /home/airflow/.local/lib/python3.12/site-packages/airflow/example_dags/example_task_group.py
[2026-03-23T19:09:45.329+0000] {logging_mixin.py:190} INFO - [2026-03-23T19:09:45.329+0000] {dag.py:3239} INFO - Sync 1 DAGs
[2026-03-23T19:09:45.345+0000] {logging_mixin.py:190} INFO - [2026-03-23T19:09:45.345+0000] {dag.py:4180} INFO - Setting next_dagrun for example_task_group to None, run_after=None
[2026-03-23T19:09:45.367+0000] {processor.py:208} INFO - Processing /home/airflow/.local/lib/python3.12/site-packages/airflow/example_dags/example_task_group.py took 0.086 seconds
[2026-03-23T19:10:16.849+0000] {processor.py:186} INFO - Started process (PID=737) to work on /home/airflow/.local/lib/python3.12/site-packages/airflow/example_dags/example_task_group.py
[2026-03-23T19:10:16.851+0000] {processor.py:914} INFO - Processing file /home/airflow/.local/lib/python3.12/site-packages/airflow/example_dags/example_task_group.py for tasks to queue
[2026-03-23T19:10:16.854+0000] {logging_mixin.py:190} INFO - [2026-03-23T19:10:16.854+0000] {dagbag.py:588} INFO - Filling up the DagBag from /home/airflow/.local/lib/python3.12/site-packages/airflow/example_dags/example_task_group.py
[2026-03-23T19:10:16.864+0000] {processor.py:925} INFO - DAG(s) 'example_task_group' retrieved from /home/airflow/.local/lib/python3.12/site-packages/airflow/example_dags/example_task_group.py
[2026-03-23T19:10:16.883+0000] {logging_mixin.py:190} INFO - [2026-03-23T19:10:16.882+0000] {dag.py:3239} INFO - Sync 1 DAGs
[2026-03-23T19:10:16.899+0000] {logging_mixin.py:190} INFO - [2026-03-23T19:10:16.899+0000] {dag.py:4180} INFO - Setting next_dagrun for example_task_group to None, run_after=None
[2026-03-23T19:10:16.911+0000] {processor.py:208} INFO - Processing /home/airflow/.local/lib/python3.12/site-packages/airflow/example_dags/example_task_group.py took 0.072 seconds
