[2026-03-23T19:04:19.365+0000] {processor.py:186} INFO - Started process (PID=60) to work on /home/airflow/.local/lib/python3.12/site-packages/airflow/example_dags/example_complex.py
[2026-03-23T19:04:19.369+0000] {processor.py:914} INFO - Processing file /home/airflow/.local/lib/python3.12/site-packages/airflow/example_dags/example_complex.py for tasks to queue
[2026-03-23T19:04:19.382+0000] {logging_mixin.py:190} INFO - [2026-03-23T19:04:19.382+0000] {dagbag.py:588} INFO - Filling up the DagBag from /home/airflow/.local/lib/python3.12/site-packages/airflow/example_dags/example_complex.py
[2026-03-23T19:04:19.433+0000] {processor.py:925} INFO - DAG(s) 'example_complex' retrieved from /home/airflow/.local/lib/python3.12/site-packages/airflow/example_dags/example_complex.py
[2026-03-23T19:04:19.896+0000] {logging_mixin.py:190} INFO - [2026-03-23T19:04:19.894+0000] {override.py:1911} INFO - Created Permission View: can edit on DAG:example_complex
[2026-03-23T19:04:19.916+0000] {logging_mixin.py:190} INFO - [2026-03-23T19:04:19.916+0000] {override.py:1911} INFO - Created Permission View: can read on DAG:example_complex
[2026-03-23T19:04:19.932+0000] {logging_mixin.py:190} INFO - [2026-03-23T19:04:19.931+0000] {override.py:1911} INFO - Created Permission View: can delete on DAG:example_complex
[2026-03-23T19:04:19.947+0000] {logging_mixin.py:190} INFO - [2026-03-23T19:04:19.946+0000] {override.py:1911} INFO - Created Permission View: menu access on DAG Run:example_complex
[2026-03-23T19:04:19.970+0000] {logging_mixin.py:190} INFO - [2026-03-23T19:04:19.969+0000] {override.py:1911} INFO - Created Permission View: can read on DAG Run:example_complex
[2026-03-23T19:04:19.992+0000] {logging_mixin.py:190} INFO - [2026-03-23T19:04:19.992+0000] {override.py:1911} INFO - Created Permission View: can create on DAG Run:example_complex
[2026-03-23T19:04:20.011+0000] {logging_mixin.py:190} INFO - [2026-03-23T19:04:20.010+0000] {override.py:1911} INFO - Created Permission View: can delete on DAG Run:example_complex
[2026-03-23T19:04:20.014+0000] {logging_mixin.py:190} INFO - [2026-03-23T19:04:20.013+0000] {dag.py:3239} INFO - Sync 1 DAGs
[2026-03-23T19:04:20.049+0000] {logging_mixin.py:190} INFO - [2026-03-23T19:04:20.049+0000] {dag.py:3262} INFO - Creating ORM DAG for example_complex
[2026-03-23T19:04:20.052+0000] {logging_mixin.py:190} INFO - [2026-03-23T19:04:20.052+0000] {dag.py:4180} INFO - Setting next_dagrun for example_complex to None, run_after=None
[2026-03-23T19:04:20.089+0000] {processor.py:208} INFO - Processing /home/airflow/.local/lib/python3.12/site-packages/airflow/example_dags/example_complex.py took 0.753 seconds
[2026-03-23T19:04:51.996+0000] {processor.py:186} INFO - Started process (PID=129) to work on /home/airflow/.local/lib/python3.12/site-packages/airflow/example_dags/example_complex.py
[2026-03-23T19:04:51.998+0000] {processor.py:914} INFO - Processing file /home/airflow/.local/lib/python3.12/site-packages/airflow/example_dags/example_complex.py for tasks to queue
[2026-03-23T19:04:52.003+0000] {logging_mixin.py:190} INFO - [2026-03-23T19:04:52.002+0000] {dagbag.py:588} INFO - Filling up the DagBag from /home/airflow/.local/lib/python3.12/site-packages/airflow/example_dags/example_complex.py
[2026-03-23T19:04:52.017+0000] {processor.py:925} INFO - DAG(s) 'example_complex' retrieved from /home/airflow/.local/lib/python3.12/site-packages/airflow/example_dags/example_complex.py
[2026-03-23T19:04:52.054+0000] {logging_mixin.py:190} INFO - [2026-03-23T19:04:52.054+0000] {dag.py:3239} INFO - Sync 1 DAGs
[2026-03-23T19:04:52.071+0000] {logging_mixin.py:190} INFO - [2026-03-23T19:04:52.071+0000] {dag.py:4180} INFO - Setting next_dagrun for example_complex to None, run_after=None
[2026-03-23T19:04:52.098+0000] {processor.py:208} INFO - Processing /home/airflow/.local/lib/python3.12/site-packages/airflow/example_dags/example_complex.py took 0.106 seconds
[2026-03-23T19:05:23.044+0000] {processor.py:186} INFO - Started process (PID=189) to work on /home/airflow/.local/lib/python3.12/site-packages/airflow/example_dags/example_complex.py
[2026-03-23T19:05:23.051+0000] {processor.py:914} INFO - Processing file /home/airflow/.local/lib/python3.12/site-packages/airflow/example_dags/example_complex.py for tasks to queue
[2026-03-23T19:05:23.053+0000] {logging_mixin.py:190} INFO - [2026-03-23T19:05:23.052+0000] {dagbag.py:588} INFO - Filling up the DagBag from /home/airflow/.local/lib/python3.12/site-packages/airflow/example_dags/example_complex.py
[2026-03-23T19:05:23.061+0000] {processor.py:925} INFO - DAG(s) 'example_complex' retrieved from /home/airflow/.local/lib/python3.12/site-packages/airflow/example_dags/example_complex.py
[2026-03-23T19:05:23.079+0000] {logging_mixin.py:190} INFO - [2026-03-23T19:05:23.079+0000] {dag.py:3239} INFO - Sync 1 DAGs
[2026-03-23T19:05:23.089+0000] {logging_mixin.py:190} INFO - [2026-03-23T19:05:23.089+0000] {dag.py:4180} INFO - Setting next_dagrun for example_complex to None, run_after=None
[2026-03-23T19:05:23.123+0000] {processor.py:208} INFO - Processing /home/airflow/.local/lib/python3.12/site-packages/airflow/example_dags/example_complex.py took 0.083 seconds
[2026-03-23T19:05:53.266+0000] {processor.py:186} INFO - Started process (PID=253) to work on /home/airflow/.local/lib/python3.12/site-packages/airflow/example_dags/example_complex.py
[2026-03-23T19:05:53.268+0000] {processor.py:914} INFO - Processing file /home/airflow/.local/lib/python3.12/site-packages/airflow/example_dags/example_complex.py for tasks to queue
[2026-03-23T19:05:53.270+0000] {logging_mixin.py:190} INFO - [2026-03-23T19:05:53.269+0000] {dagbag.py:588} INFO - Filling up the DagBag from /home/airflow/.local/lib/python3.12/site-packages/airflow/example_dags/example_complex.py
[2026-03-23T19:05:53.278+0000] {processor.py:925} INFO - DAG(s) 'example_complex' retrieved from /home/airflow/.local/lib/python3.12/site-packages/airflow/example_dags/example_complex.py
[2026-03-23T19:05:53.301+0000] {logging_mixin.py:190} INFO - [2026-03-23T19:05:53.300+0000] {dag.py:3239} INFO - Sync 1 DAGs
[2026-03-23T19:05:53.312+0000] {logging_mixin.py:190} INFO - [2026-03-23T19:05:53.311+0000] {dag.py:4180} INFO - Setting next_dagrun for example_complex to None, run_after=None
[2026-03-23T19:05:53.324+0000] {processor.py:208} INFO - Processing /home/airflow/.local/lib/python3.12/site-packages/airflow/example_dags/example_complex.py took 0.062 seconds
[2026-03-23T19:06:23.673+0000] {processor.py:186} INFO - Started process (PID=316) to work on /home/airflow/.local/lib/python3.12/site-packages/airflow/example_dags/example_complex.py
[2026-03-23T19:06:23.674+0000] {processor.py:914} INFO - Processing file /home/airflow/.local/lib/python3.12/site-packages/airflow/example_dags/example_complex.py for tasks to queue
[2026-03-23T19:06:23.678+0000] {logging_mixin.py:190} INFO - [2026-03-23T19:06:23.677+0000] {dagbag.py:588} INFO - Filling up the DagBag from /home/airflow/.local/lib/python3.12/site-packages/airflow/example_dags/example_complex.py
[2026-03-23T19:06:23.688+0000] {processor.py:925} INFO - DAG(s) 'example_complex' retrieved from /home/airflow/.local/lib/python3.12/site-packages/airflow/example_dags/example_complex.py
[2026-03-23T19:06:23.706+0000] {logging_mixin.py:190} INFO - [2026-03-23T19:06:23.706+0000] {dag.py:3239} INFO - Sync 1 DAGs
[2026-03-23T19:06:23.720+0000] {logging_mixin.py:190} INFO - [2026-03-23T19:06:23.720+0000] {dag.py:4180} INFO - Setting next_dagrun for example_complex to None, run_after=None
[2026-03-23T19:06:23.736+0000] {processor.py:208} INFO - Processing /home/airflow/.local/lib/python3.12/site-packages/airflow/example_dags/example_complex.py took 0.078 seconds
[2026-03-23T19:06:54.234+0000] {processor.py:186} INFO - Started process (PID=380) to work on /home/airflow/.local/lib/python3.12/site-packages/airflow/example_dags/example_complex.py
[2026-03-23T19:06:54.235+0000] {processor.py:914} INFO - Processing file /home/airflow/.local/lib/python3.12/site-packages/airflow/example_dags/example_complex.py for tasks to queue
[2026-03-23T19:06:54.237+0000] {logging_mixin.py:190} INFO - [2026-03-23T19:06:54.236+0000] {dagbag.py:588} INFO - Filling up the DagBag from /home/airflow/.local/lib/python3.12/site-packages/airflow/example_dags/example_complex.py
[2026-03-23T19:06:54.247+0000] {processor.py:925} INFO - DAG(s) 'example_complex' retrieved from /home/airflow/.local/lib/python3.12/site-packages/airflow/example_dags/example_complex.py
[2026-03-23T19:06:54.290+0000] {logging_mixin.py:190} INFO - [2026-03-23T19:06:54.290+0000] {dag.py:3239} INFO - Sync 1 DAGs
[2026-03-23T19:06:54.301+0000] {logging_mixin.py:190} INFO - [2026-03-23T19:06:54.301+0000] {dag.py:4180} INFO - Setting next_dagrun for example_complex to None, run_after=None
[2026-03-23T19:06:54.318+0000] {processor.py:208} INFO - Processing /home/airflow/.local/lib/python3.12/site-packages/airflow/example_dags/example_complex.py took 0.088 seconds
[2026-03-23T19:07:35.367+0000] {processor.py:186} INFO - Started process (PID=440) to work on /home/airflow/.local/lib/python3.12/site-packages/airflow/example_dags/example_complex.py
[2026-03-23T19:07:35.367+0000] {processor.py:914} INFO - Processing file /home/airflow/.local/lib/python3.12/site-packages/airflow/example_dags/example_complex.py for tasks to queue
[2026-03-23T19:07:35.369+0000] {logging_mixin.py:190} INFO - [2026-03-23T19:07:35.369+0000] {dagbag.py:588} INFO - Filling up the DagBag from /home/airflow/.local/lib/python3.12/site-packages/airflow/example_dags/example_complex.py
[2026-03-23T19:07:35.376+0000] {processor.py:925} INFO - DAG(s) 'example_complex' retrieved from /home/airflow/.local/lib/python3.12/site-packages/airflow/example_dags/example_complex.py
[2026-03-23T19:07:35.398+0000] {logging_mixin.py:190} INFO - [2026-03-23T19:07:35.397+0000] {dag.py:3239} INFO - Sync 1 DAGs
[2026-03-23T19:07:35.406+0000] {logging_mixin.py:190} INFO - [2026-03-23T19:07:35.406+0000] {dag.py:4180} INFO - Setting next_dagrun for example_complex to None, run_after=None
[2026-03-23T19:07:35.414+0000] {processor.py:208} INFO - Processing /home/airflow/.local/lib/python3.12/site-packages/airflow/example_dags/example_complex.py took 0.051 seconds
[2026-03-23T19:08:08.855+0000] {processor.py:186} INFO - Started process (PID=494) to work on /home/airflow/.local/lib/python3.12/site-packages/airflow/example_dags/example_complex.py
[2026-03-23T19:08:08.857+0000] {processor.py:914} INFO - Processing file /home/airflow/.local/lib/python3.12/site-packages/airflow/example_dags/example_complex.py for tasks to queue
[2026-03-23T19:08:08.861+0000] {logging_mixin.py:190} INFO - [2026-03-23T19:08:08.860+0000] {dagbag.py:588} INFO - Filling up the DagBag from /home/airflow/.local/lib/python3.12/site-packages/airflow/example_dags/example_complex.py
[2026-03-23T19:08:08.880+0000] {processor.py:925} INFO - DAG(s) 'example_complex' retrieved from /home/airflow/.local/lib/python3.12/site-packages/airflow/example_dags/example_complex.py
[2026-03-23T19:08:08.932+0000] {logging_mixin.py:190} INFO - [2026-03-23T19:08:08.931+0000] {dag.py:3239} INFO - Sync 1 DAGs
[2026-03-23T19:08:08.964+0000] {logging_mixin.py:190} INFO - [2026-03-23T19:08:08.964+0000] {dag.py:4180} INFO - Setting next_dagrun for example_complex to None, run_after=None
[2026-03-23T19:08:08.995+0000] {processor.py:208} INFO - Processing /home/airflow/.local/lib/python3.12/site-packages/airflow/example_dags/example_complex.py took 0.156 seconds
[2026-03-23T19:08:43.508+0000] {processor.py:186} INFO - Started process (PID=553) to work on /home/airflow/.local/lib/python3.12/site-packages/airflow/example_dags/example_complex.py
[2026-03-23T19:08:43.532+0000] {processor.py:914} INFO - Processing file /home/airflow/.local/lib/python3.12/site-packages/airflow/example_dags/example_complex.py for tasks to queue
[2026-03-23T19:08:43.586+0000] {logging_mixin.py:190} INFO - [2026-03-23T19:08:43.583+0000] {dagbag.py:588} INFO - Filling up the DagBag from /home/airflow/.local/lib/python3.12/site-packages/airflow/example_dags/example_complex.py
[2026-03-23T19:08:43.823+0000] {processor.py:925} INFO - DAG(s) 'example_complex' retrieved from /home/airflow/.local/lib/python3.12/site-packages/airflow/example_dags/example_complex.py
[2026-03-23T19:08:44.093+0000] {logging_mixin.py:190} INFO - [2026-03-23T19:08:44.084+0000] {dag.py:3239} INFO - Sync 1 DAGs
[2026-03-23T19:08:44.337+0000] {logging_mixin.py:190} INFO - [2026-03-23T19:08:44.330+0000] {dag.py:4180} INFO - Setting next_dagrun for example_complex to None, run_after=None
[2026-03-23T19:08:44.475+0000] {processor.py:208} INFO - Processing /home/airflow/.local/lib/python3.12/site-packages/airflow/example_dags/example_complex.py took 1.046 seconds
[2026-03-23T19:09:15.237+0000] {processor.py:186} INFO - Started process (PID=617) to work on /home/airflow/.local/lib/python3.12/site-packages/airflow/example_dags/example_complex.py
[2026-03-23T19:09:15.242+0000] {processor.py:914} INFO - Processing file /home/airflow/.local/lib/python3.12/site-packages/airflow/example_dags/example_complex.py for tasks to queue
[2026-03-23T19:09:15.273+0000] {logging_mixin.py:190} INFO - [2026-03-23T19:09:15.271+0000] {dagbag.py:588} INFO - Filling up the DagBag from /home/airflow/.local/lib/python3.12/site-packages/airflow/example_dags/example_complex.py
[2026-03-23T19:09:15.309+0000] {processor.py:925} INFO - DAG(s) 'example_complex' retrieved from /home/airflow/.local/lib/python3.12/site-packages/airflow/example_dags/example_complex.py
[2026-03-23T19:09:15.371+0000] {logging_mixin.py:190} INFO - [2026-03-23T19:09:15.371+0000] {dag.py:3239} INFO - Sync 1 DAGs
[2026-03-23T19:09:15.399+0000] {logging_mixin.py:190} INFO - [2026-03-23T19:09:15.399+0000] {dag.py:4180} INFO - Setting next_dagrun for example_complex to None, run_after=None
[2026-03-23T19:09:15.418+0000] {processor.py:208} INFO - Processing /home/airflow/.local/lib/python3.12/site-packages/airflow/example_dags/example_complex.py took 0.194 seconds
[2026-03-23T19:09:46.359+0000] {processor.py:186} INFO - Started process (PID=681) to work on /home/airflow/.local/lib/python3.12/site-packages/airflow/example_dags/example_complex.py
[2026-03-23T19:09:46.366+0000] {processor.py:914} INFO - Processing file /home/airflow/.local/lib/python3.12/site-packages/airflow/example_dags/example_complex.py for tasks to queue
[2026-03-23T19:09:46.378+0000] {logging_mixin.py:190} INFO - [2026-03-23T19:09:46.377+0000] {dagbag.py:588} INFO - Filling up the DagBag from /home/airflow/.local/lib/python3.12/site-packages/airflow/example_dags/example_complex.py
[2026-03-23T19:09:46.409+0000] {processor.py:925} INFO - DAG(s) 'example_complex' retrieved from /home/airflow/.local/lib/python3.12/site-packages/airflow/example_dags/example_complex.py
[2026-03-23T19:09:46.471+0000] {logging_mixin.py:190} INFO - [2026-03-23T19:09:46.471+0000] {dag.py:3239} INFO - Sync 1 DAGs
[2026-03-23T19:09:46.495+0000] {logging_mixin.py:190} INFO - [2026-03-23T19:09:46.494+0000] {dag.py:4180} INFO - Setting next_dagrun for example_complex to None, run_after=None
[2026-03-23T19:09:46.548+0000] {processor.py:208} INFO - Processing /home/airflow/.local/lib/python3.12/site-packages/airflow/example_dags/example_complex.py took 0.209 seconds
[2026-03-23T19:10:17.722+0000] {processor.py:186} INFO - Started process (PID=745) to work on /home/airflow/.local/lib/python3.12/site-packages/airflow/example_dags/example_complex.py
[2026-03-23T19:10:17.723+0000] {processor.py:914} INFO - Processing file /home/airflow/.local/lib/python3.12/site-packages/airflow/example_dags/example_complex.py for tasks to queue
[2026-03-23T19:10:17.726+0000] {logging_mixin.py:190} INFO - [2026-03-23T19:10:17.725+0000] {dagbag.py:588} INFO - Filling up the DagBag from /home/airflow/.local/lib/python3.12/site-packages/airflow/example_dags/example_complex.py
[2026-03-23T19:10:17.736+0000] {processor.py:925} INFO - DAG(s) 'example_complex' retrieved from /home/airflow/.local/lib/python3.12/site-packages/airflow/example_dags/example_complex.py
[2026-03-23T19:10:17.759+0000] {logging_mixin.py:190} INFO - [2026-03-23T19:10:17.759+0000] {dag.py:3239} INFO - Sync 1 DAGs
[2026-03-23T19:10:17.768+0000] {logging_mixin.py:190} INFO - [2026-03-23T19:10:17.767+0000] {dag.py:4180} INFO - Setting next_dagrun for example_complex to None, run_after=None
[2026-03-23T19:10:17.778+0000] {processor.py:208} INFO - Processing /home/airflow/.local/lib/python3.12/site-packages/airflow/example_dags/example_complex.py took 0.064 seconds
