[2026-03-23T19:04:18.004+0000] {processor.py:186} INFO - Started process (PID=57) to work on /home/airflow/.local/lib/python3.12/site-packages/airflow/example_dags/example_latest_only.py
[2026-03-23T19:04:18.008+0000] {processor.py:914} INFO - Processing file /home/airflow/.local/lib/python3.12/site-packages/airflow/example_dags/example_latest_only.py for tasks to queue
[2026-03-23T19:04:18.019+0000] {logging_mixin.py:190} INFO - [2026-03-23T19:04:18.018+0000] {dagbag.py:588} INFO - Filling up the DagBag from /home/airflow/.local/lib/python3.12/site-packages/airflow/example_dags/example_latest_only.py
[2026-03-23T19:04:18.077+0000] {processor.py:925} INFO - DAG(s) 'latest_only' retrieved from /home/airflow/.local/lib/python3.12/site-packages/airflow/example_dags/example_latest_only.py
[2026-03-23T19:04:18.655+0000] {logging_mixin.py:190} INFO - [2026-03-23T19:04:18.654+0000] {override.py:1911} INFO - Created Permission View: can edit on DAG:latest_only
[2026-03-23T19:04:18.673+0000] {logging_mixin.py:190} INFO - [2026-03-23T19:04:18.673+0000] {override.py:1911} INFO - Created Permission View: can read on DAG:latest_only
[2026-03-23T19:04:18.677+0000] {logging_mixin.py:190} INFO - [2026-03-23T19:04:18.677+0000] {override.py:1911} INFO - Created Permission View: can delete on DAG:latest_only
[2026-03-23T19:04:18.681+0000] {logging_mixin.py:190} INFO - [2026-03-23T19:04:18.681+0000] {override.py:1911} INFO - Created Permission View: menu access on DAG Run:latest_only
[2026-03-23T19:04:18.683+0000] {logging_mixin.py:190} INFO - [2026-03-23T19:04:18.683+0000] {override.py:1911} INFO - Created Permission View: can read on DAG Run:latest_only
[2026-03-23T19:04:18.686+0000] {logging_mixin.py:190} INFO - [2026-03-23T19:04:18.686+0000] {override.py:1911} INFO - Created Permission View: can create on DAG Run:latest_only
[2026-03-23T19:04:18.688+0000] {logging_mixin.py:190} INFO - [2026-03-23T19:04:18.688+0000] {override.py:1911} INFO - Created Permission View: can delete on DAG Run:latest_only
[2026-03-23T19:04:18.689+0000] {logging_mixin.py:190} INFO - [2026-03-23T19:04:18.689+0000] {dag.py:3239} INFO - Sync 1 DAGs
[2026-03-23T19:04:18.714+0000] {logging_mixin.py:190} INFO - [2026-03-23T19:04:18.711+0000] {dag.py:3262} INFO - Creating ORM DAG for latest_only
[2026-03-23T19:04:18.746+0000] {logging_mixin.py:190} INFO - [2026-03-23T19:04:18.746+0000] {dag.py:4180} INFO - Setting next_dagrun for latest_only to 2026-03-23 12:00:00+00:00, run_after=2026-03-23 16:00:00+00:00
[2026-03-23T19:04:18.788+0000] {processor.py:208} INFO - Processing /home/airflow/.local/lib/python3.12/site-packages/airflow/example_dags/example_latest_only.py took 0.825 seconds
[2026-03-23T19:04:51.707+0000] {processor.py:186} INFO - Started process (PID=126) to work on /home/airflow/.local/lib/python3.12/site-packages/airflow/example_dags/example_latest_only.py
[2026-03-23T19:04:51.708+0000] {processor.py:914} INFO - Processing file /home/airflow/.local/lib/python3.12/site-packages/airflow/example_dags/example_latest_only.py for tasks to queue
[2026-03-23T19:04:51.711+0000] {logging_mixin.py:190} INFO - [2026-03-23T19:04:51.711+0000] {dagbag.py:588} INFO - Filling up the DagBag from /home/airflow/.local/lib/python3.12/site-packages/airflow/example_dags/example_latest_only.py
[2026-03-23T19:04:51.728+0000] {processor.py:925} INFO - DAG(s) 'latest_only' retrieved from /home/airflow/.local/lib/python3.12/site-packages/airflow/example_dags/example_latest_only.py
[2026-03-23T19:04:51.802+0000] {logging_mixin.py:190} INFO - [2026-03-23T19:04:51.802+0000] {dag.py:3239} INFO - Sync 1 DAGs
[2026-03-23T19:04:51.845+0000] {logging_mixin.py:190} INFO - [2026-03-23T19:04:51.845+0000] {dag.py:4180} INFO - Setting next_dagrun for latest_only to 2026-03-23 12:00:00+00:00, run_after=2026-03-23 16:00:00+00:00
[2026-03-23T19:04:51.868+0000] {processor.py:208} INFO - Processing /home/airflow/.local/lib/python3.12/site-packages/airflow/example_dags/example_latest_only.py took 0.175 seconds
[2026-03-23T19:05:22.754+0000] {processor.py:186} INFO - Started process (PID=186) to work on /home/airflow/.local/lib/python3.12/site-packages/airflow/example_dags/example_latest_only.py
[2026-03-23T19:05:22.757+0000] {processor.py:914} INFO - Processing file /home/airflow/.local/lib/python3.12/site-packages/airflow/example_dags/example_latest_only.py for tasks to queue
[2026-03-23T19:05:22.761+0000] {logging_mixin.py:190} INFO - [2026-03-23T19:05:22.761+0000] {dagbag.py:588} INFO - Filling up the DagBag from /home/airflow/.local/lib/python3.12/site-packages/airflow/example_dags/example_latest_only.py
[2026-03-23T19:05:22.766+0000] {processor.py:925} INFO - DAG(s) 'latest_only' retrieved from /home/airflow/.local/lib/python3.12/site-packages/airflow/example_dags/example_latest_only.py
[2026-03-23T19:05:22.797+0000] {logging_mixin.py:190} INFO - [2026-03-23T19:05:22.797+0000] {dag.py:3239} INFO - Sync 1 DAGs
[2026-03-23T19:05:22.826+0000] {logging_mixin.py:190} INFO - [2026-03-23T19:05:22.825+0000] {dag.py:4180} INFO - Setting next_dagrun for latest_only to 2026-03-23 12:00:00+00:00, run_after=2026-03-23 16:00:00+00:00
[2026-03-23T19:05:22.863+0000] {processor.py:208} INFO - Processing /home/airflow/.local/lib/python3.12/site-packages/airflow/example_dags/example_latest_only.py took 0.128 seconds
[2026-03-23T19:05:53.012+0000] {processor.py:186} INFO - Started process (PID=249) to work on /home/airflow/.local/lib/python3.12/site-packages/airflow/example_dags/example_latest_only.py
[2026-03-23T19:05:53.014+0000] {processor.py:914} INFO - Processing file /home/airflow/.local/lib/python3.12/site-packages/airflow/example_dags/example_latest_only.py for tasks to queue
[2026-03-23T19:05:53.016+0000] {logging_mixin.py:190} INFO - [2026-03-23T19:05:53.016+0000] {dagbag.py:588} INFO - Filling up the DagBag from /home/airflow/.local/lib/python3.12/site-packages/airflow/example_dags/example_latest_only.py
[2026-03-23T19:05:53.021+0000] {processor.py:925} INFO - DAG(s) 'latest_only' retrieved from /home/airflow/.local/lib/python3.12/site-packages/airflow/example_dags/example_latest_only.py
[2026-03-23T19:05:53.037+0000] {logging_mixin.py:190} INFO - [2026-03-23T19:05:53.036+0000] {dag.py:3239} INFO - Sync 1 DAGs
[2026-03-23T19:05:53.057+0000] {logging_mixin.py:190} INFO - [2026-03-23T19:05:53.057+0000] {dag.py:4180} INFO - Setting next_dagrun for latest_only to 2026-03-23 12:00:00+00:00, run_after=2026-03-23 16:00:00+00:00
[2026-03-23T19:05:53.089+0000] {processor.py:208} INFO - Processing /home/airflow/.local/lib/python3.12/site-packages/airflow/example_dags/example_latest_only.py took 0.083 seconds
[2026-03-23T19:06:23.214+0000] {processor.py:186} INFO - Started process (PID=311) to work on /home/airflow/.local/lib/python3.12/site-packages/airflow/example_dags/example_latest_only.py
[2026-03-23T19:06:23.216+0000] {processor.py:914} INFO - Processing file /home/airflow/.local/lib/python3.12/site-packages/airflow/example_dags/example_latest_only.py for tasks to queue
[2026-03-23T19:06:23.222+0000] {logging_mixin.py:190} INFO - [2026-03-23T19:06:23.222+0000] {dagbag.py:588} INFO - Filling up the DagBag from /home/airflow/.local/lib/python3.12/site-packages/airflow/example_dags/example_latest_only.py
[2026-03-23T19:06:23.242+0000] {processor.py:925} INFO - DAG(s) 'latest_only' retrieved from /home/airflow/.local/lib/python3.12/site-packages/airflow/example_dags/example_latest_only.py
[2026-03-23T19:06:23.282+0000] {logging_mixin.py:190} INFO - [2026-03-23T19:06:23.281+0000] {dag.py:3239} INFO - Sync 1 DAGs
[2026-03-23T19:06:23.319+0000] {logging_mixin.py:190} INFO - [2026-03-23T19:06:23.319+0000] {dag.py:4180} INFO - Setting next_dagrun for latest_only to 2026-03-23 12:00:00+00:00, run_after=2026-03-23 16:00:00+00:00
[2026-03-23T19:06:23.346+0000] {processor.py:208} INFO - Processing /home/airflow/.local/lib/python3.12/site-packages/airflow/example_dags/example_latest_only.py took 0.146 seconds
[2026-03-23T19:06:53.809+0000] {processor.py:186} INFO - Started process (PID=375) to work on /home/airflow/.local/lib/python3.12/site-packages/airflow/example_dags/example_latest_only.py
[2026-03-23T19:06:53.813+0000] {processor.py:914} INFO - Processing file /home/airflow/.local/lib/python3.12/site-packages/airflow/example_dags/example_latest_only.py for tasks to queue
[2026-03-23T19:06:53.835+0000] {logging_mixin.py:190} INFO - [2026-03-23T19:06:53.834+0000] {dagbag.py:588} INFO - Filling up the DagBag from /home/airflow/.local/lib/python3.12/site-packages/airflow/example_dags/example_latest_only.py
[2026-03-23T19:06:53.867+0000] {processor.py:925} INFO - DAG(s) 'latest_only' retrieved from /home/airflow/.local/lib/python3.12/site-packages/airflow/example_dags/example_latest_only.py
[2026-03-23T19:06:53.919+0000] {logging_mixin.py:190} INFO - [2026-03-23T19:06:53.918+0000] {dag.py:3239} INFO - Sync 1 DAGs
[2026-03-23T19:06:53.970+0000] {logging_mixin.py:190} INFO - [2026-03-23T19:06:53.970+0000] {dag.py:4180} INFO - Setting next_dagrun for latest_only to 2026-03-23 12:00:00+00:00, run_after=2026-03-23 16:00:00+00:00
[2026-03-23T19:06:54.003+0000] {processor.py:208} INFO - Processing /home/airflow/.local/lib/python3.12/site-packages/airflow/example_dags/example_latest_only.py took 0.211 seconds
[2026-03-23T19:07:35.191+0000] {processor.py:186} INFO - Started process (PID=437) to work on /home/airflow/.local/lib/python3.12/site-packages/airflow/example_dags/example_latest_only.py
[2026-03-23T19:07:35.194+0000] {processor.py:914} INFO - Processing file /home/airflow/.local/lib/python3.12/site-packages/airflow/example_dags/example_latest_only.py for tasks to queue
[2026-03-23T19:07:35.198+0000] {logging_mixin.py:190} INFO - [2026-03-23T19:07:35.198+0000] {dagbag.py:588} INFO - Filling up the DagBag from /home/airflow/.local/lib/python3.12/site-packages/airflow/example_dags/example_latest_only.py
[2026-03-23T19:07:35.202+0000] {processor.py:925} INFO - DAG(s) 'latest_only' retrieved from /home/airflow/.local/lib/python3.12/site-packages/airflow/example_dags/example_latest_only.py
[2026-03-23T19:07:35.217+0000] {logging_mixin.py:190} INFO - [2026-03-23T19:07:35.217+0000] {dag.py:3239} INFO - Sync 1 DAGs
[2026-03-23T19:07:35.237+0000] {logging_mixin.py:190} INFO - [2026-03-23T19:07:35.236+0000] {dag.py:4180} INFO - Setting next_dagrun for latest_only to 2026-03-23 12:00:00+00:00, run_after=2026-03-23 16:00:00+00:00
[2026-03-23T19:07:35.253+0000] {processor.py:208} INFO - Processing /home/airflow/.local/lib/python3.12/site-packages/airflow/example_dags/example_latest_only.py took 0.065 seconds
[2026-03-23T19:08:07.969+0000] {processor.py:186} INFO - Started process (PID=491) to work on /home/airflow/.local/lib/python3.12/site-packages/airflow/example_dags/example_latest_only.py
[2026-03-23T19:08:07.985+0000] {processor.py:914} INFO - Processing file /home/airflow/.local/lib/python3.12/site-packages/airflow/example_dags/example_latest_only.py for tasks to queue
[2026-03-23T19:08:07.999+0000] {logging_mixin.py:190} INFO - [2026-03-23T19:08:07.997+0000] {dagbag.py:588} INFO - Filling up the DagBag from /home/airflow/.local/lib/python3.12/site-packages/airflow/example_dags/example_latest_only.py
[2026-03-23T19:08:08.022+0000] {processor.py:925} INFO - DAG(s) 'latest_only' retrieved from /home/airflow/.local/lib/python3.12/site-packages/airflow/example_dags/example_latest_only.py
[2026-03-23T19:08:08.142+0000] {logging_mixin.py:190} INFO - [2026-03-23T19:08:08.141+0000] {dag.py:3239} INFO - Sync 1 DAGs
[2026-03-23T19:08:08.225+0000] {logging_mixin.py:190} INFO - [2026-03-23T19:08:08.225+0000] {dag.py:4180} INFO - Setting next_dagrun for latest_only to 2026-03-23 12:00:00+00:00, run_after=2026-03-23 16:00:00+00:00
[2026-03-23T19:08:08.289+0000] {processor.py:208} INFO - Processing /home/airflow/.local/lib/python3.12/site-packages/airflow/example_dags/example_latest_only.py took 0.339 seconds
[2026-03-23T19:08:41.381+0000] {processor.py:186} INFO - Started process (PID=550) to work on /home/airflow/.local/lib/python3.12/site-packages/airflow/example_dags/example_latest_only.py
[2026-03-23T19:08:41.402+0000] {processor.py:914} INFO - Processing file /home/airflow/.local/lib/python3.12/site-packages/airflow/example_dags/example_latest_only.py for tasks to queue
[2026-03-23T19:08:41.416+0000] {logging_mixin.py:190} INFO - [2026-03-23T19:08:41.415+0000] {dagbag.py:588} INFO - Filling up the DagBag from /home/airflow/.local/lib/python3.12/site-packages/airflow/example_dags/example_latest_only.py
[2026-03-23T19:08:41.486+0000] {processor.py:925} INFO - DAG(s) 'latest_only' retrieved from /home/airflow/.local/lib/python3.12/site-packages/airflow/example_dags/example_latest_only.py
[2026-03-23T19:08:41.802+0000] {logging_mixin.py:190} INFO - [2026-03-23T19:08:41.801+0000] {dag.py:3239} INFO - Sync 1 DAGs
[2026-03-23T19:08:41.949+0000] {logging_mixin.py:190} INFO - [2026-03-23T19:08:41.947+0000] {dag.py:4180} INFO - Setting next_dagrun for latest_only to 2026-03-23 12:00:00+00:00, run_after=2026-03-23 16:00:00+00:00
[2026-03-23T19:08:42.092+0000] {processor.py:208} INFO - Processing /home/airflow/.local/lib/python3.12/site-packages/airflow/example_dags/example_latest_only.py took 0.764 seconds
[2026-03-23T19:09:13.216+0000] {processor.py:186} INFO - Started process (PID=600) to work on /home/airflow/.local/lib/python3.12/site-packages/airflow/example_dags/example_latest_only.py
[2026-03-23T19:09:13.230+0000] {processor.py:914} INFO - Processing file /home/airflow/.local/lib/python3.12/site-packages/airflow/example_dags/example_latest_only.py for tasks to queue
[2026-03-23T19:09:13.234+0000] {logging_mixin.py:190} INFO - [2026-03-23T19:09:13.234+0000] {dagbag.py:588} INFO - Filling up the DagBag from /home/airflow/.local/lib/python3.12/site-packages/airflow/example_dags/example_latest_only.py
[2026-03-23T19:09:13.271+0000] {processor.py:925} INFO - DAG(s) 'latest_only' retrieved from /home/airflow/.local/lib/python3.12/site-packages/airflow/example_dags/example_latest_only.py
[2026-03-23T19:09:13.523+0000] {logging_mixin.py:190} INFO - [2026-03-23T19:09:13.522+0000] {dag.py:3239} INFO - Sync 1 DAGs
[2026-03-23T19:09:13.587+0000] {logging_mixin.py:190} INFO - [2026-03-23T19:09:13.587+0000] {dag.py:4180} INFO - Setting next_dagrun for latest_only to 2026-03-23 12:00:00+00:00, run_after=2026-03-23 16:00:00+00:00
[2026-03-23T19:09:13.618+0000] {processor.py:208} INFO - Processing /home/airflow/.local/lib/python3.12/site-packages/airflow/example_dags/example_latest_only.py took 0.412 seconds
[2026-03-23T19:09:43.838+0000] {processor.py:186} INFO - Started process (PID=664) to work on /home/airflow/.local/lib/python3.12/site-packages/airflow/example_dags/example_latest_only.py
[2026-03-23T19:09:43.840+0000] {processor.py:914} INFO - Processing file /home/airflow/.local/lib/python3.12/site-packages/airflow/example_dags/example_latest_only.py for tasks to queue
[2026-03-23T19:09:43.844+0000] {logging_mixin.py:190} INFO - [2026-03-23T19:09:43.843+0000] {dagbag.py:588} INFO - Filling up the DagBag from /home/airflow/.local/lib/python3.12/site-packages/airflow/example_dags/example_latest_only.py
[2026-03-23T19:09:43.859+0000] {processor.py:925} INFO - DAG(s) 'latest_only' retrieved from /home/airflow/.local/lib/python3.12/site-packages/airflow/example_dags/example_latest_only.py
[2026-03-23T19:09:43.909+0000] {logging_mixin.py:190} INFO - [2026-03-23T19:09:43.908+0000] {dag.py:3239} INFO - Sync 1 DAGs
[2026-03-23T19:09:43.954+0000] {logging_mixin.py:190} INFO - [2026-03-23T19:09:43.954+0000] {dag.py:4180} INFO - Setting next_dagrun for latest_only to 2026-03-23 12:00:00+00:00, run_after=2026-03-23 16:00:00+00:00
[2026-03-23T19:09:43.998+0000] {processor.py:208} INFO - Processing /home/airflow/.local/lib/python3.12/site-packages/airflow/example_dags/example_latest_only.py took 0.174 seconds
[2026-03-23T19:10:14.343+0000] {processor.py:186} INFO - Started process (PID=727) to work on /home/airflow/.local/lib/python3.12/site-packages/airflow/example_dags/example_latest_only.py
[2026-03-23T19:10:14.369+0000] {processor.py:914} INFO - Processing file /home/airflow/.local/lib/python3.12/site-packages/airflow/example_dags/example_latest_only.py for tasks to queue
[2026-03-23T19:10:14.396+0000] {logging_mixin.py:190} INFO - [2026-03-23T19:10:14.395+0000] {dagbag.py:588} INFO - Filling up the DagBag from /home/airflow/.local/lib/python3.12/site-packages/airflow/example_dags/example_latest_only.py
[2026-03-23T19:10:14.403+0000] {processor.py:925} INFO - DAG(s) 'latest_only' retrieved from /home/airflow/.local/lib/python3.12/site-packages/airflow/example_dags/example_latest_only.py
[2026-03-23T19:10:14.456+0000] {logging_mixin.py:190} INFO - [2026-03-23T19:10:14.454+0000] {dag.py:3239} INFO - Sync 1 DAGs
[2026-03-23T19:10:14.519+0000] {logging_mixin.py:190} INFO - [2026-03-23T19:10:14.519+0000] {dag.py:4180} INFO - Setting next_dagrun for latest_only to 2026-03-23 12:00:00+00:00, run_after=2026-03-23 16:00:00+00:00
[2026-03-23T19:10:14.556+0000] {processor.py:208} INFO - Processing /home/airflow/.local/lib/python3.12/site-packages/airflow/example_dags/example_latest_only.py took 0.241 seconds
