[2026-03-23T19:04:35.062+0000] {processor.py:186} INFO - Started process (PID=76) to work on /home/airflow/.local/lib/python3.12/site-packages/airflow/example_dags/tutorial.py
[2026-03-23T19:04:35.068+0000] {processor.py:914} INFO - Processing file /home/airflow/.local/lib/python3.12/site-packages/airflow/example_dags/tutorial.py for tasks to queue
[2026-03-23T19:04:35.087+0000] {logging_mixin.py:190} INFO - [2026-03-23T19:04:35.082+0000] {dagbag.py:588} INFO - Filling up the DagBag from /home/airflow/.local/lib/python3.12/site-packages/airflow/example_dags/tutorial.py
[2026-03-23T19:04:35.146+0000] {processor.py:925} INFO - DAG(s) 'tutorial' retrieved from /home/airflow/.local/lib/python3.12/site-packages/airflow/example_dags/tutorial.py
[2026-03-23T19:04:35.440+0000] {logging_mixin.py:190} INFO - [2026-03-23T19:04:35.434+0000] {override.py:1911} INFO - Created Permission View: can edit on DAG:tutorial
[2026-03-23T19:04:35.475+0000] {logging_mixin.py:190} INFO - [2026-03-23T19:04:35.474+0000] {override.py:1911} INFO - Created Permission View: can read on DAG:tutorial
[2026-03-23T19:04:35.485+0000] {logging_mixin.py:190} INFO - [2026-03-23T19:04:35.485+0000] {override.py:1911} INFO - Created Permission View: can delete on DAG:tutorial
[2026-03-23T19:04:35.491+0000] {logging_mixin.py:190} INFO - [2026-03-23T19:04:35.491+0000] {override.py:1911} INFO - Created Permission View: menu access on DAG Run:tutorial
[2026-03-23T19:04:35.499+0000] {logging_mixin.py:190} INFO - [2026-03-23T19:04:35.498+0000] {override.py:1911} INFO - Created Permission View: can read on DAG Run:tutorial
[2026-03-23T19:04:35.504+0000] {logging_mixin.py:190} INFO - [2026-03-23T19:04:35.504+0000] {override.py:1911} INFO - Created Permission View: can create on DAG Run:tutorial
[2026-03-23T19:04:35.509+0000] {logging_mixin.py:190} INFO - [2026-03-23T19:04:35.508+0000] {override.py:1911} INFO - Created Permission View: can delete on DAG Run:tutorial
[2026-03-23T19:04:35.510+0000] {logging_mixin.py:190} INFO - [2026-03-23T19:04:35.509+0000] {dag.py:3239} INFO - Sync 1 DAGs
[2026-03-23T19:04:35.527+0000] {logging_mixin.py:190} INFO - [2026-03-23T19:04:35.527+0000] {dag.py:3262} INFO - Creating ORM DAG for tutorial
[2026-03-23T19:04:35.544+0000] {logging_mixin.py:190} INFO - [2026-03-23T19:04:35.544+0000] {dag.py:4180} INFO - Setting next_dagrun for tutorial to 2026-03-22 00:00:00+00:00, run_after=2026-03-23 00:00:00+00:00
[2026-03-23T19:04:35.579+0000] {processor.py:208} INFO - Processing /home/airflow/.local/lib/python3.12/site-packages/airflow/example_dags/tutorial.py took 0.589 seconds
[2026-03-23T19:05:05.711+0000] {processor.py:186} INFO - Started process (PID=140) to work on /home/airflow/.local/lib/python3.12/site-packages/airflow/example_dags/tutorial.py
[2026-03-23T19:05:05.715+0000] {processor.py:914} INFO - Processing file /home/airflow/.local/lib/python3.12/site-packages/airflow/example_dags/tutorial.py for tasks to queue
[2026-03-23T19:05:05.727+0000] {logging_mixin.py:190} INFO - [2026-03-23T19:05:05.727+0000] {dagbag.py:588} INFO - Filling up the DagBag from /home/airflow/.local/lib/python3.12/site-packages/airflow/example_dags/tutorial.py
[2026-03-23T19:05:05.740+0000] {processor.py:925} INFO - DAG(s) 'tutorial' retrieved from /home/airflow/.local/lib/python3.12/site-packages/airflow/example_dags/tutorial.py
[2026-03-23T19:05:05.794+0000] {logging_mixin.py:190} INFO - [2026-03-23T19:05:05.793+0000] {dag.py:3239} INFO - Sync 1 DAGs
[2026-03-23T19:05:05.812+0000] {logging_mixin.py:190} INFO - [2026-03-23T19:05:05.812+0000] {dag.py:4180} INFO - Setting next_dagrun for tutorial to 2026-03-22 00:00:00+00:00, run_after=2026-03-23 00:00:00+00:00
[2026-03-23T19:05:05.821+0000] {processor.py:208} INFO - Processing /home/airflow/.local/lib/python3.12/site-packages/airflow/example_dags/tutorial.py took 0.118 seconds
[2026-03-23T19:05:36.224+0000] {processor.py:186} INFO - Started process (PID=204) to work on /home/airflow/.local/lib/python3.12/site-packages/airflow/example_dags/tutorial.py
[2026-03-23T19:05:36.228+0000] {processor.py:914} INFO - Processing file /home/airflow/.local/lib/python3.12/site-packages/airflow/example_dags/tutorial.py for tasks to queue
[2026-03-23T19:05:36.232+0000] {logging_mixin.py:190} INFO - [2026-03-23T19:05:36.232+0000] {dagbag.py:588} INFO - Filling up the DagBag from /home/airflow/.local/lib/python3.12/site-packages/airflow/example_dags/tutorial.py
[2026-03-23T19:05:36.244+0000] {processor.py:925} INFO - DAG(s) 'tutorial' retrieved from /home/airflow/.local/lib/python3.12/site-packages/airflow/example_dags/tutorial.py
[2026-03-23T19:05:36.279+0000] {logging_mixin.py:190} INFO - [2026-03-23T19:05:36.279+0000] {dag.py:3239} INFO - Sync 1 DAGs
[2026-03-23T19:05:36.311+0000] {logging_mixin.py:190} INFO - [2026-03-23T19:05:36.310+0000] {dag.py:4180} INFO - Setting next_dagrun for tutorial to 2026-03-22 00:00:00+00:00, run_after=2026-03-23 00:00:00+00:00
[2026-03-23T19:05:36.327+0000] {processor.py:208} INFO - Processing /home/airflow/.local/lib/python3.12/site-packages/airflow/example_dags/tutorial.py took 0.110 seconds
[2026-03-23T19:06:06.855+0000] {processor.py:186} INFO - Started process (PID=268) to work on /home/airflow/.local/lib/python3.12/site-packages/airflow/example_dags/tutorial.py
[2026-03-23T19:06:06.859+0000] {processor.py:914} INFO - Processing file /home/airflow/.local/lib/python3.12/site-packages/airflow/example_dags/tutorial.py for tasks to queue
[2026-03-23T19:06:06.862+0000] {logging_mixin.py:190} INFO - [2026-03-23T19:06:06.862+0000] {dagbag.py:588} INFO - Filling up the DagBag from /home/airflow/.local/lib/python3.12/site-packages/airflow/example_dags/tutorial.py
[2026-03-23T19:06:06.878+0000] {processor.py:925} INFO - DAG(s) 'tutorial' retrieved from /home/airflow/.local/lib/python3.12/site-packages/airflow/example_dags/tutorial.py
[2026-03-23T19:06:06.904+0000] {logging_mixin.py:190} INFO - [2026-03-23T19:06:06.904+0000] {dag.py:3239} INFO - Sync 1 DAGs
[2026-03-23T19:06:06.932+0000] {logging_mixin.py:190} INFO - [2026-03-23T19:06:06.932+0000] {dag.py:4180} INFO - Setting next_dagrun for tutorial to 2026-03-22 00:00:00+00:00, run_after=2026-03-23 00:00:00+00:00
[2026-03-23T19:06:06.945+0000] {processor.py:208} INFO - Processing /home/airflow/.local/lib/python3.12/site-packages/airflow/example_dags/tutorial.py took 0.098 seconds
[2026-03-23T19:06:38.877+0000] {processor.py:186} INFO - Started process (PID=332) to work on /home/airflow/.local/lib/python3.12/site-packages/airflow/example_dags/tutorial.py
[2026-03-23T19:06:38.878+0000] {processor.py:914} INFO - Processing file /home/airflow/.local/lib/python3.12/site-packages/airflow/example_dags/tutorial.py for tasks to queue
[2026-03-23T19:06:38.881+0000] {logging_mixin.py:190} INFO - [2026-03-23T19:06:38.880+0000] {dagbag.py:588} INFO - Filling up the DagBag from /home/airflow/.local/lib/python3.12/site-packages/airflow/example_dags/tutorial.py
[2026-03-23T19:06:38.892+0000] {processor.py:925} INFO - DAG(s) 'tutorial' retrieved from /home/airflow/.local/lib/python3.12/site-packages/airflow/example_dags/tutorial.py
[2026-03-23T19:06:38.921+0000] {logging_mixin.py:190} INFO - [2026-03-23T19:06:38.921+0000] {dag.py:3239} INFO - Sync 1 DAGs
[2026-03-23T19:06:38.941+0000] {logging_mixin.py:190} INFO - [2026-03-23T19:06:38.941+0000] {dag.py:4180} INFO - Setting next_dagrun for tutorial to 2026-03-22 00:00:00+00:00, run_after=2026-03-23 00:00:00+00:00
[2026-03-23T19:06:38.954+0000] {processor.py:208} INFO - Processing /home/airflow/.local/lib/python3.12/site-packages/airflow/example_dags/tutorial.py took 0.082 seconds
[2026-03-23T19:07:19.409+0000] {processor.py:186} INFO - Started process (PID=396) to work on /home/airflow/.local/lib/python3.12/site-packages/airflow/example_dags/tutorial.py
[2026-03-23T19:07:20.906+0000] {processor.py:914} INFO - Processing file /home/airflow/.local/lib/python3.12/site-packages/airflow/example_dags/tutorial.py for tasks to queue
[2026-03-23T19:07:21.013+0000] {logging_mixin.py:190} INFO - [2026-03-23T19:07:21.012+0000] {dagbag.py:588} INFO - Filling up the DagBag from /home/airflow/.local/lib/python3.12/site-packages/airflow/example_dags/tutorial.py
[2026-03-23T19:07:21.054+0000] {processor.py:925} INFO - DAG(s) 'tutorial' retrieved from /home/airflow/.local/lib/python3.12/site-packages/airflow/example_dags/tutorial.py
[2026-03-23T19:07:21.205+0000] {logging_mixin.py:190} INFO - [2026-03-23T19:07:21.204+0000] {dag.py:3239} INFO - Sync 1 DAGs
[2026-03-23T19:07:21.287+0000] {logging_mixin.py:190} INFO - [2026-03-23T19:07:21.286+0000] {dag.py:4180} INFO - Setting next_dagrun for tutorial to 2026-03-22 00:00:00+00:00, run_after=2026-03-23 00:00:00+00:00
[2026-03-23T19:07:21.331+0000] {processor.py:208} INFO - Processing /home/airflow/.local/lib/python3.12/site-packages/airflow/example_dags/tutorial.py took 1.994 seconds
[2026-03-23T19:07:56.513+0000] {processor.py:186} INFO - Started process (PID=466) to work on /home/airflow/.local/lib/python3.12/site-packages/airflow/example_dags/tutorial.py
[2026-03-23T19:07:56.519+0000] {processor.py:914} INFO - Processing file /home/airflow/.local/lib/python3.12/site-packages/airflow/example_dags/tutorial.py for tasks to queue
[2026-03-23T19:07:56.526+0000] {logging_mixin.py:190} INFO - [2026-03-23T19:07:56.525+0000] {dagbag.py:588} INFO - Filling up the DagBag from /home/airflow/.local/lib/python3.12/site-packages/airflow/example_dags/tutorial.py
[2026-03-23T19:07:56.547+0000] {processor.py:925} INFO - DAG(s) 'tutorial' retrieved from /home/airflow/.local/lib/python3.12/site-packages/airflow/example_dags/tutorial.py
[2026-03-23T19:07:56.592+0000] {logging_mixin.py:190} INFO - [2026-03-23T19:07:56.591+0000] {dag.py:3239} INFO - Sync 1 DAGs
[2026-03-23T19:07:56.678+0000] {logging_mixin.py:190} INFO - [2026-03-23T19:07:56.678+0000] {dag.py:4180} INFO - Setting next_dagrun for tutorial to 2026-03-22 00:00:00+00:00, run_after=2026-03-23 00:00:00+00:00
[2026-03-23T19:07:56.726+0000] {processor.py:208} INFO - Processing /home/airflow/.local/lib/python3.12/site-packages/airflow/example_dags/tutorial.py took 0.223 seconds
[2026-03-23T19:08:34.261+0000] {processor.py:186} INFO - Started process (PID=530) to work on /home/airflow/.local/lib/python3.12/site-packages/airflow/example_dags/tutorial.py
[2026-03-23T19:08:34.312+0000] {processor.py:914} INFO - Processing file /home/airflow/.local/lib/python3.12/site-packages/airflow/example_dags/tutorial.py for tasks to queue
[2026-03-23T19:08:34.354+0000] {logging_mixin.py:190} INFO - [2026-03-23T19:08:34.351+0000] {dagbag.py:588} INFO - Filling up the DagBag from /home/airflow/.local/lib/python3.12/site-packages/airflow/example_dags/tutorial.py
[2026-03-23T19:08:34.444+0000] {processor.py:925} INFO - DAG(s) 'tutorial' retrieved from /home/airflow/.local/lib/python3.12/site-packages/airflow/example_dags/tutorial.py
[2026-03-23T19:08:34.673+0000] {logging_mixin.py:190} INFO - [2026-03-23T19:08:34.671+0000] {dag.py:3239} INFO - Sync 1 DAGs
[2026-03-23T19:08:34.825+0000] {logging_mixin.py:190} INFO - [2026-03-23T19:08:34.824+0000] {dag.py:4180} INFO - Setting next_dagrun for tutorial to 2026-03-22 00:00:00+00:00, run_after=2026-03-23 00:00:00+00:00
[2026-03-23T19:08:34.909+0000] {processor.py:208} INFO - Processing /home/airflow/.local/lib/python3.12/site-packages/airflow/example_dags/tutorial.py took 0.735 seconds
[2026-03-23T19:09:06.818+0000] {processor.py:186} INFO - Started process (PID=594) to work on /home/airflow/.local/lib/python3.12/site-packages/airflow/example_dags/tutorial.py
[2026-03-23T19:09:06.826+0000] {processor.py:914} INFO - Processing file /home/airflow/.local/lib/python3.12/site-packages/airflow/example_dags/tutorial.py for tasks to queue
[2026-03-23T19:09:06.837+0000] {logging_mixin.py:190} INFO - [2026-03-23T19:09:06.835+0000] {dagbag.py:588} INFO - Filling up the DagBag from /home/airflow/.local/lib/python3.12/site-packages/airflow/example_dags/tutorial.py
[2026-03-23T19:09:06.940+0000] {processor.py:925} INFO - DAG(s) 'tutorial' retrieved from /home/airflow/.local/lib/python3.12/site-packages/airflow/example_dags/tutorial.py
[2026-03-23T19:09:07.178+0000] {logging_mixin.py:190} INFO - [2026-03-23T19:09:07.177+0000] {dag.py:3239} INFO - Sync 1 DAGs
[2026-03-23T19:09:07.464+0000] {logging_mixin.py:190} INFO - [2026-03-23T19:09:07.462+0000] {dag.py:4180} INFO - Setting next_dagrun for tutorial to 2026-03-22 00:00:00+00:00, run_after=2026-03-23 00:00:00+00:00
[2026-03-23T19:09:07.561+0000] {processor.py:208} INFO - Processing /home/airflow/.local/lib/python3.12/site-packages/airflow/example_dags/tutorial.py took 0.809 seconds
[2026-03-23T19:09:38.626+0000] {processor.py:186} INFO - Started process (PID=657) to work on /home/airflow/.local/lib/python3.12/site-packages/airflow/example_dags/tutorial.py
[2026-03-23T19:09:38.628+0000] {processor.py:914} INFO - Processing file /home/airflow/.local/lib/python3.12/site-packages/airflow/example_dags/tutorial.py for tasks to queue
[2026-03-23T19:09:38.637+0000] {logging_mixin.py:190} INFO - [2026-03-23T19:09:38.635+0000] {dagbag.py:588} INFO - Filling up the DagBag from /home/airflow/.local/lib/python3.12/site-packages/airflow/example_dags/tutorial.py
[2026-03-23T19:09:38.666+0000] {processor.py:925} INFO - DAG(s) 'tutorial' retrieved from /home/airflow/.local/lib/python3.12/site-packages/airflow/example_dags/tutorial.py
[2026-03-23T19:09:38.700+0000] {logging_mixin.py:190} INFO - [2026-03-23T19:09:38.700+0000] {dag.py:3239} INFO - Sync 1 DAGs
[2026-03-23T19:09:38.731+0000] {logging_mixin.py:190} INFO - [2026-03-23T19:09:38.731+0000] {dag.py:4180} INFO - Setting next_dagrun for tutorial to 2026-03-22 00:00:00+00:00, run_after=2026-03-23 00:00:00+00:00
[2026-03-23T19:09:38.751+0000] {processor.py:208} INFO - Processing /home/airflow/.local/lib/python3.12/site-packages/airflow/example_dags/tutorial.py took 0.140 seconds
[2026-03-23T19:10:09.055+0000] {processor.py:186} INFO - Started process (PID=721) to work on /home/airflow/.local/lib/python3.12/site-packages/airflow/example_dags/tutorial.py
[2026-03-23T19:10:09.057+0000] {processor.py:914} INFO - Processing file /home/airflow/.local/lib/python3.12/site-packages/airflow/example_dags/tutorial.py for tasks to queue
[2026-03-23T19:10:09.065+0000] {logging_mixin.py:190} INFO - [2026-03-23T19:10:09.064+0000] {dagbag.py:588} INFO - Filling up the DagBag from /home/airflow/.local/lib/python3.12/site-packages/airflow/example_dags/tutorial.py
[2026-03-23T19:10:09.080+0000] {processor.py:925} INFO - DAG(s) 'tutorial' retrieved from /home/airflow/.local/lib/python3.12/site-packages/airflow/example_dags/tutorial.py
[2026-03-23T19:10:09.123+0000] {logging_mixin.py:190} INFO - [2026-03-23T19:10:09.122+0000] {dag.py:3239} INFO - Sync 1 DAGs
[2026-03-23T19:10:09.177+0000] {logging_mixin.py:190} INFO - [2026-03-23T19:10:09.176+0000] {dag.py:4180} INFO - Setting next_dagrun for tutorial to 2026-03-22 00:00:00+00:00, run_after=2026-03-23 00:00:00+00:00
[2026-03-23T19:10:09.215+0000] {processor.py:208} INFO - Processing /home/airflow/.local/lib/python3.12/site-packages/airflow/example_dags/tutorial.py took 0.165 seconds
