[2026-03-23T19:04:17.931+0000] {processor.py:186} INFO - Started process (PID=56) to work on /opt/airflow/dags/bike_sharing_pipeline.py
[2026-03-23T19:04:17.936+0000] {processor.py:914} INFO - Processing file /opt/airflow/dags/bike_sharing_pipeline.py for tasks to queue
[2026-03-23T19:04:17.955+0000] {logging_mixin.py:190} INFO - [2026-03-23T19:04:17.954+0000] {dagbag.py:588} INFO - Filling up the DagBag from /opt/airflow/dags/bike_sharing_pipeline.py
[2026-03-23T19:04:18.077+0000] {processor.py:925} INFO - DAG(s) 'bike_sharing_pipeline' retrieved from /opt/airflow/dags/bike_sharing_pipeline.py
[2026-03-23T19:04:18.655+0000] {logging_mixin.py:190} INFO - [2026-03-23T19:04:18.653+0000] {override.py:1911} INFO - Created Permission View: can edit on DAG:bike_sharing_pipeline
[2026-03-23T19:04:18.671+0000] {logging_mixin.py:190} INFO - [2026-03-23T19:04:18.671+0000] {override.py:1911} INFO - Created Permission View: can read on DAG:bike_sharing_pipeline
[2026-03-23T19:04:18.677+0000] {logging_mixin.py:190} INFO - [2026-03-23T19:04:18.677+0000] {override.py:1911} INFO - Created Permission View: can delete on DAG:bike_sharing_pipeline
[2026-03-23T19:04:18.681+0000] {logging_mixin.py:190} INFO - [2026-03-23T19:04:18.680+0000] {override.py:1911} INFO - Created Permission View: menu access on DAG Run:bike_sharing_pipeline
[2026-03-23T19:04:18.683+0000] {logging_mixin.py:190} INFO - [2026-03-23T19:04:18.683+0000] {override.py:1911} INFO - Created Permission View: can read on DAG Run:bike_sharing_pipeline
[2026-03-23T19:04:18.686+0000] {logging_mixin.py:190} INFO - [2026-03-23T19:04:18.686+0000] {override.py:1911} INFO - Created Permission View: can create on DAG Run:bike_sharing_pipeline
[2026-03-23T19:04:18.688+0000] {logging_mixin.py:190} INFO - [2026-03-23T19:04:18.688+0000] {override.py:1911} INFO - Created Permission View: can delete on DAG Run:bike_sharing_pipeline
[2026-03-23T19:04:18.689+0000] {logging_mixin.py:190} INFO - [2026-03-23T19:04:18.689+0000] {dag.py:3239} INFO - Sync 1 DAGs
[2026-03-23T19:04:18.713+0000] {logging_mixin.py:190} INFO - [2026-03-23T19:04:18.712+0000] {dag.py:3262} INFO - Creating ORM DAG for bike_sharing_pipeline
[2026-03-23T19:04:18.715+0000] {logging_mixin.py:190} INFO - [2026-03-23T19:04:18.715+0000] {dag.py:4180} INFO - Setting next_dagrun for bike_sharing_pipeline to None, run_after=None
[2026-03-23T19:04:18.779+0000] {processor.py:208} INFO - Processing /opt/airflow/dags/bike_sharing_pipeline.py took 0.865 seconds
[2026-03-23T19:04:51.667+0000] {processor.py:186} INFO - Started process (PID=125) to work on /opt/airflow/dags/bike_sharing_pipeline.py
[2026-03-23T19:04:51.669+0000] {processor.py:914} INFO - Processing file /opt/airflow/dags/bike_sharing_pipeline.py for tasks to queue
[2026-03-23T19:04:51.676+0000] {logging_mixin.py:190} INFO - [2026-03-23T19:04:51.675+0000] {dagbag.py:588} INFO - Filling up the DagBag from /opt/airflow/dags/bike_sharing_pipeline.py
[2026-03-23T19:04:51.707+0000] {processor.py:925} INFO - DAG(s) 'bike_sharing_pipeline' retrieved from /opt/airflow/dags/bike_sharing_pipeline.py
[2026-03-23T19:04:51.773+0000] {logging_mixin.py:190} INFO - [2026-03-23T19:04:51.772+0000] {dag.py:3239} INFO - Sync 1 DAGs
[2026-03-23T19:04:51.809+0000] {logging_mixin.py:190} INFO - [2026-03-23T19:04:51.808+0000] {dag.py:4180} INFO - Setting next_dagrun for bike_sharing_pipeline to None, run_after=None
[2026-03-23T19:04:51.848+0000] {processor.py:208} INFO - Processing /opt/airflow/dags/bike_sharing_pipeline.py took 0.193 seconds
[2026-03-23T19:05:22.578+0000] {processor.py:186} INFO - Started process (PID=185) to work on /opt/airflow/dags/bike_sharing_pipeline.py
[2026-03-23T19:05:22.593+0000] {processor.py:914} INFO - Processing file /opt/airflow/dags/bike_sharing_pipeline.py for tasks to queue
[2026-03-23T19:05:22.596+0000] {logging_mixin.py:190} INFO - [2026-03-23T19:05:22.596+0000] {dagbag.py:588} INFO - Filling up the DagBag from /opt/airflow/dags/bike_sharing_pipeline.py
[2026-03-23T19:05:22.617+0000] {processor.py:925} INFO - DAG(s) 'bike_sharing_pipeline' retrieved from /opt/airflow/dags/bike_sharing_pipeline.py
[2026-03-23T19:05:22.654+0000] {logging_mixin.py:190} INFO - [2026-03-23T19:05:22.654+0000] {dag.py:3239} INFO - Sync 1 DAGs
[2026-03-23T19:05:22.684+0000] {logging_mixin.py:190} INFO - [2026-03-23T19:05:22.684+0000] {dag.py:4180} INFO - Setting next_dagrun for bike_sharing_pipeline to None, run_after=None
[2026-03-23T19:05:22.716+0000] {processor.py:208} INFO - Processing /opt/airflow/dags/bike_sharing_pipeline.py took 0.147 seconds
[2026-03-23T19:05:52.904+0000] {processor.py:186} INFO - Started process (PID=246) to work on /opt/airflow/dags/bike_sharing_pipeline.py
[2026-03-23T19:05:52.905+0000] {processor.py:914} INFO - Processing file /opt/airflow/dags/bike_sharing_pipeline.py for tasks to queue
[2026-03-23T19:05:52.907+0000] {logging_mixin.py:190} INFO - [2026-03-23T19:05:52.907+0000] {dagbag.py:588} INFO - Filling up the DagBag from /opt/airflow/dags/bike_sharing_pipeline.py
[2026-03-23T19:05:52.923+0000] {processor.py:925} INFO - DAG(s) 'bike_sharing_pipeline' retrieved from /opt/airflow/dags/bike_sharing_pipeline.py
[2026-03-23T19:05:52.943+0000] {logging_mixin.py:190} INFO - [2026-03-23T19:05:52.942+0000] {dag.py:3239} INFO - Sync 1 DAGs
[2026-03-23T19:05:52.956+0000] {logging_mixin.py:190} INFO - [2026-03-23T19:05:52.956+0000] {dag.py:4180} INFO - Setting next_dagrun for bike_sharing_pipeline to None, run_after=None
[2026-03-23T19:05:52.976+0000] {processor.py:208} INFO - Processing /opt/airflow/dags/bike_sharing_pipeline.py took 0.077 seconds
[2026-03-23T19:06:23.212+0000] {processor.py:186} INFO - Started process (PID=310) to work on /opt/airflow/dags/bike_sharing_pipeline.py
[2026-03-23T19:06:23.214+0000] {processor.py:914} INFO - Processing file /opt/airflow/dags/bike_sharing_pipeline.py for tasks to queue
[2026-03-23T19:06:23.221+0000] {logging_mixin.py:190} INFO - [2026-03-23T19:06:23.220+0000] {dagbag.py:588} INFO - Filling up the DagBag from /opt/airflow/dags/bike_sharing_pipeline.py
[2026-03-23T19:06:23.242+0000] {processor.py:925} INFO - DAG(s) 'bike_sharing_pipeline' retrieved from /opt/airflow/dags/bike_sharing_pipeline.py
[2026-03-23T19:06:23.281+0000] {logging_mixin.py:190} INFO - [2026-03-23T19:06:23.281+0000] {dag.py:3239} INFO - Sync 1 DAGs
[2026-03-23T19:06:23.305+0000] {logging_mixin.py:190} INFO - [2026-03-23T19:06:23.305+0000] {dag.py:4180} INFO - Setting next_dagrun for bike_sharing_pipeline to None, run_after=None
[2026-03-23T19:06:23.331+0000] {processor.py:208} INFO - Processing /opt/airflow/dags/bike_sharing_pipeline.py took 0.146 seconds
[2026-03-23T19:06:53.809+0000] {processor.py:186} INFO - Started process (PID=374) to work on /opt/airflow/dags/bike_sharing_pipeline.py
[2026-03-23T19:06:53.814+0000] {processor.py:914} INFO - Processing file /opt/airflow/dags/bike_sharing_pipeline.py for tasks to queue
[2026-03-23T19:06:53.835+0000] {logging_mixin.py:190} INFO - [2026-03-23T19:06:53.832+0000] {dagbag.py:588} INFO - Filling up the DagBag from /opt/airflow/dags/bike_sharing_pipeline.py
[2026-03-23T19:06:53.867+0000] {processor.py:925} INFO - DAG(s) 'bike_sharing_pipeline' retrieved from /opt/airflow/dags/bike_sharing_pipeline.py
[2026-03-23T19:06:53.916+0000] {logging_mixin.py:190} INFO - [2026-03-23T19:06:53.916+0000] {dag.py:3239} INFO - Sync 1 DAGs
[2026-03-23T19:06:53.954+0000] {logging_mixin.py:190} INFO - [2026-03-23T19:06:53.953+0000] {dag.py:4180} INFO - Setting next_dagrun for bike_sharing_pipeline to None, run_after=None
[2026-03-23T19:06:53.992+0000] {processor.py:208} INFO - Processing /opt/airflow/dags/bike_sharing_pipeline.py took 0.210 seconds
[2026-03-23T19:07:35.187+0000] {processor.py:186} INFO - Started process (PID=436) to work on /opt/airflow/dags/bike_sharing_pipeline.py
[2026-03-23T19:07:35.188+0000] {processor.py:914} INFO - Processing file /opt/airflow/dags/bike_sharing_pipeline.py for tasks to queue
[2026-03-23T19:07:35.189+0000] {logging_mixin.py:190} INFO - [2026-03-23T19:07:35.189+0000] {dagbag.py:588} INFO - Filling up the DagBag from /opt/airflow/dags/bike_sharing_pipeline.py
[2026-03-23T19:07:35.195+0000] {processor.py:925} INFO - DAG(s) 'bike_sharing_pipeline' retrieved from /opt/airflow/dags/bike_sharing_pipeline.py
[2026-03-23T19:07:35.211+0000] {logging_mixin.py:190} INFO - [2026-03-23T19:07:35.211+0000] {dag.py:3239} INFO - Sync 1 DAGs
[2026-03-23T19:07:35.220+0000] {logging_mixin.py:190} INFO - [2026-03-23T19:07:35.220+0000] {dag.py:4180} INFO - Setting next_dagrun for bike_sharing_pipeline to None, run_after=None
[2026-03-23T19:07:35.236+0000] {processor.py:208} INFO - Processing /opt/airflow/dags/bike_sharing_pipeline.py took 0.052 seconds
[2026-03-23T19:08:07.520+0000] {processor.py:186} INFO - Started process (PID=490) to work on /opt/airflow/dags/bike_sharing_pipeline.py
[2026-03-23T19:08:07.529+0000] {processor.py:914} INFO - Processing file /opt/airflow/dags/bike_sharing_pipeline.py for tasks to queue
[2026-03-23T19:08:07.556+0000] {logging_mixin.py:190} INFO - [2026-03-23T19:08:07.555+0000] {dagbag.py:588} INFO - Filling up the DagBag from /opt/airflow/dags/bike_sharing_pipeline.py
[2026-03-23T19:08:07.591+0000] {processor.py:925} INFO - DAG(s) 'bike_sharing_pipeline' retrieved from /opt/airflow/dags/bike_sharing_pipeline.py
[2026-03-23T19:08:07.672+0000] {logging_mixin.py:190} INFO - [2026-03-23T19:08:07.671+0000] {dag.py:3239} INFO - Sync 1 DAGs
[2026-03-23T19:08:07.728+0000] {logging_mixin.py:190} INFO - [2026-03-23T19:08:07.727+0000] {dag.py:4180} INFO - Setting next_dagrun for bike_sharing_pipeline to None, run_after=None
[2026-03-23T19:08:07.873+0000] {processor.py:208} INFO - Processing /opt/airflow/dags/bike_sharing_pipeline.py took 0.387 seconds
[2026-03-23T19:08:41.146+0000] {processor.py:186} INFO - Started process (PID=549) to work on /opt/airflow/dags/bike_sharing_pipeline.py
[2026-03-23T19:08:41.166+0000] {processor.py:914} INFO - Processing file /opt/airflow/dags/bike_sharing_pipeline.py for tasks to queue
[2026-03-23T19:08:41.188+0000] {logging_mixin.py:190} INFO - [2026-03-23T19:08:41.187+0000] {dagbag.py:588} INFO - Filling up the DagBag from /opt/airflow/dags/bike_sharing_pipeline.py
[2026-03-23T19:08:41.268+0000] {processor.py:925} INFO - DAG(s) 'bike_sharing_pipeline' retrieved from /opt/airflow/dags/bike_sharing_pipeline.py
[2026-03-23T19:08:41.384+0000] {logging_mixin.py:190} INFO - [2026-03-23T19:08:41.383+0000] {dag.py:3239} INFO - Sync 1 DAGs
[2026-03-23T19:08:41.470+0000] {logging_mixin.py:190} INFO - [2026-03-23T19:08:41.467+0000] {dag.py:4180} INFO - Setting next_dagrun for bike_sharing_pipeline to None, run_after=None
[2026-03-23T19:08:41.566+0000] {processor.py:208} INFO - Processing /opt/airflow/dags/bike_sharing_pipeline.py took 0.484 seconds
[2026-03-23T19:09:13.095+0000] {processor.py:186} INFO - Started process (PID=599) to work on /opt/airflow/dags/bike_sharing_pipeline.py
[2026-03-23T19:09:13.114+0000] {processor.py:914} INFO - Processing file /opt/airflow/dags/bike_sharing_pipeline.py for tasks to queue
[2026-03-23T19:09:13.119+0000] {logging_mixin.py:190} INFO - [2026-03-23T19:09:13.118+0000] {dagbag.py:588} INFO - Filling up the DagBag from /opt/airflow/dags/bike_sharing_pipeline.py
[2026-03-23T19:09:13.146+0000] {processor.py:925} INFO - DAG(s) 'bike_sharing_pipeline' retrieved from /opt/airflow/dags/bike_sharing_pipeline.py
[2026-03-23T19:09:13.212+0000] {logging_mixin.py:190} INFO - [2026-03-23T19:09:13.211+0000] {dag.py:3239} INFO - Sync 1 DAGs
[2026-03-23T19:09:13.248+0000] {logging_mixin.py:190} INFO - [2026-03-23T19:09:13.248+0000] {dag.py:4180} INFO - Setting next_dagrun for bike_sharing_pipeline to None, run_after=None
[2026-03-23T19:09:13.388+0000] {processor.py:208} INFO - Processing /opt/airflow/dags/bike_sharing_pipeline.py took 0.302 seconds
[2026-03-23T19:09:43.707+0000] {processor.py:186} INFO - Started process (PID=663) to work on /opt/airflow/dags/bike_sharing_pipeline.py
[2026-03-23T19:09:43.708+0000] {processor.py:914} INFO - Processing file /opt/airflow/dags/bike_sharing_pipeline.py for tasks to queue
[2026-03-23T19:09:43.712+0000] {logging_mixin.py:190} INFO - [2026-03-23T19:09:43.712+0000] {dagbag.py:588} INFO - Filling up the DagBag from /opt/airflow/dags/bike_sharing_pipeline.py
[2026-03-23T19:09:43.727+0000] {processor.py:925} INFO - DAG(s) 'bike_sharing_pipeline' retrieved from /opt/airflow/dags/bike_sharing_pipeline.py
[2026-03-23T19:09:43.753+0000] {logging_mixin.py:190} INFO - [2026-03-23T19:09:43.752+0000] {dag.py:3239} INFO - Sync 1 DAGs
[2026-03-23T19:09:43.775+0000] {logging_mixin.py:190} INFO - [2026-03-23T19:09:43.774+0000] {dag.py:4180} INFO - Setting next_dagrun for bike_sharing_pipeline to None, run_after=None
[2026-03-23T19:09:43.800+0000] {processor.py:208} INFO - Processing /opt/airflow/dags/bike_sharing_pipeline.py took 0.104 seconds
[2026-03-23T19:10:14.006+0000] {processor.py:186} INFO - Started process (PID=725) to work on /opt/airflow/dags/bike_sharing_pipeline.py
[2026-03-23T19:10:14.013+0000] {processor.py:914} INFO - Processing file /opt/airflow/dags/bike_sharing_pipeline.py for tasks to queue
[2026-03-23T19:10:14.023+0000] {logging_mixin.py:190} INFO - [2026-03-23T19:10:14.022+0000] {dagbag.py:588} INFO - Filling up the DagBag from /opt/airflow/dags/bike_sharing_pipeline.py
[2026-03-23T19:10:14.045+0000] {processor.py:925} INFO - DAG(s) 'bike_sharing_pipeline' retrieved from /opt/airflow/dags/bike_sharing_pipeline.py
[2026-03-23T19:10:14.122+0000] {logging_mixin.py:190} INFO - [2026-03-23T19:10:14.122+0000] {dag.py:3239} INFO - Sync 1 DAGs
[2026-03-23T19:10:14.170+0000] {logging_mixin.py:190} INFO - [2026-03-23T19:10:14.169+0000] {dag.py:4180} INFO - Setting next_dagrun for bike_sharing_pipeline to None, run_after=None
[2026-03-23T19:10:14.218+0000] {processor.py:208} INFO - Processing /opt/airflow/dags/bike_sharing_pipeline.py took 0.228 seconds
