[2026-03-23T19:08:30.905+0000] {local_task_job_runner.py:123} INFO - ::group::Pre task execution logs
[2026-03-23T19:08:30.993+0000] {taskinstance.py:2613} INFO - Dependencies all met for dep_context=non-requeueable deps ti=<TaskInstance: bike_sharing_pipeline.prepare_data manual__2026-03-23T19:07:42.857465+00:00 [queued]>
[2026-03-23T19:08:31.019+0000] {taskinstance.py:2613} INFO - Dependencies all met for dep_context=requeueable deps ti=<TaskInstance: bike_sharing_pipeline.prepare_data manual__2026-03-23T19:07:42.857465+00:00 [queued]>
[2026-03-23T19:08:31.021+0000] {taskinstance.py:2866} INFO - Starting attempt 1 of 1
[2026-03-23T19:08:31.083+0000] {taskinstance.py:2889} INFO - Executing <Task(BashOperator): prepare_data> on 2026-03-23 19:07:42.857465+00:00
[2026-03-23T19:08:31.592+0000] {warnings.py:112} WARNING - /home/***/.local/lib/python3.12/site-packages/***/task/task_runner/standard_task_runner.py:70: DeprecationWarning: This process (pid=109) is multi-threaded, use of fork() may lead to deadlocks in the child.
  pid = os.fork()

[2026-03-23T19:08:31.622+0000] {standard_task_runner.py:72} INFO - Started process 118 to run task
[2026-03-23T19:08:31.622+0000] {standard_task_runner.py:104} INFO - Running: ['***', 'tasks', 'run', 'bike_sharing_pipeline', 'prepare_data', 'manual__2026-03-23T19:07:42.857465+00:00', '--job-id', '3', '--raw', '--subdir', 'DAGS_FOLDER/bike_sharing_pipeline.py', '--cfg-path', '/tmp/tmpiy347lah']
[2026-03-23T19:08:31.631+0000] {standard_task_runner.py:105} INFO - Job 3: Subtask prepare_data
[2026-03-23T19:08:32.385+0000] {task_command.py:467} INFO - Running <TaskInstance: bike_sharing_pipeline.prepare_data manual__2026-03-23T19:07:42.857465+00:00 [running]> on host 4a9a0a4b55e0
[2026-03-23T19:08:43.353+0000] {taskinstance.py:3132} INFO - Exporting env vars: AIRFLOW_CTX_DAG_OWNER='***' AIRFLOW_CTX_DAG_ID='bike_sharing_pipeline' AIRFLOW_CTX_TASK_ID='prepare_data' AIRFLOW_CTX_EXECUTION_DATE='2026-03-23T19:07:42.857465+00:00' AIRFLOW_CTX_TRY_NUMBER='1' AIRFLOW_CTX_DAG_RUN_ID='manual__2026-03-23T19:07:42.857465+00:00'
[2026-03-23T19:08:43.428+0000] {logging_mixin.py:190} INFO - Task instance is in running state
[2026-03-23T19:08:43.433+0000] {logging_mixin.py:190} INFO -  Previous state of the Task instance: queued
[2026-03-23T19:08:43.440+0000] {logging_mixin.py:190} INFO - Current task name:prepare_data state:running start_date:2026-03-23 19:08:30.996834+00:00
[2026-03-23T19:08:43.456+0000] {logging_mixin.py:190} INFO - Dag name:bike_sharing_pipeline and current dag run status:running
[2026-03-23T19:08:43.500+0000] {taskinstance.py:731} INFO - ::endgroup::
[2026-03-23T19:08:43.546+0000] {subprocess.py:78} INFO - Tmp dir root location: /tmp
[2026-03-23T19:08:43.628+0000] {subprocess.py:88} INFO - Running command: ['/usr/bin/bash', '-c', 'dvc repro stage:prepare ']
[2026-03-23T19:08:44.098+0000] {subprocess.py:99} INFO - Output:
[2026-03-23T19:08:44.380+0000] {subprocess.py:106} INFO - /usr/bin/bash: line 1: dvc: command not found
[2026-03-23T19:08:44.386+0000] {subprocess.py:110} INFO - Command exited with return code 127
[2026-03-23T19:08:44.698+0000] {taskinstance.py:3311} ERROR - Task failed with exception
Traceback (most recent call last):
  File "/home/airflow/.local/lib/python3.12/site-packages/airflow/models/taskinstance.py", line 767, in _execute_task
    result = _execute_callable(context=context, **execute_callable_kwargs)
             ^^^^^^^^^^^^^^^^^^^^^^^^^^^^^^^^^^^^^^^^^^^^^^^^^^^^^^^^^^^^^
  File "/home/airflow/.local/lib/python3.12/site-packages/airflow/models/taskinstance.py", line 733, in _execute_callable
    return ExecutionCallableRunner(
           ^^^^^^^^^^^^^^^^^^^^^^^^
  File "/home/airflow/.local/lib/python3.12/site-packages/airflow/utils/operator_helpers.py", line 252, in run
    return self.func(*args, **kwargs)
           ^^^^^^^^^^^^^^^^^^^^^^^^^^
  File "/home/airflow/.local/lib/python3.12/site-packages/airflow/models/baseoperator.py", line 422, in wrapper
    return func(self, *args, **kwargs)
           ^^^^^^^^^^^^^^^^^^^^^^^^^^^
  File "/home/airflow/.local/lib/python3.12/site-packages/airflow/operators/bash.py", line 276, in execute
    raise AirflowException(
airflow.exceptions.AirflowException: Bash command failed. The command returned a non-zero exit code 127.
[2026-03-23T19:08:44.863+0000] {logging_mixin.py:190} INFO - Task instance in failure state
[2026-03-23T19:08:44.889+0000] {logging_mixin.py:190} INFO - Task start:2026-03-23 19:08:30.996834+00:00 end:2026-03-23 19:08:44.822928+00:00 duration:13.826094
[2026-03-23T19:08:44.896+0000] {logging_mixin.py:190} INFO - Task:<Task(BashOperator): prepare_data> dag:<DAG: bike_sharing_pipeline> dagrun:<DagRun bike_sharing_pipeline @ 2026-03-23 19:07:42.857465+00:00: manual__2026-03-23T19:07:42.857465+00:00, state:running, queued_at: 2026-03-23 19:07:44.297895+00:00. externally triggered: True>
[2026-03-23T19:08:44.898+0000] {logging_mixin.py:190} INFO - Failure caused by Bash command failed. The command returned a non-zero exit code 127.
[2026-03-23T19:08:44.899+0000] {taskinstance.py:1225} INFO - Marking task as FAILED. dag_id=bike_sharing_pipeline, task_id=prepare_data, run_id=manual__2026-03-23T19:07:42.857465+00:00, execution_date=20260323T190742, start_date=20260323T190830, end_date=20260323T190844
[2026-03-23T19:08:44.990+0000] {taskinstance.py:340} INFO - ::group::Post task execution logs
[2026-03-23T19:08:45.001+0000] {standard_task_runner.py:124} ERROR - Failed to execute job 3 for task prepare_data (Bash command failed. The command returned a non-zero exit code 127.; 118)
Traceback (most recent call last):
  File "/home/airflow/.local/lib/python3.12/site-packages/airflow/task/task_runner/standard_task_runner.py", line 117, in _start_by_fork
    ret = args.func(args, dag=self.dag)
          ^^^^^^^^^^^^^^^^^^^^^^^^^^^^^
  File "/home/airflow/.local/lib/python3.12/site-packages/airflow/cli/cli_config.py", line 49, in command
    return func(*args, **kwargs)
           ^^^^^^^^^^^^^^^^^^^^^
  File "/home/airflow/.local/lib/python3.12/site-packages/airflow/utils/cli.py", line 116, in wrapper
    return f(*args, **kwargs)
           ^^^^^^^^^^^^^^^^^^
  File "/home/airflow/.local/lib/python3.12/site-packages/airflow/cli/commands/task_command.py", line 483, in task_run
    task_return_code = _run_task_by_selected_method(args, _dag, ti)
                       ^^^^^^^^^^^^^^^^^^^^^^^^^^^^^^^^^^^^^^^^^^^^
  File "/home/airflow/.local/lib/python3.12/site-packages/airflow/cli/commands/task_command.py", line 256, in _run_task_by_selected_method
    return _run_raw_task(args, ti)
           ^^^^^^^^^^^^^^^^^^^^^^^
  File "/home/airflow/.local/lib/python3.12/site-packages/airflow/cli/commands/task_command.py", line 341, in _run_raw_task
    return ti._run_raw_task(
           ^^^^^^^^^^^^^^^^^
  File "/home/airflow/.local/lib/python3.12/site-packages/airflow/utils/session.py", line 97, in wrapper
    return func(*args, session=session, **kwargs)
           ^^^^^^^^^^^^^^^^^^^^^^^^^^^^^^^^^^^^^^
  File "/home/airflow/.local/lib/python3.12/site-packages/airflow/models/taskinstance.py", line 3005, in _run_raw_task
    return _run_raw_task(
           ^^^^^^^^^^^^^^
  File "/home/airflow/.local/lib/python3.12/site-packages/airflow/models/taskinstance.py", line 273, in _run_raw_task
    TaskInstance._execute_task_with_callbacks(
  File "/home/airflow/.local/lib/python3.12/site-packages/airflow/models/taskinstance.py", line 3159, in _execute_task_with_callbacks
    result = self._execute_task(context, task_orig)
             ^^^^^^^^^^^^^^^^^^^^^^^^^^^^^^^^^^^^^^
  File "/home/airflow/.local/lib/python3.12/site-packages/airflow/models/taskinstance.py", line 3183, in _execute_task
    return _execute_task(self, context, task_orig)
           ^^^^^^^^^^^^^^^^^^^^^^^^^^^^^^^^^^^^^^^
  File "/home/airflow/.local/lib/python3.12/site-packages/airflow/models/taskinstance.py", line 767, in _execute_task
    result = _execute_callable(context=context, **execute_callable_kwargs)
             ^^^^^^^^^^^^^^^^^^^^^^^^^^^^^^^^^^^^^^^^^^^^^^^^^^^^^^^^^^^^^
  File "/home/airflow/.local/lib/python3.12/site-packages/airflow/models/taskinstance.py", line 733, in _execute_callable
    return ExecutionCallableRunner(
           ^^^^^^^^^^^^^^^^^^^^^^^^
  File "/home/airflow/.local/lib/python3.12/site-packages/airflow/utils/operator_helpers.py", line 252, in run
    return self.func(*args, **kwargs)
           ^^^^^^^^^^^^^^^^^^^^^^^^^^
  File "/home/airflow/.local/lib/python3.12/site-packages/airflow/models/baseoperator.py", line 422, in wrapper
    return func(self, *args, **kwargs)
           ^^^^^^^^^^^^^^^^^^^^^^^^^^^
  File "/home/airflow/.local/lib/python3.12/site-packages/airflow/operators/bash.py", line 276, in execute
    raise AirflowException(
airflow.exceptions.AirflowException: Bash command failed. The command returned a non-zero exit code 127.
[2026-03-23T19:08:45.138+0000] {local_task_job_runner.py:266} INFO - Task exited with return code 1
[2026-03-23T19:08:50.650+0000] {standard_task_runner.py:217} INFO - Process not found (most likely exited), stop collecting metrics
[2026-03-23T19:08:50.829+0000] {taskinstance.py:3895} INFO - 0 downstream tasks scheduled from follow-on schedule check
[2026-03-23T19:08:50.863+0000] {local_task_job_runner.py:245} INFO - ::endgroup::
